#
# There is insufficient memory for the Java Runtime Environment to continue.
# Native memory allocation (malloc) failed to allocate 1850896 bytes for Chunk::new
# Possible reasons:
#   The system is out of physical RAM or swap space
#   The process is running with CompressedOops enabled, and the Java Heap may be blocking the growth of the native heap
# Possible solutions:
#   Reduce memory load on the system
#   Increase physical memory or swap space
#   Check if swap backing store is full
#   Decrease Java heap size (-Xmx/-Xms)
#   Decrease number of Java threads
#   Decrease Java thread stack sizes (-Xss)
#   Set larger code cache with -XX:ReservedCodeCacheSize=
#   JVM is running with Unscaled Compressed Oops mode in which the Java heap is
#     placed in the first 4GB address space. The Java Heap base address is the
#     maximum limit for the native heap growth. Please use -XX:HeapBaseMinAddress
#     to set the Java Heap base and to place the Java Heap above 4GB virtual address.
# This output file may be truncated or incomplete.
#
#  Out of Memory Error (src/hotspot/share/memory/arena.cpp:197), pid=17940, tid=13924
#
# JRE version: OpenJDK Runtime Environment (11.0.15) (build 11.0.15+0-b2043.56-9505619)
# Java VM: OpenJDK 64-Bit Server VM (11.0.15+0-b2043.56-9505619, mixed mode, tiered, compressed oops, g1 gc, windows-amd64)
# No core dump will be written. Minidumps are not enabled by default on client versions of Windows
#

---------------  S U M M A R Y ------------

Command Line: --add-opens=java.base/java.util=ALL-UNNAMED --add-opens=java.base/java.lang=ALL-UNNAMED --add-opens=java.base/java.lang.invoke=ALL-UNNAMED --add-opens=java.base/java.util=ALL-UNNAMED --add-opens=java.prefs/java.util.prefs=ALL-UNNAMED --add-opens=java.prefs/java.util.prefs=ALL-UNNAMED --add-opens=java.base/java.nio.charset=ALL-UNNAMED --add-opens=java.base/java.net=ALL-UNNAMED --add-opens=java.base/java.util.concurrent.atomic=ALL-UNNAMED -Xmx2048m -Dfile.encoding=UTF-8 -Duser.country=BR -Duser.language=pt -Duser.variant org.gradle.launcher.daemon.bootstrap.GradleDaemon 7.5

Host: Intel(R) Core(TM) i7-8565U CPU @ 1.80GHz, 8 cores, 15G,  Windows 11 , 64 bit Build 22000 (10.0.22000.2124)
Time: Mon Oct  2 11:21:53 2023 Hora oficial do Brasil elapsed time: 9.648025 seconds (0d 0h 0m 9s)

---------------  T H R E A D  ---------------

Current thread (0x000001ca22e4a800):  JavaThread "C2 CompilerThread1" daemon [_thread_in_native, id=13924, stack(0x00000075c5400000,0x00000075c5500000)]


Current CompileTask:
C2:   9648 6645       4       groovy.lang.MetaClassImpl$1MOPIter::methodNameAction (325 bytes)

Stack: [0x00000075c5400000,0x00000075c5500000]
Native frames: (J=compiled Java code, j=interpreted, Vv=VM code, C=native code)
V  [jvm.dll+0x64135a]
V  [jvm.dll+0x7d39f9]
V  [jvm.dll+0x7d51b9]
V  [jvm.dll+0x7d58a3]
V  [jvm.dll+0x2691c5]
V  [jvm.dll+0xc1a5c]
V  [jvm.dll+0xc200c]
V  [jvm.dll+0x377462]
V  [jvm.dll+0x342495]
V  [jvm.dll+0x34186a]
V  [jvm.dll+0x2214bd]
V  [jvm.dll+0x220498]
V  [jvm.dll+0x19e851]
V  [jvm.dll+0x230479]
V  [jvm.dll+0x22e5ef]
V  [jvm.dll+0x794de1]
V  [jvm.dll+0x78dc24]
V  [jvm.dll+0x6400f6]
C  [ucrtbase.dll+0x26c0c]
C  [KERNEL32.DLL+0x155a0]
C  [ntdll.dll+0x485b]


---------------  P R O C E S S  ---------------

Threads class SMR info:
_java_thread_list=0x000001ca269ec8d0, length=125, elements={
0x000001ca04b55000, 0x000001ca1f87e000, 0x000001ca1f887000, 0x000001ca1f8dc800,
0x000001ca1f8dd800, 0x000001ca1f8de800, 0x000001ca1f8e2000, 0x000001ca1f8e3000,
0x000001ca1f8ef000, 0x000001ca1fa4f000, 0x000001ca224d8800, 0x000001ca1fdb0800,
0x000001ca20259800, 0x000001ca21c50800, 0x000001ca217db800, 0x000001ca2190c000,
0x000001ca21325000, 0x000001ca20b27000, 0x000001ca211fb000, 0x000001ca21ddf000,
0x000001ca21dde000, 0x000001ca21de1800, 0x000001ca21de2000, 0x000001ca22e4a800,
0x000001ca21de3000, 0x000001ca21ddf800, 0x000001ca21de0800, 0x000001ca21ddd800,
0x000001ca21de4000, 0x000001ca22c3d000, 0x000001ca22c3e000, 0x000001ca22c41000,
0x000001ca22c3b800, 0x000001ca22c42000, 0x000001ca232af800, 0x000001ca22c40800,
0x000001ca22c44800, 0x000001ca22c45000, 0x000001ca22c3f800, 0x000001ca22c48800,
0x000001ca22c47000, 0x000001ca22c47800, 0x000001ca22c49800, 0x000001ca22c4a000,
0x000001ca22c46000, 0x000001ca236e5000, 0x000001ca236e8800, 0x000001ca236e9000,
0x000001ca236e6000, 0x000001ca236ea000, 0x000001ca236eb000, 0x000001ca236e7800,
0x000001ca236ec800, 0x000001ca236eb800, 0x000001ca236e7000, 0x000001ca236ef000,
0x000001ca236ed800, 0x000001ca236f2000, 0x000001ca236ee000, 0x000001ca236f1800,
0x000001ca236f0000, 0x000001ca236f3000, 0x000001ca236f4000, 0x000001ca236f0800,
0x000001ca2642c800, 0x000001ca2642f000, 0x000001ca26430000, 0x000001ca26430800,
0x000001ca2642b800, 0x000001ca2642b000, 0x000001ca26432000, 0x000001ca26431800,
0x000001ca2642d800, 0x000001ca26433000, 0x000001ca26434000, 0x000001ca2642e000,
0x000001ca26435800, 0x000001ca26438000, 0x000001ca26436800, 0x000001ca26437000,
0x000001ca26439000, 0x000001ca26439800, 0x000001ca26434800, 0x000001ca22b87000,
0x000001ca22b8b000, 0x000001ca22b89800, 0x000001ca22b88000, 0x000001ca22b88800,
0x000001ca22b8a800, 0x000001ca22b86800, 0x000001ca22b85800, 0x000001ca22b91800,
0x000001ca22b91000, 0x000001ca22b8f000, 0x000001ca22b8c000, 0x000001ca22b8d800,
0x000001ca22b92800, 0x000001ca22b90000, 0x000001ca22b8d000, 0x000001ca22b93800,
0x000001ca22b94000, 0x000001ca22b8e800, 0x000001ca25972000, 0x000001ca25972800,
0x000001ca25970800, 0x000001ca25973800, 0x000001ca25975000, 0x000001ca25974800,
0x000001ca25976000, 0x000001ca25971000, 0x000001ca2597b000, 0x000001ca25979800,
0x000001ca25977000, 0x000001ca2597c800, 0x000001ca25977800, 0x000001ca2597a000,
0x000001ca2597d800, 0x000001ca2597b800, 0x000001ca2597e000, 0x000001ca25978800,
0x000001ca2597f000, 0x000001ca2222a800, 0x000001ca2222b800, 0x000001ca22227800,
0x000001ca22226000
}

Java Threads: ( => current thread )
  0x000001ca04b55000 JavaThread "main" [_thread_blocked, id=12384, stack(0x00000075c3700000,0x00000075c3800000)]
  0x000001ca1f87e000 JavaThread "Reference Handler" daemon [_thread_blocked, id=1680, stack(0x00000075c3e00000,0x00000075c3f00000)]
  0x000001ca1f887000 JavaThread "Finalizer" daemon [_thread_blocked, id=17380, stack(0x00000075c3f00000,0x00000075c4000000)]
  0x000001ca1f8dc800 JavaThread "Signal Dispatcher" daemon [_thread_blocked, id=2444, stack(0x00000075c4000000,0x00000075c4100000)]
  0x000001ca1f8dd800 JavaThread "Attach Listener" daemon [_thread_blocked, id=19284, stack(0x00000075c4100000,0x00000075c4200000)]
  0x000001ca1f8de800 JavaThread "Service Thread" daemon [_thread_blocked, id=16068, stack(0x00000075c4200000,0x00000075c4300000)]
  0x000001ca1f8e2000 JavaThread "C2 CompilerThread0" daemon [_thread_in_native, id=15600, stack(0x00000075c4300000,0x00000075c4400000)]
  0x000001ca1f8e3000 JavaThread "C1 CompilerThread0" daemon [_thread_blocked, id=18084, stack(0x00000075c4400000,0x00000075c4500000)]
  0x000001ca1f8ef000 JavaThread "Sweeper thread" daemon [_thread_blocked, id=16552, stack(0x00000075c4500000,0x00000075c4600000)]
  0x000001ca1fa4f000 JavaThread "Common-Cleaner" daemon [_thread_blocked, id=15592, stack(0x00000075c4600000,0x00000075c4700000)]
  0x000001ca224d8800 JavaThread "Daemon health stats" [_thread_blocked, id=2956, stack(0x00000075c4f00000,0x00000075c5000000)]
  0x000001ca1fdb0800 JavaThread "Incoming local TCP Connector on port 63216" [_thread_in_native, id=17624, stack(0x00000075c4800000,0x00000075c4900000)]
  0x000001ca20259800 JavaThread "Daemon periodic checks" [_thread_blocked, id=17128, stack(0x00000075c4900000,0x00000075c4a00000)]
  0x000001ca21c50800 JavaThread "Daemon" [_thread_blocked, id=18988, stack(0x00000075c5000000,0x00000075c5100000)]
  0x000001ca217db800 JavaThread "Handler for socket connection from /127.0.0.1:63216 to /127.0.0.1:63217" [_thread_in_native, id=6028, stack(0x00000075c5100000,0x00000075c5200000)]
  0x000001ca2190c000 JavaThread "Cancel handler" [_thread_blocked, id=15216, stack(0x00000075c5200000,0x00000075c5300000)]
  0x000001ca21325000 JavaThread "Daemon worker" [_thread_in_vm, id=2424, stack(0x00000075c5300000,0x00000075c5400000)]
  0x000001ca20b27000 JavaThread "Asynchronous log dispatcher for DefaultDaemonConnection: socket connection from /127.0.0.1:63216 to /127.0.0.1:63217" [_thread_blocked, id=10408, stack(0x00000075c5500000,0x00000075c5600000)]
  0x000001ca211fb000 JavaThread "Stdin handler" [_thread_blocked, id=17312, stack(0x00000075c5600000,0x00000075c5700000)]
  0x000001ca21ddf000 JavaThread "Daemon client event forwarder" [_thread_blocked, id=10300, stack(0x00000075c5700000,0x00000075c5800000)]
  0x000001ca21dde000 JavaThread "Cache worker for journal cache (C:\Users\jorge\.gradle\caches\journal-1)" [_thread_blocked, id=19296, stack(0x00000075c5800000,0x00000075c5900000)]
  0x000001ca21de1800 JavaThread "File lock request listener" [_thread_in_native, id=8368, stack(0x00000075c5900000,0x00000075c5a00000)]
  0x000001ca21de2000 JavaThread "Cache worker for file hash cache (C:\Users\jorge\.gradle\caches\7.5\fileHashes)" [_thread_blocked, id=3712, stack(0x00000075c5a00000,0x00000075c5b00000)]
=>0x000001ca22e4a800 JavaThread "C2 CompilerThread1" daemon [_thread_in_native, id=13924, stack(0x00000075c5400000,0x00000075c5500000)]
  0x000001ca21de3000 JavaThread "File watcher server" daemon [_thread_in_native, id=3456, stack(0x00000075c5e00000,0x00000075c5f00000)]
  0x000001ca21ddf800 JavaThread "File watcher consumer" daemon [_thread_blocked, id=10808, stack(0x00000075c5f00000,0x00000075c6000000)]
  0x000001ca21de0800 JavaThread "Cache worker for checksums cache (D:\projetos\AndroidStudioProjects\Rotine\.gradle\7.5\checksums)" [_thread_blocked, id=15936, stack(0x00000075c6000000,0x00000075c6100000)]
  0x000001ca21ddd800 JavaThread "Cache worker for cache directory md-rule (C:\Users\jorge\.gradle\caches\7.5\md-rule)" [_thread_blocked, id=13244, stack(0x00000075c6100000,0x00000075c6200000)]
  0x000001ca21de4000 JavaThread "Cache worker for file content cache (C:\Users\jorge\.gradle\caches\7.5\fileContent)" [_thread_blocked, id=6336, stack(0x00000075c6200000,0x00000075c6300000)]
  0x000001ca22c3d000 JavaThread "Cache worker for file hash cache (D:\projetos\AndroidStudioProjects\Rotine\.gradle\7.5\fileHashes)" [_thread_blocked, id=13584, stack(0x00000075c6300000,0x00000075c6400000)]
  0x000001ca22c3e000 JavaThread "Cache worker for cache directory md-supplier (C:\Users\jorge\.gradle\caches\7.5\md-supplier)" [_thread_blocked, id=13636, stack(0x00000075c6400000,0x00000075c6500000)]
  0x000001ca22c41000 JavaThread "Cache worker for execution history cache (C:\Users\jorge\.gradle\caches\7.5\executionHistory)" [_thread_blocked, id=8792, stack(0x00000075c6500000,0x00000075c6600000)]
  0x000001ca22c3b800 JavaThread "jar transforms" [_thread_blocked, id=13684, stack(0x00000075c6600000,0x00000075c6700000)]
  0x000001ca22c42000 JavaThread "jar transforms Thread 2" [_thread_blocked, id=16560, stack(0x00000075c6700000,0x00000075c6800000)]
  0x000001ca232af800 JavaThread "C2 CompilerThread2" daemon [_thread_in_native, id=7428, stack(0x00000075c6800000,0x00000075c6900000)]
  0x000001ca22c40800 JavaThread "jar transforms Thread 3" [_thread_blocked, id=12956, stack(0x00000075c6900000,0x00000075c6a00000)]
  0x000001ca22c44800 JavaThread "jar transforms Thread 4" [_thread_blocked, id=5156, stack(0x00000075c6a00000,0x00000075c6b00000)]
  0x000001ca22c45000 JavaThread "Cache worker for dependencies-accessors (D:\projetos\AndroidStudioProjects\Rotine\.gradle\7.5\dependencies-accessors)" [_thread_blocked, id=15736, stack(0x00000075c6b00000,0x00000075c6c00000)]
  0x000001ca22c3f800 JavaThread "jar transforms Thread 5" [_thread_blocked, id=12096, stack(0x00000075c6c00000,0x00000075c6d00000)]
  0x000001ca22c48800 JavaThread "Cache worker for Build Output Cleanup Cache (D:\projetos\AndroidStudioProjects\Rotine\.gradle\buildOutputCleanup)" [_thread_blocked, id=1856, stack(0x00000075c6d00000,0x00000075c6e00000)]
  0x000001ca22c47000 JavaThread "Unconstrained build operations" [_thread_blocked, id=18264, stack(0x00000075c6e00000,0x00000075c6f00000)]
  0x000001ca22c47800 JavaThread "Unconstrained build operations Thread 2" [_thread_blocked, id=18724, stack(0x00000075c6f00000,0x00000075c7000000)]
  0x000001ca22c49800 JavaThread "Unconstrained build operations Thread 3" [_thread_blocked, id=6484, stack(0x00000075c7000000,0x00000075c7100000)]
  0x000001ca22c4a000 JavaThread "Unconstrained build operations Thread 4" [_thread_blocked, id=12952, stack(0x00000075c7100000,0x00000075c7200000)]
  0x000001ca22c46000 JavaThread "Unconstrained build operations Thread 5" [_thread_blocked, id=17476, stack(0x00000075c7200000,0x00000075c7300000)]
  0x000001ca236e5000 JavaThread "Unconstrained build operations Thread 6" [_thread_blocked, id=15992, stack(0x00000075c7300000,0x00000075c7400000)]
  0x000001ca236e8800 JavaThread "Unconstrained build operations Thread 7" [_thread_blocked, id=15212, stack(0x00000075c7400000,0x00000075c7500000)]
  0x000001ca236e9000 JavaThread "Unconstrained build operations Thread 8" [_thread_blocked, id=19432, stack(0x00000075c7500000,0x00000075c7600000)]
  0x000001ca236e6000 JavaThread "Unconstrained build operations Thread 9" [_thread_blocked, id=19200, stack(0x00000075c7600000,0x00000075c7700000)]
  0x000001ca236ea000 JavaThread "Unconstrained build operations Thread 10" [_thread_blocked, id=7048, stack(0x00000075c7700000,0x00000075c7800000)]
  0x000001ca236eb000 JavaThread "Unconstrained build operations Thread 11" [_thread_blocked, id=4540, stack(0x00000075c7800000,0x00000075c7900000)]
  0x000001ca236e7800 JavaThread "Unconstrained build operations Thread 12" [_thread_blocked, id=16880, stack(0x00000075c7900000,0x00000075c7a00000)]
  0x000001ca236ec800 JavaThread "Unconstrained build operations Thread 13" [_thread_blocked, id=4640, stack(0x00000075c7a00000,0x00000075c7b00000)]
  0x000001ca236eb800 JavaThread "Unconstrained build operations Thread 14" [_thread_blocked, id=9348, stack(0x00000075c7b00000,0x00000075c7c00000)]
  0x000001ca236e7000 JavaThread "Unconstrained build operations Thread 15" [_thread_blocked, id=9796, stack(0x00000075c7c00000,0x00000075c7d00000)]
  0x000001ca236ef000 JavaThread "Unconstrained build operations Thread 16" [_thread_blocked, id=1196, stack(0x00000075c7d00000,0x00000075c7e00000)]
  0x000001ca236ed800 JavaThread "Unconstrained build operations Thread 17" [_thread_blocked, id=12600, stack(0x00000075c7e00000,0x00000075c7f00000)]
  0x000001ca236f2000 JavaThread "Unconstrained build operations Thread 18" [_thread_blocked, id=14900, stack(0x00000075c7f00000,0x00000075c8000000)]
  0x000001ca236ee000 JavaThread "Unconstrained build operations Thread 19" [_thread_blocked, id=17552, stack(0x00000075c8000000,0x00000075c8100000)]
  0x000001ca236f1800 JavaThread "Unconstrained build operations Thread 20" [_thread_blocked, id=7204, stack(0x00000075c8100000,0x00000075c8200000)]
  0x000001ca236f0000 JavaThread "Unconstrained build operations Thread 21" [_thread_blocked, id=13268, stack(0x00000075c8200000,0x00000075c8300000)]
  0x000001ca236f3000 JavaThread "Unconstrained build operations Thread 22" [_thread_blocked, id=18728, stack(0x00000075c8300000,0x00000075c8400000)]
  0x000001ca236f4000 JavaThread "Unconstrained build operations Thread 23" [_thread_blocked, id=12912, stack(0x00000075c8400000,0x00000075c8500000)]
  0x000001ca236f0800 JavaThread "Unconstrained build operations Thread 24" [_thread_blocked, id=8116, stack(0x00000075c8500000,0x00000075c8600000)]
  0x000001ca2642c800 JavaThread "Unconstrained build operations Thread 25" [_thread_blocked, id=8236, stack(0x00000075c8600000,0x00000075c8700000)]
  0x000001ca2642f000 JavaThread "Unconstrained build operations Thread 26" [_thread_blocked, id=6512, stack(0x00000075c8700000,0x00000075c8800000)]
  0x000001ca26430000 JavaThread "Unconstrained build operations Thread 27" [_thread_blocked, id=19124, stack(0x00000075c8800000,0x00000075c8900000)]
  0x000001ca26430800 JavaThread "Unconstrained build operations Thread 28" [_thread_blocked, id=12028, stack(0x00000075c8900000,0x00000075c8a00000)]
  0x000001ca2642b800 JavaThread "Unconstrained build operations Thread 29" [_thread_blocked, id=7860, stack(0x00000075c8a00000,0x00000075c8b00000)]
  0x000001ca2642b000 JavaThread "Unconstrained build operations Thread 30" [_thread_blocked, id=13380, stack(0x00000075c8b00000,0x00000075c8c00000)]
  0x000001ca26432000 JavaThread "Unconstrained build operations Thread 31" [_thread_blocked, id=19092, stack(0x00000075c8c00000,0x00000075c8d00000)]
  0x000001ca26431800 JavaThread "Unconstrained build operations Thread 32" [_thread_blocked, id=5192, stack(0x00000075c8d00000,0x00000075c8e00000)]
  0x000001ca2642d800 JavaThread "Unconstrained build operations Thread 33" [_thread_blocked, id=19428, stack(0x00000075c8e00000,0x00000075c8f00000)]
  0x000001ca26433000 JavaThread "Unconstrained build operations Thread 34" [_thread_blocked, id=19236, stack(0x00000075c8f00000,0x00000075c9000000)]
  0x000001ca26434000 JavaThread "Unconstrained build operations Thread 35" [_thread_blocked, id=19216, stack(0x00000075c9000000,0x00000075c9100000)]
  0x000001ca2642e000 JavaThread "Unconstrained build operations Thread 36" [_thread_blocked, id=18224, stack(0x00000075c9100000,0x00000075c9200000)]
  0x000001ca26435800 JavaThread "Unconstrained build operations Thread 37" [_thread_blocked, id=12744, stack(0x00000075c9200000,0x00000075c9300000)]
  0x000001ca26438000 JavaThread "Unconstrained build operations Thread 38" [_thread_blocked, id=8004, stack(0x00000075c9300000,0x00000075c9400000)]
  0x000001ca26436800 JavaThread "Unconstrained build operations Thread 39" [_thread_blocked, id=10508, stack(0x00000075c9400000,0x00000075c9500000)]
  0x000001ca26437000 JavaThread "Unconstrained build operations Thread 40" [_thread_blocked, id=18816, stack(0x00000075c9500000,0x00000075c9600000)]
  0x000001ca26439000 JavaThread "Unconstrained build operations Thread 41" [_thread_blocked, id=11900, stack(0x00000075c9600000,0x00000075c9700000)]
  0x000001ca26439800 JavaThread "Unconstrained build operations Thread 42" [_thread_blocked, id=6876, stack(0x00000075c9700000,0x00000075c9800000)]
  0x000001ca26434800 JavaThread "Unconstrained build operations Thread 43" [_thread_blocked, id=2556, stack(0x00000075c9800000,0x00000075c9900000)]
  0x000001ca22b87000 JavaThread "Unconstrained build operations Thread 44" [_thread_blocked, id=792, stack(0x00000075c9900000,0x00000075c9a00000)]
  0x000001ca22b8b000 JavaThread "Unconstrained build operations Thread 45" [_thread_blocked, id=16808, stack(0x00000075c9a00000,0x00000075c9b00000)]
  0x000001ca22b89800 JavaThread "Unconstrained build operations Thread 46" [_thread_blocked, id=10048, stack(0x00000075c9b00000,0x00000075c9c00000)]
  0x000001ca22b88000 JavaThread "Unconstrained build operations Thread 47" [_thread_blocked, id=12052, stack(0x00000075c9c00000,0x00000075c9d00000)]
  0x000001ca22b88800 JavaThread "Unconstrained build operations Thread 48" [_thread_blocked, id=3984, stack(0x00000075c9d00000,0x00000075c9e00000)]
  0x000001ca22b8a800 JavaThread "Unconstrained build operations Thread 49" [_thread_blocked, id=11420, stack(0x00000075c9e00000,0x00000075c9f00000)]
  0x000001ca22b86800 JavaThread "Unconstrained build operations Thread 50" [_thread_blocked, id=3272, stack(0x00000075c9f00000,0x00000075ca000000)]
  0x000001ca22b85800 JavaThread "Unconstrained build operations Thread 51" [_thread_blocked, id=18864, stack(0x00000075ca000000,0x00000075ca100000)]
  0x000001ca22b91800 JavaThread "Unconstrained build operations Thread 52" [_thread_blocked, id=5672, stack(0x00000075ca100000,0x00000075ca200000)]
  0x000001ca22b91000 JavaThread "Unconstrained build operations Thread 53" [_thread_blocked, id=16660, stack(0x00000075ca200000,0x00000075ca300000)]
  0x000001ca22b8f000 JavaThread "Unconstrained build operations Thread 54" [_thread_blocked, id=10628, stack(0x00000075ca300000,0x00000075ca400000)]
  0x000001ca22b8c000 JavaThread "Unconstrained build operations Thread 55" [_thread_blocked, id=11520, stack(0x00000075ca400000,0x00000075ca500000)]
  0x000001ca22b8d800 JavaThread "Unconstrained build operations Thread 56" [_thread_blocked, id=14436, stack(0x00000075ca500000,0x00000075ca600000)]
  0x000001ca22b92800 JavaThread "Unconstrained build operations Thread 57" [_thread_blocked, id=8408, stack(0x00000075ca600000,0x00000075ca700000)]
  0x000001ca22b90000 JavaThread "Unconstrained build operations Thread 58" [_thread_blocked, id=17872, stack(0x00000075ca700000,0x00000075ca800000)]
  0x000001ca22b8d000 JavaThread "Unconstrained build operations Thread 59" [_thread_blocked, id=12364, stack(0x00000075ca800000,0x00000075ca900000)]
  0x000001ca22b93800 JavaThread "Unconstrained build operations Thread 60" [_thread_blocked, id=12656, stack(0x00000075ca900000,0x00000075caa00000)]
  0x000001ca22b94000 JavaThread "Unconstrained build operations Thread 61" [_thread_blocked, id=16864, stack(0x00000075caa00000,0x00000075cab00000)]
  0x000001ca22b8e800 JavaThread "Unconstrained build operations Thread 62" [_thread_blocked, id=18552, stack(0x00000075cab00000,0x00000075cac00000)]
  0x000001ca25972000 JavaThread "Unconstrained build operations Thread 63" [_thread_blocked, id=19304, stack(0x00000075cac00000,0x00000075cad00000)]
  0x000001ca25972800 JavaThread "Unconstrained build operations Thread 64" [_thread_blocked, id=13152, stack(0x00000075cad00000,0x00000075cae00000)]
  0x000001ca25970800 JavaThread "Unconstrained build operations Thread 65" [_thread_blocked, id=9980, stack(0x00000075cae00000,0x00000075caf00000)]
  0x000001ca25973800 JavaThread "Unconstrained build operations Thread 66" [_thread_blocked, id=10944, stack(0x00000075caf00000,0x00000075cb000000)]
  0x000001ca25975000 JavaThread "Unconstrained build operations Thread 67" [_thread_blocked, id=18896, stack(0x00000075cb000000,0x00000075cb100000)]
  0x000001ca25974800 JavaThread "Unconstrained build operations Thread 68" [_thread_blocked, id=18164, stack(0x00000075cb100000,0x00000075cb200000)]
  0x000001ca25976000 JavaThread "Unconstrained build operations Thread 69" [_thread_blocked, id=18856, stack(0x00000075cb200000,0x00000075cb300000)]
  0x000001ca25971000 JavaThread "Unconstrained build operations Thread 70" [_thread_blocked, id=14780, stack(0x00000075cb300000,0x00000075cb400000)]
  0x000001ca2597b000 JavaThread "Unconstrained build operations Thread 71" [_thread_blocked, id=7996, stack(0x00000075cb400000,0x00000075cb500000)]
  0x000001ca25979800 JavaThread "Unconstrained build operations Thread 72" [_thread_blocked, id=336, stack(0x00000075cb500000,0x00000075cb600000)]
  0x000001ca25977000 JavaThread "Unconstrained build operations Thread 73" [_thread_blocked, id=15528, stack(0x00000075cb600000,0x00000075cb700000)]
  0x000001ca2597c800 JavaThread "Unconstrained build operations Thread 74" [_thread_blocked, id=15496, stack(0x00000075cb700000,0x00000075cb800000)]
  0x000001ca25977800 JavaThread "Unconstrained build operations Thread 75" [_thread_blocked, id=18112, stack(0x00000075cb800000,0x00000075cb900000)]
  0x000001ca2597a000 JavaThread "Unconstrained build operations Thread 76" [_thread_blocked, id=17780, stack(0x00000075cb900000,0x00000075cba00000)]
  0x000001ca2597d800 JavaThread "Unconstrained build operations Thread 77" [_thread_blocked, id=488, stack(0x00000075cba00000,0x00000075cbb00000)]
  0x000001ca2597b800 JavaThread "Unconstrained build operations Thread 78" [_thread_blocked, id=18808, stack(0x00000075cbb00000,0x00000075cbc00000)]
  0x000001ca2597e000 JavaThread "Unconstrained build operations Thread 79" [_thread_blocked, id=10456, stack(0x00000075cbc00000,0x00000075cbd00000)]
  0x000001ca25978800 JavaThread "Unconstrained build operations Thread 80" [_thread_blocked, id=16684, stack(0x00000075cbd00000,0x00000075cbe00000)]
  0x000001ca2597f000 JavaThread "jar transforms Thread 6" [_thread_blocked, id=7188, stack(0x00000075cbe00000,0x00000075cbf00000)]
  0x000001ca2222a800 JavaThread "jar transforms Thread 7" [_thread_blocked, id=12312, stack(0x00000075cbf00000,0x00000075cc000000)]
  0x000001ca2222b800 JavaThread "jar transforms Thread 8" [_thread_blocked, id=5816, stack(0x00000075cc000000,0x00000075cc100000)]
  0x000001ca22227800 JavaThread "build event listener" [_thread_blocked, id=16948, stack(0x00000075cc100000,0x00000075cc200000)]
  0x000001ca22226000 JavaThread "Memory manager" [_thread_blocked, id=15436, stack(0x00000075cc200000,0x00000075cc300000)]

Other Threads:
  0x000001ca1f87a800 VMThread "VM Thread" [stack: 0x00000075c3d00000,0x00000075c3e00000] [id=4280]
  0x000001ca1fa6d800 WatcherThread [stack: 0x00000075c4700000,0x00000075c4800000] [id=19172]
  0x000001ca04b6e800 GCTaskThread "GC Thread#0" [stack: 0x00000075c3800000,0x00000075c3900000] [id=17076]
  0x000001ca20e86800 GCTaskThread "GC Thread#1" [stack: 0x00000075c4a00000,0x00000075c4b00000] [id=13172]
  0x000001ca20783000 GCTaskThread "GC Thread#2" [stack: 0x00000075c4b00000,0x00000075c4c00000] [id=7268]
  0x000001ca20bf9800 GCTaskThread "GC Thread#3" [stack: 0x00000075c4c00000,0x00000075c4d00000] [id=15684]
  0x000001ca20a7c800 GCTaskThread "GC Thread#4" [stack: 0x00000075c4d00000,0x00000075c4e00000] [id=12596]
  0x000001ca20f08000 GCTaskThread "GC Thread#5" [stack: 0x00000075c4e00000,0x00000075c4f00000] [id=7520]
  0x000001ca21c0d800 GCTaskThread "GC Thread#6" [stack: 0x00000075c5b00000,0x00000075c5c00000] [id=8696]
  0x000001ca2087d800 GCTaskThread "GC Thread#7" [stack: 0x00000075c5c00000,0x00000075c5d00000] [id=19260]
  0x000001ca04ba4000 ConcurrentGCThread "G1 Main Marker" [stack: 0x00000075c3900000,0x00000075c3a00000] [id=2604]
  0x000001ca04ba6000 ConcurrentGCThread "G1 Conc#0" [stack: 0x00000075c3a00000,0x00000075c3b00000] [id=7260]
  0x000001ca22258000 ConcurrentGCThread "G1 Conc#1" [stack: 0x00000075c5d00000,0x00000075c5e00000] [id=15884]
  0x000001ca1eec6800 ConcurrentGCThread "G1 Refine#0" [stack: 0x00000075c3b00000,0x00000075c3c00000] [id=17880]
  0x000001ca1eec9000 ConcurrentGCThread "G1 Young RemSet Sampling" [stack: 0x00000075c3c00000,0x00000075c3d00000] [id=16884]

Threads with active compile tasks:
C2 CompilerThread0     9688 6685   !   4       org.codehaus.groovy.reflection.stdclasses.CachedSAMClass::hasUsableImplementation (72 bytes)
C2 CompilerThread1     9688 6645       4       groovy.lang.MetaClassImpl$1MOPIter::methodNameAction (325 bytes)
C2 CompilerThread2     9688 6682       4       java.lang.Class::getMethod (59 bytes)

VM state:not at safepoint (normal execution)

VM Mutex/Monitor currently owned by a thread: None

Heap address: 0x0000000080000000, size: 2048 MB, Compressed Oops mode: 32-bit
Narrow klass base: 0x0000000000000000, Narrow klass shift: 3
Compressed class space size: 1073741824 Address: 0x0000000100000000

Heap:
 garbage-first heap   total 260096K, used 65909K [0x0000000080000000, 0x0000000100000000)
  region size 1024K, 34 young (34816K), 19 survivors (19456K)
 Metaspace       used 66314K, capacity 68021K, committed 68124K, reserved 1107968K
  class space    used 8394K, capacity 9055K, committed 9112K, reserved 1048576K
Heap Regions: E=young(eden), S=young(survivor), O=old, HS=humongous(starts), HC=humongous(continues), CS=collection set, F=free, A=archive, TAMS=top-at-mark-start (previous, next)
|   0|0x0000000080000000, 0x0000000080100000, 0x0000000080100000|100%| O|  |TAMS 0x0000000080100000, 0x0000000080000000| Untracked 
|   1|0x0000000080100000, 0x0000000080200000, 0x0000000080200000|100%| O|  |TAMS 0x0000000080200000, 0x0000000080100000| Untracked 
|   2|0x0000000080200000, 0x0000000080300000, 0x0000000080300000|100%| O|  |TAMS 0x0000000080300000, 0x0000000080200000| Untracked 
|   3|0x0000000080300000, 0x0000000080400000, 0x0000000080400000|100%|HS|  |TAMS 0x0000000080400000, 0x0000000080300000| Complete 
|   4|0x0000000080400000, 0x0000000080500000, 0x0000000080500000|100%|HC|  |TAMS 0x0000000080500000, 0x0000000080400000| Complete 
|   5|0x0000000080500000, 0x0000000080600000, 0x0000000080600000|100%|HC|  |TAMS 0x0000000080600000, 0x0000000080500000| Complete 
|   6|0x0000000080600000, 0x0000000080700000, 0x0000000080700000|100%| O|  |TAMS 0x0000000080700000, 0x0000000080600000| Untracked 
|   7|0x0000000080700000, 0x0000000080800000, 0x0000000080800000|100%| O|  |TAMS 0x0000000080800000, 0x0000000080700000| Untracked 
|   8|0x0000000080800000, 0x0000000080900000, 0x0000000080900000|100%| O|  |TAMS 0x0000000080900000, 0x0000000080800000| Untracked 
|   9|0x0000000080900000, 0x0000000080a00000, 0x0000000080a00000|100%| O|  |TAMS 0x0000000080a00000, 0x0000000080900000| Untracked 
|  10|0x0000000080a00000, 0x0000000080b00000, 0x0000000080b00000|100%| O|  |TAMS 0x0000000080b00000, 0x0000000080a00000| Untracked 
|  11|0x0000000080b00000, 0x0000000080c00000, 0x0000000080c00000|100%| O|  |TAMS 0x0000000080c00000, 0x0000000080b00000| Untracked 
|  12|0x0000000080c00000, 0x0000000080d00000, 0x0000000080d00000|100%| O|  |TAMS 0x0000000080d00000, 0x0000000080c00000| Untracked 
|  13|0x0000000080d00000, 0x0000000080e00000, 0x0000000080e00000|100%| O|  |TAMS 0x0000000080e00000, 0x0000000080d00000| Untracked 
|  14|0x0000000080e00000, 0x0000000080f00000, 0x0000000080f00000|100%| O|  |TAMS 0x0000000080f00000, 0x0000000080e00000| Untracked 
|  15|0x0000000080f00000, 0x0000000081000000, 0x0000000081000000|100%| O|  |TAMS 0x0000000081000000, 0x0000000080f00000| Untracked 
|  16|0x0000000081000000, 0x0000000081100000, 0x0000000081100000|100%| O|  |TAMS 0x000000008105c400, 0x0000000081000000| Untracked 
|  17|0x0000000081100000, 0x0000000081200000, 0x0000000081200000|100%|HS|  |TAMS 0x0000000081100000, 0x0000000081100000| Complete 
|  18|0x0000000081200000, 0x0000000081300000, 0x0000000081300000|100%|HS|  |TAMS 0x0000000081200000, 0x0000000081200000| Complete 
|  19|0x0000000081300000, 0x0000000081300000, 0x0000000081400000|  0%| F|  |TAMS 0x0000000081300000, 0x0000000081300000| Untracked 
|  20|0x0000000081400000, 0x0000000081500000, 0x0000000081500000|100%| O|  |TAMS 0x0000000081400000, 0x0000000081400000| Untracked 
|  21|0x0000000081500000, 0x0000000081600000, 0x0000000081600000|100%| O|  |TAMS 0x0000000081500000, 0x0000000081500000| Untracked 
|  22|0x0000000081600000, 0x0000000081700000, 0x0000000081700000|100%| O|  |TAMS 0x0000000081600000, 0x0000000081600000| Untracked 
|  23|0x0000000081700000, 0x0000000081800000, 0x0000000081800000|100%| O|  |TAMS 0x0000000081700000, 0x0000000081700000| Untracked 
|  24|0x0000000081800000, 0x0000000081900000, 0x0000000081900000|100%| O|  |TAMS 0x0000000081800000, 0x0000000081800000| Untracked 
|  25|0x0000000081900000, 0x0000000081900000, 0x0000000081a00000|  0%| F|  |TAMS 0x0000000081900000, 0x0000000081900000| Untracked 
|  26|0x0000000081a00000, 0x0000000081a00000, 0x0000000081b00000|  0%| F|  |TAMS 0x0000000081a00000, 0x0000000081a00000| Untracked 
|  27|0x0000000081b00000, 0x0000000081b00000, 0x0000000081c00000|  0%| F|  |TAMS 0x0000000081b00000, 0x0000000081b00000| Untracked 
|  28|0x0000000081c00000, 0x0000000081c00000, 0x0000000081d00000|  0%| F|  |TAMS 0x0000000081c00000, 0x0000000081c00000| Untracked 
|  29|0x0000000081d00000, 0x0000000081d00000, 0x0000000081e00000|  0%| F|  |TAMS 0x0000000081d00000, 0x0000000081d00000| Untracked 
|  30|0x0000000081e00000, 0x0000000081e00000, 0x0000000081f00000|  0%| F|  |TAMS 0x0000000081e00000, 0x0000000081e00000| Untracked 
|  31|0x0000000081f00000, 0x0000000081f00000, 0x0000000082000000|  0%| F|  |TAMS 0x0000000081f00000, 0x0000000081f00000| Untracked 
|  32|0x0000000082000000, 0x0000000082100000, 0x0000000082100000|100%| O|  |TAMS 0x0000000082000000, 0x0000000082000000| Untracked 
|  33|0x0000000082100000, 0x0000000082200000, 0x0000000082200000|100%| O|  |TAMS 0x0000000082100000, 0x0000000082100000| Untracked 
|  34|0x0000000082200000, 0x0000000082300000, 0x0000000082300000|100%| O|  |TAMS 0x0000000082200000, 0x0000000082200000| Untracked 
|  35|0x0000000082300000, 0x0000000082400000, 0x0000000082400000|100%| O|  |TAMS 0x0000000082300000, 0x0000000082300000| Untracked 
|  36|0x0000000082400000, 0x0000000082500000, 0x0000000082500000|100%| O|  |TAMS 0x0000000082400000, 0x0000000082400000| Untracked 
|  37|0x0000000082500000, 0x0000000082600000, 0x0000000082600000|100%| O|  |TAMS 0x0000000082500000, 0x0000000082500000| Untracked 
|  38|0x0000000082600000, 0x0000000082700000, 0x0000000082700000|100%| O|  |TAMS 0x0000000082600000, 0x0000000082600000| Untracked 
|  39|0x0000000082700000, 0x000000008275d600, 0x0000000082800000| 36%| O|  |TAMS 0x0000000082700000, 0x0000000082700000| Untracked 
|  40|0x0000000082800000, 0x0000000082800000, 0x0000000082900000|  0%| F|  |TAMS 0x0000000082800000, 0x0000000082800000| Untracked 
|  41|0x0000000082900000, 0x0000000082900000, 0x0000000082a00000|  0%| F|  |TAMS 0x0000000082900000, 0x0000000082900000| Untracked 
|  42|0x0000000082a00000, 0x0000000082a00000, 0x0000000082b00000|  0%| F|  |TAMS 0x0000000082a00000, 0x0000000082a00000| Untracked 
|  43|0x0000000082b00000, 0x0000000082b00000, 0x0000000082c00000|  0%| F|  |TAMS 0x0000000082b00000, 0x0000000082b00000| Untracked 
|  44|0x0000000082c00000, 0x0000000082c00000, 0x0000000082d00000|  0%| F|  |TAMS 0x0000000082c00000, 0x0000000082c00000| Untracked 
|  45|0x0000000082d00000, 0x0000000082d00000, 0x0000000082e00000|  0%| F|  |TAMS 0x0000000082d00000, 0x0000000082d00000| Untracked 
|  46|0x0000000082e00000, 0x0000000082e00000, 0x0000000082f00000|  0%| F|  |TAMS 0x0000000082e00000, 0x0000000082e00000| Untracked 
|  47|0x0000000082f00000, 0x0000000082f00000, 0x0000000083000000|  0%| F|  |TAMS 0x0000000082f00000, 0x0000000082f00000| Untracked 
|  48|0x0000000083000000, 0x0000000083000000, 0x0000000083100000|  0%| F|  |TAMS 0x0000000083000000, 0x0000000083000000| Untracked 
|  49|0x0000000083100000, 0x0000000083100000, 0x0000000083200000|  0%| F|  |TAMS 0x0000000083100000, 0x0000000083100000| Untracked 
|  50|0x0000000083200000, 0x0000000083200000, 0x0000000083300000|  0%| F|  |TAMS 0x0000000083200000, 0x0000000083200000| Untracked 
|  51|0x0000000083300000, 0x0000000083300000, 0x0000000083400000|  0%| F|  |TAMS 0x0000000083300000, 0x0000000083300000| Untracked 
|  52|0x0000000083400000, 0x0000000083400000, 0x0000000083500000|  0%| F|  |TAMS 0x0000000083400000, 0x0000000083400000| Untracked 
|  53|0x0000000083500000, 0x0000000083500000, 0x0000000083600000|  0%| F|  |TAMS 0x0000000083500000, 0x0000000083500000| Untracked 
|  54|0x0000000083600000, 0x0000000083600000, 0x0000000083700000|  0%| F|  |TAMS 0x0000000083600000, 0x0000000083600000| Untracked 
|  55|0x0000000083700000, 0x0000000083700000, 0x0000000083800000|  0%| F|  |TAMS 0x0000000083700000, 0x0000000083700000| Untracked 
|  56|0x0000000083800000, 0x0000000083800000, 0x0000000083900000|  0%| F|  |TAMS 0x0000000083800000, 0x0000000083800000| Untracked 
|  57|0x0000000083900000, 0x0000000083900000, 0x0000000083a00000|  0%| F|  |TAMS 0x0000000083900000, 0x0000000083900000| Untracked 
|  58|0x0000000083a00000, 0x0000000083a00000, 0x0000000083b00000|  0%| F|  |TAMS 0x0000000083a00000, 0x0000000083a00000| Untracked 
|  59|0x0000000083b00000, 0x0000000083b00000, 0x0000000083c00000|  0%| F|  |TAMS 0x0000000083b00000, 0x0000000083b00000| Untracked 
|  60|0x0000000083c00000, 0x0000000083c00000, 0x0000000083d00000|  0%| F|  |TAMS 0x0000000083c00000, 0x0000000083c00000| Untracked 
|  61|0x0000000083d00000, 0x0000000083d00000, 0x0000000083e00000|  0%| F|  |TAMS 0x0000000083d00000, 0x0000000083d00000| Untracked 
|  62|0x0000000083e00000, 0x0000000083e00000, 0x0000000083f00000|  0%| F|  |TAMS 0x0000000083e00000, 0x0000000083e00000| Untracked 
|  63|0x0000000083f00000, 0x0000000083f00000, 0x0000000084000000|  0%| F|  |TAMS 0x0000000083f00000, 0x0000000083f00000| Untracked 
|  64|0x0000000084000000, 0x0000000084000000, 0x0000000084100000|  0%| F|  |TAMS 0x0000000084000000, 0x0000000084000000| Untracked 
|  65|0x0000000084100000, 0x0000000084100000, 0x0000000084200000|  0%| F|  |TAMS 0x0000000084100000, 0x0000000084100000| Untracked 
|  66|0x0000000084200000, 0x0000000084200000, 0x0000000084300000|  0%| F|  |TAMS 0x0000000084200000, 0x0000000084200000| Untracked 
|  67|0x0000000084300000, 0x0000000084300000, 0x0000000084400000|  0%| F|  |TAMS 0x0000000084300000, 0x0000000084300000| Untracked 
|  68|0x0000000084400000, 0x0000000084400000, 0x0000000084500000|  0%| F|  |TAMS 0x0000000084400000, 0x0000000084400000| Untracked 
|  69|0x0000000084500000, 0x0000000084500000, 0x0000000084600000|  0%| F|  |TAMS 0x0000000084500000, 0x0000000084500000| Untracked 
|  70|0x0000000084600000, 0x0000000084600000, 0x0000000084700000|  0%| F|  |TAMS 0x0000000084600000, 0x0000000084600000| Untracked 
|  71|0x0000000084700000, 0x0000000084700000, 0x0000000084800000|  0%| F|  |TAMS 0x0000000084700000, 0x0000000084700000| Untracked 
|  72|0x0000000084800000, 0x0000000084800000, 0x0000000084900000|  0%| F|  |TAMS 0x0000000084800000, 0x0000000084800000| Untracked 
|  73|0x0000000084900000, 0x0000000084900000, 0x0000000084a00000|  0%| F|  |TAMS 0x0000000084900000, 0x0000000084900000| Untracked 
|  74|0x0000000084a00000, 0x0000000084a00000, 0x0000000084b00000|  0%| F|  |TAMS 0x0000000084a00000, 0x0000000084a00000| Untracked 
|  75|0x0000000084b00000, 0x0000000084b00000, 0x0000000084c00000|  0%| F|  |TAMS 0x0000000084b00000, 0x0000000084b00000| Untracked 
|  76|0x0000000084c00000, 0x0000000084c00000, 0x0000000084d00000|  0%| F|  |TAMS 0x0000000084c00000, 0x0000000084c00000| Untracked 
|  77|0x0000000084d00000, 0x0000000084d00000, 0x0000000084e00000|  0%| F|  |TAMS 0x0000000084d00000, 0x0000000084d00000| Untracked 
|  78|0x0000000084e00000, 0x0000000084e00000, 0x0000000084f00000|  0%| F|  |TAMS 0x0000000084e00000, 0x0000000084e00000| Untracked 
|  79|0x0000000084f00000, 0x0000000084f00000, 0x0000000085000000|  0%| F|  |TAMS 0x0000000084f00000, 0x0000000084f00000| Untracked 
|  80|0x0000000085000000, 0x0000000085000000, 0x0000000085100000|  0%| F|  |TAMS 0x0000000085000000, 0x0000000085000000| Untracked 
|  81|0x0000000085100000, 0x0000000085100000, 0x0000000085200000|  0%| F|  |TAMS 0x0000000085100000, 0x0000000085100000| Untracked 
|  82|0x0000000085200000, 0x0000000085200000, 0x0000000085300000|  0%| F|  |TAMS 0x0000000085200000, 0x0000000085200000| Untracked 
|  83|0x0000000085300000, 0x0000000085400000, 0x0000000085400000|100%| S|CS|TAMS 0x0000000085300000, 0x0000000085300000| Complete 
|  84|0x0000000085400000, 0x0000000085500000, 0x0000000085500000|100%| S|CS|TAMS 0x0000000085400000, 0x0000000085400000| Complete 
|  85|0x0000000085500000, 0x0000000085600000, 0x0000000085600000|100%| S|CS|TAMS 0x0000000085500000, 0x0000000085500000| Complete 
|  86|0x0000000085600000, 0x0000000085700000, 0x0000000085700000|100%| S|CS|TAMS 0x0000000085600000, 0x0000000085600000| Complete 
|  87|0x0000000085700000, 0x0000000085800000, 0x0000000085800000|100%| S|CS|TAMS 0x0000000085700000, 0x0000000085700000| Complete 
|  88|0x0000000085800000, 0x0000000085900000, 0x0000000085900000|100%| S|CS|TAMS 0x0000000085800000, 0x0000000085800000| Complete 
|  89|0x0000000085900000, 0x0000000085a00000, 0x0000000085a00000|100%| S|CS|TAMS 0x0000000085900000, 0x0000000085900000| Complete 
|  90|0x0000000085a00000, 0x0000000085b00000, 0x0000000085b00000|100%| S|CS|TAMS 0x0000000085a00000, 0x0000000085a00000| Complete 
|  91|0x0000000085b00000, 0x0000000085b00000, 0x0000000085c00000|  0%| F|  |TAMS 0x0000000085b00000, 0x0000000085b00000| Untracked 
|  92|0x0000000085c00000, 0x0000000085c00000, 0x0000000085d00000|  0%| F|  |TAMS 0x0000000085c00000, 0x0000000085c00000| Untracked 
|  93|0x0000000085d00000, 0x0000000085d00000, 0x0000000085e00000|  0%| F|  |TAMS 0x0000000085d00000, 0x0000000085d00000| Untracked 
|  94|0x0000000085e00000, 0x0000000085e00000, 0x0000000085f00000|  0%| F|  |TAMS 0x0000000085e00000, 0x0000000085e00000| Untracked 
|  95|0x0000000085f00000, 0x0000000085f00000, 0x0000000086000000|  0%| F|  |TAMS 0x0000000085f00000, 0x0000000085f00000| Untracked 
|  96|0x0000000086000000, 0x0000000086000000, 0x0000000086100000|  0%| F|  |TAMS 0x0000000086000000, 0x0000000086000000| Untracked 
|  97|0x0000000086100000, 0x0000000086100000, 0x0000000086200000|  0%| F|  |TAMS 0x0000000086100000, 0x0000000086100000| Untracked 
|  98|0x0000000086200000, 0x0000000086200000, 0x0000000086300000|  0%| F|  |TAMS 0x0000000086200000, 0x0000000086200000| Untracked 
|  99|0x0000000086300000, 0x0000000086300000, 0x0000000086400000|  0%| F|  |TAMS 0x0000000086300000, 0x0000000086300000| Untracked 
| 100|0x0000000086400000, 0x0000000086400000, 0x0000000086500000|  0%| F|  |TAMS 0x0000000086400000, 0x0000000086400000| Untracked 
| 101|0x0000000086500000, 0x0000000086500000, 0x0000000086600000|  0%| F|  |TAMS 0x0000000086500000, 0x0000000086500000| Untracked 
| 102|0x0000000086600000, 0x0000000086600000, 0x0000000086700000|  0%| F|  |TAMS 0x0000000086600000, 0x0000000086600000| Untracked 
| 103|0x0000000086700000, 0x0000000086700000, 0x0000000086800000|  0%| F|  |TAMS 0x0000000086700000, 0x0000000086700000| Untracked 
| 104|0x0000000086800000, 0x0000000086800000, 0x0000000086900000|  0%| F|  |TAMS 0x0000000086800000, 0x0000000086800000| Untracked 
| 105|0x0000000086900000, 0x0000000086900000, 0x0000000086a00000|  0%| F|  |TAMS 0x0000000086900000, 0x0000000086900000| Untracked 
| 106|0x0000000086a00000, 0x0000000086a00000, 0x0000000086b00000|  0%| F|  |TAMS 0x0000000086a00000, 0x0000000086a00000| Untracked 
| 107|0x0000000086b00000, 0x0000000086b00000, 0x0000000086c00000|  0%| F|  |TAMS 0x0000000086b00000, 0x0000000086b00000| Untracked 
| 108|0x0000000086c00000, 0x0000000086c00000, 0x0000000086d00000|  0%| F|  |TAMS 0x0000000086c00000, 0x0000000086c00000| Untracked 
| 109|0x0000000086d00000, 0x0000000086e00000, 0x0000000086e00000|100%| S|CS|TAMS 0x0000000086d00000, 0x0000000086d00000| Complete 
| 110|0x0000000086e00000, 0x0000000086f00000, 0x0000000086f00000|100%| S|CS|TAMS 0x0000000086e00000, 0x0000000086e00000| Complete 
| 111|0x0000000086f00000, 0x0000000087000000, 0x0000000087000000|100%| S|CS|TAMS 0x0000000086f00000, 0x0000000086f00000| Complete 
| 112|0x0000000087000000, 0x0000000087100000, 0x0000000087100000|100%| S|CS|TAMS 0x0000000087000000, 0x0000000087000000| Complete 
| 113|0x0000000087100000, 0x0000000087200000, 0x0000000087200000|100%| S|CS|TAMS 0x0000000087100000, 0x0000000087100000| Complete 
| 114|0x0000000087200000, 0x0000000087300000, 0x0000000087300000|100%| S|CS|TAMS 0x0000000087200000, 0x0000000087200000| Complete 
| 115|0x0000000087300000, 0x0000000087400000, 0x0000000087400000|100%| S|CS|TAMS 0x0000000087300000, 0x0000000087300000| Complete 
| 116|0x0000000087400000, 0x0000000087500000, 0x0000000087500000|100%| S|CS|TAMS 0x0000000087400000, 0x0000000087400000| Complete 
| 117|0x0000000087500000, 0x0000000087600000, 0x0000000087600000|100%| S|CS|TAMS 0x0000000087500000, 0x0000000087500000| Complete 
| 118|0x0000000087600000, 0x0000000087700000, 0x0000000087700000|100%| S|CS|TAMS 0x0000000087600000, 0x0000000087600000| Complete 
| 119|0x0000000087700000, 0x0000000087800000, 0x0000000087800000|100%| S|CS|TAMS 0x0000000087700000, 0x0000000087700000| Complete 
| 120|0x0000000087800000, 0x0000000087800000, 0x0000000087900000|  0%| F|  |TAMS 0x0000000087800000, 0x0000000087800000| Untracked 
| 121|0x0000000087900000, 0x0000000087900000, 0x0000000087a00000|  0%| F|  |TAMS 0x0000000087900000, 0x0000000087900000| Untracked 
| 122|0x0000000087a00000, 0x0000000087a00000, 0x0000000087b00000|  0%| F|  |TAMS 0x0000000087a00000, 0x0000000087a00000| Untracked 
| 123|0x0000000087b00000, 0x0000000087b00000, 0x0000000087c00000|  0%| F|  |TAMS 0x0000000087b00000, 0x0000000087b00000| Untracked 
| 124|0x0000000087c00000, 0x0000000087c00000, 0x0000000087d00000|  0%| F|  |TAMS 0x0000000087c00000, 0x0000000087c00000| Untracked 
| 125|0x0000000087d00000, 0x0000000087d00000, 0x0000000087e00000|  0%| F|  |TAMS 0x0000000087d00000, 0x0000000087d00000| Untracked 
| 126|0x0000000087e00000, 0x0000000087e00000, 0x0000000087f00000|  0%| F|  |TAMS 0x0000000087e00000, 0x0000000087e00000| Untracked 
| 127|0x0000000087f00000, 0x0000000087f00000, 0x0000000088000000|  0%| F|  |TAMS 0x0000000087f00000, 0x0000000087f00000| Untracked 
| 128|0x0000000088000000, 0x0000000088000000, 0x0000000088100000|  0%| F|  |TAMS 0x0000000088000000, 0x0000000088000000| Untracked 
| 129|0x0000000088100000, 0x0000000088100000, 0x0000000088200000|  0%| F|  |TAMS 0x0000000088100000, 0x0000000088100000| Untracked 
| 130|0x0000000088200000, 0x0000000088200000, 0x0000000088300000|  0%| F|  |TAMS 0x0000000088200000, 0x0000000088200000| Untracked 
| 131|0x0000000088300000, 0x0000000088300000, 0x0000000088400000|  0%| F|  |TAMS 0x0000000088300000, 0x0000000088300000| Untracked 
| 132|0x0000000088400000, 0x0000000088400000, 0x0000000088500000|  0%| F|  |TAMS 0x0000000088400000, 0x0000000088400000| Untracked 
| 133|0x0000000088500000, 0x0000000088500000, 0x0000000088600000|  0%| F|  |TAMS 0x0000000088500000, 0x0000000088500000| Untracked 
| 134|0x0000000088600000, 0x0000000088600000, 0x0000000088700000|  0%| F|  |TAMS 0x0000000088600000, 0x0000000088600000| Untracked 
| 135|0x0000000088700000, 0x0000000088700000, 0x0000000088800000|  0%| F|  |TAMS 0x0000000088700000, 0x0000000088700000| Untracked 
| 136|0x0000000088800000, 0x0000000088800000, 0x0000000088900000|  0%| F|  |TAMS 0x0000000088800000, 0x0000000088800000| Untracked 
| 137|0x0000000088900000, 0x0000000088900000, 0x0000000088a00000|  0%| F|  |TAMS 0x0000000088900000, 0x0000000088900000| Untracked 
| 138|0x0000000088a00000, 0x0000000088a00000, 0x0000000088b00000|  0%| F|  |TAMS 0x0000000088a00000, 0x0000000088a00000| Untracked 
| 139|0x0000000088b00000, 0x0000000088b00000, 0x0000000088c00000|  0%| F|  |TAMS 0x0000000088b00000, 0x0000000088b00000| Untracked 
| 140|0x0000000088c00000, 0x0000000088c00000, 0x0000000088d00000|  0%| F|  |TAMS 0x0000000088c00000, 0x0000000088c00000| Untracked 
| 141|0x0000000088d00000, 0x0000000088d00000, 0x0000000088e00000|  0%| F|  |TAMS 0x0000000088d00000, 0x0000000088d00000| Untracked 
| 142|0x0000000088e00000, 0x0000000088e00000, 0x0000000088f00000|  0%| F|  |TAMS 0x0000000088e00000, 0x0000000088e00000| Untracked 
| 143|0x0000000088f00000, 0x0000000088f00000, 0x0000000089000000|  0%| F|  |TAMS 0x0000000088f00000, 0x0000000088f00000| Untracked 
| 144|0x0000000089000000, 0x0000000089000000, 0x0000000089100000|  0%| F|  |TAMS 0x0000000089000000, 0x0000000089000000| Untracked 
| 145|0x0000000089100000, 0x0000000089100000, 0x0000000089200000|  0%| F|  |TAMS 0x0000000089100000, 0x0000000089100000| Untracked 
| 146|0x0000000089200000, 0x0000000089200000, 0x0000000089300000|  0%| F|  |TAMS 0x0000000089200000, 0x0000000089200000| Untracked 
| 147|0x0000000089300000, 0x0000000089300000, 0x0000000089400000|  0%| F|  |TAMS 0x0000000089300000, 0x0000000089300000| Untracked 
| 148|0x0000000089400000, 0x0000000089400000, 0x0000000089500000|  0%| F|  |TAMS 0x0000000089400000, 0x0000000089400000| Untracked 
| 149|0x0000000089500000, 0x0000000089500000, 0x0000000089600000|  0%| F|  |TAMS 0x0000000089500000, 0x0000000089500000| Untracked 
| 150|0x0000000089600000, 0x0000000089600000, 0x0000000089700000|  0%| F|  |TAMS 0x0000000089600000, 0x0000000089600000| Untracked 
| 151|0x0000000089700000, 0x0000000089700000, 0x0000000089800000|  0%| F|  |TAMS 0x0000000089700000, 0x0000000089700000| Untracked 
| 152|0x0000000089800000, 0x0000000089800000, 0x0000000089900000|  0%| F|  |TAMS 0x0000000089800000, 0x0000000089800000| Untracked 
| 153|0x0000000089900000, 0x0000000089900000, 0x0000000089a00000|  0%| F|  |TAMS 0x0000000089900000, 0x0000000089900000| Untracked 
| 154|0x0000000089a00000, 0x0000000089a00000, 0x0000000089b00000|  0%| F|  |TAMS 0x0000000089a00000, 0x0000000089a00000| Untracked 
| 155|0x0000000089b00000, 0x0000000089b00000, 0x0000000089c00000|  0%| F|  |TAMS 0x0000000089b00000, 0x0000000089b00000| Untracked 
| 156|0x0000000089c00000, 0x0000000089c00000, 0x0000000089d00000|  0%| F|  |TAMS 0x0000000089c00000, 0x0000000089c00000| Untracked 
| 157|0x0000000089d00000, 0x0000000089d00000, 0x0000000089e00000|  0%| F|  |TAMS 0x0000000089d00000, 0x0000000089d00000| Untracked 
| 158|0x0000000089e00000, 0x0000000089e00000, 0x0000000089f00000|  0%| F|  |TAMS 0x0000000089e00000, 0x0000000089e00000| Untracked 
| 159|0x0000000089f00000, 0x0000000089f00000, 0x000000008a000000|  0%| F|  |TAMS 0x0000000089f00000, 0x0000000089f00000| Untracked 
| 160|0x000000008a000000, 0x000000008a000000, 0x000000008a100000|  0%| F|  |TAMS 0x000000008a000000, 0x000000008a000000| Untracked 
| 161|0x000000008a100000, 0x000000008a100000, 0x000000008a200000|  0%| F|  |TAMS 0x000000008a100000, 0x000000008a100000| Untracked 
| 162|0x000000008a200000, 0x000000008a200000, 0x000000008a300000|  0%| F|  |TAMS 0x000000008a200000, 0x000000008a200000| Untracked 
| 163|0x000000008a300000, 0x000000008a300000, 0x000000008a400000|  0%| F|  |TAMS 0x000000008a300000, 0x000000008a300000| Untracked 
| 164|0x000000008a400000, 0x000000008a400000, 0x000000008a500000|  0%| F|  |TAMS 0x000000008a400000, 0x000000008a400000| Untracked 
| 165|0x000000008a500000, 0x000000008a500000, 0x000000008a600000|  0%| F|  |TAMS 0x000000008a500000, 0x000000008a500000| Untracked 
| 166|0x000000008a600000, 0x000000008a600000, 0x000000008a700000|  0%| F|  |TAMS 0x000000008a600000, 0x000000008a600000| Untracked 
| 167|0x000000008a700000, 0x000000008a700000, 0x000000008a800000|  0%| F|  |TAMS 0x000000008a700000, 0x000000008a700000| Untracked 
| 168|0x000000008a800000, 0x000000008a800000, 0x000000008a900000|  0%| F|  |TAMS 0x000000008a800000, 0x000000008a800000| Untracked 
| 169|0x000000008a900000, 0x000000008a900000, 0x000000008aa00000|  0%| F|  |TAMS 0x000000008a900000, 0x000000008a900000| Untracked 
| 170|0x000000008aa00000, 0x000000008aa00000, 0x000000008ab00000|  0%| F|  |TAMS 0x000000008aa00000, 0x000000008aa00000| Untracked 
| 171|0x000000008ab00000, 0x000000008ab00000, 0x000000008ac00000|  0%| F|  |TAMS 0x000000008ab00000, 0x000000008ab00000| Untracked 
| 172|0x000000008ac00000, 0x000000008ac00000, 0x000000008ad00000|  0%| F|  |TAMS 0x000000008ac00000, 0x000000008ac00000| Untracked 
| 173|0x000000008ad00000, 0x000000008ad00000, 0x000000008ae00000|  0%| F|  |TAMS 0x000000008ad00000, 0x000000008ad00000| Untracked 
| 174|0x000000008ae00000, 0x000000008ae00000, 0x000000008af00000|  0%| F|  |TAMS 0x000000008ae00000, 0x000000008ae00000| Untracked 
| 175|0x000000008af00000, 0x000000008af00000, 0x000000008b000000|  0%| F|  |TAMS 0x000000008af00000, 0x000000008af00000| Untracked 
| 176|0x000000008b000000, 0x000000008b000000, 0x000000008b100000|  0%| F|  |TAMS 0x000000008b000000, 0x000000008b000000| Untracked 
| 177|0x000000008b100000, 0x000000008b100000, 0x000000008b200000|  0%| F|  |TAMS 0x000000008b100000, 0x000000008b100000| Untracked 
| 178|0x000000008b200000, 0x000000008b200000, 0x000000008b300000|  0%| F|  |TAMS 0x000000008b200000, 0x000000008b200000| Untracked 
| 179|0x000000008b300000, 0x000000008b300000, 0x000000008b400000|  0%| F|  |TAMS 0x000000008b300000, 0x000000008b300000| Untracked 
| 180|0x000000008b400000, 0x000000008b400000, 0x000000008b500000|  0%| F|  |TAMS 0x000000008b400000, 0x000000008b400000| Untracked 
| 181|0x000000008b500000, 0x000000008b500000, 0x000000008b600000|  0%| F|  |TAMS 0x000000008b500000, 0x000000008b500000| Untracked 
| 182|0x000000008b600000, 0x000000008b600000, 0x000000008b700000|  0%| F|  |TAMS 0x000000008b600000, 0x000000008b600000| Untracked 
| 183|0x000000008b700000, 0x000000008b700000, 0x000000008b800000|  0%| F|  |TAMS 0x000000008b700000, 0x000000008b700000| Untracked 
| 184|0x000000008b800000, 0x000000008b800000, 0x000000008b900000|  0%| F|  |TAMS 0x000000008b800000, 0x000000008b800000| Untracked 
| 185|0x000000008b900000, 0x000000008b900000, 0x000000008ba00000|  0%| F|  |TAMS 0x000000008b900000, 0x000000008b900000| Untracked 
| 186|0x000000008ba00000, 0x000000008ba00000, 0x000000008bb00000|  0%| F|  |TAMS 0x000000008ba00000, 0x000000008ba00000| Untracked 
| 187|0x000000008bb00000, 0x000000008bb00000, 0x000000008bc00000|  0%| F|  |TAMS 0x000000008bb00000, 0x000000008bb00000| Untracked 
| 188|0x000000008bc00000, 0x000000008bc00000, 0x000000008bd00000|  0%| F|  |TAMS 0x000000008bc00000, 0x000000008bc00000| Untracked 
| 189|0x000000008bd00000, 0x000000008bd00000, 0x000000008be00000|  0%| F|  |TAMS 0x000000008bd00000, 0x000000008bd00000| Untracked 
| 190|0x000000008be00000, 0x000000008be00000, 0x000000008bf00000|  0%| F|  |TAMS 0x000000008be00000, 0x000000008be00000| Untracked 
| 191|0x000000008bf00000, 0x000000008bf00000, 0x000000008c000000|  0%| F|  |TAMS 0x000000008bf00000, 0x000000008bf00000| Untracked 
| 192|0x000000008c000000, 0x000000008c000000, 0x000000008c100000|  0%| F|  |TAMS 0x000000008c000000, 0x000000008c000000| Untracked 
| 193|0x000000008c100000, 0x000000008c100000, 0x000000008c200000|  0%| F|  |TAMS 0x000000008c100000, 0x000000008c100000| Untracked 
| 194|0x000000008c200000, 0x000000008c200000, 0x000000008c300000|  0%| F|  |TAMS 0x000000008c200000, 0x000000008c200000| Untracked 
| 195|0x000000008c300000, 0x000000008c300000, 0x000000008c400000|  0%| F|  |TAMS 0x000000008c300000, 0x000000008c300000| Untracked 
| 196|0x000000008c400000, 0x000000008c400000, 0x000000008c500000|  0%| F|  |TAMS 0x000000008c400000, 0x000000008c400000| Untracked 
| 197|0x000000008c500000, 0x000000008c500000, 0x000000008c600000|  0%| F|  |TAMS 0x000000008c500000, 0x000000008c500000| Untracked 
| 198|0x000000008c600000, 0x000000008c600000, 0x000000008c700000|  0%| F|  |TAMS 0x000000008c600000, 0x000000008c600000| Untracked 
| 199|0x000000008c700000, 0x000000008c700000, 0x000000008c800000|  0%| F|  |TAMS 0x000000008c700000, 0x000000008c700000| Untracked 
| 200|0x000000008c800000, 0x000000008c800000, 0x000000008c900000|  0%| F|  |TAMS 0x000000008c800000, 0x000000008c800000| Untracked 
| 201|0x000000008c900000, 0x000000008c900000, 0x000000008ca00000|  0%| F|  |TAMS 0x000000008c900000, 0x000000008c900000| Untracked 
| 202|0x000000008ca00000, 0x000000008ca00000, 0x000000008cb00000|  0%| F|  |TAMS 0x000000008ca00000, 0x000000008ca00000| Untracked 
| 203|0x000000008cb00000, 0x000000008cb00000, 0x000000008cc00000|  0%| F|  |TAMS 0x000000008cb00000, 0x000000008cb00000| Untracked 
| 204|0x000000008cc00000, 0x000000008cc00000, 0x000000008cd00000|  0%| F|  |TAMS 0x000000008cc00000, 0x000000008cc00000| Untracked 
| 205|0x000000008cd00000, 0x000000008cd00000, 0x000000008ce00000|  0%| F|  |TAMS 0x000000008cd00000, 0x000000008cd00000| Untracked 
| 206|0x000000008ce00000, 0x000000008ce00000, 0x000000008cf00000|  0%| F|  |TAMS 0x000000008ce00000, 0x000000008ce00000| Untracked 
| 207|0x000000008cf00000, 0x000000008cf00000, 0x000000008d000000|  0%| F|  |TAMS 0x000000008cf00000, 0x000000008cf00000| Untracked 
| 208|0x000000008d000000, 0x000000008d000000, 0x000000008d100000|  0%| F|  |TAMS 0x000000008d000000, 0x000000008d000000| Untracked 
| 209|0x000000008d100000, 0x000000008d100000, 0x000000008d200000|  0%| F|  |TAMS 0x000000008d100000, 0x000000008d100000| Untracked 
| 210|0x000000008d200000, 0x000000008d200000, 0x000000008d300000|  0%| F|  |TAMS 0x000000008d200000, 0x000000008d200000| Untracked 
| 211|0x000000008d300000, 0x000000008d300000, 0x000000008d400000|  0%| F|  |TAMS 0x000000008d300000, 0x000000008d300000| Untracked 
| 212|0x000000008d400000, 0x000000008d400000, 0x000000008d500000|  0%| F|  |TAMS 0x000000008d400000, 0x000000008d400000| Untracked 
| 213|0x000000008d500000, 0x000000008d500000, 0x000000008d600000|  0%| F|  |TAMS 0x000000008d500000, 0x000000008d500000| Untracked 
| 214|0x000000008d600000, 0x000000008d600000, 0x000000008d700000|  0%| F|  |TAMS 0x000000008d600000, 0x000000008d600000| Untracked 
| 215|0x000000008d700000, 0x000000008d700000, 0x000000008d800000|  0%| F|  |TAMS 0x000000008d700000, 0x000000008d700000| Untracked 
| 216|0x000000008d800000, 0x000000008d800000, 0x000000008d900000|  0%| F|  |TAMS 0x000000008d800000, 0x000000008d800000| Untracked 
| 217|0x000000008d900000, 0x000000008d900000, 0x000000008da00000|  0%| F|  |TAMS 0x000000008d900000, 0x000000008d900000| Untracked 
| 218|0x000000008da00000, 0x000000008da00000, 0x000000008db00000|  0%| F|  |TAMS 0x000000008da00000, 0x000000008da00000| Untracked 
| 219|0x000000008db00000, 0x000000008db00000, 0x000000008dc00000|  0%| F|  |TAMS 0x000000008db00000, 0x000000008db00000| Untracked 
| 220|0x000000008dc00000, 0x000000008dc00000, 0x000000008dd00000|  0%| F|  |TAMS 0x000000008dc00000, 0x000000008dc00000| Untracked 
| 221|0x000000008dd00000, 0x000000008dd00000, 0x000000008de00000|  0%| F|  |TAMS 0x000000008dd00000, 0x000000008dd00000| Untracked 
| 222|0x000000008de00000, 0x000000008de00000, 0x000000008df00000|  0%| F|  |TAMS 0x000000008de00000, 0x000000008de00000| Untracked 
| 223|0x000000008df00000, 0x000000008df00000, 0x000000008e000000|  0%| F|  |TAMS 0x000000008df00000, 0x000000008df00000| Untracked 
| 224|0x000000008e000000, 0x000000008e000000, 0x000000008e100000|  0%| F|  |TAMS 0x000000008e000000, 0x000000008e000000| Untracked 
| 225|0x000000008e100000, 0x000000008e100000, 0x000000008e200000|  0%| F|  |TAMS 0x000000008e100000, 0x000000008e100000| Untracked 
| 226|0x000000008e200000, 0x000000008e200000, 0x000000008e300000|  0%| F|  |TAMS 0x000000008e200000, 0x000000008e200000| Untracked 
| 227|0x000000008e300000, 0x000000008e300000, 0x000000008e400000|  0%| F|  |TAMS 0x000000008e300000, 0x000000008e300000| Untracked 
| 228|0x000000008e400000, 0x000000008e400000, 0x000000008e500000|  0%| F|  |TAMS 0x000000008e400000, 0x000000008e400000| Untracked 
| 229|0x000000008e500000, 0x000000008e500000, 0x000000008e600000|  0%| F|  |TAMS 0x000000008e500000, 0x000000008e500000| Untracked 
| 230|0x000000008e600000, 0x000000008e600000, 0x000000008e700000|  0%| F|  |TAMS 0x000000008e600000, 0x000000008e600000| Untracked 
| 231|0x000000008e700000, 0x000000008e700000, 0x000000008e800000|  0%| F|  |TAMS 0x000000008e700000, 0x000000008e700000| Untracked 
| 232|0x000000008e800000, 0x000000008e800000, 0x000000008e900000|  0%| F|  |TAMS 0x000000008e800000, 0x000000008e800000| Untracked 
| 233|0x000000008e900000, 0x000000008e900000, 0x000000008ea00000|  0%| F|  |TAMS 0x000000008e900000, 0x000000008e900000| Untracked 
| 234|0x000000008ea00000, 0x000000008ea00000, 0x000000008eb00000|  0%| F|  |TAMS 0x000000008ea00000, 0x000000008ea00000| Untracked 
| 235|0x000000008eb00000, 0x000000008eb00000, 0x000000008ec00000|  0%| F|  |TAMS 0x000000008eb00000, 0x000000008eb00000| Untracked 
| 236|0x000000008ec00000, 0x000000008ec00000, 0x000000008ed00000|  0%| F|  |TAMS 0x000000008ec00000, 0x000000008ec00000| Untracked 
| 237|0x000000008ed00000, 0x000000008ed00000, 0x000000008ee00000|  0%| F|  |TAMS 0x000000008ed00000, 0x000000008ed00000| Untracked 
| 238|0x000000008ee00000, 0x000000008ee91a20, 0x000000008ef00000| 56%| E|  |TAMS 0x000000008ee00000, 0x000000008ee00000| Complete 
| 239|0x000000008ef00000, 0x000000008f000000, 0x000000008f000000|100%| E|CS|TAMS 0x000000008ef00000, 0x000000008ef00000| Complete 
| 240|0x000000008f000000, 0x000000008f100000, 0x000000008f100000|100%| E|CS|TAMS 0x000000008f000000, 0x000000008f000000| Complete 
| 241|0x000000008f100000, 0x000000008f200000, 0x000000008f200000|100%| E|CS|TAMS 0x000000008f100000, 0x000000008f100000| Complete 
| 242|0x000000008f200000, 0x000000008f300000, 0x000000008f300000|100%| E|CS|TAMS 0x000000008f200000, 0x000000008f200000| Complete 
| 243|0x000000008f300000, 0x000000008f400000, 0x000000008f400000|100%| E|CS|TAMS 0x000000008f300000, 0x000000008f300000| Complete 
| 244|0x000000008f400000, 0x000000008f500000, 0x000000008f500000|100%| E|CS|TAMS 0x000000008f400000, 0x000000008f400000| Complete 
| 245|0x000000008f500000, 0x000000008f600000, 0x000000008f600000|100%| E|CS|TAMS 0x000000008f500000, 0x000000008f500000| Complete 
| 246|0x000000008f600000, 0x000000008f700000, 0x000000008f700000|100%| E|CS|TAMS 0x000000008f600000, 0x000000008f600000| Complete 
| 247|0x000000008f700000, 0x000000008f800000, 0x000000008f800000|100%| E|CS|TAMS 0x000000008f700000, 0x000000008f700000| Complete 
| 248|0x000000008f800000, 0x000000008f900000, 0x000000008f900000|100%| E|CS|TAMS 0x000000008f800000, 0x000000008f800000| Complete 
| 249|0x000000008f900000, 0x000000008fa00000, 0x000000008fa00000|100%| E|CS|TAMS 0x000000008f900000, 0x000000008f900000| Complete 
| 250|0x000000008fa00000, 0x000000008fb00000, 0x000000008fb00000|100%| E|CS|TAMS 0x000000008fa00000, 0x000000008fa00000| Complete 
| 251|0x000000008fb00000, 0x000000008fc00000, 0x000000008fc00000|100%| E|CS|TAMS 0x000000008fb00000, 0x000000008fb00000| Complete 
| 252|0x000000008fc00000, 0x000000008fd00000, 0x000000008fd00000|100%| E|CS|TAMS 0x000000008fc00000, 0x000000008fc00000| Complete 
| 253|0x000000008fd00000, 0x000000008fe00000, 0x000000008fe00000|100%| E|CS|TAMS 0x000000008fd00000, 0x000000008fd00000| Complete 

Card table byte_map: [0x000001ca17db0000,0x000001ca181b0000] _byte_map_base: 0x000001ca179b0000

Marking Bits (Prev, Next): (CMBitMap*) 0x000001ca04b9b1e0, (CMBitMap*) 0x000001ca04b9b1a8
 Prev Bits: [0x000001ca1a5b0000, 0x000001ca1c5b0000)
 Next Bits: [0x000001ca185b0000, 0x000001ca1a5b0000)

Polling page: 0x000001ca04330000

Metaspace:

Usage:
  Non-class:     57.58 MB capacity,    56.56 MB ( 98%) used,   862.12 KB (  1%) free+waste,   183.81 KB ( <1%) overhead. 
      Class:      8.84 MB capacity,     8.20 MB ( 93%) used,   573.10 KB (  6%) free+waste,    87.19 KB ( <1%) overhead. 
       Both:     66.43 MB capacity,    64.76 MB ( 97%) used,     1.40 MB (  2%) free+waste,   271.00 KB ( <1%) overhead. 

Virtual space:
  Non-class space:       58.00 MB reserved,      57.63 MB (>99%) committed 
      Class space:        1.00 GB reserved,       8.90 MB ( <1%) committed 
             Both:        1.06 GB reserved,      66.53 MB (  6%) committed 

Chunk freelists:
   Non-Class:  46.00 KB
       Class:  1.00 KB
        Both:  47.00 KB

MaxMetaspaceSize: 17179869184.00 GB
CompressedClassSpaceSize: 1.00 GB
Initial GC threshold: 20.80 MB
Current GC threshold: 76.30 MB
CDS: off

CodeHeap 'non-profiled nmethods': size=120000Kb used=4131Kb max_used=4131Kb free=115868Kb
 bounds [0x000001ca10150000, 0x000001ca10560000, 0x000001ca17680000]
CodeHeap 'profiled nmethods': size=120000Kb used=14137Kb max_used=14137Kb free=105862Kb
 bounds [0x000001ca08c20000, 0x000001ca099f0000, 0x000001ca10150000]
CodeHeap 'non-nmethods': size=5760Kb used=2354Kb max_used=2396Kb free=3405Kb
 bounds [0x000001ca08680000, 0x000001ca088f0000, 0x000001ca08c20000]
 total_blobs=7547 nmethods=6677 adapters=782
 compilation: enabled
              stopped_count=0, restarted_count=0
 full_count=0

Compilation events (20 events):
Event: 9.622 Thread 0x000001ca1f8e3000 6693       3       java.util.TimSort::countRunAndMakeAscending (128 bytes)
Event: 9.623 Thread 0x000001ca1f8e3000 nmethod 6693 0x000001ca099e2510 code [0x000001ca099e2760, 0x000001ca099e3268]
Event: 9.624 Thread 0x000001ca1f8e3000 6695       3       java.util.LinkedList$ListItr::set (28 bytes)
Event: 9.625 Thread 0x000001ca1f8e3000 nmethod 6695 0x000001ca099e3590 code [0x000001ca099e3780, 0x000001ca099e3b78]
Event: 9.625 Thread 0x000001ca1f8e3000 6696       3       groovy.lang.MetaClassImpl$$Lambda$396/0x0000000100507440::apply (12 bytes)
Event: 9.626 Thread 0x000001ca1f8e3000 nmethod 6696 0x000001ca099e3d90 code [0x000001ca099e3fa0, 0x000001ca099e4398]
Event: 9.626 Thread 0x000001ca1f8e3000 6697       3       groovy.lang.MetaClassImpl::lambda$getPropName$5 (27 bytes)
Event: 9.626 Thread 0x000001ca1f8e3000 nmethod 6697 0x000001ca099e4510 code [0x000001ca099e4700, 0x000001ca099e4978]
Event: 9.626 Thread 0x000001ca1f8e3000 6698       3       org.apache.groovy.util.BeanUtils::decapitalize (68 bytes)
Event: 9.628 Thread 0x000001ca1f8e3000 nmethod 6698 0x000001ca099e4b10 code [0x000001ca099e4f00, 0x000001ca099e69e8]
Event: 9.628 Thread 0x000001ca1f8e3000 6700       3       org.codehaus.groovy.util.FastArray::get (7 bytes)
Event: 9.628 Thread 0x000001ca1f8e3000 nmethod 6700 0x000001ca099e7310 code [0x000001ca099e74c0, 0x000001ca099e75f8]
Event: 9.628 Thread 0x000001ca1f8e3000 6699       1       org.codehaus.groovy.runtime.callsite.AbstractCallSite::getArray (5 bytes)
Event: 9.628 Thread 0x000001ca1f8e3000 nmethod 6699 0x000001ca10550a90 code [0x000001ca10550c40, 0x000001ca10550cf8]
Event: 9.636 Thread 0x000001ca1f8e3000 6701 %     3       groovy.lang.MetaClassImpl::inheritInterfaceNewMetaMethods @ 100 (195 bytes)
Event: 9.638 Thread 0x000001ca1f8e3000 nmethod 6701% 0x000001ca099e7710 code [0x000001ca099e7a80, 0x000001ca099e9228]
Event: 9.639 Thread 0x000001ca1f8e3000 6702       3       groovy.lang.MetaClassImpl::inheritInterfaceNewMetaMethods (195 bytes)
Event: 9.640 Thread 0x000001ca1f8e3000 nmethod 6702 0x000001ca099e9a90 code [0x000001ca099e9de0, 0x000001ca099eb248]
Event: 9.640 Thread 0x000001ca1f8e3000 6703   !   3       sun.reflect.misc.ReflectUtil::isPackageAccessible (12 bytes)
Event: 9.641 Thread 0x000001ca1f8e3000 nmethod 6703 0x000001ca099eb990 code [0x000001ca099ebb60, 0x000001ca099ebda8]

GC Heap History (14 events):
Event: 0.826 GC heap before
{Heap before GC invocations=0 (full 0):
 garbage-first heap   total 260096K, used 29696K [0x0000000080000000, 0x0000000100000000)
  region size 1024K, 24 young (24576K), 0 survivors (0K)
 Metaspace       used 10099K, capacity 10327K, committed 10624K, reserved 1058816K
  class space    used 1031K, capacity 1106K, committed 1152K, reserved 1048576K
}
Event: 0.830 GC heap after
{Heap after GC invocations=1 (full 0):
 garbage-first heap   total 260096K, used 9402K [0x0000000080000000, 0x0000000100000000)
  region size 1024K, 3 young (3072K), 3 survivors (3072K)
 Metaspace       used 10099K, capacity 10327K, committed 10624K, reserved 1058816K
  class space    used 1031K, capacity 1106K, committed 1152K, reserved 1048576K
}
Event: 2.741 GC heap before
{Heap before GC invocations=1 (full 0):
 garbage-first heap   total 260096K, used 109754K [0x0000000080000000, 0x0000000100000000)
  region size 1024K, 101 young (103424K), 3 survivors (3072K)
 Metaspace       used 20760K, capacity 21189K, committed 21296K, reserved 1069056K
  class space    used 2527K, capacity 2687K, committed 2688K, reserved 1048576K
}
Event: 2.750 GC heap after
{Heap after GC invocations=2 (full 0):
 garbage-first heap   total 260096K, used 16868K [0x0000000080000000, 0x0000000100000000)
  region size 1024K, 11 young (11264K), 11 survivors (11264K)
 Metaspace       used 20760K, capacity 21189K, committed 21296K, reserved 1069056K
  class space    used 2527K, capacity 2687K, committed 2688K, reserved 1048576K
}
Event: 3.443 GC heap before
{Heap before GC invocations=3 (full 0):
 garbage-first heap   total 260096K, used 85476K [0x0000000080000000, 0x0000000100000000)
  region size 1024K, 78 young (79872K), 11 survivors (11264K)
 Metaspace       used 27579K, capacity 28286K, committed 28412K, reserved 1073152K
  class space    used 3617K, capacity 3875K, committed 3916K, reserved 1048576K
}
Event: 3.452 GC heap after
{Heap after GC invocations=4 (full 0):
 garbage-first heap   total 260096K, used 19634K [0x0000000080000000, 0x0000000100000000)
  region size 1024K, 3 young (3072K), 3 survivors (3072K)
 Metaspace       used 27579K, capacity 28286K, committed 28412K, reserved 1073152K
  class space    used 3617K, capacity 3875K, committed 3916K, reserved 1048576K
}
Event: 4.334 GC heap before
{Heap before GC invocations=4 (full 0):
 garbage-first heap   total 260096K, used 75954K [0x0000000080000000, 0x0000000100000000)
  region size 1024K, 59 young (60416K), 3 survivors (3072K)
 Metaspace       used 35128K, capacity 36009K, committed 36048K, reserved 1081344K
  class space    used 4571K, capacity 4921K, committed 4940K, reserved 1048576K
}
Event: 4.346 GC heap after
{Heap after GC invocations=5 (full 0):
 garbage-first heap   total 260096K, used 22315K [0x0000000080000000, 0x0000000100000000)
  region size 1024K, 6 young (6144K), 6 survivors (6144K)
 Metaspace       used 35128K, capacity 36009K, committed 36048K, reserved 1081344K
  class space    used 4571K, capacity 4921K, committed 4940K, reserved 1048576K
}
Event: 5.962 GC heap before
{Heap before GC invocations=6 (full 0):
 garbage-first heap   total 260096K, used 144171K [0x0000000080000000, 0x0000000100000000)
  region size 1024K, 121 young (123904K), 6 survivors (6144K)
 Metaspace       used 45675K, capacity 46690K, committed 46876K, reserved 1089536K
  class space    used 5809K, capacity 6224K, committed 6296K, reserved 1048576K
}
Event: 5.990 GC heap after
{Heap after GC invocations=7 (full 0):
 garbage-first heap   total 260096K, used 30536K [0x0000000080000000, 0x0000000100000000)
  region size 1024K, 14 young (14336K), 14 survivors (14336K)
 Metaspace       used 45675K, capacity 46690K, committed 46876K, reserved 1089536K
  class space    used 5809K, capacity 6224K, committed 6296K, reserved 1048576K
}
Event: 7.604 GC heap before
{Heap before GC invocations=8 (full 0):
 garbage-first heap   total 260096K, used 166728K [0x0000000080000000, 0x0000000100000000)
  region size 1024K, 145 young (148480K), 14 survivors (14336K)
 Metaspace       used 55329K, capacity 56730K, committed 56860K, reserved 1099776K
  class space    used 7000K, capacity 7551K, committed 7576K, reserved 1048576K
}
Event: 7.629 GC heap after
{Heap after GC invocations=9 (full 0):
 garbage-first heap   total 260096K, used 42174K [0x0000000080000000, 0x0000000100000000)
  region size 1024K, 18 young (18432K), 18 survivors (18432K)
 Metaspace       used 55329K, capacity 56730K, committed 56860K, reserved 1099776K
  class space    used 7000K, capacity 7551K, committed 7576K, reserved 1048576K
}
Event: 9.583 GC heap before
{Heap before GC invocations=9 (full 0):
 garbage-first heap   total 260096K, used 187582K [0x0000000080000000, 0x0000000100000000)
  region size 1024K, 152 young (155648K), 18 survivors (18432K)
 Metaspace       used 66283K, capacity 67859K, committed 68124K, reserved 1107968K
  class space    used 8389K, capacity 9021K, committed 9112K, reserved 1048576K
}
Event: 9.603 GC heap after
{Heap after GC invocations=10 (full 0):
 garbage-first heap   total 260096K, used 51573K [0x0000000080000000, 0x0000000100000000)
  region size 1024K, 19 young (19456K), 19 survivors (19456K)
 Metaspace       used 66283K, capacity 67859K, committed 68124K, reserved 1107968K
  class space    used 8389K, capacity 9021K, committed 9112K, reserved 1048576K
}

Deoptimization events (20 events):
Event: 9.379 Thread 0x000001ca21325000 Uncommon trap: trap_request=0xffffffde fr.pc=0x000001ca103429c4 relative=0x0000000000000c24
Event: 9.380 Thread 0x000001ca21325000 Uncommon trap: reason=class_check action=maybe_recompile pc=0x000001ca103429c4 method=org.codehaus.groovy.reflection.ParameterTypes.getParametersTypes0()V @ 16 c2
Event: 9.380 Thread 0x000001ca21325000 DEOPT PACKING pc=0x000001ca103429c4 sp=0x00000075c53f5cf0
Event: 9.380 Thread 0x000001ca21325000 DEOPT UNPACKING pc=0x000001ca086ca1af sp=0x00000075c53f5c78 mode 2
Event: 9.392 Thread 0x000001ca21325000 Uncommon trap: trap_request=0xffffffde fr.pc=0x000001ca102b3728 relative=0x00000000000009c8
Event: 9.392 Thread 0x000001ca21325000 Uncommon trap: reason=class_check action=maybe_recompile pc=0x000001ca102b3728 method=java.util.WeakHashMap.eq(Ljava/lang/Object;Ljava/lang/Object;)Z @ 7 c2
Event: 9.392 Thread 0x000001ca21325000 DEOPT PACKING pc=0x000001ca102b3728 sp=0x00000075c53f6dc0
Event: 9.392 Thread 0x000001ca21325000 DEOPT UNPACKING pc=0x000001ca086ca1af sp=0x00000075c53f6d30 mode 2
Event: 9.394 Thread 0x000001ca21325000 Uncommon trap: trap_request=0xffffff4d fr.pc=0x000001ca104e86d8 relative=0x00000000000014b8
Event: 9.394 Thread 0x000001ca21325000 Uncommon trap: reason=unstable_if action=reinterpret pc=0x000001ca104e86d8 method=java.lang.ClassLoader.checkCerts(Ljava/lang/String;Ljava/security/CodeSource;)V @ 29 c2
Event: 9.394 Thread 0x000001ca21325000 DEOPT PACKING pc=0x000001ca104e86d8 sp=0x00000075c53f7260
Event: 9.394 Thread 0x000001ca21325000 DEOPT UNPACKING pc=0x000001ca086ca1af sp=0x00000075c53f71b8 mode 2
Event: 9.395 Thread 0x000001ca21325000 Uncommon trap: trap_request=0xffffff4d fr.pc=0x000001ca103a5670 relative=0x0000000000000bb0
Event: 9.395 Thread 0x000001ca21325000 Uncommon trap: reason=unstable_if action=reinterpret pc=0x000001ca103a5670 method=java.lang.ClassLoader.loadClass(Ljava/lang/String;Z)Ljava/lang/Class; @ 29 c2
Event: 9.395 Thread 0x000001ca21325000 DEOPT PACKING pc=0x000001ca103a5670 sp=0x00000075c53f6b40
Event: 9.395 Thread 0x000001ca21325000 DEOPT UNPACKING pc=0x000001ca086ca1af sp=0x00000075c53f6b08 mode 2
Event: 9.448 Thread 0x000001ca21325000 Uncommon trap: trap_request=0xffffff4d fr.pc=0x000001ca10336400 relative=0x0000000000000340
Event: 9.448 Thread 0x000001ca21325000 Uncommon trap: reason=unstable_if action=reinterpret pc=0x000001ca10336400 method=java.util.StringJoiner.add(Ljava/lang/CharSequence;)Ljava/util/StringJoiner; @ 33 c2
Event: 9.448 Thread 0x000001ca21325000 DEOPT PACKING pc=0x000001ca10336400 sp=0x00000075c53f5740
Event: 9.448 Thread 0x000001ca21325000 DEOPT UNPACKING pc=0x000001ca086ca1af sp=0x00000075c53f56f0 mode 2

Classes redefined (0 events):
No events

Internal exceptions (20 events):
Event: 9.493 Thread 0x000001ca21325000 Exception <a 'java/lang/ClassNotFoundException'{0x00000000882c9c80}: build_as4bycbxxxorfv1rxphtogn8cCustomizer> (0x00000000882c9c80) thrown at [src/hotspot/share/classfile/systemDictionary.cpp, line 230]
Event: 9.610 Thread 0x000001ca21325000 Exception <a 'java/lang/ClassNotFoundException'{0x000000008fdd2c10}: com/android/build/gradle/internal/dsl/DefaultConfig$AgpDecorated_DecoratedBeanInfo> (0x000000008fdd2c10) thrown at [src/hotspot/share/classfile/systemDictionary.cpp, line 230]
Event: 9.610 Thread 0x000001ca21325000 Exception <a 'java/lang/ClassNotFoundException'{0x000000008fdf1b00}: com/android/build/gradle/internal/dsl/DefaultConfig$AgpDecoratedBeanInfo> (0x000000008fdf1b00) thrown at [src/hotspot/share/classfile/systemDictionary.cpp, line 230]
Event: 9.611 Thread 0x000001ca21325000 Exception <a 'java/lang/ClassNotFoundException'{0x000000008fc0f3f8}: com/android/build/gradle/internal/dsl/DefaultConfigBeanInfo> (0x000000008fc0f3f8) thrown at [src/hotspot/share/classfile/systemDictionary.cpp, line 230]
Event: 9.611 Thread 0x000001ca21325000 Exception <a 'java/lang/ClassNotFoundException'{0x000000008fc2b830}: com/android/build/gradle/internal/dsl/BaseFlavorBeanInfo> (0x000000008fc2b830) thrown at [src/hotspot/share/classfile/systemDictionary.cpp, line 230]
Event: 9.612 Thread 0x000001ca21325000 Exception <a 'java/lang/ClassNotFoundException'{0x000000008fc479c0}: com/android/builder/core/AbstractProductFlavorBeanInfo> (0x000000008fc479c0) thrown at [src/hotspot/share/classfile/systemDictionary.cpp, line 230]
Event: 9.612 Thread 0x000001ca21325000 Exception <a 'java/lang/ClassNotFoundException'{0x000000008fc63800}: com/android/builder/internal/BaseConfigImplBeanInfo> (0x000000008fc63800) thrown at [src/hotspot/share/classfile/systemDictionary.cpp, line 230]
Event: 9.613 Thread 0x000001ca21325000 Exception <a 'java/lang/ClassNotFoundException'{0x000000008fc7f6f0}: com/android/builder/internal/BaseConfigImplCustomizer> (0x000000008fc7f6f0) thrown at [src/hotspot/share/classfile/systemDictionary.cpp, line 230]
Event: 9.614 Thread 0x000001ca21325000 Exception <a 'java/lang/ClassNotFoundException'{0x000000008fcba5e0}: com/android/builder/core/AbstractProductFlavorCustomizer> (0x000000008fcba5e0) thrown at [src/hotspot/share/classfile/systemDictionary.cpp, line 230]
Event: 9.616 Thread 0x000001ca21325000 Exception <a 'java/lang/ClassNotFoundException'{0x000000008fb11d08}: com/android/build/gradle/internal/dsl/BaseFlavorCustomizer> (0x000000008fb11d08) thrown at [src/hotspot/share/classfile/systemDictionary.cpp, line 230]
Event: 9.619 Thread 0x000001ca21325000 Exception <a 'java/lang/ClassNotFoundException'{0x000000008fb87b38}: com/android/build/gradle/internal/dsl/DefaultConfigCustomizer> (0x000000008fb87b38) thrown at [src/hotspot/share/classfile/systemDictionary.cpp, line 230]
Event: 9.620 Thread 0x000001ca21325000 Exception <a 'java/lang/ClassNotFoundException'{0x000000008fbbec30}: com/android/build/gradle/internal/dsl/DefaultConfig$AgpDecoratedCustomizer> (0x000000008fbbec30) thrown at [src/hotspot/share/classfile/systemDictionary.cpp, line 230]
Event: 9.621 Thread 0x000001ca21325000 Exception <a 'java/lang/ClassNotFoundException'{0x000000008fa256f8}: com/android/build/gradle/internal/dsl/DefaultConfig$AgpDecorated_DecoratedCustomizer> (0x000000008fa256f8) thrown at [src/hotspot/share/classfile/systemDictionary.cpp, line 230]
Event: 9.630 Thread 0x000001ca21325000 Exception <a 'java/lang/ClassNotFoundException'{0x000000008f987520}: org/gradle/api/internal/NamedDomainObjectContainerConfigureDelegateBeanInfo> (0x000000008f987520) thrown at [src/hotspot/share/classfile/systemDictionary.cpp, line 230]
Event: 9.631 Thread 0x000001ca21325000 Exception <a 'java/lang/ClassNotFoundException'{0x000000008f9c5628}: org/gradle/api/internal/NamedDomainObjectContainerConfigureDelegateCustomizer> (0x000000008f9c5628) thrown at [src/hotspot/share/classfile/systemDictionary.cpp, line 230]
Event: 9.641 Thread 0x000001ca21325000 Exception <a 'java/lang/ClassNotFoundException'{0x000000008f6464c0}: org/gradle/api/internal/FactoryNamedDomainObjectContainer_DecoratedBeanInfo> (0x000000008f6464c0) thrown at [src/hotspot/share/classfile/systemDictionary.cpp, line 230]
Event: 9.643 Thread 0x000001ca21325000 Exception <a 'java/lang/ClassNotFoundException'{0x000000008f6816c8}: org/gradle/api/internal/FactoryNamedDomainObjectContainerBeanInfo> (0x000000008f6816c8) thrown at [src/hotspot/share/classfile/systemDictionary.cpp, line 230]
Event: 9.644 Thread 0x000001ca21325000 Exception <a 'java/lang/ClassNotFoundException'{0x000000008f6bd780}: org/gradle/api/internal/AbstractNamedDomainObjectContainerBeanInfo> (0x000000008f6bd780) thrown at [src/hotspot/share/classfile/systemDictionary.cpp, line 230]
Event: 9.645 Thread 0x000001ca21325000 Exception <a 'java/lang/ClassNotFoundException'{0x000000008f6f7c00}: org/gradle/api/internal/DefaultNamedDomainObjectSetBeanInfo> (0x000000008f6f7c00) thrown at [src/hotspot/share/classfile/systemDictionary.cpp, line 230]
Event: 9.645 Thread 0x000001ca21325000 Exception <a 'java/lang/ClassNotFoundException'{0x000000008f532700}: org/gradle/api/internal/DefaultNamedDomainObjectSetCustomizer> (0x000000008f532700) thrown at [src/hotspot/share/classfile/systemDictionary.cpp, line 230]

Events (20 events):
Event: 9.643 loading class org/gradle/api/internal/AbstractNamedDomainObjectContainerBeanInfo
Event: 9.643 loading class org/gradle/api/internal/AbstractNamedDomainObjectContainerBeanInfo done
Event: 9.644 loading class org/gradle/api/internal/AbstractNamedDomainObjectContainerBeanInfo
Event: 9.644 loading class org/gradle/api/internal/AbstractNamedDomainObjectContainerBeanInfo done
Event: 9.644 loading class org/gradle/api/internal/DefaultNamedDomainObjectSetBeanInfo
Event: 9.644 loading class org/gradle/api/internal/DefaultNamedDomainObjectSetBeanInfo done
Event: 9.644 loading class org/gradle/api/internal/DefaultNamedDomainObjectSetBeanInfo
Event: 9.644 loading class org/gradle/api/internal/DefaultNamedDomainObjectSetBeanInfo done
Event: 9.644 loading class org/gradle/api/internal/DefaultNamedDomainObjectSetBeanInfo
Event: 9.644 loading class org/gradle/api/internal/DefaultNamedDomainObjectSetBeanInfo done
Event: 9.645 loading class org/gradle/api/internal/DefaultNamedDomainObjectSetBeanInfo
Event: 9.645 loading class org/gradle/api/internal/DefaultNamedDomainObjectSetBeanInfo done
Event: 9.645 loading class org/gradle/api/internal/DefaultNamedDomainObjectSetCustomizer
Event: 9.645 loading class org/gradle/api/internal/DefaultNamedDomainObjectSetCustomizer done
Event: 9.645 loading class org/gradle/api/internal/DefaultNamedDomainObjectSetCustomizer
Event: 9.645 loading class org/gradle/api/internal/DefaultNamedDomainObjectSetCustomizer done
Event: 9.645 loading class org/gradle/api/internal/DefaultNamedDomainObjectSetCustomizer
Event: 9.645 loading class org/gradle/api/internal/DefaultNamedDomainObjectSetCustomizer done
Event: 9.645 loading class org/gradle/api/internal/DefaultNamedDomainObjectSetCustomizer
Event: 9.645 loading class org/gradle/api/internal/DefaultNamedDomainObjectSetCustomizer done


Dynamic libraries:
0x00007ff7e6370000 - 0x00007ff7e637a000 	D:\projetos\Android Studio\jbr\bin\java.exe
0x00007ffdeb940000 - 0x00007ffdebb49000 	C:\WINDOWS\SYSTEM32\ntdll.dll
0x00007ffdea0e0000 - 0x00007ffdea19e000 	C:\WINDOWS\System32\KERNEL32.DLL
0x00007ffde90d0000 - 0x00007ffde9454000 	C:\WINDOWS\System32\KERNELBASE.dll
0x00007ffde95f0000 - 0x00007ffde9701000 	C:\WINDOWS\System32\ucrtbase.dll
0x00007ffde2160000 - 0x00007ffde2177000 	D:\projetos\Android Studio\jbr\bin\jli.dll
0x00007ffde2080000 - 0x00007ffde209b000 	D:\projetos\Android Studio\jbr\bin\VCRUNTIME140.dll
0x00007ffde9850000 - 0x00007ffde99fd000 	C:\WINDOWS\System32\USER32.dll
0x00007ffde95c0000 - 0x00007ffde95e6000 	C:\WINDOWS\System32\win32u.dll
0x00007ffdcc060000 - 0x00007ffdcc305000 	C:\WINDOWS\WinSxS\amd64_microsoft.windows.common-controls_6595b64144ccf1df_6.0.22000.120_none_9d947278b86cc467\COMCTL32.dll
0x00007ffde9a00000 - 0x00007ffde9aa3000 	C:\WINDOWS\System32\msvcrt.dll
0x00007ffdea200000 - 0x00007ffdea22a000 	C:\WINDOWS\System32\GDI32.dll
0x00007ffde8f40000 - 0x00007ffde905f000 	C:\WINDOWS\System32\gdi32full.dll
0x00007ffde9520000 - 0x00007ffde95bd000 	C:\WINDOWS\System32\msvcp_win.dll
0x00007ffdea5b0000 - 0x00007ffdea5e1000 	C:\WINDOWS\System32\IMM32.DLL
0x00007ffde2150000 - 0x00007ffde215c000 	D:\projetos\Android Studio\jbr\bin\vcruntime140_1.dll
0x00007ffdd2890000 - 0x00007ffdd291d000 	D:\projetos\Android Studio\jbr\bin\msvcp140.dll
0x00007ffd980a0000 - 0x00007ffd98c5c000 	D:\projetos\Android Studio\jbr\bin\server\jvm.dll
0x00007ffde9b90000 - 0x00007ffde9c3f000 	C:\WINDOWS\System32\ADVAPI32.dll
0x00007ffdeb5d0000 - 0x00007ffdeb66e000 	C:\WINDOWS\System32\sechost.dll
0x00007ffdeb4a0000 - 0x00007ffdeb5c1000 	C:\WINDOWS\System32\RPCRT4.dll
0x00007ffde97a0000 - 0x00007ffde97a8000 	C:\WINDOWS\System32\PSAPI.DLL
0x00007ffdcabe0000 - 0x00007ffdcabe9000 	C:\WINDOWS\SYSTEM32\WSOCK32.dll
0x00007ffddf9a0000 - 0x00007ffddf9d3000 	C:\WINDOWS\SYSTEM32\WINMM.dll
0x00007ffdddf00000 - 0x00007ffdddf0a000 	C:\WINDOWS\SYSTEM32\VERSION.dll
0x00007ffdeaa50000 - 0x00007ffdeaabf000 	C:\WINDOWS\System32\WS2_32.dll
0x00007ffde7f30000 - 0x00007ffde7f48000 	C:\WINDOWS\SYSTEM32\kernel.appcore.dll
0x00007ffdde800000 - 0x00007ffdde810000 	D:\projetos\Android Studio\jbr\bin\verify.dll
0x00007ffde3830000 - 0x00007ffde3a51000 	C:\WINDOWS\SYSTEM32\DBGHELP.DLL
0x00007ffdc8590000 - 0x00007ffdc85c1000 	C:\WINDOWS\SYSTEM32\dbgcore.DLL
0x00007ffde9710000 - 0x00007ffde978f000 	C:\WINDOWS\System32\bcryptPrimitives.dll
0x00007ffd99080000 - 0x00007ffd990a8000 	D:\projetos\Android Studio\jbr\bin\java.dll
0x00007ffda13c0000 - 0x00007ffda13ca000 	D:\projetos\Android Studio\jbr\bin\jimage.dll
0x00007ffd99060000 - 0x00007ffd99078000 	D:\projetos\Android Studio\jbr\bin\zip.dll
0x00007ffdeacd0000 - 0x00007ffdeb495000 	C:\WINDOWS\System32\SHELL32.dll
0x00007ffde6eb0000 - 0x00007ffde7712000 	C:\WINDOWS\SYSTEM32\windows.storage.dll
0x00007ffdea230000 - 0x00007ffdea5a6000 	C:\WINDOWS\System32\combase.dll
0x00007ffde6d40000 - 0x00007ffde6ea7000 	C:\WINDOWS\SYSTEM32\wintypes.dll
0x00007ffdea730000 - 0x00007ffdea81a000 	C:\WINDOWS\System32\SHCORE.dll
0x00007ffdea1a0000 - 0x00007ffdea1fd000 	C:\WINDOWS\System32\shlwapi.dll
0x00007ffde8d00000 - 0x00007ffde8d25000 	C:\WINDOWS\SYSTEM32\profapi.dll
0x00007ffdb25e0000 - 0x00007ffdb25f9000 	D:\projetos\Android Studio\jbr\bin\net.dll
0x00007ffde0420000 - 0x00007ffde0534000 	C:\WINDOWS\SYSTEM32\WINHTTP.dll
0x00007ffde83e0000 - 0x00007ffde8447000 	C:\WINDOWS\system32\mswsock.dll
0x00007ffd99040000 - 0x00007ffd99053000 	D:\projetos\Android Studio\jbr\bin\nio.dll
0x00007ffdad180000 - 0x00007ffdad1a7000 	C:\Users\jorge\.gradle\native\e1d6ef7f7dcc3fd88c89a11ec53ec762bb8ba0a96d01ffa2cd45eb1d1d8dd5c5\windows-amd64\native-platform.dll
0x00007ffdd2500000 - 0x00007ffdd2644000 	C:\Users\jorge\.gradle\native\0d407fdbe67a94daf76414ababcb853783967236a71b16ec16e742cd7a986fd3\windows-amd64\native-platform-file-events.dll
0x00007ffda13b0000 - 0x00007ffda13ba000 	D:\projetos\Android Studio\jbr\bin\management.dll
0x00007ffd99030000 - 0x00007ffd9903b000 	D:\projetos\Android Studio\jbr\bin\management_ext.dll
0x00007ffde8620000 - 0x00007ffde8638000 	C:\WINDOWS\SYSTEM32\CRYPTSP.dll
0x00007ffde7e90000 - 0x00007ffde7ec5000 	C:\WINDOWS\system32\rsaenh.dll
0x00007ffde84d0000 - 0x00007ffde84fc000 	C:\WINDOWS\SYSTEM32\USERENV.dll
0x00007ffde87a0000 - 0x00007ffde87c7000 	C:\WINDOWS\SYSTEM32\bcrypt.dll
0x00007ffde8640000 - 0x00007ffde864c000 	C:\WINDOWS\SYSTEM32\CRYPTBASE.dll
0x00007ffde79d0000 - 0x00007ffde79fd000 	C:\WINDOWS\SYSTEM32\IPHLPAPI.DLL
0x00007ffdea820000 - 0x00007ffdea829000 	C:\WINDOWS\System32\NSI.dll
0x00007ffddf920000 - 0x00007ffddf939000 	C:\WINDOWS\SYSTEM32\dhcpcsvc6.DLL
0x00007ffddfcd0000 - 0x00007ffddfcee000 	C:\WINDOWS\SYSTEM32\dhcpcsvc.DLL
0x00007ffde7a00000 - 0x00007ffde7ae7000 	C:\WINDOWS\SYSTEM32\DNSAPI.dll

dbghelp: loaded successfully - version: 4.0.5 - missing functions: none
symbol engine: initialized successfully - sym options: 0x614 - pdb path: .;D:\projetos\Android Studio\jbr\bin;C:\WINDOWS\SYSTEM32;C:\WINDOWS\WinSxS\amd64_microsoft.windows.common-controls_6595b64144ccf1df_6.0.22000.120_none_9d947278b86cc467;D:\projetos\Android Studio\jbr\bin\server;C:\Users\jorge\.gradle\native\e1d6ef7f7dcc3fd88c89a11ec53ec762bb8ba0a96d01ffa2cd45eb1d1d8dd5c5\windows-amd64;C:\Users\jorge\.gradle\native\0d407fdbe67a94daf76414ababcb853783967236a71b16ec16e742cd7a986fd3\windows-amd64

VM Arguments:
jvm_args: --add-opens=java.base/java.util=ALL-UNNAMED --add-opens=java.base/java.lang=ALL-UNNAMED --add-opens=java.base/java.lang.invoke=ALL-UNNAMED --add-opens=java.base/java.util=ALL-UNNAMED --add-opens=java.prefs/java.util.prefs=ALL-UNNAMED --add-opens=java.prefs/java.util.prefs=ALL-UNNAMED --add-opens=java.base/java.nio.charset=ALL-UNNAMED --add-opens=java.base/java.net=ALL-UNNAMED --add-opens=java.base/java.util.concurrent.atomic=ALL-UNNAMED -Xmx2048m -Dfile.encoding=UTF-8 -Duser.country=BR -Duser.language=pt -Duser.variant 
java_command: org.gradle.launcher.daemon.bootstrap.GradleDaemon 7.5
java_class_path (initial): C:\Users\jorge\.gradle\wrapper\dists\gradle-7.5-bin\f1w0cc9nuo0eivz97x2xlu9sv\gradle-7.5\lib\gradle-launcher-7.5.jar
Launcher Type: SUN_STANDARD

[Global flags]
     intx CICompilerCount                          = 4                                         {product} {ergonomic}
     uint ConcGCThreads                            = 2                                         {product} {ergonomic}
     uint G1ConcRefinementThreads                  = 8                                         {product} {ergonomic}
   size_t G1HeapRegionSize                         = 1048576                                   {product} {ergonomic}
    uintx GCDrainStackTargetSize                   = 64                                        {product} {ergonomic}
   size_t InitialHeapSize                          = 266338304                                 {product} {ergonomic}
   size_t MarkStackSize                            = 4194304                                   {product} {ergonomic}
   size_t MaxHeapSize                              = 2147483648                                {product} {command line}
   size_t MaxNewSize                               = 1287651328                                {product} {ergonomic}
   size_t MinHeapDeltaBytes                        = 1048576                                   {product} {ergonomic}
    uintx NonNMethodCodeHeapSize                   = 5836300                                {pd product} {ergonomic}
    uintx NonProfiledCodeHeapSize                  = 122910970                              {pd product} {ergonomic}
    uintx ProfiledCodeHeapSize                     = 122910970                              {pd product} {ergonomic}
    uintx ReservedCodeCacheSize                    = 251658240                              {pd product} {ergonomic}
     bool SegmentedCodeCache                       = true                                      {product} {ergonomic}
     bool UseCompressedClassPointers               = true                                 {lp64_product} {ergonomic}
     bool UseCompressedOops                        = true                                 {lp64_product} {ergonomic}
     bool UseG1GC                                  = true                                      {product} {ergonomic}
     bool UseLargePagesIndividualAllocation        = false                                  {pd product} {ergonomic}

Logging:
Log output configuration:
 #0: stdout all=warning uptime,level,tags
 #1: stderr all=off uptime,level,tags

Environment Variables:
PATH=C:\Program Files\Common Files\Oracle\Java\javapath;C:\Program Files (x86)\Common Files\Oracle\Java\javapath;C:\Program Files\Java\jdk-15.0.2\bin;C:\Program Files (x86)\Intel\Intel(R) Management Engine Components\iCLS\;C:\Program Files\Intel\Intel(R) Management Engine Components\iCLS\;C:\Windows\system32;C:\Windows;C:\Windows\System32\Wbem;C:\Windows\System32\WindowsPowerShell\v1.0\;C:\Windows\System32\OpenSSH\;C:\Program Files (x86)\Intel\Intel(R) Management Engine Components\DAL;C:\Program Files\Intel\Intel(R) Management Engine Components\DAL;C:\Program Files\Intel\WiFi\bin\;C:\Program Files\Common Files\Intel\WirelessCommon\;C:\Program Files (x86)\NVIDIA Corporation\PhysX\Common;C:\WINDOWS\system32;C:\WINDOWS;C:\WINDOWS\System32\Wbem;C:\WINDOWS\System32\WindowsPowerShell\v1.0\;C:\WINDOWS\System32\OpenSSH\;C:\Program Files\dotnet\;C:\Program Files\Microsoft SQL Server\130\Tools\Binn\;D:\projetos\Git\Git\cmd;D:\projetos\MongoDB\Server\4.4\bin;C:\Program Files (x86)\dotnet\;D:\projetos\MinGw\bin;C:\Program Files\MySQL\MySQL Server 8.0\bin;D:\projetos\Python\Python310;D:\projetos\Python\Python310\Scripts;D:\projetos\Python39;D:\projetos\Python39\Scripts;C:\Program Files\Java\jdk-15.0.2;D:\projetos\PuTTY\;D:\projetos\Python\Python310\Scripts\;D:\projetos\Python\Python310\;C:\Program Files\MySQL\MySQL Shell 8.0\bin\;C:\Users\jorge\AppData\Local\Microsoft\WindowsApps;C:\Users\jorge\.dotnet\tools;D:\projetos\Heroku\bin;C:\Users\jorge\AppData\Local\atom\bin;D:\projetos\Microsoft VS Code\bin;D:\projetos\PHP;;C:\Users\jorge\AppData\Local\Microsoft\WindowsApps;D:\projetos\JetBrains\IntelliJ IDEA 2023.2.2\bin;;D:\projetos\JetBrains\WebStorm 2023.2.2\bin;;D:\projetos\JetBrains\IntelliJ IDEA Community Edition 2023.2.2\bin;
USERNAME=jorge
OS=Windows_NT
PROCESSOR_IDENTIFIER=Intel64 Family 6 Model 142 Stepping 11, GenuineIntel



---------------  S Y S T E M  ---------------

OS: Windows 11 , 64 bit Build 22000 (10.0.22000.2124)
OS uptime: 0 days 4:41 hours

CPU:total 8 (initial active 8) (4 cores per cpu, 2 threads per core) family 6 model 142 stepping 11 microcode 0xde, cmov, cx8, fxsr, mmx, sse, sse2, sse3, ssse3, sse4.1, sse4.2, popcnt, avx, avx2, aes, clmul, erms, 3dnowpref, lzcnt, ht, tsc, tscinvbit, bmi1, bmi2, adx, fma

Memory: 4k page, system-wide physical 16192M (989M free)
TotalPageFile size 22026M (AvailPageFile size 6M)
current process WorkingSet (physical memory assigned to process): 430M, peak: 430M
current process commit charge ("private bytes"): 514M, peak: 516M

vm_info: OpenJDK 64-Bit Server VM (11.0.15+0-b2043.56-9505619) for windows-amd64 JRE (11.0.15+0-b2043.56-9505619), built on Jan 19 2023 02:48:00 by "builduser" with unknown MS VC++:1929

END.
