#
# There is insufficient memory for the Java Runtime Environment to continue.
# Native memory allocation (mmap) failed to map 70254592 bytes for Failed to commit area from 0x000000070fe00000 to 0x0000000714100000 of length 70254592.
# Possible reasons:
#   The system is out of physical RAM or swap space
#   The process is running with CompressedOops enabled, and the Java Heap may be blocking the growth of the native heap
# Possible solutions:
#   Reduce memory load on the system
#   Increase physical memory or swap space
#   Check if swap backing store is full
#   Decrease Java heap size (-Xmx/-Xms)
#   Decrease number of Java threads
#   Decrease Java thread stack sizes (-Xss)
#   Set larger code cache with -XX:ReservedCodeCacheSize=
#   JVM is running with Zero Based Compressed Oops mode in which the Java heap is
#     placed in the first 32GB address space. The Java Heap base address is the
#     maximum limit for the native heap growth. Please use -XX:HeapBaseMinAddress
#     to set the Java Heap base and to place the Java Heap above 32GB virtual address.
# This output file may be truncated or incomplete.
#
#  Out of Memory Error (src/hotspot/os/windows/os_windows.cpp:3627), pid=18044, tid=18764
#
# JRE version: OpenJDK Runtime Environment (11.0.15) (build 11.0.15+0-b2043.56-9505619)
# Java VM: OpenJDK 64-Bit Server VM (11.0.15+0-b2043.56-9505619, mixed mode, tiered, compressed oops, g1 gc, windows-amd64)
# No core dump will be written. Minidumps are not enabled by default on client versions of Windows
#

---------------  S U M M A R Y ------------

Command Line: --add-opens=java.base/java.util=ALL-UNNAMED --add-opens=java.base/java.lang=ALL-UNNAMED --add-opens=java.base/java.lang.invoke=ALL-UNNAMED --add-opens=java.base/java.util=ALL-UNNAMED --add-opens=java.prefs/java.util.prefs=ALL-UNNAMED --add-opens=java.prefs/java.util.prefs=ALL-UNNAMED --add-opens=java.base/java.nio.charset=ALL-UNNAMED --add-opens=java.base/java.net=ALL-UNNAMED --add-opens=java.base/java.util.concurrent.atomic=ALL-UNNAMED -Xmx4096m -Dfile.encoding=windows-1252 -Duser.country=BR -Duser.language=pt -Duser.variant org.gradle.launcher.daemon.bootstrap.GradleDaemon 7.5

Host: Intel(R) Core(TM) i7-8565U CPU @ 1.80GHz, 8 cores, 15G,  Windows 11 , 64 bit Build 22000 (10.0.22000.2124)
Time: Mon Oct  2 11:35:22 2023 Hora oficial do Brasil elapsed time: 11.781246 seconds (0d 0h 0m 11s)

---------------  T H R E A D  ---------------

Current thread (0x000001d24776f800):  VMThread "VM Thread" [stack: 0x000000834ce00000,0x000000834cf00000] [id=18764]

Stack: [0x000000834ce00000,0x000000834cf00000]
[error occurred during error reporting (printing stack bounds), id 0xc0000005, EXCEPTION_ACCESS_VIOLATION (0xc0000005) at pc=0x000001d22c0d112d]

Native frames: (J=compiled Java code, j=interpreted, Vv=VM code, C=native code)
V  [jvm.dll+0x64135a]
V  [jvm.dll+0x7d39f9]
V  [jvm.dll+0x7d51b9]
V  [jvm.dll+0x7d5805]
V  [jvm.dll+0x7d57bb]
V  [jvm.dll+0x640655]
V  [jvm.dll+0x640d68]
C  [ntdll.dll+0xa8c1f]
C  [ntdll.dll+0x35bea]
C  [ntdll.dll+0xa7c0e]
C  0x000001d22c0d112d

VM_Operation (0x000000834e4f4fc0): CollectForMetadataAllocation, mode: safepoint, requested by thread 0x000001d24a0fc800


---------------  P R O C E S S  ---------------

Threads class SMR info:
_java_thread_list=0x000001d24b9e2800, length=124, elements={
0x000001d2285a5000, 0x000001d247783000, 0x000001d247778800, 0x000001d248077000,
0x000001d248078000, 0x000001d24807b000, 0x000001d248084000, 0x000001d248088800,
0x000001d24808c000, 0x000001d2481e3800, 0x000001d249f88000, 0x000001d248359000,
0x000001d2485ca800, 0x000001d24a4f5800, 0x000001d249f27000, 0x000001d24a41b000,
0x000001d24a0fc800, 0x000001d2498a0000, 0x000001d24a1e9000, 0x000001d24b2df000,
0x000001d24b24c000, 0x000001d24b24b000, 0x000001d24b24d800, 0x000001d2494b2800,
0x000001d24b24c800, 0x000001d24b250800, 0x000001d24b24f000, 0x000001d24b250000,
0x000001d24b251800, 0x000001d24b24e000, 0x000001d24d99a800, 0x000001d24d99c000,
0x000001d24d999000, 0x000001d24d996800, 0x000001d24d99d000, 0x000001d24d998000,
0x000001d24d99a000, 0x000001d24d997800, 0x000001d24d9a2000, 0x000001d24d99f800,
0x000001d24d9a0800, 0x000001d24d9a1000, 0x000001d24d9a3000, 0x000001d24d9a3800,
0x000001d24d99e000, 0x000001d24d9a4800, 0x000001d24d99e800, 0x000001d24d9a5000,
0x000001d24d270800, 0x000001d24d26f800, 0x000001d24d26e800, 0x000001d24d271000,
0x000001d24d272000, 0x000001d24d26e000, 0x000001d24d277000, 0x000001d24d276000,
0x000001d24d275000, 0x000001d24d277800, 0x000001d24d278800, 0x000001d24d272800,
0x000001d24d273800, 0x000001d24d279800, 0x000001d24d27a000, 0x000001d24d274800,
0x000001d24d27b000, 0x000001d24d27b800, 0x000001d24d27c800, 0x000001d24b7e6000,
0x000001d24b7e7000, 0x000001d24b7e7800, 0x000001d24b7e3800, 0x000001d24b7e5000,
0x000001d24b7e8800, 0x000001d24b7e9800, 0x000001d24b7ea000, 0x000001d24b7e4800,
0x000001d24b7ee000, 0x000001d24b7ec800, 0x000001d24b7ef000, 0x000001d24b7ed800,
0x000001d24b7f0000, 0x000001d24b7f0800, 0x000001d24b7eb000, 0x000001d24b7f1800,
0x000001d24b7eb800, 0x000001d24b7f2800, 0x000001d24d24b000, 0x000001d24d24d000,
0x000001d24d24c800, 0x000001d24d24b800, 0x000001d24d24e000, 0x000001d24d24f000,
0x000001d24d249000, 0x000001d24d24a000, 0x000001d24d252000, 0x000001d24d253800,
0x000001d24d251800, 0x000001d24d253000, 0x000001d24d254800, 0x000001d24d250800,
0x000001d24d255800, 0x000001d24d24f800, 0x000001d24d256000, 0x000001d24d258000,
0x000001d24d257000, 0x000001d24bc16000, 0x000001d24bc17000, 0x000001d24bc1d800,
0x000001d24bc1b000, 0x000001d24bc1c000, 0x000001d24bc1a800, 0x000001d24bc18000,
0x000001d24bc1c800, 0x000001d24bc1e800, 0x000001d24bc18800, 0x000001d24bc1f000,
0x000001d24bc19800, 0x000001d24bc22800, 0x000001d24bc20000, 0x000001d24bc21000,
0x000001d24bc24000, 0x000001d24bc25000, 0x000001d24b483800, 0x000001d24bc21800
}

Java Threads: ( => current thread )
  0x000001d2285a5000 JavaThread "main" [_thread_blocked, id=18704, stack(0x000000834c800000,0x000000834c900000)]
  0x000001d247783000 JavaThread "Reference Handler" daemon [_thread_blocked, id=16660, stack(0x000000834cf00000,0x000000834d000000)]
  0x000001d247778800 JavaThread "Finalizer" daemon [_thread_blocked, id=7048, stack(0x000000834d000000,0x000000834d100000)]
  0x000001d248077000 JavaThread "Signal Dispatcher" daemon [_thread_blocked, id=12528, stack(0x000000834d100000,0x000000834d200000)]
  0x000001d248078000 JavaThread "Attach Listener" daemon [_thread_blocked, id=3212, stack(0x000000834d200000,0x000000834d300000)]
  0x000001d24807b000 JavaThread "Service Thread" daemon [_thread_blocked, id=484, stack(0x000000834d300000,0x000000834d400000)]
  0x000001d248084000 JavaThread "C2 CompilerThread0" daemon [_thread_in_native, id=19444, stack(0x000000834d400000,0x000000834d500000)]
  0x000001d248088800 JavaThread "C1 CompilerThread0" daemon [_thread_blocked, id=11808, stack(0x000000834d500000,0x000000834d600000)]
  0x000001d24808c000 JavaThread "Sweeper thread" daemon [_thread_blocked, id=6004, stack(0x000000834d600000,0x000000834d700000)]
  0x000001d2481e3800 JavaThread "Common-Cleaner" daemon [_thread_blocked, id=18012, stack(0x000000834d700000,0x000000834d800000)]
  0x000001d249f88000 JavaThread "Daemon health stats" [_thread_blocked, id=18992, stack(0x000000834e000000,0x000000834e100000)]
  0x000001d248359000 JavaThread "Incoming local TCP Connector on port 64164" [_thread_in_native, id=2420, stack(0x000000834d900000,0x000000834da00000)]
  0x000001d2485ca800 JavaThread "Daemon periodic checks" [_thread_blocked, id=12096, stack(0x000000834da00000,0x000000834db00000)]
  0x000001d24a4f5800 JavaThread "Daemon" [_thread_blocked, id=14384, stack(0x000000834e100000,0x000000834e200000)]
  0x000001d249f27000 JavaThread "Handler for socket connection from /127.0.0.1:64164 to /127.0.0.1:64165" [_thread_in_native, id=16400, stack(0x000000834e200000,0x000000834e300000)]
  0x000001d24a41b000 JavaThread "Cancel handler" [_thread_blocked, id=12480, stack(0x000000834e300000,0x000000834e400000)]
  0x000001d24a0fc800 JavaThread "Daemon worker" [_thread_blocked, id=7192, stack(0x000000834e400000,0x000000834e500000)]
  0x000001d2498a0000 JavaThread "Asynchronous log dispatcher for DefaultDaemonConnection: socket connection from /127.0.0.1:64164 to /127.0.0.1:64165" [_thread_blocked, id=14020, stack(0x000000834e500000,0x000000834e600000)]
  0x000001d24a1e9000 JavaThread "Stdin handler" [_thread_blocked, id=18504, stack(0x000000834e600000,0x000000834e700000)]
  0x000001d24b2df000 JavaThread "Daemon client event forwarder" [_thread_blocked, id=12692, stack(0x000000834e700000,0x000000834e800000)]
  0x000001d24b24c000 JavaThread "Cache worker for journal cache (C:\Users\jorge\.gradle\caches\journal-1)" [_thread_blocked, id=15320, stack(0x000000834e800000,0x000000834e900000)]
  0x000001d24b24b000 JavaThread "File lock request listener" [_thread_in_native, id=2836, stack(0x000000834eb00000,0x000000834ec00000)]
  0x000001d24b24d800 JavaThread "Cache worker for file hash cache (C:\Users\jorge\.gradle\caches\7.5\fileHashes)" [_thread_blocked, id=12384, stack(0x000000834ed00000,0x000000834ee00000)]
  0x000001d2494b2800 JavaThread "C2 CompilerThread1" daemon [_thread_in_native, id=15288, stack(0x000000834ee00000,0x000000834ef00000)]
  0x000001d24b24c800 JavaThread "File watcher server" daemon [_thread_in_native, id=12104, stack(0x000000834f000000,0x000000834f100000)]
  0x000001d24b250800 JavaThread "File watcher consumer" daemon [_thread_blocked, id=19376, stack(0x000000834f100000,0x000000834f200000)]
  0x000001d24b24f000 JavaThread "Cache worker for checksums cache (D:\projetos\AndroidStudioProjects\Rotine\.gradle\7.5\checksums)" [_thread_blocked, id=7680, stack(0x000000834f200000,0x000000834f300000)]
  0x000001d24b250000 JavaThread "Cache worker for cache directory md-rule (C:\Users\jorge\.gradle\caches\7.5\md-rule)" [_thread_blocked, id=19112, stack(0x000000834f300000,0x000000834f400000)]
  0x000001d24b251800 JavaThread "Cache worker for file content cache (C:\Users\jorge\.gradle\caches\7.5\fileContent)" [_thread_blocked, id=7380, stack(0x000000834f400000,0x000000834f500000)]
  0x000001d24b24e000 JavaThread "Cache worker for file hash cache (D:\projetos\AndroidStudioProjects\Rotine\.gradle\7.5\fileHashes)" [_thread_blocked, id=15212, stack(0x000000834f500000,0x000000834f600000)]
  0x000001d24d99a800 JavaThread "Cache worker for cache directory md-supplier (C:\Users\jorge\.gradle\caches\7.5\md-supplier)" [_thread_blocked, id=7648, stack(0x000000834f600000,0x000000834f700000)]
  0x000001d24d99c000 JavaThread "Cache worker for execution history cache (C:\Users\jorge\.gradle\caches\7.5\executionHistory)" [_thread_blocked, id=16468, stack(0x000000834ef00000,0x000000834f000000)]
  0x000001d24d999000 JavaThread "jar transforms" [_thread_blocked, id=12396, stack(0x000000834f700000,0x000000834f800000)]
  0x000001d24d996800 JavaThread "jar transforms Thread 2" [_thread_blocked, id=7140, stack(0x000000834f800000,0x000000834f900000)]
  0x000001d24d99d000 JavaThread "jar transforms Thread 3" [_thread_blocked, id=5244, stack(0x000000834fa00000,0x000000834fb00000)]
  0x000001d24d998000 JavaThread "jar transforms Thread 4" [_thread_blocked, id=18512, stack(0x000000834fb00000,0x000000834fc00000)]
  0x000001d24d99a000 JavaThread "Cache worker for dependencies-accessors (D:\projetos\AndroidStudioProjects\Rotine\.gradle\7.5\dependencies-accessors)" [_thread_blocked, id=11000, stack(0x000000834fc00000,0x000000834fd00000)]
  0x000001d24d997800 JavaThread "jar transforms Thread 5" [_thread_blocked, id=11236, stack(0x000000834fd00000,0x000000834fe00000)]
  0x000001d24d9a2000 JavaThread "Cache worker for Build Output Cleanup Cache (D:\projetos\AndroidStudioProjects\Rotine\.gradle\buildOutputCleanup)" [_thread_blocked, id=13436, stack(0x000000834f900000,0x000000834fa00000)]
  0x000001d24d99f800 JavaThread "Unconstrained build operations" [_thread_blocked, id=14124, stack(0x000000834ff00000,0x0000008350000000)]
  0x000001d24d9a0800 JavaThread "Unconstrained build operations Thread 2" [_thread_blocked, id=1440, stack(0x0000008350000000,0x0000008350100000)]
  0x000001d24d9a1000 JavaThread "Unconstrained build operations Thread 3" [_thread_blocked, id=13156, stack(0x0000008350100000,0x0000008350200000)]
  0x000001d24d9a3000 JavaThread "Unconstrained build operations Thread 4" [_thread_blocked, id=14360, stack(0x0000008350200000,0x0000008350300000)]
  0x000001d24d9a3800 JavaThread "Unconstrained build operations Thread 5" [_thread_blocked, id=18408, stack(0x0000008350300000,0x0000008350400000)]
  0x000001d24d99e000 JavaThread "Unconstrained build operations Thread 6" [_thread_blocked, id=15712, stack(0x0000008350400000,0x0000008350500000)]
  0x000001d24d9a4800 JavaThread "Unconstrained build operations Thread 7" [_thread_blocked, id=7172, stack(0x0000008350500000,0x0000008350600000)]
  0x000001d24d99e800 JavaThread "Unconstrained build operations Thread 8" [_thread_blocked, id=12572, stack(0x0000008350600000,0x0000008350700000)]
  0x000001d24d9a5000 JavaThread "Unconstrained build operations Thread 9" [_thread_blocked, id=5256, stack(0x0000008350700000,0x0000008350800000)]
  0x000001d24d270800 JavaThread "Unconstrained build operations Thread 10" [_thread_blocked, id=16676, stack(0x000000834fe00000,0x000000834ff00000)]
  0x000001d24d26f800 JavaThread "Unconstrained build operations Thread 11" [_thread_blocked, id=7516, stack(0x0000008350800000,0x0000008350900000)]
  0x000001d24d26e800 JavaThread "Unconstrained build operations Thread 12" [_thread_blocked, id=6336, stack(0x0000008350900000,0x0000008350a00000)]
  0x000001d24d271000 JavaThread "Unconstrained build operations Thread 13" [_thread_blocked, id=16944, stack(0x0000008350a00000,0x0000008350b00000)]
  0x000001d24d272000 JavaThread "Unconstrained build operations Thread 14" [_thread_blocked, id=8804, stack(0x0000008350b00000,0x0000008350c00000)]
  0x000001d24d26e000 JavaThread "Unconstrained build operations Thread 15" [_thread_blocked, id=12556, stack(0x0000008350c00000,0x0000008350d00000)]
  0x000001d24d277000 JavaThread "Unconstrained build operations Thread 16" [_thread_blocked, id=5404, stack(0x0000008350d00000,0x0000008350e00000)]
  0x000001d24d276000 JavaThread "Unconstrained build operations Thread 17" [_thread_blocked, id=16452, stack(0x0000008350e00000,0x0000008350f00000)]
  0x000001d24d275000 JavaThread "Unconstrained build operations Thread 18" [_thread_blocked, id=19328, stack(0x0000008350f00000,0x0000008351000000)]
  0x000001d24d277800 JavaThread "Unconstrained build operations Thread 19" [_thread_blocked, id=11336, stack(0x0000008351000000,0x0000008351100000)]
  0x000001d24d278800 JavaThread "Unconstrained build operations Thread 20" [_thread_blocked, id=19132, stack(0x0000008351100000,0x0000008351200000)]
  0x000001d24d272800 JavaThread "Unconstrained build operations Thread 21" [_thread_blocked, id=7240, stack(0x0000008351200000,0x0000008351300000)]
  0x000001d24d273800 JavaThread "Unconstrained build operations Thread 22" [_thread_blocked, id=17884, stack(0x0000008351300000,0x0000008351400000)]
  0x000001d24d279800 JavaThread "Unconstrained build operations Thread 23" [_thread_blocked, id=16556, stack(0x0000008351400000,0x0000008351500000)]
  0x000001d24d27a000 JavaThread "Unconstrained build operations Thread 24" [_thread_blocked, id=11476, stack(0x0000008351500000,0x0000008351600000)]
  0x000001d24d274800 JavaThread "Unconstrained build operations Thread 25" [_thread_blocked, id=12600, stack(0x0000008351600000,0x0000008351700000)]
  0x000001d24d27b000 JavaThread "Unconstrained build operations Thread 26" [_thread_blocked, id=17968, stack(0x0000008351700000,0x0000008351800000)]
  0x000001d24d27b800 JavaThread "Unconstrained build operations Thread 27" [_thread_blocked, id=7436, stack(0x0000008351800000,0x0000008351900000)]
  0x000001d24d27c800 JavaThread "Unconstrained build operations Thread 28" [_thread_blocked, id=15400, stack(0x0000008351900000,0x0000008351a00000)]
  0x000001d24b7e6000 JavaThread "Unconstrained build operations Thread 29" [_thread_blocked, id=11440, stack(0x0000008351a00000,0x0000008351b00000)]
  0x000001d24b7e7000 JavaThread "Unconstrained build operations Thread 30" [_thread_blocked, id=15528, stack(0x0000008351b00000,0x0000008351c00000)]
  0x000001d24b7e7800 JavaThread "Unconstrained build operations Thread 31" [_thread_blocked, id=2932, stack(0x0000008351c00000,0x0000008351d00000)]
  0x000001d24b7e3800 JavaThread "Unconstrained build operations Thread 32" [_thread_blocked, id=15972, stack(0x0000008351d00000,0x0000008351e00000)]
  0x000001d24b7e5000 JavaThread "Unconstrained build operations Thread 33" [_thread_blocked, id=15996, stack(0x0000008351e00000,0x0000008351f00000)]
  0x000001d24b7e8800 JavaThread "Unconstrained build operations Thread 34" [_thread_blocked, id=16680, stack(0x0000008351f00000,0x0000008352000000)]
  0x000001d24b7e9800 JavaThread "Unconstrained build operations Thread 35" [_thread_blocked, id=5648, stack(0x0000008352000000,0x0000008352100000)]
  0x000001d24b7ea000 JavaThread "Unconstrained build operations Thread 36" [_thread_blocked, id=1488, stack(0x0000008352100000,0x0000008352200000)]
  0x000001d24b7e4800 JavaThread "Unconstrained build operations Thread 37" [_thread_blocked, id=12112, stack(0x0000008352200000,0x0000008352300000)]
  0x000001d24b7ee000 JavaThread "Unconstrained build operations Thread 38" [_thread_blocked, id=12216, stack(0x0000008352300000,0x0000008352400000)]
  0x000001d24b7ec800 JavaThread "Unconstrained build operations Thread 39" [_thread_blocked, id=15392, stack(0x0000008352400000,0x0000008352500000)]
  0x000001d24b7ef000 JavaThread "Unconstrained build operations Thread 40" [_thread_blocked, id=19192, stack(0x0000008352500000,0x0000008352600000)]
  0x000001d24b7ed800 JavaThread "Unconstrained build operations Thread 41" [_thread_blocked, id=13684, stack(0x0000008352600000,0x0000008352700000)]
  0x000001d24b7f0000 JavaThread "Unconstrained build operations Thread 42" [_thread_blocked, id=11080, stack(0x0000008352700000,0x0000008352800000)]
  0x000001d24b7f0800 JavaThread "Unconstrained build operations Thread 43" [_thread_blocked, id=16440, stack(0x0000008352800000,0x0000008352900000)]
  0x000001d24b7eb000 JavaThread "Unconstrained build operations Thread 44" [_thread_blocked, id=13932, stack(0x0000008352900000,0x0000008352a00000)]
  0x000001d24b7f1800 JavaThread "Unconstrained build operations Thread 45" [_thread_blocked, id=11228, stack(0x0000008352a00000,0x0000008352b00000)]
  0x000001d24b7eb800 JavaThread "Unconstrained build operations Thread 46" [_thread_blocked, id=2624, stack(0x0000008352b00000,0x0000008352c00000)]
  0x000001d24b7f2800 JavaThread "Unconstrained build operations Thread 47" [_thread_blocked, id=164, stack(0x0000008352c00000,0x0000008352d00000)]
  0x000001d24d24b000 JavaThread "Unconstrained build operations Thread 48" [_thread_blocked, id=2408, stack(0x0000008352d00000,0x0000008352e00000)]
  0x000001d24d24d000 JavaThread "Unconstrained build operations Thread 49" [_thread_blocked, id=18484, stack(0x0000008352e00000,0x0000008352f00000)]
  0x000001d24d24c800 JavaThread "Unconstrained build operations Thread 50" [_thread_blocked, id=18368, stack(0x0000008352f00000,0x0000008353000000)]
  0x000001d24d24b800 JavaThread "Unconstrained build operations Thread 51" [_thread_blocked, id=7928, stack(0x0000008353000000,0x0000008353100000)]
  0x000001d24d24e000 JavaThread "Unconstrained build operations Thread 52" [_thread_blocked, id=18464, stack(0x0000008353100000,0x0000008353200000)]
  0x000001d24d24f000 JavaThread "Unconstrained build operations Thread 53" [_thread_blocked, id=19436, stack(0x0000008353200000,0x0000008353300000)]
  0x000001d24d249000 JavaThread "Unconstrained build operations Thread 54" [_thread_blocked, id=12628, stack(0x0000008353300000,0x0000008353400000)]
  0x000001d24d24a000 JavaThread "Unconstrained build operations Thread 55" [_thread_blocked, id=13604, stack(0x0000008353400000,0x0000008353500000)]
  0x000001d24d252000 JavaThread "Unconstrained build operations Thread 56" [_thread_blocked, id=15008, stack(0x0000008353500000,0x0000008353600000)]
  0x000001d24d253800 JavaThread "Unconstrained build operations Thread 57" [_thread_blocked, id=16576, stack(0x0000008353600000,0x0000008353700000)]
  0x000001d24d251800 JavaThread "Unconstrained build operations Thread 58" [_thread_blocked, id=17236, stack(0x0000008353700000,0x0000008353800000)]
  0x000001d24d253000 JavaThread "Unconstrained build operations Thread 59" [_thread_blocked, id=11612, stack(0x0000008353800000,0x0000008353900000)]
  0x000001d24d254800 JavaThread "Unconstrained build operations Thread 60" [_thread_blocked, id=9176, stack(0x0000008353900000,0x0000008353a00000)]
  0x000001d24d250800 JavaThread "Unconstrained build operations Thread 61" [_thread_blocked, id=17604, stack(0x0000008353a00000,0x0000008353b00000)]
  0x000001d24d255800 JavaThread "Unconstrained build operations Thread 62" [_thread_blocked, id=15960, stack(0x0000008353b00000,0x0000008353c00000)]
  0x000001d24d24f800 JavaThread "Unconstrained build operations Thread 63" [_thread_blocked, id=8592, stack(0x0000008353c00000,0x0000008353d00000)]
  0x000001d24d256000 JavaThread "Unconstrained build operations Thread 64" [_thread_blocked, id=15332, stack(0x0000008353d00000,0x0000008353e00000)]
  0x000001d24d258000 JavaThread "Unconstrained build operations Thread 65" [_thread_blocked, id=15656, stack(0x0000008353e00000,0x0000008353f00000)]
  0x000001d24d257000 JavaThread "Unconstrained build operations Thread 66" [_thread_blocked, id=18520, stack(0x0000008353f00000,0x0000008354000000)]
  0x000001d24bc16000 JavaThread "Unconstrained build operations Thread 67" [_thread_blocked, id=18868, stack(0x0000008354000000,0x0000008354100000)]
  0x000001d24bc17000 JavaThread "Unconstrained build operations Thread 68" [_thread_blocked, id=11288, stack(0x0000008354100000,0x0000008354200000)]
  0x000001d24bc1d800 JavaThread "Unconstrained build operations Thread 69" [_thread_blocked, id=13396, stack(0x0000008354200000,0x0000008354300000)]
  0x000001d24bc1b000 JavaThread "Unconstrained build operations Thread 70" [_thread_blocked, id=9740, stack(0x0000008354300000,0x0000008354400000)]
  0x000001d24bc1c000 JavaThread "Unconstrained build operations Thread 71" [_thread_blocked, id=16808, stack(0x0000008354400000,0x0000008354500000)]
  0x000001d24bc1a800 JavaThread "Unconstrained build operations Thread 72" [_thread_blocked, id=13152, stack(0x0000008354500000,0x0000008354600000)]
  0x000001d24bc18000 JavaThread "Unconstrained build operations Thread 73" [_thread_blocked, id=17356, stack(0x0000008354600000,0x0000008354700000)]
  0x000001d24bc1c800 JavaThread "Unconstrained build operations Thread 74" [_thread_blocked, id=6484, stack(0x0000008354700000,0x0000008354800000)]
  0x000001d24bc1e800 JavaThread "Unconstrained build operations Thread 75" [_thread_blocked, id=5624, stack(0x0000008354800000,0x0000008354900000)]
  0x000001d24bc18800 JavaThread "Unconstrained build operations Thread 76" [_thread_blocked, id=19404, stack(0x0000008354900000,0x0000008354a00000)]
  0x000001d24bc1f000 JavaThread "Unconstrained build operations Thread 77" [_thread_blocked, id=13608, stack(0x0000008354a00000,0x0000008354b00000)]
  0x000001d24bc19800 JavaThread "Unconstrained build operations Thread 78" [_thread_blocked, id=13008, stack(0x0000008354b00000,0x0000008354c00000)]
  0x000001d24bc22800 JavaThread "Unconstrained build operations Thread 79" [_thread_blocked, id=17344, stack(0x0000008354c00000,0x0000008354d00000)]
  0x000001d24bc20000 JavaThread "Unconstrained build operations Thread 80" [_thread_blocked, id=17700, stack(0x0000008354d00000,0x0000008354e00000)]
  0x000001d24bc21000 JavaThread "jar transforms Thread 6" [_thread_blocked, id=18004, stack(0x0000008354e00000,0x0000008354f00000)]
  0x000001d24bc24000 JavaThread "jar transforms Thread 7" [_thread_blocked, id=2972, stack(0x0000008354f00000,0x0000008355000000)]
  0x000001d24bc25000 JavaThread "jar transforms Thread 8" [_thread_blocked, id=7760, stack(0x0000008355000000,0x0000008355100000)]
  0x000001d24b483800 JavaThread "C2 CompilerThread2" daemon [_thread_blocked, id=18040, stack(0x0000008355100000,0x0000008355200000)]
  0x000001d24bc21800 JavaThread "build event listener" [_thread_blocked, id=12968, stack(0x0000008355200000,0x0000008355300000)]

Other Threads:
=>0x000001d24776f800 VMThread "VM Thread" [stack: 0x000000834ce00000,0x000000834cf00000] [id=18764]
  0x000001d248231000 WatcherThread [stack: 0x000000834d800000,0x000000834d900000] [id=14516]
  0x000001d2285bf800 GCTaskThread "GC Thread#0" [stack: 0x000000834c900000,0x000000834ca00000] [id=1260]
  0x000001d2496f9000 GCTaskThread "GC Thread#1" [stack: 0x000000834db00000,0x000000834dc00000] [id=15216]
  0x000001d249b5c000 GCTaskThread "GC Thread#2" [stack: 0x000000834dc00000,0x000000834dd00000] [id=9184]
  0x000001d248cae800 GCTaskThread "GC Thread#3" [stack: 0x000000834dd00000,0x000000834de00000] [id=19188]
  0x000001d24979f000 GCTaskThread "GC Thread#4" [stack: 0x000000834de00000,0x000000834df00000] [id=11420]
  0x000001d249658000 GCTaskThread "GC Thread#5" [stack: 0x000000834df00000,0x000000834e000000] [id=15188]
  0x000001d24881b800 GCTaskThread "GC Thread#6" [stack: 0x000000834e900000,0x000000834ea00000] [id=18784]
  0x000001d249865800 GCTaskThread "GC Thread#7" [stack: 0x000000834ea00000,0x000000834eb00000] [id=8200]
  0x000001d22861f800 ConcurrentGCThread "G1 Main Marker" [stack: 0x000000834ca00000,0x000000834cb00000] [id=9212]
  0x000001d228621800 ConcurrentGCThread "G1 Conc#0" [stack: 0x000000834cb00000,0x000000834cc00000] [id=8408]
  0x000001d24a87c800 ConcurrentGCThread "G1 Conc#1" [stack: 0x000000834ec00000,0x000000834ed00000] [id=13948]
  0x000001d247650000 ConcurrentGCThread "G1 Refine#0" [stack: 0x000000834cc00000,0x000000834cd00000] [id=12052]
  0x000001d247653000 ConcurrentGCThread "G1 Young RemSet Sampling" [stack: 0x000000834cd00000,0x000000834ce00000] [id=3140]

Threads with active compile tasks:
C2 CompilerThread0    11859 5873       4       org.objectweb.asm.Frame::execute (2318 bytes)
C2 CompilerThread1    11859 5846       4       jdk.internal.org.objectweb.asm.Frame::execute (2264 bytes)

VM state:at safepoint (normal execution)

VM Mutex/Monitor currently owned by a thread:  ([mutex/lock_event])
[0x000001d2285a18b0] Threads_lock - owner thread: 0x000001d24776f800
[0x000001d2285a0bc0] Heap_lock - owner thread: 0x000001d24a0fc800

Heap address: 0x0000000700000000, size: 4096 MB, Compressed Oops mode: Zero based, Oop shift amount: 3
Narrow klass base: 0x0000000800000000, Narrow klass shift: 0
Compressed class space size: 1073741824 Address: 0x0000000800000000

Heap:
 garbage-first heap   total 328704K, used 43863K [0x0000000700000000, 0x0000000800000000)
  region size 1024K, 12 young (12288K), 12 survivors (12288K)
 Metaspace       used 58589K, capacity 60095K, committed 60208K, reserved 1101824K
  class space    used 7392K, capacity 8014K, committed 8064K, reserved 1048576K
Heap Regions: E=young(eden), S=young(survivor), O=old, HS=humongous(starts), HC=humongous(continues), CS=collection set, F=free, A=archive, TAMS=top-at-mark-start (previous, next)
|   0|0x0000000700000000, 0x0000000700100000, 0x0000000700100000|100%| O|  |TAMS 0x0000000700100000, 0x0000000700100000| Untracked 
|   1|0x0000000700100000, 0x0000000700200000, 0x0000000700200000|100%| O|  |TAMS 0x0000000700200000, 0x0000000700200000| Untracked 
|   2|0x0000000700200000, 0x0000000700300000, 0x0000000700300000|100%| O|  |TAMS 0x0000000700300000, 0x0000000700300000| Untracked 
|   3|0x0000000700300000, 0x0000000700400000, 0x0000000700400000|100%|HS|  |TAMS 0x0000000700400000, 0x0000000700400000| Complete 
|   4|0x0000000700400000, 0x0000000700500000, 0x0000000700500000|100%|HC|  |TAMS 0x0000000700500000, 0x0000000700500000| Complete 
|   5|0x0000000700500000, 0x0000000700600000, 0x0000000700600000|100%|HC|  |TAMS 0x0000000700600000, 0x0000000700600000| Complete 
|   6|0x0000000700600000, 0x0000000700700000, 0x0000000700700000|100%| O|  |TAMS 0x0000000700700000, 0x0000000700700000| Untracked 
|   7|0x0000000700700000, 0x0000000700800000, 0x0000000700800000|100%| O|  |TAMS 0x0000000700800000, 0x0000000700800000| Untracked 
|   8|0x0000000700800000, 0x0000000700900000, 0x0000000700900000|100%| O|  |TAMS 0x0000000700900000, 0x0000000700900000| Untracked 
|   9|0x0000000700900000, 0x0000000700a00000, 0x0000000700a00000|100%| O|  |TAMS 0x0000000700a00000, 0x0000000700a00000| Untracked 
|  10|0x0000000700a00000, 0x0000000700b00000, 0x0000000700b00000|100%| O|  |TAMS 0x0000000700b00000, 0x0000000700b00000| Untracked 
|  11|0x0000000700b00000, 0x0000000700c00000, 0x0000000700c00000|100%| O|  |TAMS 0x0000000700c00000, 0x0000000700c00000| Untracked 
|  12|0x0000000700c00000, 0x0000000700d00000, 0x0000000700d00000|100%| O|  |TAMS 0x0000000700d00000, 0x0000000700d00000| Untracked 
|  13|0x0000000700d00000, 0x0000000700e00000, 0x0000000700e00000|100%| O|  |TAMS 0x0000000700e00000, 0x0000000700e00000| Untracked 
|  14|0x0000000700e00000, 0x0000000700f00000, 0x0000000700f00000|100%| O|  |TAMS 0x0000000700f00000, 0x0000000700f00000| Untracked 
|  15|0x0000000700f00000, 0x0000000701000000, 0x0000000701000000|100%| O|  |TAMS 0x0000000701000000, 0x0000000701000000| Untracked 
|  16|0x0000000701000000, 0x0000000701100000, 0x0000000701100000|100%| O|  |TAMS 0x0000000701021e00, 0x0000000701100000| Untracked 
|  17|0x0000000701100000, 0x0000000701200000, 0x0000000701200000|100%|HS|  |TAMS 0x0000000701100000, 0x0000000701200000| Complete 
|  18|0x0000000701200000, 0x0000000701300000, 0x0000000701300000|100%|HS|  |TAMS 0x0000000701200000, 0x0000000701300000| Complete 
|  19|0x0000000701300000, 0x0000000701400000, 0x0000000701400000|100%| O|  |TAMS 0x0000000701300000, 0x0000000701400000| Untracked 
|  20|0x0000000701400000, 0x0000000701500000, 0x0000000701500000|100%| O|  |TAMS 0x0000000701400000, 0x0000000701500000| Untracked 
|  21|0x0000000701500000, 0x0000000701600000, 0x0000000701600000|100%| O|  |TAMS 0x0000000701500000, 0x0000000701600000| Untracked 
|  22|0x0000000701600000, 0x0000000701700000, 0x0000000701700000|100%| O|  |TAMS 0x0000000701600000, 0x0000000701700000| Untracked 
|  23|0x0000000701700000, 0x0000000701800000, 0x0000000701800000|100%| O|  |TAMS 0x0000000701700000, 0x0000000701800000| Untracked 
|  24|0x0000000701800000, 0x0000000701900000, 0x0000000701900000|100%| O|  |TAMS 0x0000000701800000, 0x0000000701900000| Untracked 
|  25|0x0000000701900000, 0x0000000701a00000, 0x0000000701a00000|100%| O|  |TAMS 0x0000000701900000, 0x0000000701a00000| Untracked 
|  26|0x0000000701a00000, 0x0000000701b00000, 0x0000000701b00000|100%| O|  |TAMS 0x0000000701a00000, 0x0000000701b00000| Untracked 
|  27|0x0000000701b00000, 0x0000000701c00000, 0x0000000701c00000|100%| O|  |TAMS 0x0000000701b00000, 0x0000000701c00000| Untracked 
|  28|0x0000000701c00000, 0x0000000701d00000, 0x0000000701d00000|100%| O|  |TAMS 0x0000000701c00000, 0x0000000701d00000| Untracked 
|  29|0x0000000701d00000, 0x0000000701e00000, 0x0000000701e00000|100%| O|  |TAMS 0x0000000701d00000, 0x0000000701e00000| Untracked 
|  30|0x0000000701e00000, 0x0000000701f00000, 0x0000000701f00000|100%| O|  |TAMS 0x0000000701e00000, 0x0000000701f00000| Untracked 
|  31|0x0000000701f00000, 0x0000000701f32800, 0x0000000702000000| 19%| O|  |TAMS 0x0000000701f00000, 0x0000000701f32800| Untracked 
|  32|0x0000000702000000, 0x0000000702000000, 0x0000000702100000|  0%| F|  |TAMS 0x0000000702000000, 0x0000000702000000| Untracked 
|  33|0x0000000702100000, 0x0000000702100000, 0x0000000702200000|  0%| F|  |TAMS 0x0000000702100000, 0x0000000702100000| Untracked 
|  34|0x0000000702200000, 0x0000000702200000, 0x0000000702300000|  0%| F|  |TAMS 0x0000000702200000, 0x0000000702200000| Untracked 
|  35|0x0000000702300000, 0x0000000702300000, 0x0000000702400000|  0%| F|  |TAMS 0x0000000702300000, 0x0000000702300000| Untracked 
|  36|0x0000000702400000, 0x0000000702400000, 0x0000000702500000|  0%| F|  |TAMS 0x0000000702400000, 0x0000000702400000| Untracked 
|  37|0x0000000702500000, 0x0000000702500000, 0x0000000702600000|  0%| F|  |TAMS 0x0000000702500000, 0x0000000702500000| Untracked 
|  38|0x0000000702600000, 0x0000000702600000, 0x0000000702700000|  0%| F|  |TAMS 0x0000000702600000, 0x0000000702600000| Untracked 
|  39|0x0000000702700000, 0x0000000702700000, 0x0000000702800000|  0%| F|  |TAMS 0x0000000702700000, 0x0000000702700000| Untracked 
|  40|0x0000000702800000, 0x0000000702800000, 0x0000000702900000|  0%| F|  |TAMS 0x0000000702800000, 0x0000000702800000| Untracked 
|  41|0x0000000702900000, 0x0000000702900000, 0x0000000702a00000|  0%| F|  |TAMS 0x0000000702900000, 0x0000000702900000| Untracked 
|  42|0x0000000702a00000, 0x0000000702a00000, 0x0000000702b00000|  0%| F|  |TAMS 0x0000000702a00000, 0x0000000702a00000| Untracked 
|  43|0x0000000702b00000, 0x0000000702b00000, 0x0000000702c00000|  0%| F|  |TAMS 0x0000000702b00000, 0x0000000702b00000| Untracked 
|  44|0x0000000702c00000, 0x0000000702c00000, 0x0000000702d00000|  0%| F|  |TAMS 0x0000000702c00000, 0x0000000702c00000| Untracked 
|  45|0x0000000702d00000, 0x0000000702d00000, 0x0000000702e00000|  0%| F|  |TAMS 0x0000000702d00000, 0x0000000702d00000| Untracked 
|  46|0x0000000702e00000, 0x0000000702e00000, 0x0000000702f00000|  0%| F|  |TAMS 0x0000000702e00000, 0x0000000702e00000| Untracked 
|  47|0x0000000702f00000, 0x0000000702f00000, 0x0000000703000000|  0%| F|  |TAMS 0x0000000702f00000, 0x0000000702f00000| Untracked 
|  48|0x0000000703000000, 0x0000000703000000, 0x0000000703100000|  0%| F|  |TAMS 0x0000000703000000, 0x0000000703000000| Untracked 
|  49|0x0000000703100000, 0x0000000703100000, 0x0000000703200000|  0%| F|  |TAMS 0x0000000703100000, 0x0000000703100000| Untracked 
|  50|0x0000000703200000, 0x0000000703200000, 0x0000000703300000|  0%| F|  |TAMS 0x0000000703200000, 0x0000000703200000| Untracked 
|  51|0x0000000703300000, 0x0000000703300000, 0x0000000703400000|  0%| F|  |TAMS 0x0000000703300000, 0x0000000703300000| Untracked 
|  52|0x0000000703400000, 0x0000000703400000, 0x0000000703500000|  0%| F|  |TAMS 0x0000000703400000, 0x0000000703400000| Untracked 
|  53|0x0000000703500000, 0x0000000703500000, 0x0000000703600000|  0%| F|  |TAMS 0x0000000703500000, 0x0000000703500000| Untracked 
|  54|0x0000000703600000, 0x0000000703600000, 0x0000000703700000|  0%| F|  |TAMS 0x0000000703600000, 0x0000000703600000| Untracked 
|  55|0x0000000703700000, 0x0000000703700000, 0x0000000703800000|  0%| F|  |TAMS 0x0000000703700000, 0x0000000703700000| Untracked 
|  56|0x0000000703800000, 0x0000000703800000, 0x0000000703900000|  0%| F|  |TAMS 0x0000000703800000, 0x0000000703800000| Untracked 
|  57|0x0000000703900000, 0x0000000703900000, 0x0000000703a00000|  0%| F|  |TAMS 0x0000000703900000, 0x0000000703900000| Untracked 
|  58|0x0000000703a00000, 0x0000000703a00000, 0x0000000703b00000|  0%| F|  |TAMS 0x0000000703a00000, 0x0000000703a00000| Untracked 
|  59|0x0000000703b00000, 0x0000000703b00000, 0x0000000703c00000|  0%| F|  |TAMS 0x0000000703b00000, 0x0000000703b00000| Untracked 
|  60|0x0000000703c00000, 0x0000000703c00000, 0x0000000703d00000|  0%| F|  |TAMS 0x0000000703c00000, 0x0000000703c00000| Untracked 
|  61|0x0000000703d00000, 0x0000000703d00000, 0x0000000703e00000|  0%| F|  |TAMS 0x0000000703d00000, 0x0000000703d00000| Untracked 
|  62|0x0000000703e00000, 0x0000000703e00000, 0x0000000703f00000|  0%| F|  |TAMS 0x0000000703e00000, 0x0000000703e00000| Untracked 
|  63|0x0000000703f00000, 0x0000000703f00000, 0x0000000704000000|  0%| F|  |TAMS 0x0000000703f00000, 0x0000000703f00000| Untracked 
|  64|0x0000000704000000, 0x0000000704000000, 0x0000000704100000|  0%| F|  |TAMS 0x0000000704000000, 0x0000000704000000| Untracked 
|  65|0x0000000704100000, 0x0000000704100000, 0x0000000704200000|  0%| F|  |TAMS 0x0000000704100000, 0x0000000704100000| Untracked 
|  66|0x0000000704200000, 0x0000000704200000, 0x0000000704300000|  0%| F|  |TAMS 0x0000000704200000, 0x0000000704200000| Untracked 
|  67|0x0000000704300000, 0x0000000704300000, 0x0000000704400000|  0%| F|  |TAMS 0x0000000704300000, 0x0000000704300000| Untracked 
|  68|0x0000000704400000, 0x0000000704400000, 0x0000000704500000|  0%| F|  |TAMS 0x0000000704400000, 0x0000000704400000| Untracked 
|  69|0x0000000704500000, 0x0000000704500000, 0x0000000704600000|  0%| F|  |TAMS 0x0000000704500000, 0x0000000704500000| Untracked 
|  70|0x0000000704600000, 0x0000000704600000, 0x0000000704700000|  0%| F|  |TAMS 0x0000000704600000, 0x0000000704600000| Untracked 
|  71|0x0000000704700000, 0x0000000704700000, 0x0000000704800000|  0%| F|  |TAMS 0x0000000704700000, 0x0000000704700000| Untracked 
|  72|0x0000000704800000, 0x0000000704800000, 0x0000000704900000|  0%| F|  |TAMS 0x0000000704800000, 0x0000000704800000| Untracked 
|  73|0x0000000704900000, 0x0000000704900000, 0x0000000704a00000|  0%| F|  |TAMS 0x0000000704900000, 0x0000000704900000| Untracked 
|  74|0x0000000704a00000, 0x0000000704a00000, 0x0000000704b00000|  0%| F|  |TAMS 0x0000000704a00000, 0x0000000704a00000| Untracked 
|  75|0x0000000704b00000, 0x0000000704b00000, 0x0000000704c00000|  0%| F|  |TAMS 0x0000000704b00000, 0x0000000704b00000| Untracked 
|  76|0x0000000704c00000, 0x0000000704c00000, 0x0000000704d00000|  0%| F|  |TAMS 0x0000000704c00000, 0x0000000704c00000| Untracked 
|  77|0x0000000704d00000, 0x0000000704d00000, 0x0000000704e00000|  0%| F|  |TAMS 0x0000000704d00000, 0x0000000704d00000| Untracked 
|  78|0x0000000704e00000, 0x0000000704e00000, 0x0000000704f00000|  0%| F|  |TAMS 0x0000000704e00000, 0x0000000704e00000| Untracked 
|  79|0x0000000704f00000, 0x0000000704f00000, 0x0000000705000000|  0%| F|  |TAMS 0x0000000704f00000, 0x0000000704f00000| Untracked 
|  80|0x0000000705000000, 0x0000000705000000, 0x0000000705100000|  0%| F|  |TAMS 0x0000000705000000, 0x0000000705000000| Untracked 
|  81|0x0000000705100000, 0x0000000705100000, 0x0000000705200000|  0%| F|  |TAMS 0x0000000705100000, 0x0000000705100000| Untracked 
|  82|0x0000000705200000, 0x0000000705200000, 0x0000000705300000|  0%| F|  |TAMS 0x0000000705200000, 0x0000000705200000| Untracked 
|  83|0x0000000705300000, 0x0000000705300000, 0x0000000705400000|  0%| F|  |TAMS 0x0000000705300000, 0x0000000705300000| Untracked 
|  84|0x0000000705400000, 0x0000000705400000, 0x0000000705500000|  0%| F|  |TAMS 0x0000000705400000, 0x0000000705400000| Untracked 
|  85|0x0000000705500000, 0x0000000705500000, 0x0000000705600000|  0%| F|  |TAMS 0x0000000705500000, 0x0000000705500000| Untracked 
|  86|0x0000000705600000, 0x0000000705600000, 0x0000000705700000|  0%| F|  |TAMS 0x0000000705600000, 0x0000000705600000| Untracked 
|  87|0x0000000705700000, 0x0000000705700000, 0x0000000705800000|  0%| F|  |TAMS 0x0000000705700000, 0x0000000705700000| Untracked 
|  88|0x0000000705800000, 0x0000000705800000, 0x0000000705900000|  0%| F|  |TAMS 0x0000000705800000, 0x0000000705800000| Untracked 
|  89|0x0000000705900000, 0x0000000705900000, 0x0000000705a00000|  0%| F|  |TAMS 0x0000000705900000, 0x0000000705900000| Untracked 
|  90|0x0000000705a00000, 0x0000000705a00000, 0x0000000705b00000|  0%| F|  |TAMS 0x0000000705a00000, 0x0000000705a00000| Untracked 
|  91|0x0000000705b00000, 0x0000000705b00000, 0x0000000705c00000|  0%| F|  |TAMS 0x0000000705b00000, 0x0000000705b00000| Untracked 
|  92|0x0000000705c00000, 0x0000000705c00000, 0x0000000705d00000|  0%| F|  |TAMS 0x0000000705c00000, 0x0000000705c00000| Untracked 
|  93|0x0000000705d00000, 0x0000000705d00000, 0x0000000705e00000|  0%| F|  |TAMS 0x0000000705d00000, 0x0000000705d00000| Untracked 
|  94|0x0000000705e00000, 0x0000000705e00000, 0x0000000705f00000|  0%| F|  |TAMS 0x0000000705e00000, 0x0000000705e00000| Untracked 
|  95|0x0000000705f00000, 0x0000000705f00000, 0x0000000706000000|  0%| F|  |TAMS 0x0000000705f00000, 0x0000000705f00000| Untracked 
|  96|0x0000000706000000, 0x0000000706000000, 0x0000000706100000|  0%| F|  |TAMS 0x0000000706000000, 0x0000000706000000| Untracked 
|  97|0x0000000706100000, 0x0000000706100000, 0x0000000706200000|  0%| F|  |TAMS 0x0000000706100000, 0x0000000706100000| Untracked 
|  98|0x0000000706200000, 0x0000000706200000, 0x0000000706300000|  0%| F|  |TAMS 0x0000000706200000, 0x0000000706200000| Untracked 
|  99|0x0000000706300000, 0x0000000706300000, 0x0000000706400000|  0%| F|  |TAMS 0x0000000706300000, 0x0000000706300000| Untracked 
| 100|0x0000000706400000, 0x0000000706400000, 0x0000000706500000|  0%| F|  |TAMS 0x0000000706400000, 0x0000000706400000| Untracked 
| 101|0x0000000706500000, 0x0000000706500000, 0x0000000706600000|  0%| F|  |TAMS 0x0000000706500000, 0x0000000706500000| Untracked 
| 102|0x0000000706600000, 0x0000000706600000, 0x0000000706700000|  0%| F|  |TAMS 0x0000000706600000, 0x0000000706600000| Untracked 
| 103|0x0000000706700000, 0x0000000706700000, 0x0000000706800000|  0%| F|  |TAMS 0x0000000706700000, 0x0000000706700000| Untracked 
| 104|0x0000000706800000, 0x0000000706800000, 0x0000000706900000|  0%| F|  |TAMS 0x0000000706800000, 0x0000000706800000| Untracked 
| 105|0x0000000706900000, 0x0000000706900000, 0x0000000706a00000|  0%| F|  |TAMS 0x0000000706900000, 0x0000000706900000| Untracked 
| 106|0x0000000706a00000, 0x0000000706a00000, 0x0000000706b00000|  0%| F|  |TAMS 0x0000000706a00000, 0x0000000706a00000| Untracked 
| 107|0x0000000706b00000, 0x0000000706b00000, 0x0000000706c00000|  0%| F|  |TAMS 0x0000000706b00000, 0x0000000706b00000| Untracked 
| 108|0x0000000706c00000, 0x0000000706c00000, 0x0000000706d00000|  0%| F|  |TAMS 0x0000000706c00000, 0x0000000706c00000| Untracked 
| 109|0x0000000706d00000, 0x0000000706d00000, 0x0000000706e00000|  0%| F|  |TAMS 0x0000000706d00000, 0x0000000706d00000| Untracked 
| 110|0x0000000706e00000, 0x0000000706e00000, 0x0000000706f00000|  0%| F|  |TAMS 0x0000000706e00000, 0x0000000706e00000| Untracked 
| 111|0x0000000706f00000, 0x0000000706f00000, 0x0000000707000000|  0%| F|  |TAMS 0x0000000706f00000, 0x0000000706f00000| Untracked 
| 112|0x0000000707000000, 0x0000000707000000, 0x0000000707100000|  0%| F|  |TAMS 0x0000000707000000, 0x0000000707000000| Untracked 
| 113|0x0000000707100000, 0x0000000707100000, 0x0000000707200000|  0%| F|  |TAMS 0x0000000707100000, 0x0000000707100000| Untracked 
| 114|0x0000000707200000, 0x0000000707200000, 0x0000000707300000|  0%| F|  |TAMS 0x0000000707200000, 0x0000000707200000| Untracked 
| 115|0x0000000707300000, 0x0000000707300000, 0x0000000707400000|  0%| F|  |TAMS 0x0000000707300000, 0x0000000707300000| Untracked 
| 116|0x0000000707400000, 0x0000000707400000, 0x0000000707500000|  0%| F|  |TAMS 0x0000000707400000, 0x0000000707400000| Untracked 
| 117|0x0000000707500000, 0x0000000707500000, 0x0000000707600000|  0%| F|  |TAMS 0x0000000707500000, 0x0000000707500000| Untracked 
| 118|0x0000000707600000, 0x0000000707600000, 0x0000000707700000|  0%| F|  |TAMS 0x0000000707600000, 0x0000000707600000| Untracked 
| 119|0x0000000707700000, 0x0000000707700000, 0x0000000707800000|  0%| F|  |TAMS 0x0000000707700000, 0x0000000707700000| Untracked 
| 120|0x0000000707800000, 0x0000000707800000, 0x0000000707900000|  0%| F|  |TAMS 0x0000000707800000, 0x0000000707800000| Untracked 
| 121|0x0000000707900000, 0x0000000707900000, 0x0000000707a00000|  0%| F|  |TAMS 0x0000000707900000, 0x0000000707900000| Untracked 
| 122|0x0000000707a00000, 0x0000000707a00000, 0x0000000707b00000|  0%| F|  |TAMS 0x0000000707a00000, 0x0000000707a00000| Untracked 
| 123|0x0000000707b00000, 0x0000000707b00000, 0x0000000707c00000|  0%| F|  |TAMS 0x0000000707b00000, 0x0000000707b00000| Untracked 
| 124|0x0000000707c00000, 0x0000000707c00000, 0x0000000707d00000|  0%| F|  |TAMS 0x0000000707c00000, 0x0000000707c00000| Untracked 
| 125|0x0000000707d00000, 0x0000000707d00000, 0x0000000707e00000|  0%| F|  |TAMS 0x0000000707d00000, 0x0000000707d00000| Untracked 
| 126|0x0000000707e00000, 0x0000000707e00000, 0x0000000707f00000|  0%| F|  |TAMS 0x0000000707e00000, 0x0000000707e00000| Untracked 
| 127|0x0000000707f00000, 0x0000000707f00000, 0x0000000708000000|  0%| F|  |TAMS 0x0000000707f00000, 0x0000000707f00000| Untracked 
| 128|0x0000000708000000, 0x0000000708000000, 0x0000000708100000|  0%| F|  |TAMS 0x0000000708000000, 0x0000000708000000| Untracked 
| 129|0x0000000708100000, 0x0000000708100000, 0x0000000708200000|  0%| F|  |TAMS 0x0000000708100000, 0x0000000708100000| Untracked 
| 130|0x0000000708200000, 0x0000000708200000, 0x0000000708300000|  0%| F|  |TAMS 0x0000000708200000, 0x0000000708200000| Untracked 
| 131|0x0000000708300000, 0x0000000708300000, 0x0000000708400000|  0%| F|  |TAMS 0x0000000708300000, 0x0000000708300000| Untracked 
| 132|0x0000000708400000, 0x0000000708400000, 0x0000000708500000|  0%| F|  |TAMS 0x0000000708400000, 0x0000000708400000| Untracked 
| 133|0x0000000708500000, 0x0000000708500000, 0x0000000708600000|  0%| F|  |TAMS 0x0000000708500000, 0x0000000708500000| Untracked 
| 134|0x0000000708600000, 0x0000000708600000, 0x0000000708700000|  0%| F|  |TAMS 0x0000000708600000, 0x0000000708600000| Untracked 
| 135|0x0000000708700000, 0x0000000708700000, 0x0000000708800000|  0%| F|  |TAMS 0x0000000708700000, 0x0000000708700000| Untracked 
| 136|0x0000000708800000, 0x0000000708800000, 0x0000000708900000|  0%| F|  |TAMS 0x0000000708800000, 0x0000000708800000| Untracked 
| 137|0x0000000708900000, 0x0000000708900000, 0x0000000708a00000|  0%| F|  |TAMS 0x0000000708900000, 0x0000000708900000| Untracked 
| 138|0x0000000708a00000, 0x0000000708a00000, 0x0000000708b00000|  0%| F|  |TAMS 0x0000000708a00000, 0x0000000708a00000| Untracked 
| 139|0x0000000708b00000, 0x0000000708b00000, 0x0000000708c00000|  0%| F|  |TAMS 0x0000000708b00000, 0x0000000708b00000| Untracked 
| 140|0x0000000708c00000, 0x0000000708c00000, 0x0000000708d00000|  0%| F|  |TAMS 0x0000000708c00000, 0x0000000708c00000| Untracked 
| 141|0x0000000708d00000, 0x0000000708d00000, 0x0000000708e00000|  0%| F|  |TAMS 0x0000000708d00000, 0x0000000708d00000| Untracked 
| 142|0x0000000708e00000, 0x0000000708e00000, 0x0000000708f00000|  0%| F|  |TAMS 0x0000000708e00000, 0x0000000708e00000| Untracked 
| 143|0x0000000708f00000, 0x0000000708f00000, 0x0000000709000000|  0%| F|  |TAMS 0x0000000708f00000, 0x0000000708f00000| Untracked 
| 144|0x0000000709000000, 0x0000000709000000, 0x0000000709100000|  0%| F|  |TAMS 0x0000000709000000, 0x0000000709000000| Untracked 
| 145|0x0000000709100000, 0x0000000709100000, 0x0000000709200000|  0%| F|  |TAMS 0x0000000709100000, 0x0000000709100000| Untracked 
| 146|0x0000000709200000, 0x0000000709200000, 0x0000000709300000|  0%| F|  |TAMS 0x0000000709200000, 0x0000000709200000| Untracked 
| 147|0x0000000709300000, 0x0000000709300000, 0x0000000709400000|  0%| F|  |TAMS 0x0000000709300000, 0x0000000709300000| Untracked 
| 148|0x0000000709400000, 0x0000000709400000, 0x0000000709500000|  0%| F|  |TAMS 0x0000000709400000, 0x0000000709400000| Untracked 
| 149|0x0000000709500000, 0x0000000709500000, 0x0000000709600000|  0%| F|  |TAMS 0x0000000709500000, 0x0000000709500000| Untracked 
| 150|0x0000000709600000, 0x0000000709600000, 0x0000000709700000|  0%| F|  |TAMS 0x0000000709600000, 0x0000000709600000| Untracked 
| 151|0x0000000709700000, 0x0000000709700000, 0x0000000709800000|  0%| F|  |TAMS 0x0000000709700000, 0x0000000709700000| Untracked 
| 152|0x0000000709800000, 0x0000000709800000, 0x0000000709900000|  0%| F|  |TAMS 0x0000000709800000, 0x0000000709800000| Untracked 
| 153|0x0000000709900000, 0x0000000709900000, 0x0000000709a00000|  0%| F|  |TAMS 0x0000000709900000, 0x0000000709900000| Untracked 
| 154|0x0000000709a00000, 0x0000000709a00000, 0x0000000709b00000|  0%| F|  |TAMS 0x0000000709a00000, 0x0000000709a00000| Untracked 
| 155|0x0000000709b00000, 0x0000000709b00000, 0x0000000709c00000|  0%| F|  |TAMS 0x0000000709b00000, 0x0000000709b00000| Untracked 
| 156|0x0000000709c00000, 0x0000000709c00000, 0x0000000709d00000|  0%| F|  |TAMS 0x0000000709c00000, 0x0000000709c00000| Untracked 
| 157|0x0000000709d00000, 0x0000000709d00000, 0x0000000709e00000|  0%| F|  |TAMS 0x0000000709d00000, 0x0000000709d00000| Untracked 
| 158|0x0000000709e00000, 0x0000000709e00000, 0x0000000709f00000|  0%| F|  |TAMS 0x0000000709e00000, 0x0000000709e00000| Untracked 
| 159|0x0000000709f00000, 0x0000000709f00000, 0x000000070a000000|  0%| F|  |TAMS 0x0000000709f00000, 0x0000000709f00000| Untracked 
| 160|0x000000070a000000, 0x000000070a000000, 0x000000070a100000|  0%| F|  |TAMS 0x000000070a000000, 0x000000070a000000| Untracked 
| 161|0x000000070a100000, 0x000000070a100000, 0x000000070a200000|  0%| F|  |TAMS 0x000000070a100000, 0x000000070a100000| Untracked 
| 162|0x000000070a200000, 0x000000070a200000, 0x000000070a300000|  0%| F|  |TAMS 0x000000070a200000, 0x000000070a200000| Untracked 
| 163|0x000000070a300000, 0x000000070a300000, 0x000000070a400000|  0%| F|  |TAMS 0x000000070a300000, 0x000000070a300000| Untracked 
| 164|0x000000070a400000, 0x000000070a400000, 0x000000070a500000|  0%| F|  |TAMS 0x000000070a400000, 0x000000070a400000| Untracked 
| 165|0x000000070a500000, 0x000000070a500000, 0x000000070a600000|  0%| F|  |TAMS 0x000000070a500000, 0x000000070a500000| Untracked 
| 166|0x000000070a600000, 0x000000070a600000, 0x000000070a700000|  0%| F|  |TAMS 0x000000070a600000, 0x000000070a600000| Untracked 
| 167|0x000000070a700000, 0x000000070a700000, 0x000000070a800000|  0%| F|  |TAMS 0x000000070a700000, 0x000000070a700000| Untracked 
| 168|0x000000070a800000, 0x000000070a800000, 0x000000070a900000|  0%| F|  |TAMS 0x000000070a800000, 0x000000070a800000| Untracked 
| 169|0x000000070a900000, 0x000000070a900000, 0x000000070aa00000|  0%| F|  |TAMS 0x000000070a900000, 0x000000070a900000| Untracked 
| 170|0x000000070aa00000, 0x000000070aa00000, 0x000000070ab00000|  0%| F|  |TAMS 0x000000070aa00000, 0x000000070aa00000| Untracked 
| 171|0x000000070ab00000, 0x000000070ab00000, 0x000000070ac00000|  0%| F|  |TAMS 0x000000070ab00000, 0x000000070ab00000| Untracked 
| 172|0x000000070ac00000, 0x000000070ac00000, 0x000000070ad00000|  0%| F|  |TAMS 0x000000070ac00000, 0x000000070ac00000| Untracked 
| 173|0x000000070ad00000, 0x000000070ad00000, 0x000000070ae00000|  0%| F|  |TAMS 0x000000070ad00000, 0x000000070ad00000| Untracked 
| 174|0x000000070ae00000, 0x000000070ae00000, 0x000000070af00000|  0%| F|  |TAMS 0x000000070ae00000, 0x000000070ae00000| Untracked 
| 175|0x000000070af00000, 0x000000070af00000, 0x000000070b000000|  0%| F|  |TAMS 0x000000070af00000, 0x000000070af00000| Untracked 
| 176|0x000000070b000000, 0x000000070b000000, 0x000000070b100000|  0%| F|  |TAMS 0x000000070b000000, 0x000000070b000000| Untracked 
| 177|0x000000070b100000, 0x000000070b100000, 0x000000070b200000|  0%| F|  |TAMS 0x000000070b100000, 0x000000070b100000| Untracked 
| 178|0x000000070b200000, 0x000000070b200000, 0x000000070b300000|  0%| F|  |TAMS 0x000000070b200000, 0x000000070b200000| Untracked 
| 179|0x000000070b300000, 0x000000070b300000, 0x000000070b400000|  0%| F|  |TAMS 0x000000070b300000, 0x000000070b300000| Untracked 
| 180|0x000000070b400000, 0x000000070b400000, 0x000000070b500000|  0%| F|  |TAMS 0x000000070b400000, 0x000000070b400000| Untracked 
| 181|0x000000070b500000, 0x000000070b500000, 0x000000070b600000|  0%| F|  |TAMS 0x000000070b500000, 0x000000070b500000| Untracked 
| 182|0x000000070b600000, 0x000000070b600000, 0x000000070b700000|  0%| F|  |TAMS 0x000000070b600000, 0x000000070b600000| Untracked 
| 183|0x000000070b700000, 0x000000070b700000, 0x000000070b800000|  0%| F|  |TAMS 0x000000070b700000, 0x000000070b700000| Untracked 
| 184|0x000000070b800000, 0x000000070b800000, 0x000000070b900000|  0%| F|  |TAMS 0x000000070b800000, 0x000000070b800000| Untracked 
| 185|0x000000070b900000, 0x000000070b900000, 0x000000070ba00000|  0%| F|  |TAMS 0x000000070b900000, 0x000000070b900000| Untracked 
| 186|0x000000070ba00000, 0x000000070ba00000, 0x000000070bb00000|  0%| F|  |TAMS 0x000000070ba00000, 0x000000070ba00000| Untracked 
| 187|0x000000070bb00000, 0x000000070bb00000, 0x000000070bc00000|  0%| F|  |TAMS 0x000000070bb00000, 0x000000070bb00000| Untracked 
| 188|0x000000070bc00000, 0x000000070bc00000, 0x000000070bd00000|  0%| F|  |TAMS 0x000000070bc00000, 0x000000070bc00000| Untracked 
| 189|0x000000070bd00000, 0x000000070bd00000, 0x000000070be00000|  0%| F|  |TAMS 0x000000070bd00000, 0x000000070bd00000| Untracked 
| 190|0x000000070be00000, 0x000000070be00000, 0x000000070bf00000|  0%| F|  |TAMS 0x000000070be00000, 0x000000070be00000| Untracked 
| 191|0x000000070bf00000, 0x000000070bf00000, 0x000000070c000000|  0%| F|  |TAMS 0x000000070bf00000, 0x000000070bf00000| Untracked 
| 192|0x000000070c000000, 0x000000070c000000, 0x000000070c100000|  0%| F|  |TAMS 0x000000070c000000, 0x000000070c000000| Untracked 
| 193|0x000000070c100000, 0x000000070c100000, 0x000000070c200000|  0%| F|  |TAMS 0x000000070c100000, 0x000000070c100000| Untracked 
| 194|0x000000070c200000, 0x000000070c200000, 0x000000070c300000|  0%| F|  |TAMS 0x000000070c200000, 0x000000070c200000| Untracked 
| 195|0x000000070c300000, 0x000000070c300000, 0x000000070c400000|  0%| F|  |TAMS 0x000000070c300000, 0x000000070c300000| Untracked 
| 196|0x000000070c400000, 0x000000070c400000, 0x000000070c500000|  0%| F|  |TAMS 0x000000070c400000, 0x000000070c400000| Untracked 
| 197|0x000000070c500000, 0x000000070c500000, 0x000000070c600000|  0%| F|  |TAMS 0x000000070c500000, 0x000000070c500000| Untracked 
| 198|0x000000070c600000, 0x000000070c600000, 0x000000070c700000|  0%| F|  |TAMS 0x000000070c600000, 0x000000070c600000| Untracked 
| 199|0x000000070c700000, 0x000000070c700000, 0x000000070c800000|  0%| F|  |TAMS 0x000000070c700000, 0x000000070c700000| Untracked 
| 200|0x000000070c800000, 0x000000070c800000, 0x000000070c900000|  0%| F|  |TAMS 0x000000070c800000, 0x000000070c800000| Untracked 
| 201|0x000000070c900000, 0x000000070c900000, 0x000000070ca00000|  0%| F|  |TAMS 0x000000070c900000, 0x000000070c900000| Untracked 
| 202|0x000000070ca00000, 0x000000070ca00000, 0x000000070cb00000|  0%| F|  |TAMS 0x000000070ca00000, 0x000000070ca00000| Untracked 
| 203|0x000000070cb00000, 0x000000070cb00000, 0x000000070cc00000|  0%| F|  |TAMS 0x000000070cb00000, 0x000000070cb00000| Untracked 
| 204|0x000000070cc00000, 0x000000070cc00000, 0x000000070cd00000|  0%| F|  |TAMS 0x000000070cc00000, 0x000000070cc00000| Untracked 
| 205|0x000000070cd00000, 0x000000070cd00000, 0x000000070ce00000|  0%| F|  |TAMS 0x000000070cd00000, 0x000000070cd00000| Untracked 
| 206|0x000000070ce00000, 0x000000070ce00000, 0x000000070cf00000|  0%| F|  |TAMS 0x000000070ce00000, 0x000000070ce00000| Untracked 
| 207|0x000000070cf00000, 0x000000070cf00000, 0x000000070d000000|  0%| F|  |TAMS 0x000000070cf00000, 0x000000070cf00000| Untracked 
| 208|0x000000070d000000, 0x000000070d000000, 0x000000070d100000|  0%| F|  |TAMS 0x000000070d000000, 0x000000070d000000| Untracked 
| 209|0x000000070d100000, 0x000000070d100000, 0x000000070d200000|  0%| F|  |TAMS 0x000000070d100000, 0x000000070d100000| Untracked 
| 210|0x000000070d200000, 0x000000070d200000, 0x000000070d300000|  0%| F|  |TAMS 0x000000070d200000, 0x000000070d200000| Untracked 
| 211|0x000000070d300000, 0x000000070d300000, 0x000000070d400000|  0%| F|  |TAMS 0x000000070d300000, 0x000000070d300000| Untracked 
| 212|0x000000070d400000, 0x000000070d400000, 0x000000070d500000|  0%| F|  |TAMS 0x000000070d400000, 0x000000070d400000| Untracked 
| 213|0x000000070d500000, 0x000000070d500000, 0x000000070d600000|  0%| F|  |TAMS 0x000000070d500000, 0x000000070d500000| Untracked 
| 214|0x000000070d600000, 0x000000070d600000, 0x000000070d700000|  0%| F|  |TAMS 0x000000070d600000, 0x000000070d600000| Untracked 
| 215|0x000000070d700000, 0x000000070d7a35e0, 0x000000070d800000| 63%| S|CS|TAMS 0x000000070d700000, 0x000000070d700000| Complete 
| 216|0x000000070d800000, 0x000000070d900000, 0x000000070d900000|100%| S|CS|TAMS 0x000000070d800000, 0x000000070d800000| Complete 
| 217|0x000000070d900000, 0x000000070da00000, 0x000000070da00000|100%| S|CS|TAMS 0x000000070d900000, 0x000000070d900000| Complete 
| 218|0x000000070da00000, 0x000000070db00000, 0x000000070db00000|100%| S|CS|TAMS 0x000000070da00000, 0x000000070da00000| Complete 
| 219|0x000000070db00000, 0x000000070dc00000, 0x000000070dc00000|100%| S|CS|TAMS 0x000000070db00000, 0x000000070db00000| Complete 
| 220|0x000000070dc00000, 0x000000070dd00000, 0x000000070dd00000|100%| S|CS|TAMS 0x000000070dc00000, 0x000000070dc00000| Complete 
| 221|0x000000070dd00000, 0x000000070de00000, 0x000000070de00000|100%| S|CS|TAMS 0x000000070dd00000, 0x000000070dd00000| Complete 
| 222|0x000000070de00000, 0x000000070df00000, 0x000000070df00000|100%| S|CS|TAMS 0x000000070de00000, 0x000000070de00000| Complete 
| 223|0x000000070df00000, 0x000000070e000000, 0x000000070e000000|100%| S|CS|TAMS 0x000000070df00000, 0x000000070df00000| Complete 
| 224|0x000000070e000000, 0x000000070e100000, 0x000000070e100000|100%| S|CS|TAMS 0x000000070e000000, 0x000000070e000000| Complete 
| 225|0x000000070e100000, 0x000000070e200000, 0x000000070e200000|100%| S|CS|TAMS 0x000000070e100000, 0x000000070e100000| Complete 
| 226|0x000000070e200000, 0x000000070e300000, 0x000000070e300000|100%| S|CS|TAMS 0x000000070e200000, 0x000000070e200000| Complete 
| 227|0x000000070e300000, 0x000000070e300000, 0x000000070e400000|  0%| F|  |TAMS 0x000000070e300000, 0x000000070e300000| Untracked 
| 228|0x000000070e400000, 0x000000070e400000, 0x000000070e500000|  0%| F|  |TAMS 0x000000070e400000, 0x000000070e400000| Untracked 
| 229|0x000000070e500000, 0x000000070e500000, 0x000000070e600000|  0%| F|  |TAMS 0x000000070e500000, 0x000000070e500000| Untracked 
| 230|0x000000070e600000, 0x000000070e600000, 0x000000070e700000|  0%| F|  |TAMS 0x000000070e600000, 0x000000070e600000| Untracked 
| 231|0x000000070e700000, 0x000000070e700000, 0x000000070e800000|  0%| F|  |TAMS 0x000000070e700000, 0x000000070e700000| Untracked 
| 232|0x000000070e800000, 0x000000070e800000, 0x000000070e900000|  0%| F|  |TAMS 0x000000070e800000, 0x000000070e800000| Untracked 
| 233|0x000000070e900000, 0x000000070e900000, 0x000000070ea00000|  0%| F|  |TAMS 0x000000070e900000, 0x000000070e900000| Untracked 
| 234|0x000000070ea00000, 0x000000070ea00000, 0x000000070eb00000|  0%| F|  |TAMS 0x000000070ea00000, 0x000000070ea00000| Untracked 
| 235|0x000000070eb00000, 0x000000070eb00000, 0x000000070ec00000|  0%| F|  |TAMS 0x000000070eb00000, 0x000000070eb00000| Untracked 
| 236|0x000000070ec00000, 0x000000070ec00000, 0x000000070ed00000|  0%| F|  |TAMS 0x000000070ec00000, 0x000000070ec00000| Untracked 
| 237|0x000000070ed00000, 0x000000070ed00000, 0x000000070ee00000|  0%| F|  |TAMS 0x000000070ed00000, 0x000000070ed00000| Untracked 
| 238|0x000000070ee00000, 0x000000070ee00000, 0x000000070ef00000|  0%| F|  |TAMS 0x000000070ee00000, 0x000000070ee00000| Untracked 
| 239|0x000000070ef00000, 0x000000070ef00000, 0x000000070f000000|  0%| F|  |TAMS 0x000000070ef00000, 0x000000070ef00000| Untracked 
| 240|0x000000070f000000, 0x000000070f000000, 0x000000070f100000|  0%| F|  |TAMS 0x000000070f000000, 0x000000070f000000| Untracked 
| 241|0x000000070f100000, 0x000000070f100000, 0x000000070f200000|  0%| F|  |TAMS 0x000000070f100000, 0x000000070f100000| Untracked 
| 242|0x000000070f200000, 0x000000070f200000, 0x000000070f300000|  0%| F|  |TAMS 0x000000070f200000, 0x000000070f200000| Untracked 
| 243|0x000000070f300000, 0x000000070f300000, 0x000000070f400000|  0%| F|  |TAMS 0x000000070f300000, 0x000000070f300000| Untracked 
| 244|0x000000070f400000, 0x000000070f400000, 0x000000070f500000|  0%| F|  |TAMS 0x000000070f400000, 0x000000070f400000| Untracked 
| 245|0x000000070f500000, 0x000000070f500000, 0x000000070f600000|  0%| F|  |TAMS 0x000000070f500000, 0x000000070f500000| Untracked 
| 246|0x000000070f600000, 0x000000070f600000, 0x000000070f700000|  0%| F|  |TAMS 0x000000070f600000, 0x000000070f600000| Untracked 
| 247|0x000000070f700000, 0x000000070f700000, 0x000000070f800000|  0%| F|  |TAMS 0x000000070f700000, 0x000000070f700000| Untracked 
| 248|0x000000070f800000, 0x000000070f800000, 0x000000070f900000|  0%| F|  |TAMS 0x000000070f800000, 0x000000070f800000| Untracked 
| 249|0x000000070f900000, 0x000000070f900000, 0x000000070fa00000|  0%| F|  |TAMS 0x000000070f900000, 0x000000070f900000| Untracked 
| 250|0x000000070fa00000, 0x000000070fa00000, 0x000000070fb00000|  0%| F|  |TAMS 0x000000070fa00000, 0x000000070fa00000| Untracked 
| 251|0x000000070fb00000, 0x000000070fb00000, 0x000000070fc00000|  0%| F|  |TAMS 0x000000070fb00000, 0x000000070fb00000| Untracked 
| 252|0x000000070fc00000, 0x000000070fc00000, 0x000000070fd00000|  0%| F|  |TAMS 0x000000070fc00000, 0x000000070fc00000| Untracked 
| 253|0x000000070fd00000, 0x000000070fd00000, 0x000000070fe00000|  0%| F|  |TAMS 0x000000070fd00000, 0x000000070fd00000| Untracked 

Card table byte_map: [0x000001d23bc00000,0x000001d23c400000] _byte_map_base: 0x000001d238400000

Marking Bits (Prev, Next): (CMBitMap*) 0x000001d22860d888, (CMBitMap*) 0x000001d22860d8c0
 Prev Bits: [0x000001d23cc00000, 0x000001d240c00000)
 Next Bits: [0x000001d240c00000, 0x000001d244c00000)

Polling page: 0x000001d226580000

Metaspace:

Usage:
  Non-class:     50.86 MB capacity,    50.00 MB ( 98%) used,   717.05 KB (  1%) free+waste,   167.69 KB ( <1%) overhead. 
      Class:      7.83 MB capacity,     7.22 MB ( 92%) used,   540.22 KB (  7%) free+waste,    80.81 KB (  1%) overhead. 
       Both:     58.69 MB capacity,    57.22 MB ( 97%) used,     1.23 MB (  2%) free+waste,   248.50 KB ( <1%) overhead. 

Virtual space:
  Non-class space:       52.00 MB reserved,      50.92 MB ( 98%) committed 
      Class space:        1.00 GB reserved,       7.88 MB ( <1%) committed 
             Both:        1.05 GB reserved,      58.80 MB (  5%) committed 

Chunk freelists:
   Non-Class:  63.00 KB
       Class:  18.00 KB
        Both:  81.00 KB

MaxMetaspaceSize: 17179869184.00 GB
CompressedClassSpaceSize: 1.00 GB
Initial GC threshold: 20.80 MB
Current GC threshold: 58.83 MB
CDS: off

CodeHeap 'non-profiled nmethods': size=120000Kb used=3363Kb max_used=3363Kb free=116636Kb
 bounds [0x000001d233ba0000, 0x000001d233ef0000, 0x000001d23b0d0000]
CodeHeap 'profiled nmethods': size=120000Kb used=12491Kb max_used=12491Kb free=107508Kb
 bounds [0x000001d22c670000, 0x000001d22d2b0000, 0x000001d233ba0000]
CodeHeap 'non-nmethods': size=5760Kb used=2338Kb max_used=2373Kb free=3421Kb
 bounds [0x000001d22c0d0000, 0x000001d22c340000, 0x000001d22c670000]
 total_blobs=6772 nmethods=5928 adapters=756
 compilation: enabled
              stopped_count=0, restarted_count=0
 full_count=0

Compilation events (20 events):
Event: 11.649 Thread 0x000001d24b483800 5903       4       org.gradle.internal.reflect.MethodSet$MethodKey::<init> (6 bytes)
Event: 11.649 Thread 0x000001d248088800 5929       3       java.lang.invoke.BoundMethodHandle$Specializer$Factory::chooseFieldName (25 bytes)
Event: 11.651 Thread 0x000001d248088800 nmethod 5929 0x000001d22d29bd90 code [0x000001d22d29c080, 0x000001d22d29cd98]
Event: 11.651 Thread 0x000001d248088800 5930       3       java.lang.invoke.LambdaFormBuffer::insertName (106 bytes)
Event: 11.651 Thread 0x000001d248088800 nmethod 5930 0x000001d22d29d290 code [0x000001d22d29d460, 0x000001d22d29d678]
Event: 11.654 Thread 0x000001d248088800 5933       3       java.lang.invoke.LambdaFormBuffer::insertExpression (30 bytes)
Event: 11.654 Thread 0x000001d248088800 nmethod 5933 0x000001d22d29d790 code [0x000001d22d29d940, 0x000001d22d29da88]
Event: 11.654 Thread 0x000001d24b483800 nmethod 5903 0x000001d233ee8010 code [0x000001d233ee81a0, 0x000001d233ee8498]
Event: 11.655 Thread 0x000001d248088800 5935       3       java.util.ArrayList::rangeCheckForAdd (26 bytes)
Event: 11.657 Thread 0x000001d248088800 nmethod 5935 0x000001d22d29db10 code [0x000001d22d29dd60, 0x000001d22d29e3e8]
Event: 11.660 Thread 0x000001d248088800 5938       3       jdk.internal.loader.URLClassPath$1::next (59 bytes)
Event: 11.661 Thread 0x000001d248088800 nmethod 5938 0x000001d22d29e710 code [0x000001d22d29e900, 0x000001d22d29ecf8]
Event: 11.668 Thread 0x000001d24b483800 5939       4       java.lang.invoke.LambdaForm::uncustomize (57 bytes)
Event: 11.669 Thread 0x000001d24b483800 nmethod 5939 0x000001d233ee8c10 code [0x000001d233ee8da0, 0x000001d233ee8e18]
Event: 11.670 Thread 0x000001d248088800 5940       3       java.util.concurrent.ConcurrentHashMap::values (25 bytes)
Event: 11.670 Thread 0x000001d248088800 nmethod 5940 0x000001d22d29ee10 code [0x000001d22d29efe0, 0x000001d22d29f378]
Event: 11.673 Thread 0x000001d248088800 5942       3       org.gradle.internal.isolated.IsolationScheme::inferParameterType (130 bytes)
Event: 11.675 Thread 0x000001d248088800 nmethod 5942 0x000001d22d29f490 code [0x000001d22d29f860, 0x000001d22d2a1758]
Event: 11.675 Thread 0x000001d248088800 5941       3       org.gradle.internal.isolated.IsolationScheme::parameterTypeFor (115 bytes)
Event: 11.676 Thread 0x000001d248088800 nmethod 5941 0x000001d22d2a2090 code [0x000001d22d2a2300, 0x000001d22d2a2d48]

GC Heap History (17 events):
Event: 1.421 GC heap before
{Heap before GC invocations=0 (full 0):
 garbage-first heap   total 260096K, used 29696K [0x0000000700000000, 0x0000000800000000)
  region size 1024K, 24 young (24576K), 0 survivors (0K)
 Metaspace       used 10129K, capacity 10335K, committed 10624K, reserved 1058816K
  class space    used 1033K, capacity 1106K, committed 1152K, reserved 1048576K
}
Event: 1.428 GC heap after
{Heap after GC invocations=1 (full 0):
 garbage-first heap   total 260096K, used 9434K [0x0000000700000000, 0x0000000800000000)
  region size 1024K, 3 young (3072K), 3 survivors (3072K)
 Metaspace       used 10129K, capacity 10335K, committed 10624K, reserved 1058816K
  class space    used 1033K, capacity 1106K, committed 1152K, reserved 1048576K
}
Event: 1.919 GC heap before
{Heap before GC invocations=1 (full 0):
 garbage-first heap   total 260096K, used 30938K [0x0000000700000000, 0x0000000800000000)
  region size 1024K, 24 young (24576K), 3 survivors (3072K)
 Metaspace       used 11224K, capacity 11516K, committed 11776K, reserved 1060864K
  class space    used 1154K, capacity 1244K, committed 1280K, reserved 1048576K
}
Event: 1.922 GC heap after
{Heap after GC invocations=2 (full 0):
 garbage-first heap   total 260096K, used 9960K [0x0000000700000000, 0x0000000800000000)
  region size 1024K, 1 young (1024K), 1 survivors (1024K)
 Metaspace       used 11224K, capacity 11516K, committed 11776K, reserved 1060864K
  class space    used 1154K, capacity 1244K, committed 1280K, reserved 1048576K
}
Event: 3.902 GC heap before
{Heap before GC invocations=2 (full 0):
 garbage-first heap   total 260096K, used 64232K [0x0000000700000000, 0x0000000800000000)
  region size 1024K, 53 young (54272K), 1 survivors (1024K)
 Metaspace       used 18361K, capacity 18805K, committed 19072K, reserved 1067008K
  class space    used 2167K, capacity 2317K, committed 2432K, reserved 1048576K
}
Event: 3.908 GC heap after
{Heap after GC invocations=3 (full 0):
 garbage-first heap   total 260096K, used 16616K [0x0000000700000000, 0x0000000800000000)
  region size 1024K, 7 young (7168K), 7 survivors (7168K)
 Metaspace       used 18361K, capacity 18805K, committed 19072K, reserved 1067008K
  class space    used 2167K, capacity 2317K, committed 2432K, reserved 1048576K
}
Event: 4.196 GC heap before
{Heap before GC invocations=3 (full 0):
 garbage-first heap   total 260096K, used 38120K [0x0000000700000000, 0x0000000800000000)
  region size 1024K, 29 young (29696K), 7 survivors (7168K)
 Metaspace       used 20764K, capacity 21191K, committed 21296K, reserved 1069056K
  class space    used 2525K, capacity 2685K, committed 2688K, reserved 1048576K
}
Event: 4.206 GC heap after
{Heap after GC invocations=4 (full 0):
 garbage-first heap   total 260096K, used 17470K [0x0000000700000000, 0x0000000800000000)
  region size 1024K, 1 young (1024K), 1 survivors (1024K)
 Metaspace       used 20764K, capacity 21191K, committed 21296K, reserved 1069056K
  class space    used 2525K, capacity 2685K, committed 2688K, reserved 1048576K
}
Event: 5.252 GC heap before
{Heap before GC invocations=5 (full 0):
 garbage-first heap   total 260096K, used 88126K [0x0000000700000000, 0x0000000800000000)
  region size 1024K, 71 young (72704K), 1 survivors (1024K)
 Metaspace       used 27828K, capacity 28539K, committed 28720K, reserved 1075200K
  class space    used 3651K, capacity 3915K, committed 3968K, reserved 1048576K
}
Event: 5.257 GC heap after
{Heap after GC invocations=6 (full 0):
 garbage-first heap   total 260096K, used 19722K [0x0000000700000000, 0x0000000800000000)
  region size 1024K, 4 young (4096K), 4 survivors (4096K)
 Metaspace       used 27828K, capacity 28539K, committed 28720K, reserved 1075200K
  class space    used 3651K, capacity 3915K, committed 3968K, reserved 1048576K
}
Event: 6.257 GC heap before
{Heap before GC invocations=6 (full 0):
 garbage-first heap   total 260096K, used 71946K [0x0000000700000000, 0x0000000800000000)
  region size 1024K, 56 young (57344K), 4 survivors (4096K)
 Metaspace       used 34869K, capacity 35728K, committed 35888K, reserved 1081344K
  class space    used 4559K, capacity 4889K, committed 4992K, reserved 1048576K
}
Event: 6.268 GC heap after
{Heap after GC invocations=7 (full 0):
 garbage-first heap   total 260096K, used 22724K [0x0000000700000000, 0x0000000800000000)
  region size 1024K, 7 young (7168K), 7 survivors (7168K)
 Metaspace       used 34869K, capacity 35728K, committed 35888K, reserved 1081344K
  class space    used 4559K, capacity 4889K, committed 4992K, reserved 1048576K
}
Event: 8.256 GC heap before
{Heap before GC invocations=8 (full 0):
 garbage-first heap   total 260096K, used 136388K [0x0000000700000000, 0x0000000800000000)
  region size 1024K, 115 young (117760K), 7 survivors (7168K)
 Metaspace       used 45124K, capacity 46124K, committed 46256K, reserved 1089536K
  class space    used 5714K, capacity 6118K, committed 6144K, reserved 1048576K
}
Event: 8.341 GC heap after
{Heap after GC invocations=9 (full 0):
 garbage-first heap   total 260096K, used 30552K [0x0000000700000000, 0x0000000800000000)
  region size 1024K, 14 young (14336K), 14 survivors (14336K)
 Metaspace       used 45124K, capacity 46124K, committed 46256K, reserved 1089536K
  class space    used 5714K, capacity 6118K, committed 6144K, reserved 1048576K
}
Event: 10.949 GC heap before
{Heap before GC invocations=9 (full 0):
 garbage-first heap   total 260096K, used 173912K [0x0000000700000000, 0x0000000800000000)
  region size 1024K, 152 young (155648K), 14 survivors (14336K)
 Metaspace       used 54951K, capacity 56366K, committed 56624K, reserved 1097728K
  class space    used 6938K, capacity 7467K, committed 7552K, reserved 1048576K
}
Event: 10.969 GC heap after
{Heap after GC invocations=10 (full 0):
 garbage-first heap   total 260096K, used 42570K [0x0000000700000000, 0x0000000800000000)
  region size 1024K, 18 young (18432K), 18 survivors (18432K)
 Metaspace       used 54951K, capacity 56366K, committed 56624K, reserved 1097728K
  class space    used 6938K, capacity 7467K, committed 7552K, reserved 1048576K
}
Event: 11.707 GC heap before
{Heap before GC invocations=10 (full 0):
 garbage-first heap   total 260096K, used 69194K [0x0000000700000000, 0x0000000800000000)
  region size 1024K, 45 young (46080K), 18 survivors (18432K)
 Metaspace       used 58589K, capacity 60095K, committed 60208K, reserved 1101824K
  class space    used 7392K, capacity 8014K, committed 8064K, reserved 1048576K
}

Deoptimization events (20 events):
Event: 10.565 Thread 0x000001d24a0fc800 Uncommon trap: trap_request=0xffffff4d fr.pc=0x000001d233bee60c relative=0x000000000000044c
Event: 10.565 Thread 0x000001d24a0fc800 Uncommon trap: reason=unstable_if action=reinterpret pc=0x000001d233bee60c method=java.lang.AbstractStringBuilder.putStringAt(ILjava/lang/String;)V @ 8 c2
Event: 10.565 Thread 0x000001d24a0fc800 DEOPT PACKING pc=0x000001d233bee60c sp=0x000000834e4f5280
Event: 10.565 Thread 0x000001d24a0fc800 DEOPT UNPACKING pc=0x000001d22c11a1af sp=0x000000834e4f51e0 mode 2
Event: 10.709 Thread 0x000001d24a0fc800 Uncommon trap: trap_request=0xffffff4d fr.pc=0x000001d233d0d318 relative=0x0000000000000918
Event: 10.710 Thread 0x000001d24a0fc800 Uncommon trap: reason=unstable_if action=reinterpret pc=0x000001d233d0d318 method=java.io.BufferedInputStream.read([BII)I @ 56 c2
Event: 10.710 Thread 0x000001d24a0fc800 DEOPT PACKING pc=0x000001d233d0d318 sp=0x000000834e4f7100
Event: 10.710 Thread 0x000001d24a0fc800 DEOPT UNPACKING pc=0x000001d22c11a1af sp=0x000000834e4f70b8 mode 2
Event: 10.805 Thread 0x000001d24a0fc800 Uncommon trap: trap_request=0xffffffc6 fr.pc=0x000001d233e68eb8 relative=0x0000000000000378
Event: 10.805 Thread 0x000001d24a0fc800 Uncommon trap: reason=bimorphic_or_optimized_type_check action=maybe_recompile pc=0x000001d233e68eb8 method=com.google.common.collect.RegularImmutableSet.contains(Ljava/lang/Object;)Z @ 42 c2
Event: 10.805 Thread 0x000001d24a0fc800 DEOPT PACKING pc=0x000001d233e68eb8 sp=0x000000834e4f7af0
Event: 10.805 Thread 0x000001d24a0fc800 DEOPT UNPACKING pc=0x000001d22c11a1af sp=0x000000834e4f7a90 mode 2
Event: 11.052 Thread 0x000001d24a0fc800 Uncommon trap: trap_request=0xfffffff4 fr.pc=0x000001d233e418ec relative=0x000000000000030c
Event: 11.052 Thread 0x000001d24a0fc800 Uncommon trap: reason=null_check action=make_not_entrant pc=0x000001d233e418ec method=java.lang.ThreadLocal$ThreadLocalMap.getEntryAfterMiss(Ljava/lang/ThreadLocal;ILjava/lang/ThreadLocal$ThreadLocalMap$Entry;)Ljava/lang/ThreadLocal$ThreadLocalMap$Entry; 
Event: 11.052 Thread 0x000001d24a0fc800 DEOPT PACKING pc=0x000001d233e418ec sp=0x000000834e4f8180
Event: 11.052 Thread 0x000001d24a0fc800 DEOPT UNPACKING pc=0x000001d22c11a1af sp=0x000000834e4f8038 mode 2
Event: 11.286 Thread 0x000001d24a0fc800 Uncommon trap: trap_request=0xffffffde fr.pc=0x000001d233dcad74 relative=0x00000000000012f4
Event: 11.287 Thread 0x000001d24a0fc800 Uncommon trap: reason=class_check action=maybe_recompile pc=0x000001d233dcad74 method=jdk.internal.loader.BuiltinClassLoader.loadClassOrNull(Ljava/lang/String;Z)Ljava/lang/Class; @ 86 c2
Event: 11.287 Thread 0x000001d24a0fc800 DEOPT PACKING pc=0x000001d233dcad74 sp=0x000000834e4f5840
Event: 11.287 Thread 0x000001d24a0fc800 DEOPT UNPACKING pc=0x000001d22c11a1af sp=0x000000834e4f57f8 mode 2

Classes redefined (0 events):
No events

Internal exceptions (20 events):
Event: 10.054 Thread 0x000001d24a0fc800 Exception <a 'java/lang/ClassNotFoundException'{0x0000000709b5c728}: org/gradle/api/internal/plugins/DefaultObjectConfigurationActionBeanInfo> (0x0000000709b5c728) thrown at [src/hotspot/share/classfile/systemDictionary.cpp, line 230]
Event: 10.056 Thread 0x000001d24a0fc800 Exception <a 'java/lang/ClassNotFoundException'{0x0000000709b92db8}: org/gradle/api/internal/plugins/DefaultObjectConfigurationActionCustomizer> (0x0000000709b92db8) thrown at [src/hotspot/share/classfile/systemDictionary.cpp, line 230]
Event: 10.346 Thread 0x000001d24a0fc800 Exception <a 'java/lang/NoSuchMethodError'{0x00000007090ac028}: 'java.lang.Object java.lang.invoke.DirectMethodHandle$Holder.invokeStatic(java.lang.Object, java.lang.Object, java.lang.Object, java.lang.Object, int)'> (0x00000007090ac028) thrown at [src/hotspot/share/interpreter/linkResolver.cpp, line 773]
Event: 10.347 Thread 0x000001d24a0fc800 Exception <a 'java/lang/NoSuchMethodError'{0x00000007090b0a20}: 'java.lang.Object java.lang.invoke.DirectMethodHandle$Holder.invokeSpecial(java.lang.Object, java.lang.Object, java.lang.Object, java.lang.Object, java.lang.Object, int)'> (0x00000007090b0a20) thrown at [src/hotspot/share/interpreter/linkResolver.cpp, line 773]
Event: 10.347 Thread 0x000001d24a0fc800 Exception <a 'java/lang/NoSuchMethodError'{0x00000007090b5060}: 'java.lang.Object java.lang.invoke.Invokers$Holder.linkToTargetMethod(java.lang.Object, java.lang.Object, java.lang.Object, int, java.lang.Object)'> (0x00000007090b5060) thrown at [src/hotspot/share/interpreter/linkResolver.cpp, line 773]
Event: 10.367 Thread 0x000001d24a0fc800 Exception <a 'java/lang/NoSuchMethodError'{0x0000000708f7cae8}: 'java.lang.Object java.lang.invoke.Invokers$Holder.linkToTargetMethod(java.lang.Object, int, int, java.lang.Object)'> (0x0000000708f7cae8) thrown at [src/hotspot/share/interpreter/linkResolver.cpp, line 773]
Event: 10.371 Thread 0x000001d24a0fc800 Exception <a 'java/lang/NoSuchMethodError'{0x0000000708f94748}: 'java.lang.Object java.lang.invoke.DirectMethodHandle$Holder.invokeStatic(java.lang.Object, java.lang.Object, int, int, java.lang.Object, java.lang.Object)'> (0x0000000708f94748) thrown at [src/hotspot/share/interpreter/linkResolver.cpp, line 773]
Event: 10.755 Thread 0x000001d24a0fc800 Exception <a 'java/lang/NoSuchMethodError'{0x0000000707153ec0}: 'java.lang.Object java.lang.invoke.DirectMethodHandle$Holder.invokeStatic(java.lang.Object, java.lang.Object, java.lang.Object, java.lang.Object, java.lang.Object, java.lang.Object, java.lang.Object, java.lang.Object, java.lang.Object, java.lang.Object, java.lang.Object, java.lang.Object, java.lang.Object, int)'> (0x0000000707153ec0) thrown at [src/hotspot/share/interpreter/linkResolver.cpp, line 773]
Event: 10.756 Thread 0x000001d24a0fc800 Exception <a 'java/lang/NoSuchMethodError'{0x00000007071618a8}: 'java.lang.Object java.lang.invoke.DirectMethodHandle$Holder.invokeStatic(java.lang.Object, java.lang.Object, java.lang.Object, java.lang.Object, java.lang.Object, java.lang.Object, java.lang.Object, java.lang.Object, java.lang.Object, java.lang.Object, java.lang.Object, java.lang.Object, java.lang.Object, int, int)'> (0x00000007071618a8) thrown at [src/hotspot/share/interpreter/linkResolver.cpp, line 773]
Event: 10.801 Thread 0x000001d24a0fc800 Exception <a 'java/lang/NoSuchMethodError'{0x0000000706fb9208}: 'int java.lang.invoke.DirectMethodHandle$Holder.invokeInterface(java.lang.Object, java.lang.Object, java.lang.Object, java.lang.Object)'> (0x0000000706fb9208) thrown at [src/hotspot/share/interpreter/linkResolver.cpp, line 773]
Event: 11.052 Thread 0x000001d24a0fc800 Implicit null exception at 0x000001d233e416c3 to 0x000001d233e418d4
Event: 11.391 Thread 0x000001d24a0fc800 Exception <a 'java/lang/NoSuchMethodError'{0x000000070eeb2a40}: 'java.lang.Object java.lang.invoke.DirectMethodHandle$Holder.invokeSpecial(java.lang.Object, java.lang.Object, int, int, int, java.lang.Object, java.lang.Object, java.lang.Object, java.lang.Object)'> (0x000000070eeb2a40) thrown at [src/hotspot/share/interpreter/linkResolver.cpp, line 773]
Event: 11.392 Thread 0x000001d24a0fc800 Exception <a 'java/lang/NoSuchMethodError'{0x000000070eeb71e8}: 'java.lang.Object java.lang.invoke.DelegatingMethodHandle$Holder.reinvoke_L(java.lang.Object, int, int, int, java.lang.Object, java.lang.Object, java.lang.Object, java.lang.Object)'> (0x000000070eeb71e8) thrown at [src/hotspot/share/interpreter/linkResolver.cpp, line 773]
Event: 11.393 Thread 0x000001d24a0fc800 Exception <a 'java/lang/NoSuchMethodError'{0x000000070eebf948}: 'java.lang.Object java.lang.invoke.DirectMethodHandle$Holder.invokeStatic(java.lang.Object, java.lang.Object, java.lang.Object, java.lang.Object, java.lang.Object, int)'> (0x000000070eebf948) thrown at [src/hotspot/share/interpreter/linkResolver.cpp, line 773]
Event: 11.640 Thread 0x000001d24a0fc800 Exception <a 'java/lang/NoSuchMethodError'{0x000000070e59bd80}: 'java.lang.Object java.lang.invoke.DirectMethodHandle$Holder.invokeSpecial(java.lang.Object, java.lang.Object, int, int, java.lang.Object, java.lang.Object, java.lang.Object)'> (0x000000070e59bd80) thrown at [src/hotspot/share/interpreter/linkResolver.cpp, line 773]
Event: 11.640 Thread 0x000001d24a0fc800 Exception <a 'java/lang/NoSuchMethodError'{0x000000070e5a0850}: 'java.lang.Object java.lang.invoke.DelegatingMethodHandle$Holder.reinvoke_L(java.lang.Object, int, int, java.lang.Object, java.lang.Object, java.lang.Object)'> (0x000000070e5a0850) thrown at [src/hotspot/share/interpreter/linkResolver.cpp, line 773]
Event: 11.645 Thread 0x000001d24a0fc800 Exception <a 'java/lang/NoSuchMethodError'{0x000000070e5b7120}: 'java.lang.Object java.lang.invoke.DirectMethodHandle$Holder.invokeStatic(java.lang.Object, java.lang.Object, java.lang.Object, java.lang.Object, int, int)'> (0x000000070e5b7120) thrown at [src/hotspot/share/interpreter/linkResolver.cpp, line 773]
Event: 11.649 Thread 0x000001d24a0fc800 Exception <a 'java/lang/NoSuchMethodError'{0x000000070e5cd798}: 'java.lang.Object java.lang.invoke.DirectMethodHandle$Holder.invokeStatic(java.lang.Object, java.lang.Object, java.lang.Object, java.lang.Object, int, int, java.lang.Object)'> (0x000000070e5cd798) thrown at [src/hotspot/share/interpreter/linkResolver.cpp, line 773]
Event: 11.653 Thread 0x000001d24a0fc800 Exception <a 'java/lang/NoSuchMethodError'{0x000000070e5e5788}: 'java.lang.Object java.lang.invoke.DirectMethodHandle$Holder.invokeStatic(java.lang.Object, java.lang.Object, java.lang.Object, java.lang.Object, int, int, java.lang.Object, java.lang.Object)'> (0x000000070e5e5788) thrown at [src/hotspot/share/interpreter/linkResolver.cpp, line 773]
Event: 11.657 Thread 0x000001d24a0fc800 Exception <a 'java/lang/NoSuchMethodError'{0x000000070e5fed00}: 'java.lang.Object java.lang.invoke.DirectMethodHandle$Holder.invokeStatic(java.lang.Object, java.lang.Object, java.lang.Object, java.lang.Object, int, int, java.lang.Object, java.lang.Object, java.lang.Object)'> (0x000000070e5fed00) thrown at [src/hotspot/share/interpreter/linkResolver.cpp, line 773]

Events (20 events):
Event: 11.705 loading class sun/util/logging/internal/LoggingProviderImpl$JULWrapper done
Event: 11.705 loading class javax/management/MBeanOperationInfo
Event: 11.705 loading class javax/management/MBeanOperationInfo done
Event: 11.705 loading class javax/management/MBeanConstructorInfo
Event: 11.705 loading class javax/management/MBeanConstructorInfo done
Event: 11.705 loading class javax/management/ImmutableDescriptor
Event: 11.706 loading class javax/management/Descriptor
Event: 11.706 loading class javax/management/Descriptor done
Event: 11.706 loading class javax/management/ImmutableDescriptor done
Event: 11.706 loading class com/sun/jmx/mbeanserver/ClassLoaderRepositorySupport
Event: 11.706 loading class com/sun/jmx/mbeanserver/ModifiableClassLoaderRepository
Event: 11.706 loading class javax/management/loading/ClassLoaderRepository
Event: 11.706 loading class javax/management/loading/ClassLoaderRepository done
Event: 11.706 loading class com/sun/jmx/mbeanserver/ModifiableClassLoaderRepository done
Event: 11.706 loading class com/sun/jmx/mbeanserver/ClassLoaderRepositorySupport done
Event: 11.706 loading class com/sun/jmx/mbeanserver/ClassLoaderRepositorySupport$LoaderEntry
Event: 11.707 loading class com/sun/jmx/mbeanserver/ClassLoaderRepositorySupport$LoaderEntry done
Event: 11.707 loading class com/sun/jmx/mbeanserver/MBeanInstantiator
Event: 11.707 loading class com/sun/jmx/mbeanserver/MBeanInstantiator done
Event: 11.707 Executing VM operation: CollectForMetadataAllocation


Dynamic libraries:
0x00007ff7e6370000 - 0x00007ff7e637a000 	D:\projetos\Android Studio\jbr\bin\java.exe
0x00007ffdeb940000 - 0x00007ffdebb49000 	C:\WINDOWS\SYSTEM32\ntdll.dll
0x00007ffdea0e0000 - 0x00007ffdea19e000 	C:\WINDOWS\System32\KERNEL32.DLL
0x00007ffde90d0000 - 0x00007ffde9454000 	C:\WINDOWS\System32\KERNELBASE.dll
0x00007ffde95f0000 - 0x00007ffde9701000 	C:\WINDOWS\System32\ucrtbase.dll
0x00007ffdcc420000 - 0x00007ffdcc437000 	D:\projetos\Android Studio\jbr\bin\jli.dll
0x00007ffdcc320000 - 0x00007ffdcc33b000 	D:\projetos\Android Studio\jbr\bin\VCRUNTIME140.dll
0x00007ffde9850000 - 0x00007ffde99fd000 	C:\WINDOWS\System32\USER32.dll
0x00007ffdcc060000 - 0x00007ffdcc305000 	C:\WINDOWS\WinSxS\amd64_microsoft.windows.common-controls_6595b64144ccf1df_6.0.22000.120_none_9d947278b86cc467\COMCTL32.dll
0x00007ffde95c0000 - 0x00007ffde95e6000 	C:\WINDOWS\System32\win32u.dll
0x00007ffdea200000 - 0x00007ffdea22a000 	C:\WINDOWS\System32\GDI32.dll
0x00007ffde9a00000 - 0x00007ffde9aa3000 	C:\WINDOWS\System32\msvcrt.dll
0x00007ffde8f40000 - 0x00007ffde905f000 	C:\WINDOWS\System32\gdi32full.dll
0x00007ffde9520000 - 0x00007ffde95bd000 	C:\WINDOWS\System32\msvcp_win.dll
0x00007ffdea5b0000 - 0x00007ffdea5e1000 	C:\WINDOWS\System32\IMM32.DLL
0x00007ffdd0e90000 - 0x00007ffdd0e9c000 	D:\projetos\Android Studio\jbr\bin\vcruntime140_1.dll
0x00007ffdb9a20000 - 0x00007ffdb9aad000 	D:\projetos\Android Studio\jbr\bin\msvcp140.dll
0x00007ffd980a0000 - 0x00007ffd98c5c000 	D:\projetos\Android Studio\jbr\bin\server\jvm.dll
0x00007ffde9b90000 - 0x00007ffde9c3f000 	C:\WINDOWS\System32\ADVAPI32.dll
0x00007ffdeb5d0000 - 0x00007ffdeb66e000 	C:\WINDOWS\System32\sechost.dll
0x00007ffdeb4a0000 - 0x00007ffdeb5c1000 	C:\WINDOWS\System32\RPCRT4.dll
0x00007ffde97a0000 - 0x00007ffde97a8000 	C:\WINDOWS\System32\PSAPI.DLL
0x00007ffdcabe0000 - 0x00007ffdcabe9000 	C:\WINDOWS\SYSTEM32\WSOCK32.dll
0x00007ffdddf00000 - 0x00007ffdddf0a000 	C:\WINDOWS\SYSTEM32\VERSION.dll
0x00007ffdeaa50000 - 0x00007ffdeaabf000 	C:\WINDOWS\System32\WS2_32.dll
0x00007ffddf9a0000 - 0x00007ffddf9d3000 	C:\WINDOWS\SYSTEM32\WINMM.dll
0x00007ffde7f30000 - 0x00007ffde7f48000 	C:\WINDOWS\SYSTEM32\kernel.appcore.dll
0x00007ffdde800000 - 0x00007ffdde810000 	D:\projetos\Android Studio\jbr\bin\verify.dll
0x00007ffde3830000 - 0x00007ffde3a51000 	C:\WINDOWS\SYSTEM32\DBGHELP.DLL
0x00007ffdc8590000 - 0x00007ffdc85c1000 	C:\WINDOWS\SYSTEM32\dbgcore.DLL
0x00007ffde9710000 - 0x00007ffde978f000 	C:\WINDOWS\System32\bcryptPrimitives.dll
0x00007ffd99080000 - 0x00007ffd990a8000 	D:\projetos\Android Studio\jbr\bin\java.dll
0x00007ffda13c0000 - 0x00007ffda13ca000 	D:\projetos\Android Studio\jbr\bin\jimage.dll
0x00007ffd99060000 - 0x00007ffd99078000 	D:\projetos\Android Studio\jbr\bin\zip.dll
0x00007ffdeacd0000 - 0x00007ffdeb495000 	C:\WINDOWS\System32\SHELL32.dll
0x00007ffde6eb0000 - 0x00007ffde7712000 	C:\WINDOWS\SYSTEM32\windows.storage.dll
0x00007ffdea230000 - 0x00007ffdea5a6000 	C:\WINDOWS\System32\combase.dll
0x00007ffde6d40000 - 0x00007ffde6ea7000 	C:\WINDOWS\SYSTEM32\wintypes.dll
0x00007ffdea730000 - 0x00007ffdea81a000 	C:\WINDOWS\System32\SHCORE.dll
0x00007ffdea1a0000 - 0x00007ffdea1fd000 	C:\WINDOWS\System32\shlwapi.dll
0x00007ffde8d00000 - 0x00007ffde8d25000 	C:\WINDOWS\SYSTEM32\profapi.dll
0x00007ffdb25e0000 - 0x00007ffdb25f9000 	D:\projetos\Android Studio\jbr\bin\net.dll
0x00007ffde0420000 - 0x00007ffde0534000 	C:\WINDOWS\SYSTEM32\WINHTTP.dll
0x00007ffde83e0000 - 0x00007ffde8447000 	C:\WINDOWS\system32\mswsock.dll
0x00007ffd99040000 - 0x00007ffd99053000 	D:\projetos\Android Studio\jbr\bin\nio.dll
0x00007ffdad180000 - 0x00007ffdad1a7000 	C:\Users\jorge\.gradle\native\e1d6ef7f7dcc3fd88c89a11ec53ec762bb8ba0a96d01ffa2cd45eb1d1d8dd5c5\windows-amd64\native-platform.dll
0x00007ffdb98d0000 - 0x00007ffdb9a14000 	C:\Users\jorge\.gradle\native\0d407fdbe67a94daf76414ababcb853783967236a71b16ec16e742cd7a986fd3\windows-amd64\native-platform-file-events.dll
0x00007ffda13b0000 - 0x00007ffda13ba000 	D:\projetos\Android Studio\jbr\bin\management.dll
0x00007ffd99030000 - 0x00007ffd9903b000 	D:\projetos\Android Studio\jbr\bin\management_ext.dll
0x00007ffde8620000 - 0x00007ffde8638000 	C:\WINDOWS\SYSTEM32\CRYPTSP.dll
0x00007ffde7e90000 - 0x00007ffde7ec5000 	C:\WINDOWS\system32\rsaenh.dll
0x00007ffde84d0000 - 0x00007ffde84fc000 	C:\WINDOWS\SYSTEM32\USERENV.dll
0x00007ffde87a0000 - 0x00007ffde87c7000 	C:\WINDOWS\SYSTEM32\bcrypt.dll
0x00007ffde8640000 - 0x00007ffde864c000 	C:\WINDOWS\SYSTEM32\CRYPTBASE.dll
0x00007ffde79d0000 - 0x00007ffde79fd000 	C:\WINDOWS\SYSTEM32\IPHLPAPI.DLL
0x00007ffdea820000 - 0x00007ffdea829000 	C:\WINDOWS\System32\NSI.dll
0x00007ffddf920000 - 0x00007ffddf939000 	C:\WINDOWS\SYSTEM32\dhcpcsvc6.DLL
0x00007ffddfcd0000 - 0x00007ffddfcee000 	C:\WINDOWS\SYSTEM32\dhcpcsvc.DLL
0x00007ffde7a00000 - 0x00007ffde7ae7000 	C:\WINDOWS\SYSTEM32\DNSAPI.dll

dbghelp: loaded successfully - version: 4.0.5 - missing functions: none
symbol engine: initialized successfully - sym options: 0x614 - pdb path: .;D:\projetos\Android Studio\jbr\bin;C:\WINDOWS\SYSTEM32;C:\WINDOWS\WinSxS\amd64_microsoft.windows.common-controls_6595b64144ccf1df_6.0.22000.120_none_9d947278b86cc467;D:\projetos\Android Studio\jbr\bin\server;C:\Users\jorge\.gradle\native\e1d6ef7f7dcc3fd88c89a11ec53ec762bb8ba0a96d01ffa2cd45eb1d1d8dd5c5\windows-amd64;C:\Users\jorge\.gradle\native\0d407fdbe67a94daf76414ababcb853783967236a71b16ec16e742cd7a986fd3\windows-amd64

VM Arguments:
jvm_args: --add-opens=java.base/java.util=ALL-UNNAMED --add-opens=java.base/java.lang=ALL-UNNAMED --add-opens=java.base/java.lang.invoke=ALL-UNNAMED --add-opens=java.base/java.util=ALL-UNNAMED --add-opens=java.prefs/java.util.prefs=ALL-UNNAMED --add-opens=java.prefs/java.util.prefs=ALL-UNNAMED --add-opens=java.base/java.nio.charset=ALL-UNNAMED --add-opens=java.base/java.net=ALL-UNNAMED --add-opens=java.base/java.util.concurrent.atomic=ALL-UNNAMED -Xmx4096m -Dfile.encoding=windows-1252 -Duser.country=BR -Duser.language=pt -Duser.variant 
java_command: org.gradle.launcher.daemon.bootstrap.GradleDaemon 7.5
java_class_path (initial): C:\Users\jorge\.gradle\wrapper\dists\gradle-7.5-bin\f1w0cc9nuo0eivz97x2xlu9sv\gradle-7.5\lib\gradle-launcher-7.5.jar
Launcher Type: SUN_STANDARD

[Global flags]
     intx CICompilerCount                          = 4                                         {product} {ergonomic}
     uint ConcGCThreads                            = 2                                         {product} {ergonomic}
     uint G1ConcRefinementThreads                  = 8                                         {product} {ergonomic}
   size_t G1HeapRegionSize                         = 1048576                                   {product} {ergonomic}
    uintx GCDrainStackTargetSize                   = 64                                        {product} {ergonomic}
   size_t InitialHeapSize                          = 266338304                                 {product} {ergonomic}
   size_t MarkStackSize                            = 4194304                                   {product} {ergonomic}
   size_t MaxHeapSize                              = 4294967296                                {product} {command line}
   size_t MaxNewSize                               = 2576351232                                {product} {ergonomic}
   size_t MinHeapDeltaBytes                        = 1048576                                   {product} {ergonomic}
    uintx NonNMethodCodeHeapSize                   = 5836300                                {pd product} {ergonomic}
    uintx NonProfiledCodeHeapSize                  = 122910970                              {pd product} {ergonomic}
    uintx ProfiledCodeHeapSize                     = 122910970                              {pd product} {ergonomic}
    uintx ReservedCodeCacheSize                    = 251658240                              {pd product} {ergonomic}
     bool SegmentedCodeCache                       = true                                      {product} {ergonomic}
     bool UseCompressedClassPointers               = true                                 {lp64_product} {ergonomic}
     bool UseCompressedOops                        = true                                 {lp64_product} {ergonomic}
     bool UseG1GC                                  = true                                      {product} {ergonomic}
     bool UseLargePagesIndividualAllocation        = false                                  {pd product} {ergonomic}

Logging:
Log output configuration:
 #0: stdout all=warning uptime,level,tags
 #1: stderr all=off uptime,level,tags

Environment Variables:
PATH=C:\Program Files\Common Files\Oracle\Java\javapath;C:\Program Files (x86)\Common Files\Oracle\Java\javapath;C:\Program Files\Java\jdk-15.0.2\bin;C:\Program Files (x86)\Intel\Intel(R) Management Engine Components\iCLS\;C:\Program Files\Intel\Intel(R) Management Engine Components\iCLS\;C:\Windows\system32;C:\Windows;C:\Windows\System32\Wbem;C:\Windows\System32\WindowsPowerShell\v1.0\;C:\Windows\System32\OpenSSH\;C:\Program Files (x86)\Intel\Intel(R) Management Engine Components\DAL;C:\Program Files\Intel\Intel(R) Management Engine Components\DAL;C:\Program Files\Intel\WiFi\bin\;C:\Program Files\Common Files\Intel\WirelessCommon\;C:\Program Files (x86)\NVIDIA Corporation\PhysX\Common;C:\WINDOWS\system32;C:\WINDOWS;C:\WINDOWS\System32\Wbem;C:\WINDOWS\System32\WindowsPowerShell\v1.0\;C:\WINDOWS\System32\OpenSSH\;C:\Program Files\dotnet\;C:\Program Files\Microsoft SQL Server\130\Tools\Binn\;D:\projetos\Git\Git\cmd;D:\projetos\MongoDB\Server\4.4\bin;C:\Program Files (x86)\dotnet\;D:\projetos\MinGw\bin;C:\Program Files\MySQL\MySQL Server 8.0\bin;D:\projetos\Python\Python310;D:\projetos\Python\Python310\Scripts;D:\projetos\Python39;D:\projetos\Python39\Scripts;C:\Program Files\Java\jdk-15.0.2;D:\projetos\PuTTY\;D:\projetos\Python\Python310\Scripts\;D:\projetos\Python\Python310\;C:\Program Files\MySQL\MySQL Shell 8.0\bin\;C:\Users\jorge\AppData\Local\Microsoft\WindowsApps;C:\Users\jorge\.dotnet\tools;D:\projetos\Heroku\bin;C:\Users\jorge\AppData\Local\atom\bin;D:\projetos\Microsoft VS Code\bin;D:\projetos\PHP;;C:\Users\jorge\AppData\Local\Microsoft\WindowsApps;D:\projetos\JetBrains\IntelliJ IDEA 2023.2.2\bin;;D:\projetos\JetBrains\WebStorm 2023.2.2\bin;;D:\projetos\JetBrains\IntelliJ IDEA Community Edition 2023.2.2\bin;
USERNAME=jorge
OS=Windows_NT
PROCESSOR_IDENTIFIER=Intel64 Family 6 Model 142 Stepping 11, GenuineIntel



---------------  S Y S T E M  ---------------

OS: Windows 11 , 64 bit Build 22000 (10.0.22000.2124)
OS uptime: 0 days 4:54 hours

CPU:total 8 (initial active 8) (4 cores per cpu, 2 threads per core) family 6 model 142 stepping 11 microcode 0xde, cmov, cx8, fxsr, mmx, sse, sse2, sse3, ssse3, sse4.1, sse4.2, popcnt, avx, avx2, aes, clmul, erms, 3dnowpref, lzcnt, ht, tsc, tscinvbit, bmi1, bmi2, adx, fma

Memory: 4k page, system-wide physical 16192M (1907M free)
TotalPageFile size 22026M (AvailPageFile size 15M)
current process WorkingSet (physical memory assigned to process): 410M, peak: 410M
current process commit charge ("private bytes"): 503M, peak: 567M

vm_info: OpenJDK 64-Bit Server VM (11.0.15+0-b2043.56-9505619) for windows-amd64 JRE (11.0.15+0-b2043.56-9505619), built on Jan 19 2023 02:48:00 by "builduser" with unknown MS VC++:1929

END.
