#
# There is insufficient memory for the Java Runtime Environment to continue.
# Native memory allocation (mmap) failed to map 53477376 bytes for Failed to commit area from 0x000000008fe00000 to 0x0000000093100000 of length 53477376.
# Possible reasons:
#   The system is out of physical RAM or swap space
#   The process is running with CompressedOops enabled, and the Java Heap may be blocking the growth of the native heap
# Possible solutions:
#   Reduce memory load on the system
#   Increase physical memory or swap space
#   Check if swap backing store is full
#   Decrease Java heap size (-Xmx/-Xms)
#   Decrease number of Java threads
#   Decrease Java thread stack sizes (-Xss)
#   Set larger code cache with -XX:ReservedCodeCacheSize=
#   JVM is running with Unscaled Compressed Oops mode in which the Java heap is
#     placed in the first 4GB address space. The Java Heap base address is the
#     maximum limit for the native heap growth. Please use -XX:HeapBaseMinAddress
#     to set the Java Heap base and to place the Java Heap above 4GB virtual address.
# This output file may be truncated or incomplete.
#
#  Out of Memory Error (src/hotspot/os/windows/os_windows.cpp:3627), pid=18788, tid=11840
#
# JRE version: OpenJDK Runtime Environment (11.0.15) (build 11.0.15+0-b2043.56-9505619)
# Java VM: OpenJDK 64-Bit Server VM (11.0.15+0-b2043.56-9505619, mixed mode, tiered, compressed oops, g1 gc, windows-amd64)
# No core dump will be written. Minidumps are not enabled by default on client versions of Windows
#

---------------  S U M M A R Y ------------

Command Line: --add-opens=java.base/java.util=ALL-UNNAMED --add-opens=java.base/java.lang=ALL-UNNAMED --add-opens=java.base/java.lang.invoke=ALL-UNNAMED --add-opens=java.base/java.util=ALL-UNNAMED --add-opens=java.prefs/java.util.prefs=ALL-UNNAMED --add-opens=java.prefs/java.util.prefs=ALL-UNNAMED --add-opens=java.base/java.nio.charset=ALL-UNNAMED --add-opens=java.base/java.net=ALL-UNNAMED --add-opens=java.base/java.util.concurrent.atomic=ALL-UNNAMED -Xmx2048m -Dfile.encoding=UTF-8 -Duser.country=BR -Duser.language=pt -Duser.variant org.gradle.launcher.daemon.bootstrap.GradleDaemon 7.5

Host: Intel(R) Core(TM) i7-8565U CPU @ 1.80GHz, 8 cores, 15G,  Windows 11 , 64 bit Build 22000 (10.0.22000.2124)
Time: Mon Oct  2 11:27:50 2023 Hora oficial do Brasil elapsed time: 20.103023 seconds (0d 0h 0m 20s)

---------------  T H R E A D  ---------------

Current thread (0x0000021495c56800):  VMThread "VM Thread" [stack: 0x00000050e0700000,0x00000050e0800000] [id=11840]

Stack: [0x00000050e0700000,0x00000050e0800000]
[error occurred during error reporting (printing stack bounds), id 0xc0000005, EXCEPTION_ACCESS_VIOLATION (0xc0000005) at pc=0x000002148000112d]

Native frames: (J=compiled Java code, j=interpreted, Vv=VM code, C=native code)
V  [jvm.dll+0x64135a]
V  [jvm.dll+0x7d39f9]
V  [jvm.dll+0x7d51b9]
V  [jvm.dll+0x7d5805]
V  [jvm.dll+0x7d57bb]
V  [jvm.dll+0x640655]
V  [jvm.dll+0x640d68]
C  [ntdll.dll+0xa8c1f]
C  [ntdll.dll+0x35bea]
C  [ntdll.dll+0xa7c0e]
C  0x000002148000112d

VM_Operation (0x00000050e22fd680): G1CollectForAllocation, mode: safepoint, requested by thread 0x00000214981ba800


---------------  P R O C E S S  ---------------

Threads class SMR info:
_java_thread_list=0x000002149d8efb60, length=136, elements={
0x00000214fae75800, 0x0000021495c5a800, 0x0000021495c5b800, 0x0000021495cb9800,
0x0000021495cba800, 0x0000021495cbb800, 0x0000021495cbf000, 0x0000021495cc0000,
0x0000021495cce800, 0x0000021495e26800, 0x00000214976b3000, 0x0000021495f42000,
0x0000021499860800, 0x0000021497315000, 0x0000021497ec5800, 0x000002149771e800,
0x000002149746b800, 0x00000214978a0000, 0x0000021497d9f000, 0x00000214988e9800,
0x0000021498370800, 0x00000214981ba800, 0x00000214981bc000, 0x00000214981bd000,
0x00000214981bd800, 0x00000214981be800, 0x00000214981c0000, 0x00000214981c1000,
0x00000214981bf800, 0x00000214981bb000, 0x0000021497e43000, 0x0000021497e40800,
0x0000021497e41000, 0x0000021497e42000, 0x0000021497e46000, 0x0000021497e47800,
0x0000021497e4a000, 0x0000021497e47000, 0x0000021497e49800, 0x00000214965f6000,
0x0000021497e48800, 0x0000021497e44800, 0x0000021497e4b000, 0x0000021497e4c000,
0x0000021497e4c800, 0x000002149b63d000, 0x000002149b63f800, 0x000002149b63b800,
0x000002149b642000, 0x000002149b641000, 0x000002149b63c800, 0x000002149b640800,
0x000002149b643000, 0x000002149b643800, 0x000002149b63e000, 0x000002149b63e800,
0x000002149b645000, 0x000002149b648800, 0x000002149b644800, 0x000002149b64a000,
0x000002149b646000, 0x000002149b647000, 0x000002149b649800, 0x000002149b647800,
0x0000021499396800, 0x0000021499395800, 0x0000021499394000, 0x0000021499397800,
0x0000021499398000, 0x0000021499399000, 0x0000021499393800, 0x000002149939a000,
0x000002149939a800, 0x0000021499395000, 0x000002149939e800, 0x000002149939f800,
0x00000214993a0800, 0x000002149939e000, 0x00000214993a1000, 0x000002149939b800,
0x00000214993a2000, 0x000002149939d000, 0x000002149939c000, 0x00000214999b4800,
0x00000214999b2000, 0x00000214999b3800, 0x00000214999b2800, 0x00000214999b6000,
0x00000214999b5000, 0x00000214999b0800, 0x00000214999b7000, 0x00000214999b1000,
0x00000214999b9000, 0x00000214999ba000, 0x00000214999bb000, 0x00000214999bb800,
0x00000214999bc800, 0x00000214999bd800, 0x00000214999b7800, 0x00000214999b8800,
0x00000214999bf000, 0x00000214999be000, 0x0000021499aee000, 0x0000021499aec800,
0x0000021499ae8800, 0x0000021499aeb800, 0x0000021499aed000, 0x0000021499aef000,
0x0000021499aea000, 0x0000021499ae9000, 0x0000021499aef800, 0x0000021499af0800,
0x0000021499aea800, 0x0000021499af3000, 0x0000021499af3800, 0x0000021499af1800,
0x0000021499af4800, 0x0000021499af2000, 0x0000021499af5800, 0x0000021499af6000,
0x0000021499af7000, 0x00000214996b9800, 0x00000214996be800, 0x00000214996bd800,
0x00000214996bb800, 0x00000214996ba800, 0x00000214996bc000, 0x00000214996bf800,
0x00000214996c2000, 0x00000214996bd000, 0x00000214996c0000, 0x00000214996c6800,
0x00000214996c5000, 0x00000214996c6000, 0x00000214996c4000, 0x00000214996c2800
}

Java Threads: ( => current thread )
  0x00000214fae75800 JavaThread "main" [_thread_blocked, id=15936, stack(0x00000050e0100000,0x00000050e0200000)]
  0x0000021495c5a800 JavaThread "Reference Handler" daemon [_thread_blocked, id=7428, stack(0x00000050e0800000,0x00000050e0900000)]
  0x0000021495c5b800 JavaThread "Finalizer" daemon [_thread_blocked, id=11784, stack(0x00000050e0900000,0x00000050e0a00000)]
  0x0000021495cb9800 JavaThread "Signal Dispatcher" daemon [_thread_blocked, id=7048, stack(0x00000050e0a00000,0x00000050e0b00000)]
  0x0000021495cba800 JavaThread "Attach Listener" daemon [_thread_blocked, id=4640, stack(0x00000050e0b00000,0x00000050e0c00000)]
  0x0000021495cbb800 JavaThread "Service Thread" daemon [_thread_blocked, id=16880, stack(0x00000050e0c00000,0x00000050e0d00000)]
  0x0000021495cbf000 JavaThread "C2 CompilerThread0" daemon [_thread_in_native, id=4540, stack(0x00000050e0d00000,0x00000050e0e00000)]
  0x0000021495cc0000 JavaThread "C1 CompilerThread0" daemon [_thread_blocked, id=8792, stack(0x00000050e0e00000,0x00000050e0f00000)]
  0x0000021495cce800 JavaThread "Sweeper thread" daemon [_thread_blocked, id=6484, stack(0x00000050e0f00000,0x00000050e1000000)]
  0x0000021495e26800 JavaThread "Common-Cleaner" daemon [_thread_blocked, id=13684, stack(0x00000050e1000000,0x00000050e1100000)]
  0x00000214976b3000 JavaThread "Daemon health stats" [_thread_blocked, id=7996, stack(0x00000050e1900000,0x00000050e1a00000)]
  0x0000021495f42000 JavaThread "Incoming local TCP Connector on port 63603" [_thread_in_native, id=18808, stack(0x00000050e1200000,0x00000050e1300000)]
  0x0000021499860800 JavaThread "Daemon periodic checks" [_thread_blocked, id=9680, stack(0x00000050e1300000,0x00000050e1400000)]
  0x0000021497315000 JavaThread "Daemon" [_thread_blocked, id=3068, stack(0x00000050e1a00000,0x00000050e1b00000)]
  0x0000021497ec5800 JavaThread "Handler for socket connection from /127.0.0.1:63603 to /127.0.0.1:63604" [_thread_in_native, id=7516, stack(0x00000050e1b00000,0x00000050e1c00000)]
  0x000002149771e800 JavaThread "Cancel handler" [_thread_blocked, id=13948, stack(0x00000050e1c00000,0x00000050e1d00000)]
  0x000002149746b800 JavaThread "Daemon worker" [_thread_blocked, id=7188, stack(0x00000050e1d00000,0x00000050e1e00000)]
  0x00000214978a0000 JavaThread "C2 CompilerThread1" daemon [_thread_blocked, id=16684, stack(0x00000050e1e00000,0x00000050e1f00000)]
  0x0000021497d9f000 JavaThread "Asynchronous log dispatcher for DefaultDaemonConnection: socket connection from /127.0.0.1:63603 to /127.0.0.1:63604" [_thread_blocked, id=16752, stack(0x00000050e1f00000,0x00000050e2000000)]
  0x00000214988e9800 JavaThread "Stdin handler" [_thread_blocked, id=9108, stack(0x00000050e2000000,0x00000050e2100000)]
  0x0000021498370800 JavaThread "Daemon client event forwarder" [_thread_blocked, id=9556, stack(0x00000050e2100000,0x00000050e2200000)]
  0x00000214981ba800 JavaThread "Cache worker for journal cache (C:\Users\jorge\.gradle\caches\journal-1)" [_thread_blocked, id=6444, stack(0x00000050e2200000,0x00000050e2300000)]
  0x00000214981bc000 JavaThread "File lock request listener" [_thread_in_native, id=16540, stack(0x00000050e2300000,0x00000050e2400000)]
  0x00000214981bd000 JavaThread "Cache worker for file hash cache (C:\Users\jorge\.gradle\caches\7.5\fileHashes)" [_thread_blocked, id=10300, stack(0x00000050e2700000,0x00000050e2800000)]
  0x00000214981bd800 JavaThread "File watcher server" daemon [_thread_blocked, id=2764, stack(0x00000050e2900000,0x00000050e2a00000)]
  0x00000214981be800 JavaThread "File watcher consumer" daemon [_thread_blocked, id=10276, stack(0x00000050e2a00000,0x00000050e2b00000)]
  0x00000214981c0000 JavaThread "Cache worker for checksums cache (D:\projetos\AndroidStudioProjects\Rotine\.gradle\7.5\checksums)" [_thread_blocked, id=17752, stack(0x00000050e2800000,0x00000050e2900000)]
  0x00000214981c1000 JavaThread "Cache worker for cache directory md-rule (C:\Users\jorge\.gradle\caches\7.5\md-rule)" [_thread_blocked, id=3432, stack(0x00000050e2b00000,0x00000050e2c00000)]
  0x00000214981bf800 JavaThread "Cache worker for file content cache (C:\Users\jorge\.gradle\caches\7.5\fileContent)" [_thread_blocked, id=11348, stack(0x00000050e2c00000,0x00000050e2d00000)]
  0x00000214981bb000 JavaThread "Cache worker for file hash cache (D:\projetos\AndroidStudioProjects\Rotine\.gradle\7.5\fileHashes)" [_thread_blocked, id=11804, stack(0x00000050e2d00000,0x00000050e2e00000)]
  0x0000021497e43000 JavaThread "Cache worker for cache directory md-supplier (C:\Users\jorge\.gradle\caches\7.5\md-supplier)" [_thread_blocked, id=8628, stack(0x00000050e2e00000,0x00000050e2f00000)]
  0x0000021497e40800 JavaThread "Cache worker for execution history cache (C:\Users\jorge\.gradle\caches\7.5\executionHistory)" [_thread_blocked, id=7184, stack(0x00000050e2f00000,0x00000050e3000000)]
  0x0000021497e41000 JavaThread "jar transforms" [_thread_blocked, id=19236, stack(0x00000050e3000000,0x00000050e3100000)]
  0x0000021497e42000 JavaThread "jar transforms Thread 2" [_thread_blocked, id=1508, stack(0x00000050e3100000,0x00000050e3200000)]
  0x0000021497e46000 JavaThread "jar transforms Thread 3" [_thread_blocked, id=5116, stack(0x00000050e3300000,0x00000050e3400000)]
  0x0000021497e47800 JavaThread "jar transforms Thread 4" [_thread_blocked, id=13924, stack(0x00000050e3400000,0x00000050e3500000)]
  0x0000021497e4a000 JavaThread "Cache worker for dependencies-accessors (D:\projetos\AndroidStudioProjects\Rotine\.gradle\7.5\dependencies-accessors)" [_thread_blocked, id=16560, stack(0x00000050e3500000,0x00000050e3600000)]
  0x0000021497e47000 JavaThread "jar transforms Thread 5" [_thread_blocked, id=18264, stack(0x00000050e3600000,0x00000050e3700000)]
  0x0000021497e49800 JavaThread "Cache worker for Build Output Cleanup Cache (D:\projetos\AndroidStudioProjects\Rotine\.gradle\buildOutputCleanup)" [_thread_blocked, id=336, stack(0x00000050e3200000,0x00000050e3300000)]
  0x00000214965f6000 JavaThread "C2 CompilerThread2" daemon [_thread_blocked, id=19168, stack(0x00000050e3700000,0x00000050e3800000)]
  0x0000021497e48800 JavaThread "Unconstrained build operations" [_thread_blocked, id=18972, stack(0x00000050e3800000,0x00000050e3900000)]
  0x0000021497e44800 JavaThread "Unconstrained build operations Thread 2" [_thread_blocked, id=17700, stack(0x00000050e3900000,0x00000050e3a00000)]
  0x0000021497e4b000 JavaThread "Unconstrained build operations Thread 3" [_thread_blocked, id=16948, stack(0x00000050e3a00000,0x00000050e3b00000)]
  0x0000021497e4c000 JavaThread "Unconstrained build operations Thread 4" [_thread_blocked, id=15436, stack(0x00000050e3b00000,0x00000050e3c00000)]
  0x0000021497e4c800 JavaThread "Unconstrained build operations Thread 5" [_thread_blocked, id=9768, stack(0x00000050e3c00000,0x00000050e3d00000)]
  0x000002149b63d000 JavaThread "Unconstrained build operations Thread 6" [_thread_blocked, id=13604, stack(0x00000050e3d00000,0x00000050e3e00000)]
  0x000002149b63f800 JavaThread "Unconstrained build operations Thread 7" [_thread_blocked, id=2268, stack(0x00000050e3e00000,0x00000050e3f00000)]
  0x000002149b63b800 JavaThread "Unconstrained build operations Thread 8" [_thread_blocked, id=12416, stack(0x00000050e3f00000,0x00000050e4000000)]
  0x000002149b642000 JavaThread "Unconstrained build operations Thread 9" [_thread_blocked, id=6372, stack(0x00000050e4000000,0x00000050e4100000)]
  0x000002149b641000 JavaThread "Unconstrained build operations Thread 10" [_thread_blocked, id=4348, stack(0x00000050e4100000,0x00000050e4200000)]
  0x000002149b63c800 JavaThread "Unconstrained build operations Thread 11" [_thread_blocked, id=15528, stack(0x00000050e4200000,0x00000050e4300000)]
  0x000002149b640800 JavaThread "Unconstrained build operations Thread 12" [_thread_blocked, id=19352, stack(0x00000050e4300000,0x00000050e4400000)]
  0x000002149b643000 JavaThread "Unconstrained build operations Thread 13" [_thread_blocked, id=11080, stack(0x00000050e4400000,0x00000050e4500000)]
  0x000002149b643800 JavaThread "Unconstrained build operations Thread 14" [_thread_blocked, id=17252, stack(0x00000050e4500000,0x00000050e4600000)]
  0x000002149b63e000 JavaThread "Unconstrained build operations Thread 15" [_thread_blocked, id=16428, stack(0x00000050e4600000,0x00000050e4700000)]
  0x000002149b63e800 JavaThread "Unconstrained build operations Thread 16" [_thread_blocked, id=16728, stack(0x00000050e4700000,0x00000050e4800000)]
  0x000002149b645000 JavaThread "Unconstrained build operations Thread 17" [_thread_blocked, id=1664, stack(0x00000050e4800000,0x00000050e4900000)]
  0x000002149b648800 JavaThread "Unconstrained build operations Thread 18" [_thread_blocked, id=11628, stack(0x00000050e4900000,0x00000050e4a00000)]
  0x000002149b644800 JavaThread "Unconstrained build operations Thread 19" [_thread_blocked, id=13668, stack(0x00000050e4a00000,0x00000050e4b00000)]
  0x000002149b64a000 JavaThread "Unconstrained build operations Thread 20" [_thread_blocked, id=13916, stack(0x00000050e4b00000,0x00000050e4c00000)]
  0x000002149b646000 JavaThread "Unconstrained build operations Thread 21" [_thread_blocked, id=3748, stack(0x00000050e4c00000,0x00000050e4d00000)]
  0x000002149b647000 JavaThread "Unconstrained build operations Thread 22" [_thread_blocked, id=14872, stack(0x00000050e4d00000,0x00000050e4e00000)]
  0x000002149b649800 JavaThread "Unconstrained build operations Thread 23" [_thread_blocked, id=18296, stack(0x00000050e4e00000,0x00000050e4f00000)]
  0x000002149b647800 JavaThread "Unconstrained build operations Thread 24" [_thread_blocked, id=18276, stack(0x00000050e4f00000,0x00000050e5000000)]
  0x0000021499396800 JavaThread "Unconstrained build operations Thread 25" [_thread_blocked, id=3968, stack(0x00000050e5000000,0x00000050e5100000)]
  0x0000021499395800 JavaThread "Unconstrained build operations Thread 26" [_thread_blocked, id=19448, stack(0x00000050e5100000,0x00000050e5200000)]
  0x0000021499394000 JavaThread "Unconstrained build operations Thread 27" [_thread_blocked, id=18740, stack(0x00000050e5200000,0x00000050e5300000)]
  0x0000021499397800 JavaThread "Unconstrained build operations Thread 28" [_thread_blocked, id=15560, stack(0x00000050e5300000,0x00000050e5400000)]
  0x0000021499398000 JavaThread "Unconstrained build operations Thread 29" [_thread_blocked, id=7404, stack(0x00000050e5400000,0x00000050e5500000)]
  0x0000021499399000 JavaThread "Unconstrained build operations Thread 30" [_thread_blocked, id=14468, stack(0x00000050e5500000,0x00000050e5600000)]
  0x0000021499393800 JavaThread "Unconstrained build operations Thread 31" [_thread_blocked, id=13268, stack(0x00000050e5600000,0x00000050e5700000)]
  0x000002149939a000 JavaThread "Unconstrained build operations Thread 32" [_thread_blocked, id=7204, stack(0x00000050e5700000,0x00000050e5800000)]
  0x000002149939a800 JavaThread "Unconstrained build operations Thread 33" [_thread_blocked, id=19444, stack(0x00000050e5800000,0x00000050e5900000)]
  0x0000021499395000 JavaThread "Unconstrained build operations Thread 34" [_thread_blocked, id=18480, stack(0x00000050e5900000,0x00000050e5a00000)]
  0x000002149939e800 JavaThread "Unconstrained build operations Thread 35" [_thread_blocked, id=18604, stack(0x00000050e5a00000,0x00000050e5b00000)]
  0x000002149939f800 JavaThread "Unconstrained build operations Thread 36" [_thread_blocked, id=17788, stack(0x00000050e5b00000,0x00000050e5c00000)]
  0x00000214993a0800 JavaThread "Unconstrained build operations Thread 37" [_thread_blocked, id=1164, stack(0x00000050e5c00000,0x00000050e5d00000)]
  0x000002149939e000 JavaThread "Unconstrained build operations Thread 38" [_thread_blocked, id=9776, stack(0x00000050e5d00000,0x00000050e5e00000)]
  0x00000214993a1000 JavaThread "Unconstrained build operations Thread 39" [_thread_blocked, id=18912, stack(0x00000050e5e00000,0x00000050e5f00000)]
  0x000002149939b800 JavaThread "Unconstrained build operations Thread 40" [_thread_blocked, id=15620, stack(0x00000050e5f00000,0x00000050e6000000)]
  0x00000214993a2000 JavaThread "Unconstrained build operations Thread 41" [_thread_blocked, id=11532, stack(0x00000050e6000000,0x00000050e6100000)]
  0x000002149939d000 JavaThread "Unconstrained build operations Thread 42" [_thread_blocked, id=13264, stack(0x00000050e6100000,0x00000050e6200000)]
  0x000002149939c000 JavaThread "Unconstrained build operations Thread 43" [_thread_blocked, id=792, stack(0x00000050e6200000,0x00000050e6300000)]
  0x00000214999b4800 JavaThread "Unconstrained build operations Thread 44" [_thread_blocked, id=14532, stack(0x00000050e6300000,0x00000050e6400000)]
  0x00000214999b2000 JavaThread "Unconstrained build operations Thread 45" [_thread_blocked, id=18968, stack(0x00000050e6400000,0x00000050e6500000)]
  0x00000214999b3800 JavaThread "Unconstrained build operations Thread 46" [_thread_blocked, id=17344, stack(0x00000050e6500000,0x00000050e6600000)]
  0x00000214999b2800 JavaThread "Unconstrained build operations Thread 47" [_thread_blocked, id=6972, stack(0x00000050e6600000,0x00000050e6700000)]
  0x00000214999b6000 JavaThread "Unconstrained build operations Thread 48" [_thread_blocked, id=18368, stack(0x00000050e6700000,0x00000050e6800000)]
  0x00000214999b5000 JavaThread "Unconstrained build operations Thread 49" [_thread_blocked, id=17044, stack(0x00000050e6800000,0x00000050e6900000)]
  0x00000214999b0800 JavaThread "Unconstrained build operations Thread 50" [_thread_blocked, id=11544, stack(0x00000050e6900000,0x00000050e6a00000)]
  0x00000214999b7000 JavaThread "Unconstrained build operations Thread 51" [_thread_blocked, id=12220, stack(0x00000050e6a00000,0x00000050e6b00000)]
  0x00000214999b1000 JavaThread "Unconstrained build operations Thread 52" [_thread_blocked, id=7392, stack(0x00000050e6b00000,0x00000050e6c00000)]
  0x00000214999b9000 JavaThread "Unconstrained build operations Thread 53" [_thread_blocked, id=1676, stack(0x00000050e6c00000,0x00000050e6d00000)]
  0x00000214999ba000 JavaThread "Unconstrained build operations Thread 54" [_thread_blocked, id=5544, stack(0x00000050e6d00000,0x00000050e6e00000)]
  0x00000214999bb000 JavaThread "Unconstrained build operations Thread 55" [_thread_blocked, id=18960, stack(0x00000050e6e00000,0x00000050e6f00000)]
  0x00000214999bb800 JavaThread "Unconstrained build operations Thread 56" [_thread_blocked, id=18764, stack(0x00000050e6f00000,0x00000050e7000000)]
  0x00000214999bc800 JavaThread "Unconstrained build operations Thread 57" [_thread_blocked, id=18696, stack(0x00000050e7000000,0x00000050e7100000)]
  0x00000214999bd800 JavaThread "Unconstrained build operations Thread 58" [_thread_blocked, id=13008, stack(0x00000050e7100000,0x00000050e7200000)]
  0x00000214999b7800 JavaThread "Unconstrained build operations Thread 59" [_thread_blocked, id=8804, stack(0x00000050e7200000,0x00000050e7300000)]
  0x00000214999b8800 JavaThread "Unconstrained build operations Thread 60" [_thread_blocked, id=18660, stack(0x00000050e7300000,0x00000050e7400000)]
  0x00000214999bf000 JavaThread "Unconstrained build operations Thread 61" [_thread_blocked, id=8420, stack(0x00000050e7400000,0x00000050e7500000)]
  0x00000214999be000 JavaThread "Unconstrained build operations Thread 62" [_thread_blocked, id=9044, stack(0x00000050e7500000,0x00000050e7600000)]
  0x0000021499aee000 JavaThread "Unconstrained build operations Thread 63" [_thread_blocked, id=5352, stack(0x00000050e7600000,0x00000050e7700000)]
  0x0000021499aec800 JavaThread "Unconstrained build operations Thread 64" [_thread_blocked, id=19200, stack(0x00000050e7700000,0x00000050e7800000)]
  0x0000021499ae8800 JavaThread "Unconstrained build operations Thread 65" [_thread_blocked, id=7968, stack(0x00000050e7800000,0x00000050e7900000)]
  0x0000021499aeb800 JavaThread "Unconstrained build operations Thread 66" [_thread_blocked, id=10368, stack(0x00000050e7900000,0x00000050e7a00000)]
  0x0000021499aed000 JavaThread "Unconstrained build operations Thread 67" [_thread_blocked, id=4904, stack(0x00000050e7a00000,0x00000050e7b00000)]
  0x0000021499aef000 JavaThread "Unconstrained build operations Thread 68" [_thread_blocked, id=3320, stack(0x00000050e7b00000,0x00000050e7c00000)]
  0x0000021499aea000 JavaThread "Unconstrained build operations Thread 69" [_thread_blocked, id=2604, stack(0x00000050e7c00000,0x00000050e7d00000)]
  0x0000021499ae9000 JavaThread "Unconstrained build operations Thread 70" [_thread_blocked, id=12640, stack(0x00000050e7d00000,0x00000050e7e00000)]
  0x0000021499aef800 JavaThread "Unconstrained build operations Thread 71" [_thread_blocked, id=11900, stack(0x00000050e7e00000,0x00000050e7f00000)]
  0x0000021499af0800 JavaThread "Unconstrained build operations Thread 72" [_thread_blocked, id=13228, stack(0x00000050e7f00000,0x00000050e8000000)]
  0x0000021499aea800 JavaThread "Unconstrained build operations Thread 73" [_thread_blocked, id=18376, stack(0x00000050e8000000,0x00000050e8100000)]
  0x0000021499af3000 JavaThread "Unconstrained build operations Thread 74" [_thread_blocked, id=2556, stack(0x00000050e8100000,0x00000050e8200000)]
  0x0000021499af3800 JavaThread "Unconstrained build operations Thread 75" [_thread_blocked, id=15448, stack(0x00000050e8200000,0x00000050e8300000)]
  0x0000021499af1800 JavaThread "Unconstrained build operations Thread 76" [_thread_blocked, id=6876, stack(0x00000050e8300000,0x00000050e8400000)]
  0x0000021499af4800 JavaThread "Unconstrained build operations Thread 77" [_thread_blocked, id=10508, stack(0x00000050e8400000,0x00000050e8500000)]
  0x0000021499af2000 JavaThread "Unconstrained build operations Thread 78" [_thread_blocked, id=18592, stack(0x00000050e8500000,0x00000050e8600000)]
  0x0000021499af5800 JavaThread "Unconstrained build operations Thread 79" [_thread_blocked, id=19308, stack(0x00000050e8600000,0x00000050e8700000)]
  0x0000021499af6000 JavaThread "Unconstrained build operations Thread 80" [_thread_blocked, id=8004, stack(0x00000050e8700000,0x00000050e8800000)]
  0x0000021499af7000 JavaThread "jar transforms Thread 6" [_thread_blocked, id=17828, stack(0x00000050e8800000,0x00000050e8900000)]
  0x00000214996b9800 JavaThread "jar transforms Thread 7" [_thread_blocked, id=8492, stack(0x00000050e8900000,0x00000050e8a00000)]
  0x00000214996be800 JavaThread "jar transforms Thread 8" [_thread_blocked, id=14540, stack(0x00000050e8a00000,0x00000050e8b00000)]
  0x00000214996bd800 JavaThread "build event listener" [_thread_blocked, id=18672, stack(0x00000050e8b00000,0x00000050e8c00000)]
  0x00000214996bb800 JavaThread "Memory manager" [_thread_blocked, id=14376, stack(0x00000050e8c00000,0x00000050e8d00000)]
  0x00000214996ba800 JavaThread "pool-3-thread-1" [_thread_blocked, id=8072, stack(0x00000050e8d00000,0x00000050e8e00000)]
  0x00000214996bc000 JavaThread "build event listener" [_thread_blocked, id=1064, stack(0x00000050e8e00000,0x00000050e8f00000)]
  0x00000214996bf800 JavaThread "included builds" [_thread_blocked, id=18172, stack(0x00000050e8f00000,0x00000050e9000000)]
  0x00000214996c2000 JavaThread "Execution worker" [_thread_blocked, id=2576, stack(0x00000050e9000000,0x00000050e9100000)]
  0x00000214996bd000 JavaThread "Execution worker Thread 2" [_thread_blocked, id=8780, stack(0x00000050e9100000,0x00000050e9200000)]
  0x00000214996c0000 JavaThread "Execution worker Thread 3" [_thread_blocked, id=8224, stack(0x00000050e9200000,0x00000050e9300000)]
  0x00000214996c6800 JavaThread "Execution worker Thread 4" [_thread_blocked, id=19312, stack(0x00000050e9300000,0x00000050e9400000)]
  0x00000214996c5000 JavaThread "Execution worker Thread 5" [_thread_blocked, id=19424, stack(0x00000050e9400000,0x00000050e9500000)]
  0x00000214996c6000 JavaThread "Execution worker Thread 6" [_thread_blocked, id=18860, stack(0x00000050e9500000,0x00000050e9600000)]
  0x00000214996c4000 JavaThread "Execution worker Thread 7" [_thread_blocked, id=14992, stack(0x00000050e9600000,0x00000050e9700000)]
  0x00000214996c2800 JavaThread "Cache worker for execution history cache (D:\projetos\AndroidStudioProjects\Rotine\.gradle\7.5\executionHistory)" [_thread_blocked, id=19184, stack(0x00000050e9700000,0x00000050e9800000)]

Other Threads:
=>0x0000021495c56800 VMThread "VM Thread" [stack: 0x00000050e0700000,0x00000050e0800000] [id=11840]
  0x0000021495e48000 WatcherThread [stack: 0x00000050e1100000,0x00000050e1200000] [id=9348]
  0x00000214fae8e800 GCTaskThread "GC Thread#0" [stack: 0x00000050e0200000,0x00000050e0300000] [id=13244]
  0x0000021496f68800 GCTaskThread "GC Thread#1" [stack: 0x00000050e1400000,0x00000050e1500000] [id=18856]
  0x00000214961df000 GCTaskThread "GC Thread#2" [stack: 0x00000050e1500000,0x00000050e1600000] [id=19304]
  0x00000214970cf000 GCTaskThread "GC Thread#3" [stack: 0x00000050e1600000,0x00000050e1700000] [id=18164]
  0x0000021496374800 GCTaskThread "GC Thread#4" [stack: 0x00000050e1700000,0x00000050e1800000] [id=5192]
  0x0000021496375000 GCTaskThread "GC Thread#5" [stack: 0x00000050e1800000,0x00000050e1900000] [id=10944]
  0x0000021498032800 GCTaskThread "GC Thread#6" [stack: 0x00000050e2400000,0x00000050e2500000] [id=18596]
  0x0000021498877000 GCTaskThread "GC Thread#7" [stack: 0x00000050e2500000,0x00000050e2600000] [id=12096]
  0x00000214faec4800 ConcurrentGCThread "G1 Main Marker" [stack: 0x00000050e0300000,0x00000050e0400000] [id=14196]
  0x00000214faec6800 ConcurrentGCThread "G1 Conc#0" [stack: 0x00000050e0400000,0x00000050e0500000] [id=5156]
  0x0000021498a9f800 ConcurrentGCThread "G1 Conc#1" [stack: 0x00000050e2600000,0x00000050e2700000] [id=1856]
  0x00000214faf4e000 ConcurrentGCThread "G1 Refine#0" [stack: 0x00000050e0500000,0x00000050e0600000] [id=6336]
  0x00000214952a6800 ConcurrentGCThread "G1 Young RemSet Sampling" [stack: 0x00000050e0600000,0x00000050e0700000] [id=13584]

Threads with active compile tasks:
C2 CompilerThread0    20151 9532 %     4       org.gradle.internal.instantiation.generator.AbstractClassGenerator::inspectType @ 32 (560 bytes)
C1 CompilerThread0    20151 10376   !   3       org.gradle.cache.internal.btree.BTreePersistentIndexedCache::put (176 bytes)
C2 CompilerThread1    20151 10353       4       sun.nio.fs.WindowsPathParser::normalize (233 bytes)
C2 CompilerThread2    20151 10341       4       org.gradle.tooling.internal.provider.runner.ClientBuildEventGenerator::started (168 bytes)

VM state:at safepoint (normal execution)

VM Mutex/Monitor currently owned by a thread:  ([mutex/lock_event])
[0x00000214fae71b80] Threads_lock - owner thread: 0x0000021495c56800
[0x00000214fae71820] Heap_lock - owner thread: 0x00000214981ba800

Heap address: 0x0000000080000000, size: 2048 MB, Compressed Oops mode: 32-bit
Narrow klass base: 0x0000000000000000, Narrow klass shift: 3
Compressed class space size: 1073741824 Address: 0x0000000100000000

Heap:
 garbage-first heap   total 312320K, used 87580K [0x0000000080000000, 0x0000000100000000)
  region size 1024K, 11 young (11264K), 11 survivors (11264K)
 Metaspace       used 87381K, capacity 89966K, committed 90020K, reserved 1126400K
  class space    used 11362K, capacity 12367K, committed 12416K, reserved 1048576K
Heap Regions: E=young(eden), S=young(survivor), O=old, HS=humongous(starts), HC=humongous(continues), CS=collection set, F=free, A=archive, TAMS=top-at-mark-start (previous, next)
|   0|0x0000000080000000, 0x0000000080100000, 0x0000000080100000|100%| O|  |TAMS 0x0000000080100000, 0x0000000080000000| Untracked 
|   1|0x0000000080100000, 0x0000000080200000, 0x0000000080200000|100%| O|  |TAMS 0x0000000080200000, 0x0000000080100000| Untracked 
|   2|0x0000000080200000, 0x0000000080300000, 0x0000000080300000|100%| O|  |TAMS 0x0000000080300000, 0x0000000080200000| Untracked 
|   3|0x0000000080300000, 0x0000000080400000, 0x0000000080400000|100%|HS|  |TAMS 0x0000000080400000, 0x0000000080300000| Complete 
|   4|0x0000000080400000, 0x0000000080500000, 0x0000000080500000|100%|HC|  |TAMS 0x0000000080500000, 0x0000000080400000| Complete 
|   5|0x0000000080500000, 0x0000000080600000, 0x0000000080600000|100%|HC|  |TAMS 0x0000000080600000, 0x0000000080500000| Complete 
|   6|0x0000000080600000, 0x0000000080700000, 0x0000000080700000|100%| O|  |TAMS 0x0000000080700000, 0x0000000080600000| Untracked 
|   7|0x0000000080700000, 0x0000000080800000, 0x0000000080800000|100%| O|  |TAMS 0x0000000080800000, 0x0000000080700000| Untracked 
|   8|0x0000000080800000, 0x0000000080900000, 0x0000000080900000|100%| O|  |TAMS 0x0000000080900000, 0x0000000080800000| Untracked 
|   9|0x0000000080900000, 0x0000000080a00000, 0x0000000080a00000|100%| O|  |TAMS 0x0000000080a00000, 0x0000000080900000| Untracked 
|  10|0x0000000080a00000, 0x0000000080b00000, 0x0000000080b00000|100%| O|  |TAMS 0x0000000080b00000, 0x0000000080a00000| Untracked 
|  11|0x0000000080b00000, 0x0000000080c00000, 0x0000000080c00000|100%| O|  |TAMS 0x0000000080c00000, 0x0000000080b00000| Untracked 
|  12|0x0000000080c00000, 0x0000000080d00000, 0x0000000080d00000|100%| O|  |TAMS 0x0000000080d00000, 0x0000000080c00000| Untracked 
|  13|0x0000000080d00000, 0x0000000080e00000, 0x0000000080e00000|100%| O|  |TAMS 0x0000000080e00000, 0x0000000080d00000| Untracked 
|  14|0x0000000080e00000, 0x0000000080f00000, 0x0000000080f00000|100%| O|  |TAMS 0x0000000080f00000, 0x0000000080e00000| Untracked 
|  15|0x0000000080f00000, 0x0000000081000000, 0x0000000081000000|100%| O|  |TAMS 0x0000000081000000, 0x0000000080f00000| Untracked 
|  16|0x0000000081000000, 0x0000000081100000, 0x0000000081100000|100%| O|  |TAMS 0x0000000081100000, 0x0000000081000000| Untracked 
|  17|0x0000000081100000, 0x0000000081200000, 0x0000000081200000|100%|HS|  |TAMS 0x0000000081200000, 0x0000000081100000| Complete 
|  18|0x0000000081200000, 0x0000000081300000, 0x0000000081300000|100%|HS|  |TAMS 0x0000000081300000, 0x0000000081200000| Complete 
|  19|0x0000000081300000, 0x0000000081400000, 0x0000000081400000|100%| O|  |TAMS 0x0000000081400000, 0x0000000081300000| Untracked 
|  20|0x0000000081400000, 0x0000000081500000, 0x0000000081500000|100%| O|  |TAMS 0x0000000081500000, 0x0000000081400000| Untracked 
|  21|0x0000000081500000, 0x0000000081600000, 0x0000000081600000|100%| O|  |TAMS 0x0000000081600000, 0x0000000081500000| Untracked 
|  22|0x0000000081600000, 0x0000000081700000, 0x0000000081700000|100%| O|  |TAMS 0x0000000081700000, 0x0000000081600000| Untracked 
|  23|0x0000000081700000, 0x0000000081800000, 0x0000000081800000|100%| O|  |TAMS 0x0000000081800000, 0x0000000081700000| Untracked 
|  24|0x0000000081800000, 0x0000000081900000, 0x0000000081900000|100%| O|  |TAMS 0x0000000081900000, 0x0000000081800000| Untracked 
|  25|0x0000000081900000, 0x0000000081a00000, 0x0000000081a00000|100%| O|  |TAMS 0x0000000081a00000, 0x0000000081900000| Untracked 
|  26|0x0000000081a00000, 0x0000000081b00000, 0x0000000081b00000|100%| O|  |TAMS 0x0000000081b00000, 0x0000000081a00000| Untracked 
|  27|0x0000000081b00000, 0x0000000081c00000, 0x0000000081c00000|100%| O|  |TAMS 0x0000000081c00000, 0x0000000081b00000| Untracked 
|  28|0x0000000081c00000, 0x0000000081d00000, 0x0000000081d00000|100%| O|  |TAMS 0x0000000081d00000, 0x0000000081c00000| Untracked 
|  29|0x0000000081d00000, 0x0000000081e00000, 0x0000000081e00000|100%| O|  |TAMS 0x0000000081e00000, 0x0000000081d00000| Untracked 
|  30|0x0000000081e00000, 0x0000000081f00000, 0x0000000081f00000|100%| O|  |TAMS 0x0000000081f00000, 0x0000000081e00000| Untracked 
|  31|0x0000000081f00000, 0x0000000082000000, 0x0000000082000000|100%| O|  |TAMS 0x0000000082000000, 0x0000000081f00000| Untracked 
|  32|0x0000000082000000, 0x0000000082100000, 0x0000000082100000|100%| O|  |TAMS 0x0000000082100000, 0x0000000082000000| Untracked 
|  33|0x0000000082100000, 0x0000000082200000, 0x0000000082200000|100%| O|  |TAMS 0x0000000082200000, 0x0000000082100000| Untracked 
|  34|0x0000000082200000, 0x0000000082300000, 0x0000000082300000|100%| O|  |TAMS 0x0000000082300000, 0x0000000082200000| Untracked 
|  35|0x0000000082300000, 0x0000000082400000, 0x0000000082400000|100%| O|  |TAMS 0x0000000082400000, 0x0000000082300000| Untracked 
|  36|0x0000000082400000, 0x0000000082500000, 0x0000000082500000|100%| O|  |TAMS 0x0000000082500000, 0x0000000082400000| Untracked 
|  37|0x0000000082500000, 0x0000000082600000, 0x0000000082600000|100%| O|  |TAMS 0x0000000082600000, 0x0000000082500000| Untracked 
|  38|0x0000000082600000, 0x0000000082700000, 0x0000000082700000|100%| O|  |TAMS 0x0000000082700000, 0x0000000082600000| Untracked 
|  39|0x0000000082700000, 0x0000000082800000, 0x0000000082800000|100%| O|  |TAMS 0x0000000082800000, 0x0000000082700000| Untracked 
|  40|0x0000000082800000, 0x0000000082900000, 0x0000000082900000|100%| O|  |TAMS 0x0000000082900000, 0x0000000082800000| Untracked 
|  41|0x0000000082900000, 0x0000000082a00000, 0x0000000082a00000|100%| O|  |TAMS 0x0000000082a00000, 0x0000000082900000| Untracked 
|  42|0x0000000082a00000, 0x0000000082b00000, 0x0000000082b00000|100%| O|  |TAMS 0x0000000082b00000, 0x0000000082a00000| Untracked 
|  43|0x0000000082b00000, 0x0000000082c00000, 0x0000000082c00000|100%| O|  |TAMS 0x0000000082c00000, 0x0000000082b00000| Untracked 
|  44|0x0000000082c00000, 0x0000000082d00000, 0x0000000082d00000|100%| O|  |TAMS 0x0000000082d00000, 0x0000000082c00000| Untracked 
|  45|0x0000000082d00000, 0x0000000082e00000, 0x0000000082e00000|100%| O|  |TAMS 0x0000000082e00000, 0x0000000082d00000| Untracked 
|  46|0x0000000082e00000, 0x0000000082f00000, 0x0000000082f00000|100%| O|  |TAMS 0x0000000082f00000, 0x0000000082e00000| Untracked 
|  47|0x0000000082f00000, 0x0000000083000000, 0x0000000083000000|100%| O|  |TAMS 0x0000000083000000, 0x0000000082f00000| Untracked 
|  48|0x0000000083000000, 0x0000000083100000, 0x0000000083100000|100%| O|  |TAMS 0x0000000083100000, 0x0000000083000000| Untracked 
|  49|0x0000000083100000, 0x0000000083200000, 0x0000000083200000|100%| O|  |TAMS 0x0000000083200000, 0x0000000083100000| Untracked 
|  50|0x0000000083200000, 0x0000000083300000, 0x0000000083300000|100%| O|  |TAMS 0x0000000083300000, 0x0000000083200000| Untracked 
|  51|0x0000000083300000, 0x0000000083400000, 0x0000000083400000|100%| O|  |TAMS 0x0000000083400000, 0x0000000083300000| Untracked 
|  52|0x0000000083400000, 0x0000000083500000, 0x0000000083500000|100%| O|  |TAMS 0x0000000083500000, 0x0000000083400000| Untracked 
|  53|0x0000000083500000, 0x0000000083600000, 0x0000000083600000|100%| O|  |TAMS 0x0000000083600000, 0x0000000083500000| Untracked 
|  54|0x0000000083600000, 0x0000000083700000, 0x0000000083700000|100%| O|  |TAMS 0x0000000083700000, 0x0000000083600000| Untracked 
|  55|0x0000000083700000, 0x0000000083800000, 0x0000000083800000|100%| O|  |TAMS 0x0000000083800000, 0x0000000083700000| Untracked 
|  56|0x0000000083800000, 0x0000000083900000, 0x0000000083900000|100%| O|  |TAMS 0x0000000083900000, 0x0000000083800000| Untracked 
|  57|0x0000000083900000, 0x0000000083a00000, 0x0000000083a00000|100%| O|  |TAMS 0x0000000083a00000, 0x0000000083900000| Untracked 
|  58|0x0000000083a00000, 0x0000000083b00000, 0x0000000083b00000|100%| O|  |TAMS 0x0000000083b00000, 0x0000000083a00000| Untracked 
|  59|0x0000000083b00000, 0x0000000083c00000, 0x0000000083c00000|100%| O|  |TAMS 0x0000000083bb7400, 0x0000000083b00000| Untracked 
|  60|0x0000000083c00000, 0x0000000083d00000, 0x0000000083d00000|100%| O|  |TAMS 0x0000000083c00000, 0x0000000083c00000| Untracked 
|  61|0x0000000083d00000, 0x0000000083e00000, 0x0000000083e00000|100%| O|  |TAMS 0x0000000083d00000, 0x0000000083d00000| Untracked 
|  62|0x0000000083e00000, 0x0000000083f00000, 0x0000000083f00000|100%| O|  |TAMS 0x0000000083e00000, 0x0000000083e00000| Untracked 
|  63|0x0000000083f00000, 0x0000000084000000, 0x0000000084000000|100%| O|  |TAMS 0x0000000083f00000, 0x0000000083f00000| Untracked 
|  64|0x0000000084000000, 0x0000000084100000, 0x0000000084100000|100%| O|  |TAMS 0x0000000084000000, 0x0000000084000000| Untracked 
|  65|0x0000000084100000, 0x0000000084200000, 0x0000000084200000|100%| O|  |TAMS 0x0000000084100000, 0x0000000084100000| Untracked 
|  66|0x0000000084200000, 0x0000000084300000, 0x0000000084300000|100%| O|  |TAMS 0x0000000084200000, 0x0000000084200000| Untracked 
|  67|0x0000000084300000, 0x0000000084400000, 0x0000000084400000|100%| O|  |TAMS 0x0000000084300000, 0x0000000084300000| Untracked 
|  68|0x0000000084400000, 0x0000000084500000, 0x0000000084500000|100%| O|  |TAMS 0x0000000084400000, 0x0000000084400000| Untracked 
|  69|0x0000000084500000, 0x0000000084600000, 0x0000000084600000|100%| O|  |TAMS 0x0000000084500000, 0x0000000084500000| Untracked 
|  70|0x0000000084600000, 0x0000000084700000, 0x0000000084700000|100%| O|  |TAMS 0x0000000084600000, 0x0000000084600000| Untracked 
|  71|0x0000000084700000, 0x0000000084800000, 0x0000000084800000|100%| O|  |TAMS 0x0000000084700000, 0x0000000084700000| Untracked 
|  72|0x0000000084800000, 0x0000000084900000, 0x0000000084900000|100%| O|  |TAMS 0x0000000084800000, 0x0000000084800000| Untracked 
|  73|0x0000000084900000, 0x0000000084a00000, 0x0000000084a00000|100%| O|  |TAMS 0x0000000084900000, 0x0000000084900000| Untracked 
|  74|0x0000000084a00000, 0x0000000084b00000, 0x0000000084b00000|100%| O|  |TAMS 0x0000000084a00000, 0x0000000084a00000| Untracked 
|  75|0x0000000084b00000, 0x0000000084b2d800, 0x0000000084c00000| 17%| O|  |TAMS 0x0000000084b00000, 0x0000000084b00000| Untracked 
|  76|0x0000000084c00000, 0x0000000084c00000, 0x0000000084d00000|  0%| F|  |TAMS 0x0000000084c00000, 0x0000000084c00000| Untracked 
|  77|0x0000000084d00000, 0x0000000084d00000, 0x0000000084e00000|  0%| F|  |TAMS 0x0000000084d00000, 0x0000000084d00000| Untracked 
|  78|0x0000000084e00000, 0x0000000084e00000, 0x0000000084f00000|  0%| F|  |TAMS 0x0000000084e00000, 0x0000000084e00000| Untracked 
|  79|0x0000000084f00000, 0x0000000084f00000, 0x0000000085000000|  0%| F|  |TAMS 0x0000000084f00000, 0x0000000084f00000| Untracked 
|  80|0x0000000085000000, 0x0000000085000000, 0x0000000085100000|  0%| F|  |TAMS 0x0000000085000000, 0x0000000085000000| Untracked 
|  81|0x0000000085100000, 0x0000000085100000, 0x0000000085200000|  0%| F|  |TAMS 0x0000000085100000, 0x0000000085100000| Untracked 
|  82|0x0000000085200000, 0x0000000085200000, 0x0000000085300000|  0%| F|  |TAMS 0x0000000085200000, 0x0000000085200000| Untracked 
|  83|0x0000000085300000, 0x0000000085300000, 0x0000000085400000|  0%| F|  |TAMS 0x0000000085300000, 0x0000000085300000| Untracked 
|  84|0x0000000085400000, 0x0000000085400000, 0x0000000085500000|  0%| F|  |TAMS 0x0000000085400000, 0x0000000085400000| Untracked 
|  85|0x0000000085500000, 0x0000000085500000, 0x0000000085600000|  0%| F|  |TAMS 0x0000000085500000, 0x0000000085500000| Untracked 
|  86|0x0000000085600000, 0x0000000085600000, 0x0000000085700000|  0%| F|  |TAMS 0x0000000085600000, 0x0000000085600000| Untracked 
|  87|0x0000000085700000, 0x0000000085700000, 0x0000000085800000|  0%| F|  |TAMS 0x0000000085700000, 0x0000000085700000| Untracked 
|  88|0x0000000085800000, 0x0000000085800000, 0x0000000085900000|  0%| F|  |TAMS 0x0000000085800000, 0x0000000085800000| Untracked 
|  89|0x0000000085900000, 0x0000000085900000, 0x0000000085a00000|  0%| F|  |TAMS 0x0000000085900000, 0x0000000085900000| Untracked 
|  90|0x0000000085a00000, 0x0000000085a00000, 0x0000000085b00000|  0%| F|  |TAMS 0x0000000085a00000, 0x0000000085a00000| Untracked 
|  91|0x0000000085b00000, 0x0000000085b00000, 0x0000000085c00000|  0%| F|  |TAMS 0x0000000085b00000, 0x0000000085b00000| Untracked 
|  92|0x0000000085c00000, 0x0000000085c00000, 0x0000000085d00000|  0%| F|  |TAMS 0x0000000085c00000, 0x0000000085c00000| Untracked 
|  93|0x0000000085d00000, 0x0000000085d00000, 0x0000000085e00000|  0%| F|  |TAMS 0x0000000085d00000, 0x0000000085d00000| Untracked 
|  94|0x0000000085e00000, 0x0000000085e00000, 0x0000000085f00000|  0%| F|  |TAMS 0x0000000085e00000, 0x0000000085e00000| Untracked 
|  95|0x0000000085f00000, 0x0000000085f00000, 0x0000000086000000|  0%| F|  |TAMS 0x0000000085f00000, 0x0000000085f00000| Untracked 
|  96|0x0000000086000000, 0x0000000086000000, 0x0000000086100000|  0%| F|  |TAMS 0x0000000086000000, 0x0000000086000000| Untracked 
|  97|0x0000000086100000, 0x0000000086100000, 0x0000000086200000|  0%| F|  |TAMS 0x0000000086100000, 0x0000000086100000| Untracked 
|  98|0x0000000086200000, 0x0000000086200000, 0x0000000086300000|  0%| F|  |TAMS 0x0000000086200000, 0x0000000086200000| Untracked 
|  99|0x0000000086300000, 0x0000000086300000, 0x0000000086400000|  0%| F|  |TAMS 0x0000000086300000, 0x0000000086300000| Untracked 
| 100|0x0000000086400000, 0x0000000086400000, 0x0000000086500000|  0%| F|  |TAMS 0x0000000086400000, 0x0000000086400000| Untracked 
| 101|0x0000000086500000, 0x0000000086500000, 0x0000000086600000|  0%| F|  |TAMS 0x0000000086500000, 0x0000000086500000| Untracked 
| 102|0x0000000086600000, 0x0000000086600000, 0x0000000086700000|  0%| F|  |TAMS 0x0000000086600000, 0x0000000086600000| Untracked 
| 103|0x0000000086700000, 0x0000000086700000, 0x0000000086800000|  0%| F|  |TAMS 0x0000000086700000, 0x0000000086700000| Untracked 
| 104|0x0000000086800000, 0x0000000086800000, 0x0000000086900000|  0%| F|  |TAMS 0x0000000086800000, 0x0000000086800000| Untracked 
| 105|0x0000000086900000, 0x0000000086900000, 0x0000000086a00000|  0%| F|  |TAMS 0x0000000086900000, 0x0000000086900000| Untracked 
| 106|0x0000000086a00000, 0x0000000086a00000, 0x0000000086b00000|  0%| F|  |TAMS 0x0000000086a00000, 0x0000000086a00000| Untracked 
| 107|0x0000000086b00000, 0x0000000086b00000, 0x0000000086c00000|  0%| F|  |TAMS 0x0000000086b00000, 0x0000000086b00000| Untracked 
| 108|0x0000000086c00000, 0x0000000086c00000, 0x0000000086d00000|  0%| F|  |TAMS 0x0000000086c00000, 0x0000000086c00000| Untracked 
| 109|0x0000000086d00000, 0x0000000086d00000, 0x0000000086e00000|  0%| F|  |TAMS 0x0000000086d00000, 0x0000000086d00000| Untracked 
| 110|0x0000000086e00000, 0x0000000086e00000, 0x0000000086f00000|  0%| F|  |TAMS 0x0000000086e00000, 0x0000000086e00000| Untracked 
| 111|0x0000000086f00000, 0x0000000086f00000, 0x0000000087000000|  0%| F|  |TAMS 0x0000000086f00000, 0x0000000086f00000| Untracked 
| 112|0x0000000087000000, 0x0000000087000000, 0x0000000087100000|  0%| F|  |TAMS 0x0000000087000000, 0x0000000087000000| Untracked 
| 113|0x0000000087100000, 0x0000000087100000, 0x0000000087200000|  0%| F|  |TAMS 0x0000000087100000, 0x0000000087100000| Untracked 
| 114|0x0000000087200000, 0x0000000087200000, 0x0000000087300000|  0%| F|  |TAMS 0x0000000087200000, 0x0000000087200000| Untracked 
| 115|0x0000000087300000, 0x0000000087300000, 0x0000000087400000|  0%| F|  |TAMS 0x0000000087300000, 0x0000000087300000| Untracked 
| 116|0x0000000087400000, 0x0000000087400000, 0x0000000087500000|  0%| F|  |TAMS 0x0000000087400000, 0x0000000087400000| Untracked 
| 117|0x0000000087500000, 0x0000000087500000, 0x0000000087600000|  0%| F|  |TAMS 0x0000000087500000, 0x0000000087500000| Untracked 
| 118|0x0000000087600000, 0x0000000087600000, 0x0000000087700000|  0%| F|  |TAMS 0x0000000087600000, 0x0000000087600000| Untracked 
| 119|0x0000000087700000, 0x0000000087700000, 0x0000000087800000|  0%| F|  |TAMS 0x0000000087700000, 0x0000000087700000| Untracked 
| 120|0x0000000087800000, 0x0000000087800000, 0x0000000087900000|  0%| F|  |TAMS 0x0000000087800000, 0x0000000087800000| Untracked 
| 121|0x0000000087900000, 0x0000000087900000, 0x0000000087a00000|  0%| F|  |TAMS 0x0000000087900000, 0x0000000087900000| Untracked 
| 122|0x0000000087a00000, 0x0000000087a00000, 0x0000000087b00000|  0%| F|  |TAMS 0x0000000087a00000, 0x0000000087a00000| Untracked 
| 123|0x0000000087b00000, 0x0000000087b00000, 0x0000000087c00000|  0%| F|  |TAMS 0x0000000087b00000, 0x0000000087b00000| Untracked 
| 124|0x0000000087c00000, 0x0000000087c00000, 0x0000000087d00000|  0%| F|  |TAMS 0x0000000087c00000, 0x0000000087c00000| Untracked 
| 125|0x0000000087d00000, 0x0000000087d00000, 0x0000000087e00000|  0%| F|  |TAMS 0x0000000087d00000, 0x0000000087d00000| Untracked 
| 126|0x0000000087e00000, 0x0000000087e00000, 0x0000000087f00000|  0%| F|  |TAMS 0x0000000087e00000, 0x0000000087e00000| Untracked 
| 127|0x0000000087f00000, 0x0000000087f59900, 0x0000000088000000| 34%| S|CS|TAMS 0x0000000087f00000, 0x0000000087f00000| Complete 
| 128|0x0000000088000000, 0x0000000088100000, 0x0000000088100000|100%| S|CS|TAMS 0x0000000088000000, 0x0000000088000000| Complete 
| 129|0x0000000088100000, 0x0000000088200000, 0x0000000088200000|100%| S|CS|TAMS 0x0000000088100000, 0x0000000088100000| Complete 
| 130|0x0000000088200000, 0x0000000088300000, 0x0000000088300000|100%| S|CS|TAMS 0x0000000088200000, 0x0000000088200000| Complete 
| 131|0x0000000088300000, 0x0000000088400000, 0x0000000088400000|100%| S|CS|TAMS 0x0000000088300000, 0x0000000088300000| Complete 
| 132|0x0000000088400000, 0x0000000088500000, 0x0000000088500000|100%| S|CS|TAMS 0x0000000088400000, 0x0000000088400000| Complete 
| 133|0x0000000088500000, 0x0000000088600000, 0x0000000088600000|100%| S|CS|TAMS 0x0000000088500000, 0x0000000088500000| Complete 
| 134|0x0000000088600000, 0x0000000088700000, 0x0000000088700000|100%| S|CS|TAMS 0x0000000088600000, 0x0000000088600000| Complete 
| 135|0x0000000088700000, 0x0000000088800000, 0x0000000088800000|100%| S|CS|TAMS 0x0000000088700000, 0x0000000088700000| Complete 
| 136|0x0000000088800000, 0x0000000088900000, 0x0000000088900000|100%| S|CS|TAMS 0x0000000088800000, 0x0000000088800000| Complete 
| 137|0x0000000088900000, 0x0000000088a00000, 0x0000000088a00000|100%| S|CS|TAMS 0x0000000088900000, 0x0000000088900000| Complete 
| 138|0x0000000088a00000, 0x0000000088a00000, 0x0000000088b00000|  0%| F|  |TAMS 0x0000000088a00000, 0x0000000088a00000| Untracked 
| 139|0x0000000088b00000, 0x0000000088b00000, 0x0000000088c00000|  0%| F|  |TAMS 0x0000000088b00000, 0x0000000088b00000| Untracked 
| 140|0x0000000088c00000, 0x0000000088c00000, 0x0000000088d00000|  0%| F|  |TAMS 0x0000000088c00000, 0x0000000088c00000| Untracked 
| 141|0x0000000088d00000, 0x0000000088d00000, 0x0000000088e00000|  0%| F|  |TAMS 0x0000000088d00000, 0x0000000088d00000| Untracked 
| 142|0x0000000088e00000, 0x0000000088e00000, 0x0000000088f00000|  0%| F|  |TAMS 0x0000000088e00000, 0x0000000088e00000| Untracked 
| 143|0x0000000088f00000, 0x0000000088f00000, 0x0000000089000000|  0%| F|  |TAMS 0x0000000088f00000, 0x0000000088f00000| Untracked 
| 144|0x0000000089000000, 0x0000000089000000, 0x0000000089100000|  0%| F|  |TAMS 0x0000000089000000, 0x0000000089000000| Untracked 
| 145|0x0000000089100000, 0x0000000089100000, 0x0000000089200000|  0%| F|  |TAMS 0x0000000089100000, 0x0000000089100000| Untracked 
| 146|0x0000000089200000, 0x0000000089200000, 0x0000000089300000|  0%| F|  |TAMS 0x0000000089200000, 0x0000000089200000| Untracked 
| 147|0x0000000089300000, 0x0000000089300000, 0x0000000089400000|  0%| F|  |TAMS 0x0000000089300000, 0x0000000089300000| Untracked 
| 148|0x0000000089400000, 0x0000000089400000, 0x0000000089500000|  0%| F|  |TAMS 0x0000000089400000, 0x0000000089400000| Untracked 
| 149|0x0000000089500000, 0x0000000089500000, 0x0000000089600000|  0%| F|  |TAMS 0x0000000089500000, 0x0000000089500000| Untracked 
| 150|0x0000000089600000, 0x0000000089600000, 0x0000000089700000|  0%| F|  |TAMS 0x0000000089600000, 0x0000000089600000| Untracked 
| 151|0x0000000089700000, 0x0000000089700000, 0x0000000089800000|  0%| F|  |TAMS 0x0000000089700000, 0x0000000089700000| Untracked 
| 152|0x0000000089800000, 0x0000000089800000, 0x0000000089900000|  0%| F|  |TAMS 0x0000000089800000, 0x0000000089800000| Untracked 
| 153|0x0000000089900000, 0x0000000089900000, 0x0000000089a00000|  0%| F|  |TAMS 0x0000000089900000, 0x0000000089900000| Untracked 
| 154|0x0000000089a00000, 0x0000000089a00000, 0x0000000089b00000|  0%| F|  |TAMS 0x0000000089a00000, 0x0000000089a00000| Untracked 
| 155|0x0000000089b00000, 0x0000000089b00000, 0x0000000089c00000|  0%| F|  |TAMS 0x0000000089b00000, 0x0000000089b00000| Untracked 
| 156|0x0000000089c00000, 0x0000000089c00000, 0x0000000089d00000|  0%| F|  |TAMS 0x0000000089c00000, 0x0000000089c00000| Untracked 
| 157|0x0000000089d00000, 0x0000000089d00000, 0x0000000089e00000|  0%| F|  |TAMS 0x0000000089d00000, 0x0000000089d00000| Untracked 
| 158|0x0000000089e00000, 0x0000000089e00000, 0x0000000089f00000|  0%| F|  |TAMS 0x0000000089e00000, 0x0000000089e00000| Untracked 
| 159|0x0000000089f00000, 0x0000000089f00000, 0x000000008a000000|  0%| F|  |TAMS 0x0000000089f00000, 0x0000000089f00000| Untracked 
| 160|0x000000008a000000, 0x000000008a000000, 0x000000008a100000|  0%| F|  |TAMS 0x000000008a000000, 0x000000008a000000| Untracked 
| 161|0x000000008a100000, 0x000000008a100000, 0x000000008a200000|  0%| F|  |TAMS 0x000000008a100000, 0x000000008a100000| Untracked 
| 162|0x000000008a200000, 0x000000008a200000, 0x000000008a300000|  0%| F|  |TAMS 0x000000008a200000, 0x000000008a200000| Untracked 
| 163|0x000000008a300000, 0x000000008a300000, 0x000000008a400000|  0%| F|  |TAMS 0x000000008a300000, 0x000000008a300000| Untracked 
| 164|0x000000008a400000, 0x000000008a400000, 0x000000008a500000|  0%| F|  |TAMS 0x000000008a400000, 0x000000008a400000| Untracked 
| 165|0x000000008a500000, 0x000000008a500000, 0x000000008a600000|  0%| F|  |TAMS 0x000000008a500000, 0x000000008a500000| Untracked 
| 166|0x000000008a600000, 0x000000008a600000, 0x000000008a700000|  0%| F|  |TAMS 0x000000008a600000, 0x000000008a600000| Untracked 
| 167|0x000000008a700000, 0x000000008a700000, 0x000000008a800000|  0%| F|  |TAMS 0x000000008a700000, 0x000000008a700000| Untracked 
| 168|0x000000008a800000, 0x000000008a800000, 0x000000008a900000|  0%| F|  |TAMS 0x000000008a800000, 0x000000008a800000| Untracked 
| 169|0x000000008a900000, 0x000000008a900000, 0x000000008aa00000|  0%| F|  |TAMS 0x000000008a900000, 0x000000008a900000| Untracked 
| 170|0x000000008aa00000, 0x000000008aa00000, 0x000000008ab00000|  0%| F|  |TAMS 0x000000008aa00000, 0x000000008aa00000| Untracked 
| 171|0x000000008ab00000, 0x000000008ab00000, 0x000000008ac00000|  0%| F|  |TAMS 0x000000008ab00000, 0x000000008ab00000| Untracked 
| 172|0x000000008ac00000, 0x000000008ac00000, 0x000000008ad00000|  0%| F|  |TAMS 0x000000008ac00000, 0x000000008ac00000| Untracked 
| 173|0x000000008ad00000, 0x000000008ad00000, 0x000000008ae00000|  0%| F|  |TAMS 0x000000008ad00000, 0x000000008ad00000| Untracked 
| 174|0x000000008ae00000, 0x000000008ae00000, 0x000000008af00000|  0%| F|  |TAMS 0x000000008ae00000, 0x000000008ae00000| Untracked 
| 175|0x000000008af00000, 0x000000008af00000, 0x000000008b000000|  0%| F|  |TAMS 0x000000008af00000, 0x000000008af00000| Untracked 
| 176|0x000000008b000000, 0x000000008b000000, 0x000000008b100000|  0%| F|  |TAMS 0x000000008b000000, 0x000000008b000000| Untracked 
| 177|0x000000008b100000, 0x000000008b100000, 0x000000008b200000|  0%| F|  |TAMS 0x000000008b100000, 0x000000008b100000| Untracked 
| 178|0x000000008b200000, 0x000000008b200000, 0x000000008b300000|  0%| F|  |TAMS 0x000000008b200000, 0x000000008b200000| Untracked 
| 179|0x000000008b300000, 0x000000008b300000, 0x000000008b400000|  0%| F|  |TAMS 0x000000008b300000, 0x000000008b300000| Untracked 
| 180|0x000000008b400000, 0x000000008b400000, 0x000000008b500000|  0%| F|  |TAMS 0x000000008b400000, 0x000000008b400000| Untracked 
| 181|0x000000008b500000, 0x000000008b500000, 0x000000008b600000|  0%| F|  |TAMS 0x000000008b500000, 0x000000008b500000| Untracked 
| 182|0x000000008b600000, 0x000000008b600000, 0x000000008b700000|  0%| F|  |TAMS 0x000000008b600000, 0x000000008b600000| Untracked 
| 183|0x000000008b700000, 0x000000008b700000, 0x000000008b800000|  0%| F|  |TAMS 0x000000008b700000, 0x000000008b700000| Untracked 
| 184|0x000000008b800000, 0x000000008b800000, 0x000000008b900000|  0%| F|  |TAMS 0x000000008b800000, 0x000000008b800000| Untracked 
| 185|0x000000008b900000, 0x000000008b900000, 0x000000008ba00000|  0%| F|  |TAMS 0x000000008b900000, 0x000000008b900000| Untracked 
| 186|0x000000008ba00000, 0x000000008ba00000, 0x000000008bb00000|  0%| F|  |TAMS 0x000000008ba00000, 0x000000008ba00000| Untracked 
| 187|0x000000008bb00000, 0x000000008bb00000, 0x000000008bc00000|  0%| F|  |TAMS 0x000000008bb00000, 0x000000008bb00000| Untracked 
| 188|0x000000008bc00000, 0x000000008bc00000, 0x000000008bd00000|  0%| F|  |TAMS 0x000000008bc00000, 0x000000008bc00000| Untracked 
| 189|0x000000008bd00000, 0x000000008bd00000, 0x000000008be00000|  0%| F|  |TAMS 0x000000008bd00000, 0x000000008bd00000| Untracked 
| 190|0x000000008be00000, 0x000000008be00000, 0x000000008bf00000|  0%| F|  |TAMS 0x000000008be00000, 0x000000008be00000| Untracked 
| 191|0x000000008bf00000, 0x000000008bf00000, 0x000000008c000000|  0%| F|  |TAMS 0x000000008bf00000, 0x000000008bf00000| Untracked 
| 192|0x000000008c000000, 0x000000008c000000, 0x000000008c100000|  0%| F|  |TAMS 0x000000008c000000, 0x000000008c000000| Untracked 
| 193|0x000000008c100000, 0x000000008c100000, 0x000000008c200000|  0%| F|  |TAMS 0x000000008c100000, 0x000000008c100000| Untracked 
| 194|0x000000008c200000, 0x000000008c200000, 0x000000008c300000|  0%| F|  |TAMS 0x000000008c200000, 0x000000008c200000| Untracked 
| 195|0x000000008c300000, 0x000000008c300000, 0x000000008c400000|  0%| F|  |TAMS 0x000000008c300000, 0x000000008c300000| Untracked 
| 196|0x000000008c400000, 0x000000008c400000, 0x000000008c500000|  0%| F|  |TAMS 0x000000008c400000, 0x000000008c400000| Untracked 
| 197|0x000000008c500000, 0x000000008c500000, 0x000000008c600000|  0%| F|  |TAMS 0x000000008c500000, 0x000000008c500000| Untracked 
| 198|0x000000008c600000, 0x000000008c600000, 0x000000008c700000|  0%| F|  |TAMS 0x000000008c600000, 0x000000008c600000| Untracked 
| 199|0x000000008c700000, 0x000000008c700000, 0x000000008c800000|  0%| F|  |TAMS 0x000000008c700000, 0x000000008c700000| Untracked 
| 200|0x000000008c800000, 0x000000008c800000, 0x000000008c900000|  0%| F|  |TAMS 0x000000008c800000, 0x000000008c800000| Untracked 
| 201|0x000000008c900000, 0x000000008c900000, 0x000000008ca00000|  0%| F|  |TAMS 0x000000008c900000, 0x000000008c900000| Untracked 
| 202|0x000000008ca00000, 0x000000008ca00000, 0x000000008cb00000|  0%| F|  |TAMS 0x000000008ca00000, 0x000000008ca00000| Untracked 
| 203|0x000000008cb00000, 0x000000008cb00000, 0x000000008cc00000|  0%| F|  |TAMS 0x000000008cb00000, 0x000000008cb00000| Untracked 
| 204|0x000000008cc00000, 0x000000008cc00000, 0x000000008cd00000|  0%| F|  |TAMS 0x000000008cc00000, 0x000000008cc00000| Untracked 
| 205|0x000000008cd00000, 0x000000008cd00000, 0x000000008ce00000|  0%| F|  |TAMS 0x000000008cd00000, 0x000000008cd00000| Untracked 
| 206|0x000000008ce00000, 0x000000008ce00000, 0x000000008cf00000|  0%| F|  |TAMS 0x000000008ce00000, 0x000000008ce00000| Untracked 
| 207|0x000000008cf00000, 0x000000008cf00000, 0x000000008d000000|  0%| F|  |TAMS 0x000000008cf00000, 0x000000008cf00000| Untracked 
| 208|0x000000008d000000, 0x000000008d000000, 0x000000008d100000|  0%| F|  |TAMS 0x000000008d000000, 0x000000008d000000| Untracked 
| 209|0x000000008d100000, 0x000000008d100000, 0x000000008d200000|  0%| F|  |TAMS 0x000000008d100000, 0x000000008d100000| Untracked 
| 210|0x000000008d200000, 0x000000008d200000, 0x000000008d300000|  0%| F|  |TAMS 0x000000008d200000, 0x000000008d200000| Untracked 
| 211|0x000000008d300000, 0x000000008d300000, 0x000000008d400000|  0%| F|  |TAMS 0x000000008d300000, 0x000000008d300000| Untracked 
| 212|0x000000008d400000, 0x000000008d400000, 0x000000008d500000|  0%| F|  |TAMS 0x000000008d400000, 0x000000008d400000| Untracked 
| 213|0x000000008d500000, 0x000000008d500000, 0x000000008d600000|  0%| F|  |TAMS 0x000000008d500000, 0x000000008d500000| Untracked 
| 214|0x000000008d600000, 0x000000008d600000, 0x000000008d700000|  0%| F|  |TAMS 0x000000008d600000, 0x000000008d600000| Untracked 
| 215|0x000000008d700000, 0x000000008d700000, 0x000000008d800000|  0%| F|  |TAMS 0x000000008d700000, 0x000000008d700000| Untracked 
| 216|0x000000008d800000, 0x000000008d800000, 0x000000008d900000|  0%| F|  |TAMS 0x000000008d800000, 0x000000008d800000| Untracked 
| 217|0x000000008d900000, 0x000000008d900000, 0x000000008da00000|  0%| F|  |TAMS 0x000000008d900000, 0x000000008d900000| Untracked 
| 218|0x000000008da00000, 0x000000008da00000, 0x000000008db00000|  0%| F|  |TAMS 0x000000008da00000, 0x000000008da00000| Untracked 
| 219|0x000000008db00000, 0x000000008db00000, 0x000000008dc00000|  0%| F|  |TAMS 0x000000008db00000, 0x000000008db00000| Untracked 
| 220|0x000000008dc00000, 0x000000008dc00000, 0x000000008dd00000|  0%| F|  |TAMS 0x000000008dc00000, 0x000000008dc00000| Untracked 
| 221|0x000000008dd00000, 0x000000008dd00000, 0x000000008de00000|  0%| F|  |TAMS 0x000000008dd00000, 0x000000008dd00000| Untracked 
| 222|0x000000008de00000, 0x000000008de00000, 0x000000008df00000|  0%| F|  |TAMS 0x000000008de00000, 0x000000008de00000| Untracked 
| 223|0x000000008df00000, 0x000000008df00000, 0x000000008e000000|  0%| F|  |TAMS 0x000000008df00000, 0x000000008df00000| Untracked 
| 224|0x000000008e000000, 0x000000008e000000, 0x000000008e100000|  0%| F|  |TAMS 0x000000008e000000, 0x000000008e000000| Untracked 
| 225|0x000000008e100000, 0x000000008e100000, 0x000000008e200000|  0%| F|  |TAMS 0x000000008e100000, 0x000000008e100000| Untracked 
| 226|0x000000008e200000, 0x000000008e200000, 0x000000008e300000|  0%| F|  |TAMS 0x000000008e200000, 0x000000008e200000| Untracked 
| 227|0x000000008e300000, 0x000000008e300000, 0x000000008e400000|  0%| F|  |TAMS 0x000000008e300000, 0x000000008e300000| Untracked 
| 228|0x000000008e400000, 0x000000008e400000, 0x000000008e500000|  0%| F|  |TAMS 0x000000008e400000, 0x000000008e400000| Untracked 
| 229|0x000000008e500000, 0x000000008e500000, 0x000000008e600000|  0%| F|  |TAMS 0x000000008e500000, 0x000000008e500000| Untracked 
| 230|0x000000008e600000, 0x000000008e600000, 0x000000008e700000|  0%| F|  |TAMS 0x000000008e600000, 0x000000008e600000| Untracked 
| 231|0x000000008e700000, 0x000000008e700000, 0x000000008e800000|  0%| F|  |TAMS 0x000000008e700000, 0x000000008e700000| Untracked 
| 232|0x000000008e800000, 0x000000008e800000, 0x000000008e900000|  0%| F|  |TAMS 0x000000008e800000, 0x000000008e800000| Untracked 
| 233|0x000000008e900000, 0x000000008e900000, 0x000000008ea00000|  0%| F|  |TAMS 0x000000008e900000, 0x000000008e900000| Untracked 
| 234|0x000000008ea00000, 0x000000008ea00000, 0x000000008eb00000|  0%| F|  |TAMS 0x000000008ea00000, 0x000000008ea00000| Untracked 
| 235|0x000000008eb00000, 0x000000008eb00000, 0x000000008ec00000|  0%| F|  |TAMS 0x000000008eb00000, 0x000000008eb00000| Untracked 
| 236|0x000000008ec00000, 0x000000008ec00000, 0x000000008ed00000|  0%| F|  |TAMS 0x000000008ec00000, 0x000000008ec00000| Untracked 
| 237|0x000000008ed00000, 0x000000008ed00000, 0x000000008ee00000|  0%| F|  |TAMS 0x000000008ed00000, 0x000000008ed00000| Untracked 
| 238|0x000000008ee00000, 0x000000008ee00000, 0x000000008ef00000|  0%| F|  |TAMS 0x000000008ee00000, 0x000000008ee00000| Untracked 
| 239|0x000000008ef00000, 0x000000008ef00000, 0x000000008f000000|  0%| F|  |TAMS 0x000000008ef00000, 0x000000008ef00000| Untracked 
| 240|0x000000008f000000, 0x000000008f000000, 0x000000008f100000|  0%| F|  |TAMS 0x000000008f000000, 0x000000008f000000| Untracked 
| 241|0x000000008f100000, 0x000000008f100000, 0x000000008f200000|  0%| F|  |TAMS 0x000000008f100000, 0x000000008f100000| Untracked 
| 242|0x000000008f200000, 0x000000008f200000, 0x000000008f300000|  0%| F|  |TAMS 0x000000008f200000, 0x000000008f200000| Untracked 
| 243|0x000000008f300000, 0x000000008f300000, 0x000000008f400000|  0%| F|  |TAMS 0x000000008f300000, 0x000000008f300000| Untracked 
| 244|0x000000008f400000, 0x000000008f400000, 0x000000008f500000|  0%| F|  |TAMS 0x000000008f400000, 0x000000008f400000| Untracked 
| 245|0x000000008f500000, 0x000000008f500000, 0x000000008f600000|  0%| F|  |TAMS 0x000000008f500000, 0x000000008f500000| Untracked 
| 246|0x000000008f600000, 0x000000008f600000, 0x000000008f700000|  0%| F|  |TAMS 0x000000008f600000, 0x000000008f600000| Untracked 
| 247|0x000000008f700000, 0x000000008f700000, 0x000000008f800000|  0%| F|  |TAMS 0x000000008f700000, 0x000000008f700000| Untracked 
| 248|0x000000008f800000, 0x000000008f800000, 0x000000008f900000|  0%| F|  |TAMS 0x000000008f800000, 0x000000008f800000| Untracked 
| 249|0x000000008f900000, 0x000000008f900000, 0x000000008fa00000|  0%| F|  |TAMS 0x000000008f900000, 0x000000008f900000| Untracked 
| 250|0x000000008fa00000, 0x000000008fa00000, 0x000000008fb00000|  0%| F|  |TAMS 0x000000008fa00000, 0x000000008fa00000| Untracked 
| 251|0x000000008fb00000, 0x000000008fb00000, 0x000000008fc00000|  0%| F|  |TAMS 0x000000008fb00000, 0x000000008fb00000| Untracked 
| 252|0x000000008fc00000, 0x000000008fc00000, 0x000000008fd00000|  0%| F|  |TAMS 0x000000008fc00000, 0x000000008fc00000| Untracked 
| 253|0x000000008fd00000, 0x000000008fd00000, 0x000000008fe00000|  0%| F|  |TAMS 0x000000008fd00000, 0x000000008fd00000| Untracked 

Card table byte_map: [0x00000214ff0d0000,0x00000214ff4d0000] _byte_map_base: 0x00000214fecd0000

Marking Bits (Prev, Next): (CMBitMap*) 0x00000214faebb920, (CMBitMap*) 0x00000214faebb8e8
 Prev Bits: [0x0000021491000000, 0x0000021493000000)
 Next Bits: [0x000002148f000000, 0x0000021491000000)

Polling page: 0x00000214fa650000

Metaspace:

Usage:
  Non-class:     75.78 MB capacity,    74.24 MB ( 98%) used,     1.26 MB (  2%) free+waste,   293.69 KB ( <1%) overhead. 
      Class:     12.08 MB capacity,    11.10 MB ( 92%) used,   867.78 KB (  7%) free+waste,   136.56 KB (  1%) overhead. 
       Both:     87.86 MB capacity,    85.33 MB ( 97%) used,     2.10 MB (  2%) free+waste,   430.25 KB ( <1%) overhead. 

Virtual space:
  Non-class space:       76.00 MB reserved,      75.79 MB (>99%) committed 
      Class space:        1.00 GB reserved,      12.12 MB (  1%) committed 
             Both:        1.07 GB reserved,      87.91 MB (  8%) committed 

Chunk freelists:
   Non-Class:  5.00 KB
       Class:  17.00 KB
        Both:  22.00 KB

MaxMetaspaceSize: 17179869184.00 GB
CompressedClassSpaceSize: 1.00 GB
Initial GC threshold: 20.80 MB
Current GC threshold: 139.23 MB
CDS: off

CodeHeap 'non-profiled nmethods': size=120000Kb used=6275Kb max_used=6275Kb free=113725Kb
 bounds [0x0000021487ad0000, 0x0000021488100000, 0x000002148f000000]
CodeHeap 'profiled nmethods': size=120000Kb used=22154Kb max_used=22154Kb free=97845Kb
 bounds [0x00000214805a0000, 0x0000021481b50000, 0x0000021487ad0000]
CodeHeap 'non-nmethods': size=5760Kb used=2382Kb max_used=2443Kb free=3377Kb
 bounds [0x0000021480000000, 0x0000021480270000, 0x00000214805a0000]
 total_blobs=11198 nmethods=10290 adapters=820
 compilation: enabled
              stopped_count=0, restarted_count=0
 full_count=0

Compilation events (20 events):
Event: 20.053 Thread 0x0000021495cc0000 nmethod 10370 0x0000021481b3d710 code [0x0000021481b3d940, 0x0000021481b3de68]
Event: 20.053 Thread 0x0000021495cc0000 10368       3       org.gradle.internal.snapshot.impl.StringValueSnapshot::appendToHasher (14 bytes)
Event: 20.055 Thread 0x0000021495cc0000 nmethod 10368 0x0000021481b3e090 code [0x0000021481b3e320, 0x0000021481b3efa8]
Event: 20.055 Thread 0x0000021495cc0000 10369       3       org.gradle.internal.execution.steps.AssignWorkspaceStep$1::getInputFileProperties (10 bytes)
Event: 20.055 Thread 0x0000021495cc0000 nmethod 10369 0x0000021481b3f410 code [0x0000021481b3f5c0, 0x0000021481b3f788]
Event: 20.055 Thread 0x0000021495cc0000 10367       3       org.gradle.internal.serialize.HashCodeSerializer::read (6 bytes)
Event: 20.056 Thread 0x0000021495cc0000 nmethod 10367 0x0000021481b3f890 code [0x0000021481b3fa80, 0x0000021481b3fe48]
Event: 20.056 Thread 0x0000021495cc0000 10371   !   3       org.gradle.internal.execution.impl.DefaultOutputSnapshotter$1::visitOutputProperty (49 bytes)
Event: 20.057 Thread 0x0000021495cc0000 nmethod 10371 0x0000021481b3ff90 code [0x0000021481b401a0, 0x0000021481b40588]
Event: 20.057 Thread 0x0000021495cc0000 10373   !   3       sun.nio.fs.WindowsNativeDispatcher::CreateFile (41 bytes)
Event: 20.057 Thread 0x0000021495cc0000 nmethod 10373 0x0000021481b40890 code [0x0000021481b40a80, 0x0000021481b40d78]
Event: 20.057 Thread 0x0000021495cc0000 10381       3       org.gradle.internal.io.StreamByteBuffer$StreamByteBufferOutputStream::write (115 bytes)
Event: 20.059 Thread 0x0000021495cc0000 nmethod 10381 0x0000021481b41010 code [0x0000021481b41240, 0x0000021481b419d8]
Event: 20.059 Thread 0x0000021495cc0000 10372       3       org.gradle.internal.execution.history.impl.AbstractInputExecutionState::<init> (26 bytes)
Event: 20.059 Thread 0x0000021495cc0000 nmethod 10372 0x0000021481b41d10 code [0x0000021481b41ee0, 0x0000021481b421b8]
Event: 20.059 Thread 0x0000021495cc0000 10374       3       org.gradle.cache.internal.DefaultMultiProcessSafePersistentIndexedCache$$Lambda$341/0x0000000100480440::run (16 bytes)
Event: 20.059 Thread 0x0000021495cc0000 nmethod 10374 0x0000021481b42290 code [0x0000021481b42460, 0x0000021481b42608]
Event: 20.059 Thread 0x0000021495cc0000 10375       3       org.gradle.cache.internal.DefaultMultiProcessSafePersistentIndexedCache::lambda$put$1 (7 bytes)
Event: 20.060 Thread 0x0000021495cc0000 nmethod 10375 0x0000021481b42710 code [0x0000021481b428c0, 0x0000021481b429e8]
Event: 20.060 Thread 0x0000021495cc0000 10376   !   3       org.gradle.cache.internal.btree.BTreePersistentIndexedCache::put (176 bytes)

GC Heap History (20 events):
Event: 0.581 GC heap after
{Heap after GC invocations=1 (full 0):
 garbage-first heap   total 260096K, used 9169K [0x0000000080000000, 0x0000000100000000)
  region size 1024K, 3 young (3072K), 3 survivors (3072K)
 Metaspace       used 10106K, capacity 10327K, committed 10624K, reserved 1058816K
  class space    used 1031K, capacity 1106K, committed 1152K, reserved 1048576K
}
Event: 2.405 GC heap before
{Heap before GC invocations=1 (full 0):
 garbage-first heap   total 260096K, used 108497K [0x0000000080000000, 0x0000000100000000)
  region size 1024K, 100 young (102400K), 3 survivors (3072K)
 Metaspace       used 20747K, capacity 21183K, committed 21296K, reserved 1069056K
  class space    used 2523K, capacity 2685K, committed 2688K, reserved 1048576K
}
Event: 2.416 GC heap after
{Heap after GC invocations=2 (full 0):
 garbage-first heap   total 260096K, used 16805K [0x0000000080000000, 0x0000000100000000)
  region size 1024K, 11 young (11264K), 11 survivors (11264K)
 Metaspace       used 20747K, capacity 21183K, committed 21296K, reserved 1069056K
  class space    used 2523K, capacity 2685K, committed 2688K, reserved 1048576K
}
Event: 3.131 GC heap before
{Heap before GC invocations=3 (full 0):
 garbage-first heap   total 260096K, used 64933K [0x0000000080000000, 0x0000000100000000)
  region size 1024K, 59 young (60416K), 11 survivors (11264K)
 Metaspace       used 25755K, capacity 26365K, committed 26544K, reserved 1073152K
  class space    used 3328K, capacity 3549K, committed 3584K, reserved 1048576K
}
Event: 3.143 GC heap after
{Heap after GC invocations=4 (full 0):
 garbage-first heap   total 260096K, used 19608K [0x0000000080000000, 0x0000000100000000)
  region size 1024K, 3 young (3072K), 3 survivors (3072K)
 Metaspace       used 25755K, capacity 26365K, committed 26544K, reserved 1073152K
  class space    used 3328K, capacity 3549K, committed 3584K, reserved 1048576K
}
Event: 4.538 GC heap before
{Heap before GC invocations=4 (full 0):
 garbage-first heap   total 260096K, used 96408K [0x0000000080000000, 0x0000000100000000)
  region size 1024K, 79 young (80896K), 3 survivors (3072K)
 Metaspace       used 34961K, capacity 35817K, committed 35888K, reserved 1081344K
  class space    used 4566K, capacity 4921K, committed 4992K, reserved 1048576K
}
Event: 4.552 GC heap after
{Heap after GC invocations=5 (full 0):
 garbage-first heap   total 260096K, used 22913K [0x0000000080000000, 0x0000000100000000)
  region size 1024K, 6 young (6144K), 6 survivors (6144K)
 Metaspace       used 34961K, capacity 35817K, committed 35888K, reserved 1081344K
  class space    used 4566K, capacity 4921K, committed 4992K, reserved 1048576K
}
Event: 6.736 GC heap before
{Heap before GC invocations=6 (full 0):
 garbage-first heap   total 260096K, used 141697K [0x0000000080000000, 0x0000000100000000)
  region size 1024K, 119 young (121856K), 6 survivors (6144K)
 Metaspace       used 45544K, capacity 46657K, committed 46824K, reserved 1089536K
  class space    used 5792K, capacity 6192K, committed 6272K, reserved 1048576K
}
Event: 6.763 GC heap after
{Heap after GC invocations=7 (full 0):
 garbage-first heap   total 260096K, used 30978K [0x0000000080000000, 0x0000000100000000)
  region size 1024K, 14 young (14336K), 14 survivors (14336K)
 Metaspace       used 45544K, capacity 46657K, committed 46824K, reserved 1089536K
  class space    used 5792K, capacity 6192K, committed 6272K, reserved 1048576K
}
Event: 9.284 GC heap before
{Heap before GC invocations=8 (full 0):
 garbage-first heap   total 260096K, used 166146K [0x0000000080000000, 0x0000000100000000)
  region size 1024K, 144 young (147456K), 14 survivors (14336K)
 Metaspace       used 54651K, capacity 56021K, committed 56296K, reserved 1097728K
  class space    used 6915K, capacity 7462K, committed 7552K, reserved 1048576K
}
Event: 9.313 GC heap after
{Heap after GC invocations=9 (full 0):
 garbage-first heap   total 260096K, used 42644K [0x0000000080000000, 0x0000000100000000)
  region size 1024K, 18 young (18432K), 18 survivors (18432K)
 Metaspace       used 54651K, capacity 56021K, committed 56296K, reserved 1097728K
  class space    used 6915K, capacity 7462K, committed 7552K, reserved 1048576K
}
Event: 12.323 GC heap before
{Heap before GC invocations=9 (full 0):
 garbage-first heap   total 260096K, used 187028K [0x0000000080000000, 0x0000000100000000)
  region size 1024K, 152 young (155648K), 18 survivors (18432K)
 Metaspace       used 66306K, capacity 67903K, committed 68072K, reserved 1107968K
  class space    used 8388K, capacity 9035K, committed 9088K, reserved 1048576K
}
Event: 12.353 GC heap after
{Heap after GC invocations=10 (full 0):
 garbage-first heap   total 260096K, used 51760K [0x0000000080000000, 0x0000000100000000)
  region size 1024K, 19 young (19456K), 19 survivors (19456K)
 Metaspace       used 66306K, capacity 67903K, committed 68072K, reserved 1107968K
  class space    used 8388K, capacity 9035K, committed 9088K, reserved 1048576K
}
Event: 14.581 GC heap before
{Heap before GC invocations=10 (full 0):
 garbage-first heap   total 260096K, used 187952K [0x0000000080000000, 0x0000000100000000)
  region size 1024K, 152 young (155648K), 19 survivors (19456K)
 Metaspace       used 74216K, capacity 75980K, committed 76264K, reserved 1116160K
  class space    used 9634K, capacity 10328K, committed 10368K, reserved 1048576K
}
Event: 14.608 GC heap after
{Heap after GC invocations=11 (full 0):
 garbage-first heap   total 260096K, used 62079K [0x0000000080000000, 0x0000000100000000)
  region size 1024K, 10 young (10240K), 10 survivors (10240K)
 Metaspace       used 74216K, capacity 75980K, committed 76264K, reserved 1116160K
  class space    used 9634K, capacity 10328K, committed 10368K, reserved 1048576K
}
Event: 15.083 GC heap before
{Heap before GC invocations=11 (full 0):
 garbage-first heap   total 260096K, used 85631K [0x0000000080000000, 0x0000000100000000)
  region size 1024K, 34 young (34816K), 10 survivors (10240K)
 Metaspace       used 76055K, capacity 77849K, committed 78040K, reserved 1116160K
  class space    used 9900K, capacity 10621K, committed 10624K, reserved 1048576K
}
Event: 15.110 GC heap after
{Heap after GC invocations=12 (full 0):
 garbage-first heap   total 260096K, used 63098K [0x0000000080000000, 0x0000000100000000)
  region size 1024K, 11 young (11264K), 11 survivors (11264K)
 Metaspace       used 76055K, capacity 77849K, committed 78040K, reserved 1116160K
  class space    used 9900K, capacity 10621K, committed 10624K, reserved 1048576K
}
Event: 17.562 GC heap before
{Heap before GC invocations=13 (full 0):
 garbage-first heap   total 260096K, used 195194K [0x0000000080000000, 0x0000000100000000)
  region size 1024K, 140 young (143360K), 11 survivors (11264K)
 Metaspace       used 82895K, capacity 84999K, committed 85156K, reserved 1122304K
  class space    used 10810K, capacity 11615K, committed 11648K, reserved 1048576K
}
Event: 17.619 GC heap after
{Heap after GC invocations=14 (full 0):
 garbage-first heap   total 260096K, used 77789K [0x0000000080000000, 0x0000000100000000)
  region size 1024K, 17 young (17408K), 17 survivors (17408K)
 Metaspace       used 82895K, capacity 84999K, committed 85156K, reserved 1122304K
  class space    used 10810K, capacity 11615K, committed 11648K, reserved 1048576K
}
Event: 20.061 GC heap before
{Heap before GC invocations=15 (full 0):
 garbage-first heap   total 260096K, used 195549K [0x0000000080000000, 0x0000000100000000)
  region size 1024K, 133 young (136192K), 17 survivors (17408K)
 Metaspace       used 87381K, capacity 89966K, committed 90020K, reserved 1126400K
  class space    used 11362K, capacity 12367K, committed 12416K, reserved 1048576K
}

Deoptimization events (20 events):
Event: 20.031 Thread 0x000002149939d000 Uncommon trap: reason=profile_predicate action=maybe_recompile pc=0x00000214880e7894 method=org.gradle.tooling.internal.provider.runner.ClientBuildEventGenerator.started(Lorg/gradle/internal/operations/BuildOperationDescriptor;Lorg/gradle/internal/operati
Event: 20.031 Thread 0x0000021499af0800 Uncommon trap: trap_request=0xffffffbe fr.pc=0x00000214880e7894 relative=0x0000000000000c94
Event: 20.031 Thread 0x000002149939a000 Uncommon trap: reason=profile_predicate action=maybe_recompile pc=0x00000214880e7894 method=org.gradle.tooling.internal.provider.runner.ClientBuildEventGenerator.started(Lorg/gradle/internal/operations/BuildOperationDescriptor;Lorg/gradle/internal/operati
Event: 20.031 Thread 0x000002149939d000 DEOPT PACKING pc=0x00000214880e7894 sp=0x00000050e61fe480
Event: 20.031 Thread 0x000002149939a000 DEOPT PACKING pc=0x00000214880e7894 sp=0x00000050e57fe490
Event: 20.031 Thread 0x000002149939d000 DEOPT UNPACKING pc=0x000002148004a1af sp=0x00000050e61fe438 mode 2
Event: 20.031 Thread 0x000002149939a000 DEOPT UNPACKING pc=0x000002148004a1af sp=0x00000050e57fe448 mode 2
Event: 20.032 Thread 0x0000021499af0800 Uncommon trap: reason=profile_predicate action=maybe_recompile pc=0x00000214880e7894 method=org.gradle.tooling.internal.provider.runner.ClientBuildEventGenerator.started(Lorg/gradle/internal/operations/BuildOperationDescriptor;Lorg/gradle/internal/operati
Event: 20.032 Thread 0x0000021499af0800 DEOPT PACKING pc=0x00000214880e7894 sp=0x00000050e7ffe3d0
Event: 20.032 Thread 0x0000021499af0800 DEOPT UNPACKING pc=0x000002148004a1af sp=0x00000050e7ffe388 mode 2
Event: 20.036 Thread 0x00000214996c0000 Uncommon trap: trap_request=0xffffffd6 fr.pc=0x00000214880ef35c relative=0x000000000000071c
Event: 20.036 Thread 0x00000214996c0000 Uncommon trap: reason=array_check action=maybe_recompile pc=0x00000214880ef35c method=java.util.TimSort.binarySort([Ljava/lang/Object;IIILjava/util/Comparator;)V @ 215 c2
Event: 20.036 Thread 0x00000214996c0000 DEOPT PACKING pc=0x00000214880ef35c sp=0x00000050e92fa7d0
Event: 20.036 Thread 0x00000214996c0000 DEOPT UNPACKING pc=0x000002148004a1af sp=0x00000050e92fa778 mode 2
Event: 20.036 Thread 0x00000214996c0000 Uncommon trap: trap_request=0xffffffd6 fr.pc=0x00000214880ef35c relative=0x000000000000071c
Event: 20.036 Thread 0x00000214996c0000 Uncommon trap: reason=array_check action=maybe_recompile pc=0x00000214880ef35c method=java.util.TimSort.binarySort([Ljava/lang/Object;IIILjava/util/Comparator;)V @ 215 c2
Event: 20.036 Thread 0x00000214996c0000 DEOPT PACKING pc=0x00000214880ef35c sp=0x00000050e92fac90
Event: 20.036 Thread 0x00000214996c0000 DEOPT UNPACKING pc=0x000002148004a1af sp=0x00000050e92fac38 mode 2
Event: 20.040 Thread 0x0000021499af3000 DEOPT PACKING pc=0x000002148163aec4 sp=0x00000050e81fb830
Event: 20.040 Thread 0x0000021499af3000 DEOPT UNPACKING pc=0x000002148004a95e sp=0x00000050e81fadd0 mode 0

Classes redefined (0 events):
No events

Internal exceptions (20 events):
Event: 18.232 Thread 0x00000214996bd800 Exception <a 'java/lang/NoSuchMethodError'{0x000000008e7d3640}: <clinit>> (0x000000008e7d3640) thrown at [src/hotspot/share/prims/jni.cpp, line 1367]
Event: 18.251 Thread 0x00000214996c0000 Exception <a 'java/lang/NoSuchMethodError'{0x000000008e67fc10}: 'int java.lang.invoke.DirectMethodHandle$Holder.invokeSpecial(java.lang.Object, java.lang.Object, java.lang.Object, java.lang.Object, java.lang.Object)'> (0x000000008e67fc10) thrown at [src/hotspot/share/interpreter/linkResolver.cpp, line 773]
Event: 18.979 Thread 0x00000214996c0000 Exception <a 'java/lang/NoSuchMethodError'{0x000000008d27ad20}: 'void java.lang.invoke.DirectMethodHandle$Holder.invokeStatic(java.lang.Object, java.lang.Object, java.lang.Object, java.lang.Object, int, java.lang.Object, java.lang.Object)'> (0x000000008d27ad20) thrown at [src/hotspot/share/interpreter/linkResolver.cpp, line 773]
Event: 19.051 Thread 0x0000021499aea800 Exception <a 'java/lang/NoSuchMethodError'{0x000000008c786060}: 'java.lang.Object java.lang.invoke.DirectMethodHandle$Holder.invokeSpecialIFC(java.lang.Object, java.lang.Object, java.lang.Object)'> (0x000000008c786060) thrown at [src/hotspot/share/interpreter/linkResolver.cpp, line 773]
Event: 19.051 Thread 0x0000021499af3000 Exception <a 'java/lang/NoSuchMethodError'{0x000000008c79c318}: 'java.lang.Object java.lang.invoke.DirectMethodHandle$Holder.invokeSpecialIFC(java.lang.Object, java.lang.Object, java.lang.Object)'> (0x000000008c79c318) thrown at [src/hotspot/share/interpreter/linkResolver.cpp, line 773]
Event: 19.051 Thread 0x0000021499af0800 Exception <a 'java/lang/NoSuchMethodError'{0x000000008c731098}: 'java.lang.Object java.lang.invoke.DirectMethodHandle$Holder.invokeSpecialIFC(java.lang.Object, java.lang.Object, java.lang.Object)'> (0x000000008c731098) thrown at [src/hotspot/share/interpreter/linkResolver.cpp, line 773]
Event: 19.051 Thread 0x000002149939a000 Exception <a 'java/lang/NoSuchMethodError'{0x000000008c712468}: 'java.lang.Object java.lang.invoke.DirectMethodHandle$Holder.invokeSpecialIFC(java.lang.Object, java.lang.Object, java.lang.Object)'> (0x000000008c712468) thrown at [src/hotspot/share/interpreter/linkResolver.cpp, line 773]
Event: 19.052 Thread 0x00000214996c0000 Exception <a 'java/lang/NoSuchMethodError'{0x000000008c8f1b28}: 'java.lang.Object java.lang.invoke.DirectMethodHandle$Holder.invokeSpecialIFC(java.lang.Object, java.lang.Object, java.lang.Object)'> (0x000000008c8f1b28) thrown at [src/hotspot/share/interpreter/linkResolver.cpp, line 773]
Event: 19.052 Thread 0x000002149939d000 Exception <a 'java/lang/NoSuchMethodError'{0x000000008c74f670}: 'java.lang.Object java.lang.invoke.DirectMethodHandle$Holder.invokeSpecialIFC(java.lang.Object, java.lang.Object, java.lang.Object)'> (0x000000008c74f670) thrown at [src/hotspot/share/interpreter/linkResolver.cpp, line 773]
Event: 19.052 Thread 0x0000021497e4c800 Exception <a 'java/lang/NoSuchMethodError'{0x000000008c8989c0}: 'java.lang.Object java.lang.invoke.DirectMethodHandle$Holder.invokeSpecialIFC(java.lang.Object, java.lang.Object, java.lang.Object)'> (0x000000008c8989c0) thrown at [src/hotspot/share/interpreter/linkResolver.cpp, line 773]
Event: 19.052 Thread 0x0000021499af3800 Exception <a 'java/lang/NoSuchMethodError'{0x000000008c7690f0}: 'java.lang.Object java.lang.invoke.DirectMethodHandle$Holder.invokeSpecialIFC(java.lang.Object, java.lang.Object, java.lang.Object)'> (0x000000008c7690f0) thrown at [src/hotspot/share/interpreter/linkResolver.cpp, line 773]
Event: 19.240 Thread 0x0000021497e4c800 Exception <a 'java/lang/NoSuchMethodError'{0x000000008c36ad90}: 'void java.lang.invoke.DirectMethodHandle$Holder.invokeVirtual(java.lang.Object, java.lang.Object)'> (0x000000008c36ad90) thrown at [src/hotspot/share/interpreter/linkResolver.cpp, line 773]
Event: 19.241 Thread 0x000002149939a000 Exception <a 'java/lang/NoSuchMethodError'{0x000000008bb1a260}: 'void java.lang.invoke.DirectMethodHandle$Holder.invokeVirtual(java.lang.Object, java.lang.Object)'> (0x000000008bb1a260) thrown at [src/hotspot/share/interpreter/linkResolver.cpp, line 773]
Event: 20.030 Thread 0x0000021499af0800 Implicit null exception at 0x00000214880e6ec9 to 0x00000214880e787c
Event: 20.030 Thread 0x000002149939d000 Implicit null exception at 0x00000214880e6ec9 to 0x00000214880e787c
Event: 20.030 Thread 0x000002149939a000 Implicit null exception at 0x00000214880e6ec9 to 0x00000214880e787c
Event: 20.030 Thread 0x0000021499af0800 Implicit null exception at 0x00000214880e95db to 0x00000214880e966c
Event: 20.030 Thread 0x000002149939d000 Implicit null exception at 0x00000214880e6ec9 to 0x00000214880e787c
Event: 20.030 Thread 0x000002149939a000 Implicit null exception at 0x00000214880e6ec9 to 0x00000214880e787c
Event: 20.031 Thread 0x0000021499af0800 Implicit null exception at 0x00000214880e6ec9 to 0x00000214880e787c

Events (20 events):
Event: 19.940 Executing VM operation: RevokeBias done
Event: 20.001 loading class org/gradle/api/internal/artifacts/ivyservice/resolveengine/artifact/ArtifactVisitor
Event: 20.001 loading class org/gradle/api/internal/artifacts/ivyservice/resolveengine/artifact/ArtifactVisitor done
Event: 20.001 loading class org/gradle/api/internal/artifacts/transform/TransformationSubject
Event: 20.001 loading class org/gradle/api/internal/artifacts/transform/TransformationSubject done
Event: 20.001 loading class org/gradle/api/internal/artifacts/transform/TransformingAsyncArtifactListener$TransformedArtifact
Event: 20.001 loading class org/gradle/api/internal/artifacts/transform/TransformingAsyncArtifactListener$TransformedArtifact done
Event: 20.002 loading class org/gradle/api/internal/artifacts/ivyservice/resolveengine/artifact/ArtifactVisitor
Event: 20.002 loading class org/gradle/api/internal/artifacts/ivyservice/resolveengine/artifact/ArtifactVisitor done
Event: 20.002 loading class org/gradle/api/internal/artifacts/transform/TransformingAsyncArtifactListener$TransformedArtifact
Event: 20.002 loading class org/gradle/api/internal/artifacts/transform/TransformingAsyncArtifactListener$TransformedArtifact done
Event: 20.002 Executing VM operation: RevokeBias
Event: 20.003 Executing VM operation: RevokeBias done
Event: 20.003 Executing VM operation: RevokeBias
Event: 20.003 Executing VM operation: RevokeBias done
Event: 20.003 Executing VM operation: RevokeBias
Event: 20.003 Executing VM operation: RevokeBias done
Event: 20.003 Executing VM operation: BulkRevokeBias
Event: 20.008 Executing VM operation: BulkRevokeBias done
Event: 20.060 Executing VM operation: G1CollectForAllocation


Dynamic libraries:
0x00007ff7e6370000 - 0x00007ff7e637a000 	D:\projetos\Android Studio\jbr\bin\java.exe
0x00007ffdeb940000 - 0x00007ffdebb49000 	C:\WINDOWS\SYSTEM32\ntdll.dll
0x00007ffdea0e0000 - 0x00007ffdea19e000 	C:\WINDOWS\System32\KERNEL32.DLL
0x00007ffde90d0000 - 0x00007ffde9454000 	C:\WINDOWS\System32\KERNELBASE.dll
0x00007ffde95f0000 - 0x00007ffde9701000 	C:\WINDOWS\System32\ucrtbase.dll
0x00007ffde2080000 - 0x00007ffde209b000 	D:\projetos\Android Studio\jbr\bin\VCRUNTIME140.dll
0x00007ffde2160000 - 0x00007ffde2177000 	D:\projetos\Android Studio\jbr\bin\jli.dll
0x00007ffde9850000 - 0x00007ffde99fd000 	C:\WINDOWS\System32\USER32.dll
0x00007ffde95c0000 - 0x00007ffde95e6000 	C:\WINDOWS\System32\win32u.dll
0x00007ffdcc060000 - 0x00007ffdcc305000 	C:\WINDOWS\WinSxS\amd64_microsoft.windows.common-controls_6595b64144ccf1df_6.0.22000.120_none_9d947278b86cc467\COMCTL32.dll
0x00007ffdea200000 - 0x00007ffdea22a000 	C:\WINDOWS\System32\GDI32.dll
0x00007ffde9a00000 - 0x00007ffde9aa3000 	C:\WINDOWS\System32\msvcrt.dll
0x00007ffde8f40000 - 0x00007ffde905f000 	C:\WINDOWS\System32\gdi32full.dll
0x00007ffde9520000 - 0x00007ffde95bd000 	C:\WINDOWS\System32\msvcp_win.dll
0x00007ffdea5b0000 - 0x00007ffdea5e1000 	C:\WINDOWS\System32\IMM32.DLL
0x00007ffde2150000 - 0x00007ffde215c000 	D:\projetos\Android Studio\jbr\bin\vcruntime140_1.dll
0x00007ffdd2890000 - 0x00007ffdd291d000 	D:\projetos\Android Studio\jbr\bin\msvcp140.dll
0x00007ffd980a0000 - 0x00007ffd98c5c000 	D:\projetos\Android Studio\jbr\bin\server\jvm.dll
0x00007ffde9b90000 - 0x00007ffde9c3f000 	C:\WINDOWS\System32\ADVAPI32.dll
0x00007ffdeb5d0000 - 0x00007ffdeb66e000 	C:\WINDOWS\System32\sechost.dll
0x00007ffdeb4a0000 - 0x00007ffdeb5c1000 	C:\WINDOWS\System32\RPCRT4.dll
0x00007ffde97a0000 - 0x00007ffde97a8000 	C:\WINDOWS\System32\PSAPI.DLL
0x00007ffddf9a0000 - 0x00007ffddf9d3000 	C:\WINDOWS\SYSTEM32\WINMM.dll
0x00007ffdcabe0000 - 0x00007ffdcabe9000 	C:\WINDOWS\SYSTEM32\WSOCK32.dll
0x00007ffdddf00000 - 0x00007ffdddf0a000 	C:\WINDOWS\SYSTEM32\VERSION.dll
0x00007ffdeaa50000 - 0x00007ffdeaabf000 	C:\WINDOWS\System32\WS2_32.dll
0x00007ffde7f30000 - 0x00007ffde7f48000 	C:\WINDOWS\SYSTEM32\kernel.appcore.dll
0x00007ffdde800000 - 0x00007ffdde810000 	D:\projetos\Android Studio\jbr\bin\verify.dll
0x00007ffde3830000 - 0x00007ffde3a51000 	C:\WINDOWS\SYSTEM32\DBGHELP.DLL
0x00007ffdc8590000 - 0x00007ffdc85c1000 	C:\WINDOWS\SYSTEM32\dbgcore.DLL
0x00007ffde9710000 - 0x00007ffde978f000 	C:\WINDOWS\System32\bcryptPrimitives.dll
0x00007ffd99080000 - 0x00007ffd990a8000 	D:\projetos\Android Studio\jbr\bin\java.dll
0x00007ffda13c0000 - 0x00007ffda13ca000 	D:\projetos\Android Studio\jbr\bin\jimage.dll
0x00007ffd99060000 - 0x00007ffd99078000 	D:\projetos\Android Studio\jbr\bin\zip.dll
0x00007ffdeacd0000 - 0x00007ffdeb495000 	C:\WINDOWS\System32\SHELL32.dll
0x00007ffde6eb0000 - 0x00007ffde7712000 	C:\WINDOWS\SYSTEM32\windows.storage.dll
0x00007ffdea230000 - 0x00007ffdea5a6000 	C:\WINDOWS\System32\combase.dll
0x00007ffde6d40000 - 0x00007ffde6ea7000 	C:\WINDOWS\SYSTEM32\wintypes.dll
0x00007ffdea730000 - 0x00007ffdea81a000 	C:\WINDOWS\System32\SHCORE.dll
0x00007ffdea1a0000 - 0x00007ffdea1fd000 	C:\WINDOWS\System32\shlwapi.dll
0x00007ffde8d00000 - 0x00007ffde8d25000 	C:\WINDOWS\SYSTEM32\profapi.dll
0x00007ffdb25e0000 - 0x00007ffdb25f9000 	D:\projetos\Android Studio\jbr\bin\net.dll
0x00007ffde0420000 - 0x00007ffde0534000 	C:\WINDOWS\SYSTEM32\WINHTTP.dll
0x00007ffde83e0000 - 0x00007ffde8447000 	C:\WINDOWS\system32\mswsock.dll
0x00007ffd99040000 - 0x00007ffd99053000 	D:\projetos\Android Studio\jbr\bin\nio.dll
0x00007ffdad180000 - 0x00007ffdad1a7000 	C:\Users\jorge\.gradle\native\e1d6ef7f7dcc3fd88c89a11ec53ec762bb8ba0a96d01ffa2cd45eb1d1d8dd5c5\windows-amd64\native-platform.dll
0x00007ffdba580000 - 0x00007ffdba6c4000 	C:\Users\jorge\.gradle\native\0d407fdbe67a94daf76414ababcb853783967236a71b16ec16e742cd7a986fd3\windows-amd64\native-platform-file-events.dll
0x00007ffda13b0000 - 0x00007ffda13ba000 	D:\projetos\Android Studio\jbr\bin\management.dll
0x00007ffd99030000 - 0x00007ffd9903b000 	D:\projetos\Android Studio\jbr\bin\management_ext.dll
0x00007ffde8620000 - 0x00007ffde8638000 	C:\WINDOWS\SYSTEM32\CRYPTSP.dll
0x00007ffde7e90000 - 0x00007ffde7ec5000 	C:\WINDOWS\system32\rsaenh.dll
0x00007ffde84d0000 - 0x00007ffde84fc000 	C:\WINDOWS\SYSTEM32\USERENV.dll
0x00007ffde87a0000 - 0x00007ffde87c7000 	C:\WINDOWS\SYSTEM32\bcrypt.dll
0x00007ffde8640000 - 0x00007ffde864c000 	C:\WINDOWS\SYSTEM32\CRYPTBASE.dll
0x00007ffde79d0000 - 0x00007ffde79fd000 	C:\WINDOWS\SYSTEM32\IPHLPAPI.DLL
0x00007ffdea820000 - 0x00007ffdea829000 	C:\WINDOWS\System32\NSI.dll
0x00007ffddf920000 - 0x00007ffddf939000 	C:\WINDOWS\SYSTEM32\dhcpcsvc6.DLL
0x00007ffddfcd0000 - 0x00007ffddfcee000 	C:\WINDOWS\SYSTEM32\dhcpcsvc.DLL
0x00007ffde7a00000 - 0x00007ffde7ae7000 	C:\WINDOWS\SYSTEM32\DNSAPI.dll

dbghelp: loaded successfully - version: 4.0.5 - missing functions: none
symbol engine: initialized successfully - sym options: 0x614 - pdb path: .;D:\projetos\Android Studio\jbr\bin;C:\WINDOWS\SYSTEM32;C:\WINDOWS\WinSxS\amd64_microsoft.windows.common-controls_6595b64144ccf1df_6.0.22000.120_none_9d947278b86cc467;D:\projetos\Android Studio\jbr\bin\server;C:\Users\jorge\.gradle\native\e1d6ef7f7dcc3fd88c89a11ec53ec762bb8ba0a96d01ffa2cd45eb1d1d8dd5c5\windows-amd64;C:\Users\jorge\.gradle\native\0d407fdbe67a94daf76414ababcb853783967236a71b16ec16e742cd7a986fd3\windows-amd64

VM Arguments:
jvm_args: --add-opens=java.base/java.util=ALL-UNNAMED --add-opens=java.base/java.lang=ALL-UNNAMED --add-opens=java.base/java.lang.invoke=ALL-UNNAMED --add-opens=java.base/java.util=ALL-UNNAMED --add-opens=java.prefs/java.util.prefs=ALL-UNNAMED --add-opens=java.prefs/java.util.prefs=ALL-UNNAMED --add-opens=java.base/java.nio.charset=ALL-UNNAMED --add-opens=java.base/java.net=ALL-UNNAMED --add-opens=java.base/java.util.concurrent.atomic=ALL-UNNAMED -Xmx2048m -Dfile.encoding=UTF-8 -Duser.country=BR -Duser.language=pt -Duser.variant 
java_command: org.gradle.launcher.daemon.bootstrap.GradleDaemon 7.5
java_class_path (initial): C:\Users\jorge\.gradle\wrapper\dists\gradle-7.5-bin\f1w0cc9nuo0eivz97x2xlu9sv\gradle-7.5\lib\gradle-launcher-7.5.jar
Launcher Type: SUN_STANDARD

[Global flags]
     intx CICompilerCount                          = 4                                         {product} {ergonomic}
     uint ConcGCThreads                            = 2                                         {product} {ergonomic}
     uint G1ConcRefinementThreads                  = 8                                         {product} {ergonomic}
   size_t G1HeapRegionSize                         = 1048576                                   {product} {ergonomic}
    uintx GCDrainStackTargetSize                   = 64                                        {product} {ergonomic}
   size_t InitialHeapSize                          = 266338304                                 {product} {ergonomic}
   size_t MarkStackSize                            = 4194304                                   {product} {ergonomic}
   size_t MaxHeapSize                              = 2147483648                                {product} {command line}
   size_t MaxNewSize                               = 1287651328                                {product} {ergonomic}
   size_t MinHeapDeltaBytes                        = 1048576                                   {product} {ergonomic}
    uintx NonNMethodCodeHeapSize                   = 5836300                                {pd product} {ergonomic}
    uintx NonProfiledCodeHeapSize                  = 122910970                              {pd product} {ergonomic}
    uintx ProfiledCodeHeapSize                     = 122910970                              {pd product} {ergonomic}
    uintx ReservedCodeCacheSize                    = 251658240                              {pd product} {ergonomic}
     bool SegmentedCodeCache                       = true                                      {product} {ergonomic}
     bool UseCompressedClassPointers               = true                                 {lp64_product} {ergonomic}
     bool UseCompressedOops                        = true                                 {lp64_product} {ergonomic}
     bool UseG1GC                                  = true                                      {product} {ergonomic}
     bool UseLargePagesIndividualAllocation        = false                                  {pd product} {ergonomic}

Logging:
Log output configuration:
 #0: stdout all=warning uptime,level,tags
 #1: stderr all=off uptime,level,tags

Environment Variables:
PATH=C:\Program Files\Common Files\Oracle\Java\javapath;C:\Program Files (x86)\Common Files\Oracle\Java\javapath;C:\Program Files\Java\jdk-15.0.2\bin;C:\Program Files (x86)\Intel\Intel(R) Management Engine Components\iCLS\;C:\Program Files\Intel\Intel(R) Management Engine Components\iCLS\;C:\Windows\system32;C:\Windows;C:\Windows\System32\Wbem;C:\Windows\System32\WindowsPowerShell\v1.0\;C:\Windows\System32\OpenSSH\;C:\Program Files (x86)\Intel\Intel(R) Management Engine Components\DAL;C:\Program Files\Intel\Intel(R) Management Engine Components\DAL;C:\Program Files\Intel\WiFi\bin\;C:\Program Files\Common Files\Intel\WirelessCommon\;C:\Program Files (x86)\NVIDIA Corporation\PhysX\Common;C:\WINDOWS\system32;C:\WINDOWS;C:\WINDOWS\System32\Wbem;C:\WINDOWS\System32\WindowsPowerShell\v1.0\;C:\WINDOWS\System32\OpenSSH\;C:\Program Files\dotnet\;C:\Program Files\Microsoft SQL Server\130\Tools\Binn\;D:\projetos\Git\Git\cmd;D:\projetos\MongoDB\Server\4.4\bin;C:\Program Files (x86)\dotnet\;D:\projetos\MinGw\bin;C:\Program Files\MySQL\MySQL Server 8.0\bin;D:\projetos\Python\Python310;D:\projetos\Python\Python310\Scripts;D:\projetos\Python39;D:\projetos\Python39\Scripts;C:\Program Files\Java\jdk-15.0.2;D:\projetos\PuTTY\;D:\projetos\Python\Python310\Scripts\;D:\projetos\Python\Python310\;C:\Program Files\MySQL\MySQL Shell 8.0\bin\;C:\Users\jorge\AppData\Local\Microsoft\WindowsApps;C:\Users\jorge\.dotnet\tools;D:\projetos\Heroku\bin;C:\Users\jorge\AppData\Local\atom\bin;D:\projetos\Microsoft VS Code\bin;D:\projetos\PHP;;C:\Users\jorge\AppData\Local\Microsoft\WindowsApps;D:\projetos\JetBrains\IntelliJ IDEA 2023.2.2\bin;;D:\projetos\JetBrains\WebStorm 2023.2.2\bin;;D:\projetos\JetBrains\IntelliJ IDEA Community Edition 2023.2.2\bin;
USERNAME=jorge
OS=Windows_NT
PROCESSOR_IDENTIFIER=Intel64 Family 6 Model 142 Stepping 11, GenuineIntel



---------------  S Y S T E M  ---------------

OS: Windows 11 , 64 bit Build 22000 (10.0.22000.2124)
OS uptime: 0 days 4:47 hours

CPU:total 8 (initial active 8) (4 cores per cpu, 2 threads per core) family 6 model 142 stepping 11 microcode 0xde, cmov, cx8, fxsr, mmx, sse, sse2, sse3, ssse3, sse4.1, sse4.2, popcnt, avx, avx2, aes, clmul, erms, 3dnowpref, lzcnt, ht, tsc, tscinvbit, bmi1, bmi2, adx, fma

Memory: 4k page, system-wide physical 16192M (1335M free)
TotalPageFile size 22026M (AvailPageFile size 33M)
current process WorkingSet (physical memory assigned to process): 525M, peak: 528M
current process commit charge ("private bytes"): 572M, peak: 625M

vm_info: OpenJDK 64-Bit Server VM (11.0.15+0-b2043.56-9505619) for windows-amd64 JRE (11.0.15+0-b2043.56-9505619), built on Jan 19 2023 02:48:00 by "builduser" with unknown MS VC++:1929

END.
