#
# There is insufficient memory for the Java Runtime Environment to continue.
# Native memory allocation (malloc) failed to allocate 1731696 bytes for Chunk::new
# Possible reasons:
#   The system is out of physical RAM or swap space
#   The process is running with CompressedOops enabled, and the Java Heap may be blocking the growth of the native heap
# Possible solutions:
#   Reduce memory load on the system
#   Increase physical memory or swap space
#   Check if swap backing store is full
#   Decrease Java heap size (-Xmx/-Xms)
#   Decrease number of Java threads
#   Decrease Java thread stack sizes (-Xss)
#   Set larger code cache with -XX:ReservedCodeCacheSize=
#   JVM is running with Unscaled Compressed Oops mode in which the Java heap is
#     placed in the first 4GB address space. The Java Heap base address is the
#     maximum limit for the native heap growth. Please use -XX:HeapBaseMinAddress
#     to set the Java Heap base and to place the Java Heap above 4GB virtual address.
# This output file may be truncated or incomplete.
#
#  Out of Memory Error (src/hotspot/share/memory/arena.cpp:197), pid=9212, tid=792
#
# JRE version: OpenJDK Runtime Environment (11.0.15) (build 11.0.15+0-b2043.56-9505619)
# Java VM: OpenJDK 64-Bit Server VM (11.0.15+0-b2043.56-9505619, mixed mode, tiered, compressed oops, g1 gc, windows-amd64)
# No core dump will be written. Minidumps are not enabled by default on client versions of Windows
#

---------------  S U M M A R Y ------------

Command Line: --add-opens=java.base/java.util=ALL-UNNAMED --add-opens=java.base/java.lang=ALL-UNNAMED --add-opens=java.base/java.lang.invoke=ALL-UNNAMED --add-opens=java.base/java.util=ALL-UNNAMED --add-opens=java.prefs/java.util.prefs=ALL-UNNAMED --add-opens=java.prefs/java.util.prefs=ALL-UNNAMED --add-opens=java.base/java.nio.charset=ALL-UNNAMED --add-opens=java.base/java.net=ALL-UNNAMED --add-opens=java.base/java.util.concurrent.atomic=ALL-UNNAMED -Xmx2048m -Dfile.encoding=UTF-8 -Duser.country=BR -Duser.language=pt -Duser.variant org.gradle.launcher.daemon.bootstrap.GradleDaemon 7.5

Host: Intel(R) Core(TM) i7-8565U CPU @ 1.80GHz, 8 cores, 15G,  Windows 11 , 64 bit Build 22000 (10.0.22000.2124)
Time: Mon Oct  2 11:23:28 2023 Hora oficial do Brasil elapsed time: 15.988815 seconds (0d 0h 0m 15s)

---------------  T H R E A D  ---------------

Current thread (0x00000215dbeef000):  JavaThread "C2 CompilerThread1" daemon [_thread_in_native, id=792, stack(0x000000dc23a00000,0x000000dc23b00000)]


Current CompileTask:
C2:  15988 5768       4       jdk.internal.org.objectweb.asm.Frame::execute (2264 bytes)

Stack: [0x000000dc23a00000,0x000000dc23b00000]
Native frames: (J=compiled Java code, j=interpreted, Vv=VM code, C=native code)
V  [jvm.dll+0x64135a]
V  [jvm.dll+0x7d39f9]
V  [jvm.dll+0x7d51b9]
V  [jvm.dll+0x7d58a3]
V  [jvm.dll+0x2691c5]
V  [jvm.dll+0xc1a5c]
V  [jvm.dll+0xc200c]
V  [jvm.dll+0x3774a7]
V  [jvm.dll+0x342495]
V  [jvm.dll+0x34186a]
V  [jvm.dll+0x2214bd]
V  [jvm.dll+0x220498]
V  [jvm.dll+0x19e851]
V  [jvm.dll+0x230479]
V  [jvm.dll+0x22e5ef]
V  [jvm.dll+0x794de1]
V  [jvm.dll+0x78dc24]
V  [jvm.dll+0x6400f6]
C  [ucrtbase.dll+0x26c0c]
C  [KERNEL32.DLL+0x155a0]
C  [ntdll.dll+0x485b]


---------------  P R O C E S S  ---------------

Threads class SMR info:
_java_thread_list=0x00000215e10a1320, length=124, elements={
0x00000215c027b000, 0x00000215daf8c800, 0x00000215daf96000, 0x00000215dafeb800,
0x00000215dafec800, 0x00000215dafed800, 0x00000215daff9000, 0x00000215daffa000,
0x00000215db000800, 0x00000215db163000, 0x00000215dcb5e800, 0x00000215dc6d1000,
0x00000215db7d2000, 0x00000215dcc01000, 0x00000215dcc02000, 0x00000215dd9b1800,
0x00000215dbf54800, 0x00000215dd9b2000, 0x00000215dc2b9800, 0x00000215dbf2e800,
0x00000215dc0cd800, 0x00000215dc0d4000, 0x00000215dc0ce800, 0x00000215dc0d3800,
0x00000215dc0d0000, 0x00000215dc0cf000, 0x00000215dc0d1000, 0x00000215dc0d1800,
0x00000215dc0d2800, 0x00000215dc1c9000, 0x00000215dc1c7800, 0x00000215dc1c6800,
0x00000215dc1c8800, 0x00000215dc1c4800, 0x00000215dc1cf800, 0x00000215dc1cb000,
0x00000215dc1ce000, 0x00000215dbeef000, 0x00000215dc1cf000, 0x00000215e11d0800,
0x00000215dc1cc800, 0x00000215dc1cb800, 0x00000215dc1d0800, 0x00000215dc1d3000,
0x00000215dc1cd800, 0x00000215dc1d1800, 0x00000215dc1d2000, 0x00000215e0c26000,
0x00000215e0c25000, 0x00000215e0c24000, 0x00000215e0c26800, 0x00000215e0c27800,
0x00000215e0c28000, 0x00000215e0c22800, 0x00000215e0c29000, 0x00000215e0c23800,
0x00000215e1fa0800, 0x00000215e1fa1000, 0x00000215e1fa3000, 0x00000215e1fa3800,
0x00000215e1fa5000, 0x00000215e1fa4800, 0x00000215e1fa2000, 0x00000215e1fa6000,
0x00000215e1fa7000, 0x00000215e0b97800, 0x00000215e0b92000, 0x00000215e0b98800,
0x00000215e0b95000, 0x00000215e0b92800, 0x00000215e0b97000, 0x00000215e0b99000,
0x00000215e0b96000, 0x00000215e0b93800, 0x00000215e0b9a000, 0x00000215e0b94800,
0x00000215e0b9d800, 0x00000215e0b9e000, 0x00000215e0b9f000, 0x00000215e0ba0800,
0x00000215e0b9b000, 0x00000215e0ba0000, 0x00000215e0b9b800, 0x00000215e0b9c800,
0x00000215e20bd000, 0x00000215e20c1000, 0x00000215e20bf800, 0x00000215e20c0800,
0x00000215e20be000, 0x00000215e20c2000, 0x00000215e20c2800, 0x00000215e20c4800,
0x00000215e20be800, 0x00000215e20c9000, 0x00000215e20c6000, 0x00000215e20c3800,
0x00000215e20c7800, 0x00000215e20c7000, 0x00000215e20cb000, 0x00000215e20ca000,
0x00000215e20c5000, 0x00000215e20c8800, 0x00000215e20cb800, 0x00000215e08ae000,
0x00000215e08b1000, 0x00000215e08ac800, 0x00000215e08ab800, 0x00000215e08af000,
0x00000215e08b2000, 0x00000215e08af800, 0x00000215e08ad000, 0x00000215e08b3800,
0x00000215e08b3000, 0x00000215e08b4800, 0x00000215e08b5800, 0x00000215e08b6000,
0x00000215e08b0800, 0x00000215e08b8000, 0x00000215e08b7000, 0x00000215e08b8800,
0x00000215e08b9800, 0x00000215e08ba000, 0x00000215e0f15800, 0x00000215e0f16800
}

Java Threads: ( => current thread )
  0x00000215c027b000 JavaThread "main" [_thread_blocked, id=14196, stack(0x000000dc21300000,0x000000dc21400000)]
  0x00000215daf8c800 JavaThread "Reference Handler" daemon [_thread_blocked, id=8468, stack(0x000000dc21a00000,0x000000dc21b00000)]
  0x00000215daf96000 JavaThread "Finalizer" daemon [_thread_blocked, id=16024, stack(0x000000dc21b00000,0x000000dc21c00000)]
  0x00000215dafeb800 JavaThread "Signal Dispatcher" daemon [_thread_blocked, id=1160, stack(0x000000dc21c00000,0x000000dc21d00000)]
  0x00000215dafec800 JavaThread "Attach Listener" daemon [_thread_blocked, id=11288, stack(0x000000dc21d00000,0x000000dc21e00000)]
  0x00000215dafed800 JavaThread "Service Thread" daemon [_thread_blocked, id=16484, stack(0x000000dc21e00000,0x000000dc21f00000)]
  0x00000215daff9000 JavaThread "C2 CompilerThread0" daemon [_thread_in_native, id=18044, stack(0x000000dc21f00000,0x000000dc22000000)]
  0x00000215daffa000 JavaThread "C1 CompilerThread0" daemon [_thread_in_native, id=17912, stack(0x000000dc22000000,0x000000dc22100000)]
  0x00000215db000800 JavaThread "Sweeper thread" daemon [_thread_blocked, id=6676, stack(0x000000dc22100000,0x000000dc22200000)]
  0x00000215db163000 JavaThread "Common-Cleaner" daemon [_thread_blocked, id=5912, stack(0x000000dc22200000,0x000000dc22300000)]
  0x00000215dcb5e800 JavaThread "Daemon health stats" [_thread_blocked, id=17624, stack(0x000000dc22500000,0x000000dc22600000)]
  0x00000215dc6d1000 JavaThread "Incoming local TCP Connector on port 63289" [_thread_in_native, id=15936, stack(0x000000dc22400000,0x000000dc22500000)]
  0x00000215db7d2000 JavaThread "Daemon periodic checks" [_thread_blocked, id=11840, stack(0x000000dc22b00000,0x000000dc22c00000)]
  0x00000215dcc01000 JavaThread "Daemon" [_thread_blocked, id=13244, stack(0x000000dc22c00000,0x000000dc22d00000)]
  0x00000215dcc02000 JavaThread "Handler for socket connection from /127.0.0.1:63289 to /127.0.0.1:63290" [_thread_in_native, id=6336, stack(0x000000dc22d00000,0x000000dc22e00000)]
  0x00000215dd9b1800 JavaThread "Cancel handler" [_thread_blocked, id=13584, stack(0x000000dc22e00000,0x000000dc22f00000)]
  0x00000215dbf54800 JavaThread "Daemon worker" [_thread_in_native, id=13636, stack(0x000000dc22f00000,0x000000dc23000000)]
  0x00000215dd9b2000 JavaThread "Asynchronous log dispatcher for DefaultDaemonConnection: socket connection from /127.0.0.1:63289 to /127.0.0.1:63290" [_thread_blocked, id=16560, stack(0x000000dc23000000,0x000000dc23100000)]
  0x00000215dc2b9800 JavaThread "Stdin handler" [_thread_blocked, id=7428, stack(0x000000dc23100000,0x000000dc23200000)]
  0x00000215dbf2e800 JavaThread "Daemon client event forwarder" [_thread_blocked, id=12956, stack(0x000000dc23200000,0x000000dc23300000)]
  0x00000215dc0cd800 JavaThread "Cache worker for journal cache (C:\Users\jorge\.gradle\caches\journal-1)" [_thread_blocked, id=5156, stack(0x000000dc23300000,0x000000dc23400000)]
  0x00000215dc0d4000 JavaThread "File lock request listener" [_thread_in_native, id=15736, stack(0x000000dc23400000,0x000000dc23500000)]
  0x00000215dc0ce800 JavaThread "Cache worker for file hash cache (C:\Users\jorge\.gradle\caches\7.5\fileHashes)" [_thread_blocked, id=12952, stack(0x000000dc23800000,0x000000dc23900000)]
  0x00000215dc0d3800 JavaThread "File watcher server" daemon [_thread_in_native, id=7048, stack(0x000000dc23b00000,0x000000dc23c00000)]
  0x00000215dc0d0000 JavaThread "File watcher consumer" daemon [_thread_blocked, id=4540, stack(0x000000dc23c00000,0x000000dc23d00000)]
  0x00000215dc0cf000 JavaThread "Cache worker for checksums cache (D:\projetos\AndroidStudioProjects\Rotine\.gradle\7.5\checksums)" [_thread_blocked, id=4640, stack(0x000000dc23d00000,0x000000dc23e00000)]
  0x00000215dc0d1000 JavaThread "Cache worker for cache directory md-rule (C:\Users\jorge\.gradle\caches\7.5\md-rule)" [_thread_blocked, id=9348, stack(0x000000dc23e00000,0x000000dc23f00000)]
  0x00000215dc0d1800 JavaThread "Cache worker for file content cache (C:\Users\jorge\.gradle\caches\7.5\fileContent)" [_thread_blocked, id=9796, stack(0x000000dc23f00000,0x000000dc24000000)]
  0x00000215dc0d2800 JavaThread "Cache worker for file hash cache (D:\projetos\AndroidStudioProjects\Rotine\.gradle\7.5\fileHashes)" [_thread_blocked, id=1196, stack(0x000000dc24000000,0x000000dc24100000)]
  0x00000215dc1c9000 JavaThread "Cache worker for cache directory md-supplier (C:\Users\jorge\.gradle\caches\7.5\md-supplier)" [_thread_blocked, id=12600, stack(0x000000dc24100000,0x000000dc24200000)]
  0x00000215dc1c7800 JavaThread "Cache worker for execution history cache (C:\Users\jorge\.gradle\caches\7.5\executionHistory)" [_thread_blocked, id=14900, stack(0x000000dc24200000,0x000000dc24300000)]
  0x00000215dc1c6800 JavaThread "jar transforms" [_thread_blocked, id=17552, stack(0x000000dc23900000,0x000000dc23a00000)]
  0x00000215dc1c8800 JavaThread "jar transforms Thread 2" [_thread_blocked, id=12912, stack(0x000000dc24300000,0x000000dc24400000)]
  0x00000215dc1c4800 JavaThread "jar transforms Thread 3" [_thread_blocked, id=7860, stack(0x000000dc24400000,0x000000dc24500000)]
  0x00000215dc1cf800 JavaThread "jar transforms Thread 4" [_thread_blocked, id=19092, stack(0x000000dc24600000,0x000000dc24700000)]
  0x00000215dc1cb000 JavaThread "Cache worker for dependencies-accessors (D:\projetos\AndroidStudioProjects\Rotine\.gradle\7.5\dependencies-accessors)" [_thread_blocked, id=5192, stack(0x000000dc24700000,0x000000dc24800000)]
  0x00000215dc1ce000 JavaThread "jar transforms Thread 5" [_thread_blocked, id=18224, stack(0x000000dc24800000,0x000000dc24900000)]
=>0x00000215dbeef000 JavaThread "C2 CompilerThread1" daemon [_thread_in_native, id=792, stack(0x000000dc23a00000,0x000000dc23b00000)]
  0x00000215dc1cf000 JavaThread "Cache worker for Build Output Cleanup Cache (D:\projetos\AndroidStudioProjects\Rotine\.gradle\buildOutputCleanup)" [_thread_blocked, id=16808, stack(0x000000dc24500000,0x000000dc24600000)]
  0x00000215e11d0800 JavaThread "C2 CompilerThread2" daemon [_thread_in_native, id=10048, stack(0x000000dc24900000,0x000000dc24a00000)]
  0x00000215dc1cc800 JavaThread "Unconstrained build operations" [_thread_blocked, id=12052, stack(0x000000dc24a00000,0x000000dc24b00000)]
  0x00000215dc1cb800 JavaThread "Unconstrained build operations Thread 2" [_thread_blocked, id=3984, stack(0x000000dc24b00000,0x000000dc24c00000)]
  0x00000215dc1d0800 JavaThread "Unconstrained build operations Thread 3" [_thread_blocked, id=11420, stack(0x000000dc24c00000,0x000000dc24d00000)]
  0x00000215dc1d3000 JavaThread "Unconstrained build operations Thread 4" [_thread_blocked, id=3272, stack(0x000000dc24d00000,0x000000dc24e00000)]
  0x00000215dc1cd800 JavaThread "Unconstrained build operations Thread 5" [_thread_blocked, id=18864, stack(0x000000dc24e00000,0x000000dc24f00000)]
  0x00000215dc1d1800 JavaThread "Unconstrained build operations Thread 6" [_thread_blocked, id=5672, stack(0x000000dc24f00000,0x000000dc25000000)]
  0x00000215dc1d2000 JavaThread "Unconstrained build operations Thread 7" [_thread_blocked, id=16660, stack(0x000000dc25000000,0x000000dc25100000)]
  0x00000215e0c26000 JavaThread "Unconstrained build operations Thread 8" [_thread_blocked, id=10628, stack(0x000000dc25100000,0x000000dc25200000)]
  0x00000215e0c25000 JavaThread "Unconstrained build operations Thread 9" [_thread_blocked, id=11520, stack(0x000000dc25200000,0x000000dc25300000)]
  0x00000215e0c24000 JavaThread "Unconstrained build operations Thread 10" [_thread_blocked, id=14436, stack(0x000000dc25300000,0x000000dc25400000)]
  0x00000215e0c26800 JavaThread "Unconstrained build operations Thread 11" [_thread_blocked, id=8408, stack(0x000000dc25400000,0x000000dc25500000)]
  0x00000215e0c27800 JavaThread "Unconstrained build operations Thread 12" [_thread_blocked, id=17872, stack(0x000000dc25500000,0x000000dc25600000)]
  0x00000215e0c28000 JavaThread "Unconstrained build operations Thread 13" [_thread_blocked, id=12364, stack(0x000000dc25600000,0x000000dc25700000)]
  0x00000215e0c22800 JavaThread "Unconstrained build operations Thread 14" [_thread_blocked, id=12656, stack(0x000000dc25700000,0x000000dc25800000)]
  0x00000215e0c29000 JavaThread "Unconstrained build operations Thread 15" [_thread_blocked, id=16864, stack(0x000000dc25800000,0x000000dc25900000)]
  0x00000215e0c23800 JavaThread "Unconstrained build operations Thread 16" [_thread_blocked, id=18552, stack(0x000000dc25900000,0x000000dc25a00000)]
  0x00000215e1fa0800 JavaThread "Unconstrained build operations Thread 17" [_thread_blocked, id=19304, stack(0x000000dc25a00000,0x000000dc25b00000)]
  0x00000215e1fa1000 JavaThread "Unconstrained build operations Thread 18" [_thread_blocked, id=13152, stack(0x000000dc25b00000,0x000000dc25c00000)]
  0x00000215e1fa3000 JavaThread "Unconstrained build operations Thread 19" [_thread_blocked, id=9980, stack(0x000000dc25c00000,0x000000dc25d00000)]
  0x00000215e1fa3800 JavaThread "Unconstrained build operations Thread 20" [_thread_blocked, id=10944, stack(0x000000dc25d00000,0x000000dc25e00000)]
  0x00000215e1fa5000 JavaThread "Unconstrained build operations Thread 21" [_thread_blocked, id=18896, stack(0x000000dc25e00000,0x000000dc25f00000)]
  0x00000215e1fa4800 JavaThread "Unconstrained build operations Thread 22" [_thread_blocked, id=18164, stack(0x000000dc25f00000,0x000000dc26000000)]
  0x00000215e1fa2000 JavaThread "Unconstrained build operations Thread 23" [_thread_blocked, id=18856, stack(0x000000dc26000000,0x000000dc26100000)]
  0x00000215e1fa6000 JavaThread "Unconstrained build operations Thread 24" [_thread_blocked, id=14780, stack(0x000000dc26100000,0x000000dc26200000)]
  0x00000215e1fa7000 JavaThread "Unconstrained build operations Thread 25" [_thread_blocked, id=7996, stack(0x000000dc26200000,0x000000dc26300000)]
  0x00000215e0b97800 JavaThread "Unconstrained build operations Thread 26" [_thread_blocked, id=336, stack(0x000000dc26300000,0x000000dc26400000)]
  0x00000215e0b92000 JavaThread "Unconstrained build operations Thread 27" [_thread_blocked, id=15528, stack(0x000000dc26400000,0x000000dc26500000)]
  0x00000215e0b98800 JavaThread "Unconstrained build operations Thread 28" [_thread_blocked, id=15496, stack(0x000000dc26500000,0x000000dc26600000)]
  0x00000215e0b95000 JavaThread "Unconstrained build operations Thread 29" [_thread_blocked, id=18112, stack(0x000000dc26600000,0x000000dc26700000)]
  0x00000215e0b92800 JavaThread "Unconstrained build operations Thread 30" [_thread_blocked, id=17780, stack(0x000000dc26700000,0x000000dc26800000)]
  0x00000215e0b97000 JavaThread "Unconstrained build operations Thread 31" [_thread_blocked, id=488, stack(0x000000dc26800000,0x000000dc26900000)]
  0x00000215e0b99000 JavaThread "Unconstrained build operations Thread 32" [_thread_blocked, id=18808, stack(0x000000dc26900000,0x000000dc26a00000)]
  0x00000215e0b96000 JavaThread "Unconstrained build operations Thread 33" [_thread_blocked, id=10456, stack(0x000000dc26a00000,0x000000dc26b00000)]
  0x00000215e0b93800 JavaThread "Unconstrained build operations Thread 34" [_thread_blocked, id=16684, stack(0x000000dc26b00000,0x000000dc26c00000)]
  0x00000215e0b9a000 JavaThread "Unconstrained build operations Thread 35" [_thread_blocked, id=7188, stack(0x000000dc26c00000,0x000000dc26d00000)]
  0x00000215e0b94800 JavaThread "Unconstrained build operations Thread 36" [_thread_blocked, id=12312, stack(0x000000dc26d00000,0x000000dc26e00000)]
  0x00000215e0b9d800 JavaThread "Unconstrained build operations Thread 37" [_thread_blocked, id=5816, stack(0x000000dc26e00000,0x000000dc26f00000)]
  0x00000215e0b9e000 JavaThread "Unconstrained build operations Thread 38" [_thread_blocked, id=16948, stack(0x000000dc26f00000,0x000000dc27000000)]
  0x00000215e0b9f000 JavaThread "Unconstrained build operations Thread 39" [_thread_blocked, id=15436, stack(0x000000dc27000000,0x000000dc27100000)]
  0x00000215e0ba0800 JavaThread "Unconstrained build operations Thread 40" [_thread_blocked, id=13924, stack(0x000000dc27100000,0x000000dc27200000)]
  0x00000215e0b9b000 JavaThread "Unconstrained build operations Thread 41" [_thread_blocked, id=13416, stack(0x000000dc27200000,0x000000dc27300000)]
  0x00000215e0ba0000 JavaThread "Unconstrained build operations Thread 42" [_thread_blocked, id=5116, stack(0x000000dc27300000,0x000000dc27400000)]
  0x00000215e0b9b800 JavaThread "Unconstrained build operations Thread 43" [_thread_blocked, id=19228, stack(0x000000dc27400000,0x000000dc27500000)]
  0x00000215e0b9c800 JavaThread "Unconstrained build operations Thread 44" [_thread_blocked, id=5788, stack(0x000000dc27500000,0x000000dc27600000)]
  0x00000215e20bd000 JavaThread "Unconstrained build operations Thread 45" [_thread_blocked, id=18972, stack(0x000000dc27600000,0x000000dc27700000)]
  0x00000215e20c1000 JavaThread "Unconstrained build operations Thread 46" [_thread_blocked, id=17700, stack(0x000000dc27700000,0x000000dc27800000)]
  0x00000215e20bf800 JavaThread "Unconstrained build operations Thread 47" [_thread_blocked, id=9768, stack(0x000000dc27800000,0x000000dc27900000)]
  0x00000215e20c0800 JavaThread "Unconstrained build operations Thread 48" [_thread_blocked, id=13668, stack(0x000000dc27900000,0x000000dc27a00000)]
  0x00000215e20be000 JavaThread "Unconstrained build operations Thread 49" [_thread_blocked, id=3748, stack(0x000000dc27a00000,0x000000dc27b00000)]
  0x00000215e20c2000 JavaThread "Unconstrained build operations Thread 50" [_thread_blocked, id=17252, stack(0x000000dc27b00000,0x000000dc27c00000)]
  0x00000215e20c2800 JavaThread "Unconstrained build operations Thread 51" [_thread_blocked, id=16428, stack(0x000000dc27c00000,0x000000dc27d00000)]
  0x00000215e20c4800 JavaThread "Unconstrained build operations Thread 52" [_thread_blocked, id=4348, stack(0x000000dc27d00000,0x000000dc27e00000)]
  0x00000215e20be800 JavaThread "Unconstrained build operations Thread 53" [_thread_blocked, id=12416, stack(0x000000dc27e00000,0x000000dc27f00000)]
  0x00000215e20c9000 JavaThread "Unconstrained build operations Thread 54" [_thread_blocked, id=6372, stack(0x000000dc27f00000,0x000000dc28000000)]
  0x00000215e20c6000 JavaThread "Unconstrained build operations Thread 55" [_thread_blocked, id=13604, stack(0x000000dc28000000,0x000000dc28100000)]
  0x00000215e20c3800 JavaThread "Unconstrained build operations Thread 56" [_thread_blocked, id=2268, stack(0x000000dc28100000,0x000000dc28200000)]
  0x00000215e20c7800 JavaThread "Unconstrained build operations Thread 57" [_thread_blocked, id=19352, stack(0x000000dc28200000,0x000000dc28300000)]
  0x00000215e20c7000 JavaThread "Unconstrained build operations Thread 58" [_thread_blocked, id=14872, stack(0x000000dc28300000,0x000000dc28400000)]
  0x00000215e20cb000 JavaThread "Unconstrained build operations Thread 59" [_thread_blocked, id=11628, stack(0x000000dc28400000,0x000000dc28500000)]
  0x00000215e20ca000 JavaThread "Unconstrained build operations Thread 60" [_thread_blocked, id=19004, stack(0x000000dc28500000,0x000000dc28600000)]
  0x00000215e20c5000 JavaThread "Unconstrained build operations Thread 61" [_thread_blocked, id=19336, stack(0x000000dc28600000,0x000000dc28700000)]
  0x00000215e20c8800 JavaThread "Unconstrained build operations Thread 62" [_thread_blocked, id=17828, stack(0x000000dc28700000,0x000000dc28800000)]
  0x00000215e20cb800 JavaThread "Unconstrained build operations Thread 63" [_thread_blocked, id=18276, stack(0x000000dc28800000,0x000000dc28900000)]
  0x00000215e08ae000 JavaThread "Unconstrained build operations Thread 64" [_thread_blocked, id=6840, stack(0x000000dc28900000,0x000000dc28a00000)]
  0x00000215e08b1000 JavaThread "Unconstrained build operations Thread 65" [_thread_blocked, id=8096, stack(0x000000dc28a00000,0x000000dc28b00000)]
  0x00000215e08ac800 JavaThread "Unconstrained build operations Thread 66" [_thread_blocked, id=19444, stack(0x000000dc28b00000,0x000000dc28c00000)]
  0x00000215e08ab800 JavaThread "Unconstrained build operations Thread 67" [_thread_blocked, id=17376, stack(0x000000dc28c00000,0x000000dc28d00000)]
  0x00000215e08af000 JavaThread "Unconstrained build operations Thread 68" [_thread_blocked, id=15620, stack(0x000000dc28d00000,0x000000dc28e00000)]
  0x00000215e08b2000 JavaThread "Unconstrained build operations Thread 69" [_thread_blocked, id=1164, stack(0x000000dc28e00000,0x000000dc28f00000)]
  0x00000215e08af800 JavaThread "Unconstrained build operations Thread 70" [_thread_blocked, id=18604, stack(0x000000dc28f00000,0x000000dc29000000)]
  0x00000215e08ad000 JavaThread "Unconstrained build operations Thread 71" [_thread_blocked, id=15560, stack(0x000000dc29000000,0x000000dc29100000)]
  0x00000215e08b3800 JavaThread "Unconstrained build operations Thread 72" [_thread_blocked, id=18296, stack(0x000000dc29100000,0x000000dc29200000)]
  0x00000215e08b3000 JavaThread "Unconstrained build operations Thread 73" [_thread_blocked, id=19448, stack(0x000000dc29200000,0x000000dc29300000)]
  0x00000215e08b4800 JavaThread "Unconstrained build operations Thread 74" [_thread_blocked, id=18480, stack(0x000000dc29300000,0x000000dc29400000)]
  0x00000215e08b5800 JavaThread "Unconstrained build operations Thread 75" [_thread_blocked, id=17788, stack(0x000000dc29400000,0x000000dc29500000)]
  0x00000215e08b6000 JavaThread "Unconstrained build operations Thread 76" [_thread_blocked, id=11532, stack(0x000000dc29500000,0x000000dc29600000)]
  0x00000215e08b0800 JavaThread "Unconstrained build operations Thread 77" [_thread_blocked, id=18912, stack(0x000000dc29600000,0x000000dc29700000)]
  0x00000215e08b8000 JavaThread "Unconstrained build operations Thread 78" [_thread_blocked, id=5544, stack(0x000000dc29700000,0x000000dc29800000)]
  0x00000215e08b7000 JavaThread "Unconstrained build operations Thread 79" [_thread_blocked, id=12220, stack(0x000000dc29800000,0x000000dc29900000)]
  0x00000215e08b8800 JavaThread "Unconstrained build operations Thread 80" [_thread_blocked, id=7392, stack(0x000000dc29900000,0x000000dc29a00000)]
  0x00000215e08b9800 JavaThread "jar transforms Thread 6" [_thread_blocked, id=1676, stack(0x000000dc29a00000,0x000000dc29b00000)]
  0x00000215e08ba000 JavaThread "jar transforms Thread 7" [_thread_blocked, id=6972, stack(0x000000dc29b00000,0x000000dc29c00000)]
  0x00000215e0f15800 JavaThread "jar transforms Thread 8" [_thread_blocked, id=18968, stack(0x000000dc29c00000,0x000000dc29d00000)]
  0x00000215e0f16800 JavaThread "build event listener" [_thread_blocked, id=17344, stack(0x000000dc29d00000,0x000000dc29e00000)]

Other Threads:
  0x00000215daf88800 VMThread "VM Thread" [stack: 0x000000dc21900000,0x000000dc21a00000] [id=2984]
  0x00000215db18a800 WatcherThread [stack: 0x000000dc22300000,0x000000dc22400000] [id=9304]
  0x00000215c028f000 GCTaskThread "GC Thread#0" [stack: 0x000000dc21400000,0x000000dc21500000] [id=4384]
  0x00000215dc2d1800 GCTaskThread "GC Thread#1" [stack: 0x000000dc22600000,0x000000dc22700000] [id=14600]
  0x00000215dc459800 GCTaskThread "GC Thread#2" [stack: 0x000000dc22700000,0x000000dc22800000] [id=4768]
  0x00000215dbe74000 GCTaskThread "GC Thread#3" [stack: 0x000000dc22800000,0x000000dc22900000] [id=16680]
  0x00000215db4ef800 GCTaskThread "GC Thread#4" [stack: 0x000000dc22900000,0x000000dc22a00000] [id=16120]
  0x00000215dc110800 GCTaskThread "GC Thread#5" [stack: 0x000000dc22a00000,0x000000dc22b00000] [id=2988]
  0x00000215db957800 GCTaskThread "GC Thread#6" [stack: 0x000000dc23500000,0x000000dc23600000] [id=18264]
  0x00000215dbb02800 GCTaskThread "GC Thread#7" [stack: 0x000000dc23600000,0x000000dc23700000] [id=18724]
  0x00000215c02c1000 ConcurrentGCThread "G1 Main Marker" [stack: 0x000000dc21500000,0x000000dc21600000] [id=11836]
  0x00000215c02c3800 ConcurrentGCThread "G1 Conc#0" [stack: 0x000000dc21600000,0x000000dc21700000] [id=10192]
  0x00000215dc0de000 ConcurrentGCThread "G1 Conc#1" [stack: 0x000000dc23700000,0x000000dc23800000] [id=6484]
  0x00000215da5d6800 ConcurrentGCThread "G1 Refine#0" [stack: 0x000000dc21700000,0x000000dc21800000] [id=15664]
  0x00000215da5d9800 ConcurrentGCThread "G1 Young RemSet Sampling" [stack: 0x000000dc21800000,0x000000dc21900000] [id=5424]

Threads with active compile tasks:
C2 CompilerThread0    16054 5583   !   4       com.google.common.reflect.TypeVisitor::visit (244 bytes)
C2 CompilerThread1    16054 5768       4       jdk.internal.org.objectweb.asm.Frame::execute (2264 bytes)
C2 CompilerThread2    16054 5803       4       org.objectweb.asm.Frame::execute (2318 bytes)

VM state:not at safepoint (normal execution)

VM Mutex/Monitor currently owned by a thread: None

Heap address: 0x0000000080000000, size: 2048 MB, Compressed Oops mode: 32-bit
Narrow klass base: 0x0000000000000000, Narrow klass shift: 3
Compressed class space size: 1073741824 Address: 0x0000000100000000

Heap:
 garbage-first heap   total 260096K, used 45826K [0x0000000080000000, 0x0000000100000000)
  region size 1024K, 23 young (23552K), 19 survivors (19456K)
 Metaspace       used 58208K, capacity 59772K, committed 59880K, reserved 1101824K
  class space    used 7352K, capacity 7972K, committed 8064K, reserved 1048576K
Heap Regions: E=young(eden), S=young(survivor), O=old, HS=humongous(starts), HC=humongous(continues), CS=collection set, F=free, A=archive, TAMS=top-at-mark-start (previous, next)
|   0|0x0000000080000000, 0x0000000080100000, 0x0000000080100000|100%| O|  |TAMS 0x0000000080100000, 0x0000000080000000| Untracked 
|   1|0x0000000080100000, 0x0000000080200000, 0x0000000080200000|100%| O|  |TAMS 0x0000000080200000, 0x0000000080100000| Untracked 
|   2|0x0000000080200000, 0x0000000080300000, 0x0000000080300000|100%| O|  |TAMS 0x0000000080300000, 0x0000000080200000| Untracked 
|   3|0x0000000080300000, 0x0000000080400000, 0x0000000080400000|100%|HS|  |TAMS 0x0000000080400000, 0x0000000080300000| Complete 
|   4|0x0000000080400000, 0x0000000080500000, 0x0000000080500000|100%|HC|  |TAMS 0x0000000080500000, 0x0000000080400000| Complete 
|   5|0x0000000080500000, 0x0000000080600000, 0x0000000080600000|100%|HC|  |TAMS 0x0000000080600000, 0x0000000080500000| Complete 
|   6|0x0000000080600000, 0x0000000080700000, 0x0000000080700000|100%| O|  |TAMS 0x0000000080700000, 0x0000000080600000| Untracked 
|   7|0x0000000080700000, 0x0000000080800000, 0x0000000080800000|100%| O|  |TAMS 0x0000000080800000, 0x0000000080700000| Untracked 
|   8|0x0000000080800000, 0x0000000080900000, 0x0000000080900000|100%| O|  |TAMS 0x0000000080900000, 0x0000000080800000| Untracked 
|   9|0x0000000080900000, 0x0000000080a00000, 0x0000000080a00000|100%| O|  |TAMS 0x0000000080a00000, 0x0000000080900000| Untracked 
|  10|0x0000000080a00000, 0x0000000080b00000, 0x0000000080b00000|100%| O|  |TAMS 0x0000000080b00000, 0x0000000080a00000| Untracked 
|  11|0x0000000080b00000, 0x0000000080c00000, 0x0000000080c00000|100%| O|  |TAMS 0x0000000080c00000, 0x0000000080b00000| Untracked 
|  12|0x0000000080c00000, 0x0000000080d00000, 0x0000000080d00000|100%| O|  |TAMS 0x0000000080d00000, 0x0000000080c00000| Untracked 
|  13|0x0000000080d00000, 0x0000000080e00000, 0x0000000080e00000|100%| O|  |TAMS 0x0000000080e00000, 0x0000000080d00000| Untracked 
|  14|0x0000000080e00000, 0x0000000080f00000, 0x0000000080f00000|100%| O|  |TAMS 0x0000000080f00000, 0x0000000080e00000| Untracked 
|  15|0x0000000080f00000, 0x0000000081000000, 0x0000000081000000|100%| O|  |TAMS 0x0000000081000000, 0x0000000080f00000| Untracked 
|  16|0x0000000081000000, 0x0000000081100000, 0x0000000081100000|100%| O|  |TAMS 0x0000000081071200, 0x0000000081000000| Untracked 
|  17|0x0000000081100000, 0x0000000081200000, 0x0000000081200000|100%|HS|  |TAMS 0x0000000081100000, 0x0000000081100000| Complete 
|  18|0x0000000081200000, 0x0000000081300000, 0x0000000081300000|100%|HS|  |TAMS 0x0000000081200000, 0x0000000081200000| Complete 
|  19|0x0000000081300000, 0x0000000081300000, 0x0000000081400000|  0%| F|  |TAMS 0x0000000081300000, 0x0000000081300000| Untracked 
|  20|0x0000000081400000, 0x0000000081500000, 0x0000000081500000|100%| O|  |TAMS 0x0000000081400000, 0x0000000081400000| Untracked 
|  21|0x0000000081500000, 0x0000000081600000, 0x0000000081600000|100%| O|  |TAMS 0x0000000081500000, 0x0000000081500000| Untracked 
|  22|0x0000000081600000, 0x0000000081700000, 0x0000000081700000|100%| O|  |TAMS 0x0000000081600000, 0x0000000081600000| Untracked 
|  23|0x0000000081700000, 0x0000000081800000, 0x0000000081800000|100%| O|  |TAMS 0x0000000081700000, 0x0000000081700000| Untracked 
|  24|0x0000000081800000, 0x000000008187ea00, 0x0000000081900000| 49%| O|  |TAMS 0x0000000081800000, 0x0000000081800000| Untracked 
|  25|0x0000000081900000, 0x0000000081900000, 0x0000000081a00000|  0%| F|  |TAMS 0x0000000081900000, 0x0000000081900000| Untracked 
|  26|0x0000000081a00000, 0x0000000081a00000, 0x0000000081b00000|  0%| F|  |TAMS 0x0000000081a00000, 0x0000000081a00000| Untracked 
|  27|0x0000000081b00000, 0x0000000081b00000, 0x0000000081c00000|  0%| F|  |TAMS 0x0000000081b00000, 0x0000000081b00000| Untracked 
|  28|0x0000000081c00000, 0x0000000081c00000, 0x0000000081d00000|  0%| F|  |TAMS 0x0000000081c00000, 0x0000000081c00000| Untracked 
|  29|0x0000000081d00000, 0x0000000081d00000, 0x0000000081e00000|  0%| F|  |TAMS 0x0000000081d00000, 0x0000000081d00000| Untracked 
|  30|0x0000000081e00000, 0x0000000081e00000, 0x0000000081f00000|  0%| F|  |TAMS 0x0000000081e00000, 0x0000000081e00000| Untracked 
|  31|0x0000000081f00000, 0x0000000081f00000, 0x0000000082000000|  0%| F|  |TAMS 0x0000000081f00000, 0x0000000081f00000| Untracked 
|  32|0x0000000082000000, 0x0000000082000000, 0x0000000082100000|  0%| F|  |TAMS 0x0000000082000000, 0x0000000082000000| Untracked 
|  33|0x0000000082100000, 0x0000000082100000, 0x0000000082200000|  0%| F|  |TAMS 0x0000000082100000, 0x0000000082100000| Untracked 
|  34|0x0000000082200000, 0x0000000082200000, 0x0000000082300000|  0%| F|  |TAMS 0x0000000082200000, 0x0000000082200000| Untracked 
|  35|0x0000000082300000, 0x0000000082300000, 0x0000000082400000|  0%| F|  |TAMS 0x0000000082300000, 0x0000000082300000| Untracked 
|  36|0x0000000082400000, 0x0000000082400000, 0x0000000082500000|  0%| F|  |TAMS 0x0000000082400000, 0x0000000082400000| Untracked 
|  37|0x0000000082500000, 0x0000000082500000, 0x0000000082600000|  0%| F|  |TAMS 0x0000000082500000, 0x0000000082500000| Untracked 
|  38|0x0000000082600000, 0x0000000082600000, 0x0000000082700000|  0%| F|  |TAMS 0x0000000082600000, 0x0000000082600000| Untracked 
|  39|0x0000000082700000, 0x0000000082700000, 0x0000000082800000|  0%| F|  |TAMS 0x0000000082700000, 0x0000000082700000| Untracked 
|  40|0x0000000082800000, 0x0000000082800000, 0x0000000082900000|  0%| F|  |TAMS 0x0000000082800000, 0x0000000082800000| Untracked 
|  41|0x0000000082900000, 0x0000000082900000, 0x0000000082a00000|  0%| F|  |TAMS 0x0000000082900000, 0x0000000082900000| Untracked 
|  42|0x0000000082a00000, 0x0000000082a00000, 0x0000000082b00000|  0%| F|  |TAMS 0x0000000082a00000, 0x0000000082a00000| Untracked 
|  43|0x0000000082b00000, 0x0000000082b00000, 0x0000000082c00000|  0%| F|  |TAMS 0x0000000082b00000, 0x0000000082b00000| Untracked 
|  44|0x0000000082c00000, 0x0000000082c00000, 0x0000000082d00000|  0%| F|  |TAMS 0x0000000082c00000, 0x0000000082c00000| Untracked 
|  45|0x0000000082d00000, 0x0000000082d00000, 0x0000000082e00000|  0%| F|  |TAMS 0x0000000082d00000, 0x0000000082d00000| Untracked 
|  46|0x0000000082e00000, 0x0000000082e00000, 0x0000000082f00000|  0%| F|  |TAMS 0x0000000082e00000, 0x0000000082e00000| Untracked 
|  47|0x0000000082f00000, 0x0000000082f00000, 0x0000000083000000|  0%| F|  |TAMS 0x0000000082f00000, 0x0000000082f00000| Untracked 
|  48|0x0000000083000000, 0x0000000083000000, 0x0000000083100000|  0%| F|  |TAMS 0x0000000083000000, 0x0000000083000000| Untracked 
|  49|0x0000000083100000, 0x0000000083100000, 0x0000000083200000|  0%| F|  |TAMS 0x0000000083100000, 0x0000000083100000| Untracked 
|  50|0x0000000083200000, 0x0000000083200000, 0x0000000083300000|  0%| F|  |TAMS 0x0000000083200000, 0x0000000083200000| Untracked 
|  51|0x0000000083300000, 0x0000000083300000, 0x0000000083400000|  0%| F|  |TAMS 0x0000000083300000, 0x0000000083300000| Untracked 
|  52|0x0000000083400000, 0x0000000083400000, 0x0000000083500000|  0%| F|  |TAMS 0x0000000083400000, 0x0000000083400000| Untracked 
|  53|0x0000000083500000, 0x0000000083500000, 0x0000000083600000|  0%| F|  |TAMS 0x0000000083500000, 0x0000000083500000| Untracked 
|  54|0x0000000083600000, 0x0000000083600000, 0x0000000083700000|  0%| F|  |TAMS 0x0000000083600000, 0x0000000083600000| Untracked 
|  55|0x0000000083700000, 0x0000000083700000, 0x0000000083800000|  0%| F|  |TAMS 0x0000000083700000, 0x0000000083700000| Untracked 
|  56|0x0000000083800000, 0x0000000083800000, 0x0000000083900000|  0%| F|  |TAMS 0x0000000083800000, 0x0000000083800000| Untracked 
|  57|0x0000000083900000, 0x0000000083900000, 0x0000000083a00000|  0%| F|  |TAMS 0x0000000083900000, 0x0000000083900000| Untracked 
|  58|0x0000000083a00000, 0x0000000083a00000, 0x0000000083b00000|  0%| F|  |TAMS 0x0000000083a00000, 0x0000000083a00000| Untracked 
|  59|0x0000000083b00000, 0x0000000083b00000, 0x0000000083c00000|  0%| F|  |TAMS 0x0000000083b00000, 0x0000000083b00000| Untracked 
|  60|0x0000000083c00000, 0x0000000083c00000, 0x0000000083d00000|  0%| F|  |TAMS 0x0000000083c00000, 0x0000000083c00000| Untracked 
|  61|0x0000000083d00000, 0x0000000083d00000, 0x0000000083e00000|  0%| F|  |TAMS 0x0000000083d00000, 0x0000000083d00000| Untracked 
|  62|0x0000000083e00000, 0x0000000083e00000, 0x0000000083f00000|  0%| F|  |TAMS 0x0000000083e00000, 0x0000000083e00000| Untracked 
|  63|0x0000000083f00000, 0x0000000083f00000, 0x0000000084000000|  0%| F|  |TAMS 0x0000000083f00000, 0x0000000083f00000| Untracked 
|  64|0x0000000084000000, 0x0000000084000000, 0x0000000084100000|  0%| F|  |TAMS 0x0000000084000000, 0x0000000084000000| Untracked 
|  65|0x0000000084100000, 0x0000000084100000, 0x0000000084200000|  0%| F|  |TAMS 0x0000000084100000, 0x0000000084100000| Untracked 
|  66|0x0000000084200000, 0x0000000084200000, 0x0000000084300000|  0%| F|  |TAMS 0x0000000084200000, 0x0000000084200000| Untracked 
|  67|0x0000000084300000, 0x0000000084300000, 0x0000000084400000|  0%| F|  |TAMS 0x0000000084300000, 0x0000000084300000| Untracked 
|  68|0x0000000084400000, 0x0000000084400000, 0x0000000084500000|  0%| F|  |TAMS 0x0000000084400000, 0x0000000084400000| Untracked 
|  69|0x0000000084500000, 0x0000000084500000, 0x0000000084600000|  0%| F|  |TAMS 0x0000000084500000, 0x0000000084500000| Untracked 
|  70|0x0000000084600000, 0x0000000084600000, 0x0000000084700000|  0%| F|  |TAMS 0x0000000084600000, 0x0000000084600000| Untracked 
|  71|0x0000000084700000, 0x0000000084700000, 0x0000000084800000|  0%| F|  |TAMS 0x0000000084700000, 0x0000000084700000| Untracked 
|  72|0x0000000084800000, 0x0000000084800000, 0x0000000084900000|  0%| F|  |TAMS 0x0000000084800000, 0x0000000084800000| Untracked 
|  73|0x0000000084900000, 0x0000000084900000, 0x0000000084a00000|  0%| F|  |TAMS 0x0000000084900000, 0x0000000084900000| Untracked 
|  74|0x0000000084a00000, 0x0000000084a00000, 0x0000000084b00000|  0%| F|  |TAMS 0x0000000084a00000, 0x0000000084a00000| Untracked 
|  75|0x0000000084b00000, 0x0000000084b00000, 0x0000000084c00000|  0%| F|  |TAMS 0x0000000084b00000, 0x0000000084b00000| Untracked 
|  76|0x0000000084c00000, 0x0000000084c00000, 0x0000000084d00000|  0%| F|  |TAMS 0x0000000084c00000, 0x0000000084c00000| Untracked 
|  77|0x0000000084d00000, 0x0000000084d00000, 0x0000000084e00000|  0%| F|  |TAMS 0x0000000084d00000, 0x0000000084d00000| Untracked 
|  78|0x0000000084e00000, 0x0000000084e00000, 0x0000000084f00000|  0%| F|  |TAMS 0x0000000084e00000, 0x0000000084e00000| Untracked 
|  79|0x0000000084f00000, 0x0000000084f00000, 0x0000000085000000|  0%| F|  |TAMS 0x0000000084f00000, 0x0000000084f00000| Untracked 
|  80|0x0000000085000000, 0x0000000085000000, 0x0000000085100000|  0%| F|  |TAMS 0x0000000085000000, 0x0000000085000000| Untracked 
|  81|0x0000000085100000, 0x0000000085100000, 0x0000000085200000|  0%| F|  |TAMS 0x0000000085100000, 0x0000000085100000| Untracked 
|  82|0x0000000085200000, 0x0000000085200000, 0x0000000085300000|  0%| F|  |TAMS 0x0000000085200000, 0x0000000085200000| Untracked 
|  83|0x0000000085300000, 0x0000000085342010, 0x0000000085400000| 25%| S|CS|TAMS 0x0000000085300000, 0x0000000085300000| Complete 
|  84|0x0000000085400000, 0x0000000085500000, 0x0000000085500000|100%| S|CS|TAMS 0x0000000085400000, 0x0000000085400000| Complete 
|  85|0x0000000085500000, 0x0000000085600000, 0x0000000085600000|100%| S|CS|TAMS 0x0000000085500000, 0x0000000085500000| Complete 
|  86|0x0000000085600000, 0x0000000085700000, 0x0000000085700000|100%| S|CS|TAMS 0x0000000085600000, 0x0000000085600000| Complete 
|  87|0x0000000085700000, 0x0000000085800000, 0x0000000085800000|100%| S|CS|TAMS 0x0000000085700000, 0x0000000085700000| Complete 
|  88|0x0000000085800000, 0x0000000085900000, 0x0000000085900000|100%| S|CS|TAMS 0x0000000085800000, 0x0000000085800000| Complete 
|  89|0x0000000085900000, 0x0000000085a00000, 0x0000000085a00000|100%| S|CS|TAMS 0x0000000085900000, 0x0000000085900000| Complete 
|  90|0x0000000085a00000, 0x0000000085b00000, 0x0000000085b00000|100%| S|CS|TAMS 0x0000000085a00000, 0x0000000085a00000| Complete 
|  91|0x0000000085b00000, 0x0000000085c00000, 0x0000000085c00000|100%| S|CS|TAMS 0x0000000085b00000, 0x0000000085b00000| Complete 
|  92|0x0000000085c00000, 0x0000000085d00000, 0x0000000085d00000|100%| S|CS|TAMS 0x0000000085c00000, 0x0000000085c00000| Complete 
|  93|0x0000000085d00000, 0x0000000085e00000, 0x0000000085e00000|100%| S|CS|TAMS 0x0000000085d00000, 0x0000000085d00000| Complete 
|  94|0x0000000085e00000, 0x0000000085f00000, 0x0000000085f00000|100%| S|CS|TAMS 0x0000000085e00000, 0x0000000085e00000| Complete 
|  95|0x0000000085f00000, 0x0000000086000000, 0x0000000086000000|100%| S|CS|TAMS 0x0000000085f00000, 0x0000000085f00000| Complete 
|  96|0x0000000086000000, 0x0000000086100000, 0x0000000086100000|100%| S|CS|TAMS 0x0000000086000000, 0x0000000086000000| Complete 
|  97|0x0000000086100000, 0x0000000086200000, 0x0000000086200000|100%| S|CS|TAMS 0x0000000086100000, 0x0000000086100000| Complete 
|  98|0x0000000086200000, 0x0000000086300000, 0x0000000086300000|100%| S|CS|TAMS 0x0000000086200000, 0x0000000086200000| Complete 
|  99|0x0000000086300000, 0x0000000086400000, 0x0000000086400000|100%| S|CS|TAMS 0x0000000086300000, 0x0000000086300000| Complete 
| 100|0x0000000086400000, 0x0000000086500000, 0x0000000086500000|100%| S|CS|TAMS 0x0000000086400000, 0x0000000086400000| Complete 
| 101|0x0000000086500000, 0x0000000086600000, 0x0000000086600000|100%| S|CS|TAMS 0x0000000086500000, 0x0000000086500000| Complete 
| 102|0x0000000086600000, 0x0000000086600000, 0x0000000086700000|  0%| F|  |TAMS 0x0000000086600000, 0x0000000086600000| Untracked 
| 103|0x0000000086700000, 0x0000000086700000, 0x0000000086800000|  0%| F|  |TAMS 0x0000000086700000, 0x0000000086700000| Untracked 
| 104|0x0000000086800000, 0x0000000086800000, 0x0000000086900000|  0%| F|  |TAMS 0x0000000086800000, 0x0000000086800000| Untracked 
| 105|0x0000000086900000, 0x0000000086900000, 0x0000000086a00000|  0%| F|  |TAMS 0x0000000086900000, 0x0000000086900000| Untracked 
| 106|0x0000000086a00000, 0x0000000086a00000, 0x0000000086b00000|  0%| F|  |TAMS 0x0000000086a00000, 0x0000000086a00000| Untracked 
| 107|0x0000000086b00000, 0x0000000086b00000, 0x0000000086c00000|  0%| F|  |TAMS 0x0000000086b00000, 0x0000000086b00000| Untracked 
| 108|0x0000000086c00000, 0x0000000086c00000, 0x0000000086d00000|  0%| F|  |TAMS 0x0000000086c00000, 0x0000000086c00000| Untracked 
| 109|0x0000000086d00000, 0x0000000086d00000, 0x0000000086e00000|  0%| F|  |TAMS 0x0000000086d00000, 0x0000000086d00000| Untracked 
| 110|0x0000000086e00000, 0x0000000086e00000, 0x0000000086f00000|  0%| F|  |TAMS 0x0000000086e00000, 0x0000000086e00000| Untracked 
| 111|0x0000000086f00000, 0x0000000086f00000, 0x0000000087000000|  0%| F|  |TAMS 0x0000000086f00000, 0x0000000086f00000| Untracked 
| 112|0x0000000087000000, 0x0000000087000000, 0x0000000087100000|  0%| F|  |TAMS 0x0000000087000000, 0x0000000087000000| Untracked 
| 113|0x0000000087100000, 0x0000000087100000, 0x0000000087200000|  0%| F|  |TAMS 0x0000000087100000, 0x0000000087100000| Untracked 
| 114|0x0000000087200000, 0x0000000087200000, 0x0000000087300000|  0%| F|  |TAMS 0x0000000087200000, 0x0000000087200000| Untracked 
| 115|0x0000000087300000, 0x0000000087300000, 0x0000000087400000|  0%| F|  |TAMS 0x0000000087300000, 0x0000000087300000| Untracked 
| 116|0x0000000087400000, 0x0000000087400000, 0x0000000087500000|  0%| F|  |TAMS 0x0000000087400000, 0x0000000087400000| Untracked 
| 117|0x0000000087500000, 0x0000000087500000, 0x0000000087600000|  0%| F|  |TAMS 0x0000000087500000, 0x0000000087500000| Untracked 
| 118|0x0000000087600000, 0x0000000087600000, 0x0000000087700000|  0%| F|  |TAMS 0x0000000087600000, 0x0000000087600000| Untracked 
| 119|0x0000000087700000, 0x0000000087700000, 0x0000000087800000|  0%| F|  |TAMS 0x0000000087700000, 0x0000000087700000| Untracked 
| 120|0x0000000087800000, 0x0000000087800000, 0x0000000087900000|  0%| F|  |TAMS 0x0000000087800000, 0x0000000087800000| Untracked 
| 121|0x0000000087900000, 0x0000000087900000, 0x0000000087a00000|  0%| F|  |TAMS 0x0000000087900000, 0x0000000087900000| Untracked 
| 122|0x0000000087a00000, 0x0000000087a00000, 0x0000000087b00000|  0%| F|  |TAMS 0x0000000087a00000, 0x0000000087a00000| Untracked 
| 123|0x0000000087b00000, 0x0000000087b00000, 0x0000000087c00000|  0%| F|  |TAMS 0x0000000087b00000, 0x0000000087b00000| Untracked 
| 124|0x0000000087c00000, 0x0000000087c00000, 0x0000000087d00000|  0%| F|  |TAMS 0x0000000087c00000, 0x0000000087c00000| Untracked 
| 125|0x0000000087d00000, 0x0000000087d00000, 0x0000000087e00000|  0%| F|  |TAMS 0x0000000087d00000, 0x0000000087d00000| Untracked 
| 126|0x0000000087e00000, 0x0000000087e00000, 0x0000000087f00000|  0%| F|  |TAMS 0x0000000087e00000, 0x0000000087e00000| Untracked 
| 127|0x0000000087f00000, 0x0000000087f00000, 0x0000000088000000|  0%| F|  |TAMS 0x0000000087f00000, 0x0000000087f00000| Untracked 
| 128|0x0000000088000000, 0x0000000088000000, 0x0000000088100000|  0%| F|  |TAMS 0x0000000088000000, 0x0000000088000000| Untracked 
| 129|0x0000000088100000, 0x0000000088100000, 0x0000000088200000|  0%| F|  |TAMS 0x0000000088100000, 0x0000000088100000| Untracked 
| 130|0x0000000088200000, 0x0000000088200000, 0x0000000088300000|  0%| F|  |TAMS 0x0000000088200000, 0x0000000088200000| Untracked 
| 131|0x0000000088300000, 0x0000000088300000, 0x0000000088400000|  0%| F|  |TAMS 0x0000000088300000, 0x0000000088300000| Untracked 
| 132|0x0000000088400000, 0x0000000088400000, 0x0000000088500000|  0%| F|  |TAMS 0x0000000088400000, 0x0000000088400000| Untracked 
| 133|0x0000000088500000, 0x0000000088500000, 0x0000000088600000|  0%| F|  |TAMS 0x0000000088500000, 0x0000000088500000| Untracked 
| 134|0x0000000088600000, 0x0000000088600000, 0x0000000088700000|  0%| F|  |TAMS 0x0000000088600000, 0x0000000088600000| Untracked 
| 135|0x0000000088700000, 0x0000000088700000, 0x0000000088800000|  0%| F|  |TAMS 0x0000000088700000, 0x0000000088700000| Untracked 
| 136|0x0000000088800000, 0x0000000088800000, 0x0000000088900000|  0%| F|  |TAMS 0x0000000088800000, 0x0000000088800000| Untracked 
| 137|0x0000000088900000, 0x0000000088900000, 0x0000000088a00000|  0%| F|  |TAMS 0x0000000088900000, 0x0000000088900000| Untracked 
| 138|0x0000000088a00000, 0x0000000088a00000, 0x0000000088b00000|  0%| F|  |TAMS 0x0000000088a00000, 0x0000000088a00000| Untracked 
| 139|0x0000000088b00000, 0x0000000088b00000, 0x0000000088c00000|  0%| F|  |TAMS 0x0000000088b00000, 0x0000000088b00000| Untracked 
| 140|0x0000000088c00000, 0x0000000088c00000, 0x0000000088d00000|  0%| F|  |TAMS 0x0000000088c00000, 0x0000000088c00000| Untracked 
| 141|0x0000000088d00000, 0x0000000088d00000, 0x0000000088e00000|  0%| F|  |TAMS 0x0000000088d00000, 0x0000000088d00000| Untracked 
| 142|0x0000000088e00000, 0x0000000088e00000, 0x0000000088f00000|  0%| F|  |TAMS 0x0000000088e00000, 0x0000000088e00000| Untracked 
| 143|0x0000000088f00000, 0x0000000088f00000, 0x0000000089000000|  0%| F|  |TAMS 0x0000000088f00000, 0x0000000088f00000| Untracked 
| 144|0x0000000089000000, 0x0000000089000000, 0x0000000089100000|  0%| F|  |TAMS 0x0000000089000000, 0x0000000089000000| Untracked 
| 145|0x0000000089100000, 0x0000000089100000, 0x0000000089200000|  0%| F|  |TAMS 0x0000000089100000, 0x0000000089100000| Untracked 
| 146|0x0000000089200000, 0x0000000089200000, 0x0000000089300000|  0%| F|  |TAMS 0x0000000089200000, 0x0000000089200000| Untracked 
| 147|0x0000000089300000, 0x0000000089300000, 0x0000000089400000|  0%| F|  |TAMS 0x0000000089300000, 0x0000000089300000| Untracked 
| 148|0x0000000089400000, 0x0000000089400000, 0x0000000089500000|  0%| F|  |TAMS 0x0000000089400000, 0x0000000089400000| Untracked 
| 149|0x0000000089500000, 0x0000000089500000, 0x0000000089600000|  0%| F|  |TAMS 0x0000000089500000, 0x0000000089500000| Untracked 
| 150|0x0000000089600000, 0x0000000089600000, 0x0000000089700000|  0%| F|  |TAMS 0x0000000089600000, 0x0000000089600000| Untracked 
| 151|0x0000000089700000, 0x0000000089700000, 0x0000000089800000|  0%| F|  |TAMS 0x0000000089700000, 0x0000000089700000| Untracked 
| 152|0x0000000089800000, 0x0000000089800000, 0x0000000089900000|  0%| F|  |TAMS 0x0000000089800000, 0x0000000089800000| Untracked 
| 153|0x0000000089900000, 0x0000000089900000, 0x0000000089a00000|  0%| F|  |TAMS 0x0000000089900000, 0x0000000089900000| Untracked 
| 154|0x0000000089a00000, 0x0000000089a00000, 0x0000000089b00000|  0%| F|  |TAMS 0x0000000089a00000, 0x0000000089a00000| Untracked 
| 155|0x0000000089b00000, 0x0000000089b00000, 0x0000000089c00000|  0%| F|  |TAMS 0x0000000089b00000, 0x0000000089b00000| Untracked 
| 156|0x0000000089c00000, 0x0000000089c00000, 0x0000000089d00000|  0%| F|  |TAMS 0x0000000089c00000, 0x0000000089c00000| Untracked 
| 157|0x0000000089d00000, 0x0000000089d00000, 0x0000000089e00000|  0%| F|  |TAMS 0x0000000089d00000, 0x0000000089d00000| Untracked 
| 158|0x0000000089e00000, 0x0000000089e00000, 0x0000000089f00000|  0%| F|  |TAMS 0x0000000089e00000, 0x0000000089e00000| Untracked 
| 159|0x0000000089f00000, 0x0000000089f00000, 0x000000008a000000|  0%| F|  |TAMS 0x0000000089f00000, 0x0000000089f00000| Untracked 
| 160|0x000000008a000000, 0x000000008a000000, 0x000000008a100000|  0%| F|  |TAMS 0x000000008a000000, 0x000000008a000000| Untracked 
| 161|0x000000008a100000, 0x000000008a100000, 0x000000008a200000|  0%| F|  |TAMS 0x000000008a100000, 0x000000008a100000| Untracked 
| 162|0x000000008a200000, 0x000000008a200000, 0x000000008a300000|  0%| F|  |TAMS 0x000000008a200000, 0x000000008a200000| Untracked 
| 163|0x000000008a300000, 0x000000008a300000, 0x000000008a400000|  0%| F|  |TAMS 0x000000008a300000, 0x000000008a300000| Untracked 
| 164|0x000000008a400000, 0x000000008a400000, 0x000000008a500000|  0%| F|  |TAMS 0x000000008a400000, 0x000000008a400000| Untracked 
| 165|0x000000008a500000, 0x000000008a500000, 0x000000008a600000|  0%| F|  |TAMS 0x000000008a500000, 0x000000008a500000| Untracked 
| 166|0x000000008a600000, 0x000000008a600000, 0x000000008a700000|  0%| F|  |TAMS 0x000000008a600000, 0x000000008a600000| Untracked 
| 167|0x000000008a700000, 0x000000008a700000, 0x000000008a800000|  0%| F|  |TAMS 0x000000008a700000, 0x000000008a700000| Untracked 
| 168|0x000000008a800000, 0x000000008a800000, 0x000000008a900000|  0%| F|  |TAMS 0x000000008a800000, 0x000000008a800000| Untracked 
| 169|0x000000008a900000, 0x000000008a900000, 0x000000008aa00000|  0%| F|  |TAMS 0x000000008a900000, 0x000000008a900000| Untracked 
| 170|0x000000008aa00000, 0x000000008aa00000, 0x000000008ab00000|  0%| F|  |TAMS 0x000000008aa00000, 0x000000008aa00000| Untracked 
| 171|0x000000008ab00000, 0x000000008ab00000, 0x000000008ac00000|  0%| F|  |TAMS 0x000000008ab00000, 0x000000008ab00000| Untracked 
| 172|0x000000008ac00000, 0x000000008ac00000, 0x000000008ad00000|  0%| F|  |TAMS 0x000000008ac00000, 0x000000008ac00000| Untracked 
| 173|0x000000008ad00000, 0x000000008ad00000, 0x000000008ae00000|  0%| F|  |TAMS 0x000000008ad00000, 0x000000008ad00000| Untracked 
| 174|0x000000008ae00000, 0x000000008ae00000, 0x000000008af00000|  0%| F|  |TAMS 0x000000008ae00000, 0x000000008ae00000| Untracked 
| 175|0x000000008af00000, 0x000000008af00000, 0x000000008b000000|  0%| F|  |TAMS 0x000000008af00000, 0x000000008af00000| Untracked 
| 176|0x000000008b000000, 0x000000008b000000, 0x000000008b100000|  0%| F|  |TAMS 0x000000008b000000, 0x000000008b000000| Untracked 
| 177|0x000000008b100000, 0x000000008b100000, 0x000000008b200000|  0%| F|  |TAMS 0x000000008b100000, 0x000000008b100000| Untracked 
| 178|0x000000008b200000, 0x000000008b200000, 0x000000008b300000|  0%| F|  |TAMS 0x000000008b200000, 0x000000008b200000| Untracked 
| 179|0x000000008b300000, 0x000000008b300000, 0x000000008b400000|  0%| F|  |TAMS 0x000000008b300000, 0x000000008b300000| Untracked 
| 180|0x000000008b400000, 0x000000008b400000, 0x000000008b500000|  0%| F|  |TAMS 0x000000008b400000, 0x000000008b400000| Untracked 
| 181|0x000000008b500000, 0x000000008b500000, 0x000000008b600000|  0%| F|  |TAMS 0x000000008b500000, 0x000000008b500000| Untracked 
| 182|0x000000008b600000, 0x000000008b600000, 0x000000008b700000|  0%| F|  |TAMS 0x000000008b600000, 0x000000008b600000| Untracked 
| 183|0x000000008b700000, 0x000000008b700000, 0x000000008b800000|  0%| F|  |TAMS 0x000000008b700000, 0x000000008b700000| Untracked 
| 184|0x000000008b800000, 0x000000008b800000, 0x000000008b900000|  0%| F|  |TAMS 0x000000008b800000, 0x000000008b800000| Untracked 
| 185|0x000000008b900000, 0x000000008b900000, 0x000000008ba00000|  0%| F|  |TAMS 0x000000008b900000, 0x000000008b900000| Untracked 
| 186|0x000000008ba00000, 0x000000008ba00000, 0x000000008bb00000|  0%| F|  |TAMS 0x000000008ba00000, 0x000000008ba00000| Untracked 
| 187|0x000000008bb00000, 0x000000008bb00000, 0x000000008bc00000|  0%| F|  |TAMS 0x000000008bb00000, 0x000000008bb00000| Untracked 
| 188|0x000000008bc00000, 0x000000008bc00000, 0x000000008bd00000|  0%| F|  |TAMS 0x000000008bc00000, 0x000000008bc00000| Untracked 
| 189|0x000000008bd00000, 0x000000008bd00000, 0x000000008be00000|  0%| F|  |TAMS 0x000000008bd00000, 0x000000008bd00000| Untracked 
| 190|0x000000008be00000, 0x000000008be00000, 0x000000008bf00000|  0%| F|  |TAMS 0x000000008be00000, 0x000000008be00000| Untracked 
| 191|0x000000008bf00000, 0x000000008bf00000, 0x000000008c000000|  0%| F|  |TAMS 0x000000008bf00000, 0x000000008bf00000| Untracked 
| 192|0x000000008c000000, 0x000000008c000000, 0x000000008c100000|  0%| F|  |TAMS 0x000000008c000000, 0x000000008c000000| Untracked 
| 193|0x000000008c100000, 0x000000008c100000, 0x000000008c200000|  0%| F|  |TAMS 0x000000008c100000, 0x000000008c100000| Untracked 
| 194|0x000000008c200000, 0x000000008c200000, 0x000000008c300000|  0%| F|  |TAMS 0x000000008c200000, 0x000000008c200000| Untracked 
| 195|0x000000008c300000, 0x000000008c300000, 0x000000008c400000|  0%| F|  |TAMS 0x000000008c300000, 0x000000008c300000| Untracked 
| 196|0x000000008c400000, 0x000000008c400000, 0x000000008c500000|  0%| F|  |TAMS 0x000000008c400000, 0x000000008c400000| Untracked 
| 197|0x000000008c500000, 0x000000008c500000, 0x000000008c600000|  0%| F|  |TAMS 0x000000008c500000, 0x000000008c500000| Untracked 
| 198|0x000000008c600000, 0x000000008c600000, 0x000000008c700000|  0%| F|  |TAMS 0x000000008c600000, 0x000000008c600000| Untracked 
| 199|0x000000008c700000, 0x000000008c700000, 0x000000008c800000|  0%| F|  |TAMS 0x000000008c700000, 0x000000008c700000| Untracked 
| 200|0x000000008c800000, 0x000000008c800000, 0x000000008c900000|  0%| F|  |TAMS 0x000000008c800000, 0x000000008c800000| Untracked 
| 201|0x000000008c900000, 0x000000008c900000, 0x000000008ca00000|  0%| F|  |TAMS 0x000000008c900000, 0x000000008c900000| Untracked 
| 202|0x000000008ca00000, 0x000000008ca00000, 0x000000008cb00000|  0%| F|  |TAMS 0x000000008ca00000, 0x000000008ca00000| Untracked 
| 203|0x000000008cb00000, 0x000000008cb00000, 0x000000008cc00000|  0%| F|  |TAMS 0x000000008cb00000, 0x000000008cb00000| Untracked 
| 204|0x000000008cc00000, 0x000000008cc00000, 0x000000008cd00000|  0%| F|  |TAMS 0x000000008cc00000, 0x000000008cc00000| Untracked 
| 205|0x000000008cd00000, 0x000000008cd00000, 0x000000008ce00000|  0%| F|  |TAMS 0x000000008cd00000, 0x000000008cd00000| Untracked 
| 206|0x000000008ce00000, 0x000000008ce00000, 0x000000008cf00000|  0%| F|  |TAMS 0x000000008ce00000, 0x000000008ce00000| Untracked 
| 207|0x000000008cf00000, 0x000000008cf00000, 0x000000008d000000|  0%| F|  |TAMS 0x000000008cf00000, 0x000000008cf00000| Untracked 
| 208|0x000000008d000000, 0x000000008d000000, 0x000000008d100000|  0%| F|  |TAMS 0x000000008d000000, 0x000000008d000000| Untracked 
| 209|0x000000008d100000, 0x000000008d100000, 0x000000008d200000|  0%| F|  |TAMS 0x000000008d100000, 0x000000008d100000| Untracked 
| 210|0x000000008d200000, 0x000000008d200000, 0x000000008d300000|  0%| F|  |TAMS 0x000000008d200000, 0x000000008d200000| Untracked 
| 211|0x000000008d300000, 0x000000008d300000, 0x000000008d400000|  0%| F|  |TAMS 0x000000008d300000, 0x000000008d300000| Untracked 
| 212|0x000000008d400000, 0x000000008d400000, 0x000000008d500000|  0%| F|  |TAMS 0x000000008d400000, 0x000000008d400000| Untracked 
| 213|0x000000008d500000, 0x000000008d500000, 0x000000008d600000|  0%| F|  |TAMS 0x000000008d500000, 0x000000008d500000| Untracked 
| 214|0x000000008d600000, 0x000000008d600000, 0x000000008d700000|  0%| F|  |TAMS 0x000000008d600000, 0x000000008d600000| Untracked 
| 215|0x000000008d700000, 0x000000008d700000, 0x000000008d800000|  0%| F|  |TAMS 0x000000008d700000, 0x000000008d700000| Untracked 
| 216|0x000000008d800000, 0x000000008d800000, 0x000000008d900000|  0%| F|  |TAMS 0x000000008d800000, 0x000000008d800000| Untracked 
| 217|0x000000008d900000, 0x000000008d900000, 0x000000008da00000|  0%| F|  |TAMS 0x000000008d900000, 0x000000008d900000| Untracked 
| 218|0x000000008da00000, 0x000000008da00000, 0x000000008db00000|  0%| F|  |TAMS 0x000000008da00000, 0x000000008da00000| Untracked 
| 219|0x000000008db00000, 0x000000008db00000, 0x000000008dc00000|  0%| F|  |TAMS 0x000000008db00000, 0x000000008db00000| Untracked 
| 220|0x000000008dc00000, 0x000000008dc00000, 0x000000008dd00000|  0%| F|  |TAMS 0x000000008dc00000, 0x000000008dc00000| Untracked 
| 221|0x000000008dd00000, 0x000000008dd00000, 0x000000008de00000|  0%| F|  |TAMS 0x000000008dd00000, 0x000000008dd00000| Untracked 
| 222|0x000000008de00000, 0x000000008de00000, 0x000000008df00000|  0%| F|  |TAMS 0x000000008de00000, 0x000000008de00000| Untracked 
| 223|0x000000008df00000, 0x000000008df00000, 0x000000008e000000|  0%| F|  |TAMS 0x000000008df00000, 0x000000008df00000| Untracked 
| 224|0x000000008e000000, 0x000000008e000000, 0x000000008e100000|  0%| F|  |TAMS 0x000000008e000000, 0x000000008e000000| Untracked 
| 225|0x000000008e100000, 0x000000008e100000, 0x000000008e200000|  0%| F|  |TAMS 0x000000008e100000, 0x000000008e100000| Untracked 
| 226|0x000000008e200000, 0x000000008e200000, 0x000000008e300000|  0%| F|  |TAMS 0x000000008e200000, 0x000000008e200000| Untracked 
| 227|0x000000008e300000, 0x000000008e300000, 0x000000008e400000|  0%| F|  |TAMS 0x000000008e300000, 0x000000008e300000| Untracked 
| 228|0x000000008e400000, 0x000000008e400000, 0x000000008e500000|  0%| F|  |TAMS 0x000000008e400000, 0x000000008e400000| Untracked 
| 229|0x000000008e500000, 0x000000008e500000, 0x000000008e600000|  0%| F|  |TAMS 0x000000008e500000, 0x000000008e500000| Untracked 
| 230|0x000000008e600000, 0x000000008e600000, 0x000000008e700000|  0%| F|  |TAMS 0x000000008e600000, 0x000000008e600000| Untracked 
| 231|0x000000008e700000, 0x000000008e700000, 0x000000008e800000|  0%| F|  |TAMS 0x000000008e700000, 0x000000008e700000| Untracked 
| 232|0x000000008e800000, 0x000000008e800000, 0x000000008e900000|  0%| F|  |TAMS 0x000000008e800000, 0x000000008e800000| Untracked 
| 233|0x000000008e900000, 0x000000008e900000, 0x000000008ea00000|  0%| F|  |TAMS 0x000000008e900000, 0x000000008e900000| Untracked 
| 234|0x000000008ea00000, 0x000000008ea00000, 0x000000008eb00000|  0%| F|  |TAMS 0x000000008ea00000, 0x000000008ea00000| Untracked 
| 235|0x000000008eb00000, 0x000000008eb00000, 0x000000008ec00000|  0%| F|  |TAMS 0x000000008eb00000, 0x000000008eb00000| Untracked 
| 236|0x000000008ec00000, 0x000000008ec00000, 0x000000008ed00000|  0%| F|  |TAMS 0x000000008ec00000, 0x000000008ec00000| Untracked 
| 237|0x000000008ed00000, 0x000000008ed00000, 0x000000008ee00000|  0%| F|  |TAMS 0x000000008ed00000, 0x000000008ed00000| Untracked 
| 238|0x000000008ee00000, 0x000000008ee00000, 0x000000008ef00000|  0%| F|  |TAMS 0x000000008ee00000, 0x000000008ee00000| Untracked 
| 239|0x000000008ef00000, 0x000000008ef00000, 0x000000008f000000|  0%| F|  |TAMS 0x000000008ef00000, 0x000000008ef00000| Untracked 
| 240|0x000000008f000000, 0x000000008f000000, 0x000000008f100000|  0%| F|  |TAMS 0x000000008f000000, 0x000000008f000000| Untracked 
| 241|0x000000008f100000, 0x000000008f100000, 0x000000008f200000|  0%| F|  |TAMS 0x000000008f100000, 0x000000008f100000| Untracked 
| 242|0x000000008f200000, 0x000000008f200000, 0x000000008f300000|  0%| F|  |TAMS 0x000000008f200000, 0x000000008f200000| Untracked 
| 243|0x000000008f300000, 0x000000008f300000, 0x000000008f400000|  0%| F|  |TAMS 0x000000008f300000, 0x000000008f300000| Untracked 
| 244|0x000000008f400000, 0x000000008f400000, 0x000000008f500000|  0%| F|  |TAMS 0x000000008f400000, 0x000000008f400000| Untracked 
| 245|0x000000008f500000, 0x000000008f500000, 0x000000008f600000|  0%| F|  |TAMS 0x000000008f500000, 0x000000008f500000| Untracked 
| 246|0x000000008f600000, 0x000000008f600000, 0x000000008f700000|  0%| F|  |TAMS 0x000000008f600000, 0x000000008f600000| Untracked 
| 247|0x000000008f700000, 0x000000008f700000, 0x000000008f800000|  0%| F|  |TAMS 0x000000008f700000, 0x000000008f700000| Untracked 
| 248|0x000000008f800000, 0x000000008f800000, 0x000000008f900000|  0%| F|  |TAMS 0x000000008f800000, 0x000000008f800000| Untracked 
| 249|0x000000008f900000, 0x000000008f900000, 0x000000008fa00000|  0%| F|  |TAMS 0x000000008f900000, 0x000000008f900000| Untracked 
| 250|0x000000008fa00000, 0x000000008fb00000, 0x000000008fb00000|100%| E|  |TAMS 0x000000008fa00000, 0x000000008fa00000| Complete 
| 251|0x000000008fb00000, 0x000000008fc00000, 0x000000008fc00000|100%| E|CS|TAMS 0x000000008fb00000, 0x000000008fb00000| Complete 
| 252|0x000000008fc00000, 0x000000008fd00000, 0x000000008fd00000|100%| E|CS|TAMS 0x000000008fc00000, 0x000000008fc00000| Complete 
| 253|0x000000008fd00000, 0x000000008fe00000, 0x000000008fe00000|100%| E|CS|TAMS 0x000000008fd00000, 0x000000008fd00000| Complete 

Card table byte_map: [0x00000215d34d0000,0x00000215d38d0000] _byte_map_base: 0x00000215d30d0000

Marking Bits (Prev, Next): (CMBitMap*) 0x00000215c02b8660, (CMBitMap*) 0x00000215c02b8628
 Prev Bits: [0x00000215d5cd0000, 0x00000215d7cd0000)
 Next Bits: [0x00000215d3cd0000, 0x00000215d5cd0000)

Polling page: 0x00000215bfa50000

Metaspace:

Usage:
  Non-class:     50.66 MB capacity,    49.73 MB ( 98%) used,   788.35 KB (  2%) free+waste,   166.94 KB ( <1%) overhead. 
      Class:      7.79 MB capacity,     7.19 MB ( 92%) used,   533.55 KB (  7%) free+waste,    80.44 KB (  1%) overhead. 
       Both:     58.45 MB capacity,    56.92 MB ( 97%) used,     1.29 MB (  2%) free+waste,   247.38 KB ( <1%) overhead. 

Virtual space:
  Non-class space:       52.00 MB reserved,      50.85 MB ( 98%) committed 
      Class space:        1.00 GB reserved,       7.88 MB ( <1%) committed 
             Both:        1.05 GB reserved,      58.73 MB (  5%) committed 

Chunk freelists:
   Non-Class:  4.00 KB
       Class:  22.00 KB
        Both:  26.00 KB

MaxMetaspaceSize: 17179869184.00 GB
CompressedClassSpaceSize: 1.00 GB
Initial GC threshold: 20.80 MB
Current GC threshold: 78.09 MB
CDS: off

CodeHeap 'non-profiled nmethods': size=120000Kb used=3343Kb max_used=3343Kb free=116656Kb
 bounds [0x00000215cb870000, 0x00000215cbbc0000, 0x00000215d2da0000]
CodeHeap 'profiled nmethods': size=120000Kb used=12182Kb max_used=12182Kb free=107817Kb
 bounds [0x00000215c4340000, 0x00000215c4f30000, 0x00000215cb870000]
CodeHeap 'non-nmethods': size=5760Kb used=2330Kb max_used=2372Kb free=3429Kb
 bounds [0x00000215c3da0000, 0x00000215c4010000, 0x00000215c4340000]
 total_blobs=6710 nmethods=5867 adapters=755
 compilation: enabled
              stopped_count=0, restarted_count=0
 full_count=0

Compilation events (20 events):
Event: 15.942 Thread 0x00000215daffa000 5824       3       org.gradle.model.internal.asm.ClassVisitorScope::addGetter (11 bytes)
Event: 15.943 Thread 0x00000215daffa000 nmethod 5824 0x00000215c4f01c10 code [0x00000215c4f01e20, 0x00000215c4f025c8]
Event: 15.945 Thread 0x00000215daffa000 5825       3       sun.reflect.generics.scope.AbstractScope::lookup (66 bytes)
Event: 15.946 Thread 0x00000215daffa000 nmethod 5825 0x00000215c4f02890 code [0x00000215c4f02ac0, 0x00000215c4f03268]
Event: 15.946 Thread 0x00000215daffa000 5826       3       java.lang.Class::isLocalClass (27 bytes)
Event: 15.947 Thread 0x00000215daffa000 nmethod 5826 0x00000215c4f03510 code [0x00000215c4f03700, 0x00000215c4f03a98]
Event: 15.948 Thread 0x00000215daffa000 5827       3       com.google.common.collect.AbstractMapBasedMultimap$WrappedCollection::<init> (44 bytes)
Event: 15.979 Thread 0x00000215daffa000 nmethod 5827 0x00000215c4f03c10 code [0x00000215c4f03de0, 0x00000215c4f04258]
Event: 15.979 Thread 0x00000215daffa000 5828       3       com.google.common.collect.AbstractMapBasedMultimap$WrappedCollection::iterator (13 bytes)
Event: 15.980 Thread 0x00000215daffa000 nmethod 5828 0x00000215c4f04390 code [0x00000215c4f045c0, 0x00000215c4f04e28]
Event: 15.980 Thread 0x00000215daffa000 5829       3       com.google.common.collect.AbstractMapBasedMultimap$WrappedCollection$WrappedIterator::<init> (32 bytes)
Event: 15.981 Thread 0x00000215daffa000 nmethod 5829 0x00000215c4f05010 code [0x00000215c4f05220, 0x00000215c4f05938]
Event: 15.981 Thread 0x00000215daffa000 5830       3       com.google.common.collect.AbstractMapBasedMultimap::access$100 (5 bytes)
Event: 15.981 Thread 0x00000215daffa000 nmethod 5830 0x00000215c4f05b10 code [0x00000215c4f05d00, 0x00000215c4f06218]
Event: 15.981 Thread 0x00000215daffa000 5831       3       com.google.common.collect.AbstractMapBasedMultimap::iteratorOrListIterator (26 bytes)
Event: 15.981 Thread 0x00000215daffa000 nmethod 5831 0x00000215c4f06390 code [0x00000215c4f06580, 0x00000215c4f06a38]
Event: 15.981 Thread 0x00000215daffa000 5832       3       org.gradle.internal.instantiation.generator.AsmBackedClassGenerator$ClassBuilderImpl$$Lambda$154/0x0000000100328c40::transform (8 bytes)
Event: 15.982 Thread 0x00000215daffa000 nmethod 5832 0x00000215c4f06b90 code [0x00000215c4f06d60, 0x00000215c4f06f68]
Event: 15.982 Thread 0x00000215daffa000 5833       3       org.gradle.cache.internal.DefaultCrossBuildInMemoryCacheFactory$DefaultClassMap::getCacheScope (34 bytes)
Event: 15.984 Thread 0x00000215daffa000 nmethod 5833 0x00000215c4f07010 code [0x00000215c4f072a0, 0x00000215c4f08128]

GC Heap History (12 events):
Event: 1.145 GC heap before
{Heap before GC invocations=0 (full 0):
 garbage-first heap   total 260096K, used 29696K [0x0000000080000000, 0x0000000100000000)
  region size 1024K, 24 young (24576K), 0 survivors (0K)
 Metaspace       used 10103K, capacity 10327K, committed 10624K, reserved 1058816K
  class space    used 1031K, capacity 1106K, committed 1152K, reserved 1048576K
}
Event: 1.152 GC heap after
{Heap after GC invocations=1 (full 0):
 garbage-first heap   total 260096K, used 9568K [0x0000000080000000, 0x0000000100000000)
  region size 1024K, 3 young (3072K), 3 survivors (3072K)
 Metaspace       used 10103K, capacity 10327K, committed 10624K, reserved 1058816K
  class space    used 1031K, capacity 1106K, committed 1152K, reserved 1048576K
}
Event: 6.856 GC heap before
{Heap before GC invocations=1 (full 0):
 garbage-first heap   total 260096K, used 108896K [0x0000000080000000, 0x0000000100000000)
  region size 1024K, 100 young (102400K), 3 survivors (3072K)
 Metaspace       used 20782K, capacity 21183K, committed 21296K, reserved 1069056K
  class space    used 2526K, capacity 2685K, committed 2688K, reserved 1048576K
}
Event: 6.875 GC heap after
{Heap after GC invocations=2 (full 0):
 garbage-first heap   total 260096K, used 17190K [0x0000000080000000, 0x0000000100000000)
  region size 1024K, 11 young (11264K), 11 survivors (11264K)
 Metaspace       used 20782K, capacity 21183K, committed 21296K, reserved 1069056K
  class space    used 2526K, capacity 2685K, committed 2688K, reserved 1048576K
}
Event: 7.289 GC heap before
{Heap before GC invocations=3 (full 0):
 garbage-first heap   total 260096K, used 32550K [0x0000000080000000, 0x0000000100000000)
  region size 1024K, 27 young (27648K), 11 survivors (11264K)
 Metaspace       used 22373K, capacity 22942K, committed 23216K, reserved 1069056K
  class space    used 2808K, capacity 3001K, committed 3072K, reserved 1048576K
}
Event: 7.300 GC heap after
{Heap after GC invocations=4 (full 0):
 garbage-first heap   total 260096K, used 17860K [0x0000000080000000, 0x0000000100000000)
  region size 1024K, 1 young (1024K), 1 survivors (1024K)
 Metaspace       used 22373K, capacity 22942K, committed 23216K, reserved 1069056K
  class space    used 2808K, capacity 3001K, committed 3072K, reserved 1048576K
}
Event: 9.923 GC heap before
{Heap before GC invocations=4 (full 0):
 garbage-first heap   total 260096K, used 125380K [0x0000000080000000, 0x0000000100000000)
  region size 1024K, 107 young (109568K), 1 survivors (1024K)
 Metaspace       used 34971K, capacity 35818K, committed 35920K, reserved 1081344K
  class space    used 4568K, capacity 4921K, committed 4992K, reserved 1048576K
}
Event: 9.941 GC heap after
{Heap after GC invocations=5 (full 0):
 garbage-first heap   total 260096K, used 22470K [0x0000000080000000, 0x0000000100000000)
  region size 1024K, 6 young (6144K), 6 survivors (6144K)
 Metaspace       used 34971K, capacity 35818K, committed 35920K, reserved 1081344K
  class space    used 4568K, capacity 4921K, committed 4992K, reserved 1048576K
}
Event: 12.945 GC heap before
{Heap before GC invocations=6 (full 0):
 garbage-first heap   total 260096K, used 156614K [0x0000000080000000, 0x0000000100000000)
  region size 1024K, 134 young (137216K), 6 survivors (6144K)
 Metaspace       used 46557K, capacity 47634K, committed 47720K, reserved 1091584K
  class space    used 5938K, capacity 6370K, committed 6400K, reserved 1048576K
}
Event: 12.976 GC heap after
{Heap after GC invocations=7 (full 0):
 garbage-first heap   total 260096K, used 30620K [0x0000000080000000, 0x0000000100000000)
  region size 1024K, 14 young (14336K), 14 survivors (14336K)
 Metaspace       used 46557K, capacity 47634K, committed 47720K, reserved 1091584K
  class space    used 5938K, capacity 6370K, committed 6400K, reserved 1048576K
}
Event: 15.949 GC heap before
{Heap before GC invocations=8 (full 0):
 garbage-first heap   total 260096K, used 173980K [0x0000000080000000, 0x0000000100000000)
  region size 1024K, 152 young (155648K), 14 survivors (14336K)
 Metaspace       used 57789K, capacity 59259K, committed 59496K, reserved 1101824K
  class space    used 7284K, capacity 7861K, committed 7936K, reserved 1048576K
}
Event: 15.978 GC heap after
{Heap after GC invocations=9 (full 0):
 garbage-first heap   total 260096K, used 42754K [0x0000000080000000, 0x0000000100000000)
  region size 1024K, 19 young (19456K), 19 survivors (19456K)
 Metaspace       used 57789K, capacity 59259K, committed 59496K, reserved 1101824K
  class space    used 7284K, capacity 7861K, committed 7936K, reserved 1048576K
}

Deoptimization events (20 events):
Event: 14.933 Thread 0x00000215dbf54800 Uncommon trap: trap_request=0xffffff4d fr.pc=0x00000215cb8a517c relative=0x000000000000043c
Event: 14.933 Thread 0x00000215dbf54800 Uncommon trap: reason=unstable_if action=reinterpret pc=0x00000215cb8a517c method=java.lang.AbstractStringBuilder.putStringAt(ILjava/lang/String;)V @ 8 c2
Event: 14.933 Thread 0x00000215dbf54800 DEOPT PACKING pc=0x00000215cb8a517c sp=0x000000dc22ff5280
Event: 14.933 Thread 0x00000215dbf54800 DEOPT UNPACKING pc=0x00000215c3dea1af sp=0x000000dc22ff51e0 mode 2
Event: 15.090 Thread 0x00000215dbf54800 Uncommon trap: trap_request=0xffffff4d fr.pc=0x00000215cb9dcf20 relative=0x0000000000000920
Event: 15.091 Thread 0x00000215dbf54800 Uncommon trap: reason=unstable_if action=reinterpret pc=0x00000215cb9dcf20 method=java.io.BufferedInputStream.read([BII)I @ 56 c2
Event: 15.091 Thread 0x00000215dbf54800 DEOPT PACKING pc=0x00000215cb9dcf20 sp=0x000000dc22ff7100
Event: 15.091 Thread 0x00000215dbf54800 DEOPT UNPACKING pc=0x00000215c3dea1af sp=0x000000dc22ff70b8 mode 2
Event: 15.217 Thread 0x00000215dbf54800 Uncommon trap: trap_request=0xffffffc6 fr.pc=0x00000215cbb38f08 relative=0x0000000000000348
Event: 15.217 Thread 0x00000215dbf54800 Uncommon trap: reason=bimorphic_or_optimized_type_check action=maybe_recompile pc=0x00000215cbb38f08 method=com.google.common.collect.RegularImmutableSet.contains(Ljava/lang/Object;)Z @ 42 c2
Event: 15.217 Thread 0x00000215dbf54800 DEOPT PACKING pc=0x00000215cbb38f08 sp=0x000000dc22ff7af0
Event: 15.217 Thread 0x00000215dbf54800 DEOPT UNPACKING pc=0x00000215c3dea1af sp=0x000000dc22ff7a90 mode 2
Event: 15.719 Thread 0x00000215dbf54800 Uncommon trap: trap_request=0xffffffde fr.pc=0x00000215cbb7bb08 relative=0x0000000000001388
Event: 15.720 Thread 0x00000215dbf54800 Uncommon trap: reason=class_check action=maybe_recompile pc=0x00000215cbb7bb08 method=jdk.internal.loader.BuiltinClassLoader.loadClassOrNull(Ljava/lang/String;Z)Ljava/lang/Class; @ 86 c2
Event: 15.720 Thread 0x00000215dbf54800 DEOPT PACKING pc=0x00000215cbb7bb08 sp=0x000000dc22ff5810
Event: 15.720 Thread 0x00000215dbf54800 DEOPT UNPACKING pc=0x00000215c3dea1af sp=0x000000dc22ff57d8 mode 2
Event: 15.979 Thread 0x00000215db163000 Uncommon trap: trap_request=0xffffffde fr.pc=0x00000215cb9c756c relative=0x000000000000052c
Event: 15.979 Thread 0x00000215db163000 Uncommon trap: reason=class_check action=maybe_recompile pc=0x00000215cb9c756c method=jdk.internal.ref.PhantomCleanable.clean()V @ 12 c2
Event: 15.979 Thread 0x00000215db163000 DEOPT PACKING pc=0x00000215cb9c756c sp=0x000000dc222ff1d0
Event: 15.979 Thread 0x00000215db163000 DEOPT UNPACKING pc=0x00000215c3dea1af sp=0x000000dc222ff1b0 mode 2

Classes redefined (0 events):
No events

Internal exceptions (20 events):
Event: 14.458 Thread 0x00000215dbf54800 Exception <a 'java/security/PrivilegedActionException'{0x000000008b6d9320}> (0x000000008b6d9320) thrown at [src/hotspot/share/prims/jvm.cpp, line 1306]
Event: 14.458 Thread 0x00000215dbf54800 Exception <a 'java/security/PrivilegedActionException'{0x000000008b6dc1e0}> (0x000000008b6dc1e0) thrown at [src/hotspot/share/prims/jvm.cpp, line 1306]
Event: 14.458 Thread 0x00000215dbf54800 Exception <a 'java/security/PrivilegedActionException'{0x000000008b6dd748}> (0x000000008b6dd748) thrown at [src/hotspot/share/prims/jvm.cpp, line 1306]
Event: 14.458 Thread 0x00000215dbf54800 Exception <a 'java/security/PrivilegedActionException'{0x000000008b6e0658}> (0x000000008b6e0658) thrown at [src/hotspot/share/prims/jvm.cpp, line 1306]
Event: 14.458 Thread 0x00000215dbf54800 Exception <a 'java/security/PrivilegedActionException'{0x000000008b6e1bc0}> (0x000000008b6e1bc0) thrown at [src/hotspot/share/prims/jvm.cpp, line 1306]
Event: 14.458 Thread 0x00000215dbf54800 Exception <a 'java/security/PrivilegedActionException'{0x000000008b6e4b30}> (0x000000008b6e4b30) thrown at [src/hotspot/share/prims/jvm.cpp, line 1306]
Event: 14.458 Thread 0x00000215dbf54800 Exception <a 'java/security/PrivilegedActionException'{0x000000008b6e6098}> (0x000000008b6e6098) thrown at [src/hotspot/share/prims/jvm.cpp, line 1306]
Event: 14.520 Thread 0x00000215dbf54800 Exception <a 'java/lang/ClassNotFoundException'{0x000000008b17fd80}: org/gradle/api/internal/plugins/DefaultObjectConfigurationActionBeanInfo> (0x000000008b17fd80) thrown at [src/hotspot/share/classfile/systemDictionary.cpp, line 230]
Event: 14.522 Thread 0x00000215dbf54800 Exception <a 'java/lang/ClassNotFoundException'{0x000000008b1c2b58}: org/gradle/api/internal/plugins/DefaultObjectConfigurationActionCustomizer> (0x000000008b1c2b58) thrown at [src/hotspot/share/classfile/systemDictionary.cpp, line 230]
Event: 14.757 Thread 0x00000215dbf54800 Exception <a 'java/lang/NoSuchMethodError'{0x000000008a6d7bb0}: 'java.lang.Object java.lang.invoke.DirectMethodHandle$Holder.invokeStatic(java.lang.Object, java.lang.Object, java.lang.Object, java.lang.Object, int)'> (0x000000008a6d7bb0) thrown at [src/hotspot/share/interpreter/linkResolver.cpp, line 773]
Event: 14.758 Thread 0x00000215dbf54800 Exception <a 'java/lang/NoSuchMethodError'{0x000000008a6dc5a8}: 'java.lang.Object java.lang.invoke.DirectMethodHandle$Holder.invokeSpecial(java.lang.Object, java.lang.Object, java.lang.Object, java.lang.Object, java.lang.Object, int)'> (0x000000008a6dc5a8) thrown at [src/hotspot/share/interpreter/linkResolver.cpp, line 773]
Event: 14.758 Thread 0x00000215dbf54800 Exception <a 'java/lang/NoSuchMethodError'{0x000000008a6e0be8}: 'java.lang.Object java.lang.invoke.Invokers$Holder.linkToTargetMethod(java.lang.Object, java.lang.Object, java.lang.Object, int, java.lang.Object)'> (0x000000008a6e0be8) thrown at [src/hotspot/share/interpreter/linkResolver.cpp, line 773]
Event: 14.777 Thread 0x00000215dbf54800 Exception <a 'java/lang/NoSuchMethodError'{0x000000008a5a8820}: 'java.lang.Object java.lang.invoke.Invokers$Holder.linkToTargetMethod(java.lang.Object, int, int, java.lang.Object)'> (0x000000008a5a8820) thrown at [src/hotspot/share/interpreter/linkResolver.cpp, line 773]
Event: 14.780 Thread 0x00000215dbf54800 Exception <a 'java/lang/NoSuchMethodError'{0x000000008a5c0170}: 'java.lang.Object java.lang.invoke.DirectMethodHandle$Holder.invokeStatic(java.lang.Object, java.lang.Object, int, int, java.lang.Object, java.lang.Object)'> (0x000000008a5c0170) thrown at [src/hotspot/share/interpreter/linkResolver.cpp, line 773]
Event: 15.147 Thread 0x00000215dbf54800 Exception <a 'java/lang/NoSuchMethodError'{0x00000000895813c0}: 'java.lang.Object java.lang.invoke.DirectMethodHandle$Holder.invokeStatic(java.lang.Object, java.lang.Object, java.lang.Object, java.lang.Object, java.lang.Object, java.lang.Object, java.lang.Object, java.lang.Object, java.lang.Object, java.lang.Object, java.lang.Object, java.lang.Object, java.lang.Object, int)'> (0x00000000895813c0) thrown at [src/hotspot/share/interpreter/linkResolver.cpp, line 773]
Event: 15.149 Thread 0x00000215dbf54800 Exception <a 'java/lang/NoSuchMethodError'{0x000000008958eda8}: 'java.lang.Object java.lang.invoke.DirectMethodHandle$Holder.invokeStatic(java.lang.Object, java.lang.Object, java.lang.Object, java.lang.Object, java.lang.Object, java.lang.Object, java.lang.Object, java.lang.Object, java.lang.Object, java.lang.Object, java.lang.Object, java.lang.Object, java.lang.Object, int, int)'> (0x000000008958eda8) thrown at [src/hotspot/share/interpreter/linkResolver.cpp, line 773]
Event: 15.210 Thread 0x00000215dbf54800 Exception <a 'java/lang/NoSuchMethodError'{0x00000000893e6720}: 'int java.lang.invoke.DirectMethodHandle$Holder.invokeInterface(java.lang.Object, java.lang.Object, java.lang.Object, java.lang.Object)'> (0x00000000893e6720) thrown at [src/hotspot/share/interpreter/linkResolver.cpp, line 773]
Event: 15.817 Thread 0x00000215dbf54800 Exception <a 'java/lang/NoSuchMethodError'{0x0000000087a99610}: 'java.lang.Object java.lang.invoke.DirectMethodHandle$Holder.invokeSpecial(java.lang.Object, java.lang.Object, int, int, int, java.lang.Object, java.lang.Object, java.lang.Object, java.lang.Object)'> (0x0000000087a99610) thrown at [src/hotspot/share/interpreter/linkResolver.cpp, line 773]
Event: 15.817 Thread 0x00000215dbf54800 Exception <a 'java/lang/NoSuchMethodError'{0x0000000087a9ddb8}: 'java.lang.Object java.lang.invoke.DelegatingMethodHandle$Holder.reinvoke_L(java.lang.Object, int, int, int, java.lang.Object, java.lang.Object, java.lang.Object, java.lang.Object)'> (0x0000000087a9ddb8) thrown at [src/hotspot/share/interpreter/linkResolver.cpp, line 773]
Event: 15.818 Thread 0x00000215dbf54800 Exception <a 'java/lang/NoSuchMethodError'{0x0000000087aa6468}: 'java.lang.Object java.lang.invoke.DirectMethodHandle$Holder.invokeStatic(java.lang.Object, java.lang.Object, java.lang.Object, java.lang.Object, java.lang.Object, int)'> (0x0000000087aa6468) thrown at [src/hotspot/share/interpreter/linkResolver.cpp, line 773]

Events (20 events):
Event: 15.923 loading class org/gradle/api/internal/artifacts/type/DefaultArtifactTypeContainer
Event: 15.923 loading class org/gradle/api/internal/artifacts/type/DefaultArtifactTypeContainer done
Event: 15.930 loading class org/gradle/api/internal/artifacts/type/DefaultArtifactTypeContainer$DefaultArtifactTypeDefinition
Event: 15.930 loading class org/gradle/api/internal/artifacts/type/DefaultArtifactTypeContainer$DefaultArtifactTypeDefinition done
Event: 15.935 loading class org/gradle/api/plugins/ReportingBasePlugin
Event: 15.935 loading class org/gradle/api/plugins/ReportingBasePlugin done
Event: 15.937 loading class org/gradle/api/reporting/ReportingExtension
Event: 15.937 loading class org/gradle/api/reporting/ReportingExtension done
Event: 15.939 loading class org/gradle/api/reporting/ReportSpec
Event: 15.939 loading class org/gradle/api/reporting/ReportSpec done
Event: 15.949 Executing VM operation: G1CollectForAllocation
Event: 15.978 Executing VM operation: G1CollectForAllocation done
Event: 15.982 loading class org/gradle/jvm/toolchain/internal/DefaultToolchainSpec
Event: 15.982 loading class org/gradle/jvm/toolchain/internal/DefaultToolchainSpec done
Event: 15.984 loading class org/gradle/jvm/toolchain/internal/ToolchainSpecInternal
Event: 15.984 loading class org/gradle/jvm/toolchain/internal/ToolchainSpecInternal done
Event: 15.985 loading class org/gradle/jvm/toolchain/JvmImplementation
Event: 15.985 loading class org/gradle/jvm/toolchain/JvmImplementation done
Event: 15.986 loading class org/gradle/jvm/toolchain/JavaLanguageVersion
Event: 15.986 loading class org/gradle/jvm/toolchain/JavaLanguageVersion done


Dynamic libraries:
0x00007ff7e6370000 - 0x00007ff7e637a000 	D:\projetos\Android Studio\jbr\bin\java.exe
0x00007ffdeb940000 - 0x00007ffdebb49000 	C:\WINDOWS\SYSTEM32\ntdll.dll
0x00007ffdea0e0000 - 0x00007ffdea19e000 	C:\WINDOWS\System32\KERNEL32.DLL
0x00007ffde90d0000 - 0x00007ffde9454000 	C:\WINDOWS\System32\KERNELBASE.dll
0x00007ffde95f0000 - 0x00007ffde9701000 	C:\WINDOWS\System32\ucrtbase.dll
0x00007ffde2160000 - 0x00007ffde2177000 	D:\projetos\Android Studio\jbr\bin\jli.dll
0x00007ffde2080000 - 0x00007ffde209b000 	D:\projetos\Android Studio\jbr\bin\VCRUNTIME140.dll
0x00007ffde9850000 - 0x00007ffde99fd000 	C:\WINDOWS\System32\USER32.dll
0x00007ffdcc060000 - 0x00007ffdcc305000 	C:\WINDOWS\WinSxS\amd64_microsoft.windows.common-controls_6595b64144ccf1df_6.0.22000.120_none_9d947278b86cc467\COMCTL32.dll
0x00007ffde95c0000 - 0x00007ffde95e6000 	C:\WINDOWS\System32\win32u.dll
0x00007ffde9a00000 - 0x00007ffde9aa3000 	C:\WINDOWS\System32\msvcrt.dll
0x00007ffdea200000 - 0x00007ffdea22a000 	C:\WINDOWS\System32\GDI32.dll
0x00007ffde8f40000 - 0x00007ffde905f000 	C:\WINDOWS\System32\gdi32full.dll
0x00007ffde9520000 - 0x00007ffde95bd000 	C:\WINDOWS\System32\msvcp_win.dll
0x00007ffdea5b0000 - 0x00007ffdea5e1000 	C:\WINDOWS\System32\IMM32.DLL
0x00007ffde2150000 - 0x00007ffde215c000 	D:\projetos\Android Studio\jbr\bin\vcruntime140_1.dll
0x00007ffdd2890000 - 0x00007ffdd291d000 	D:\projetos\Android Studio\jbr\bin\msvcp140.dll
0x00007ffd980a0000 - 0x00007ffd98c5c000 	D:\projetos\Android Studio\jbr\bin\server\jvm.dll
0x00007ffde9b90000 - 0x00007ffde9c3f000 	C:\WINDOWS\System32\ADVAPI32.dll
0x00007ffdeb5d0000 - 0x00007ffdeb66e000 	C:\WINDOWS\System32\sechost.dll
0x00007ffdeb4a0000 - 0x00007ffdeb5c1000 	C:\WINDOWS\System32\RPCRT4.dll
0x00007ffde97a0000 - 0x00007ffde97a8000 	C:\WINDOWS\System32\PSAPI.DLL
0x00007ffdcabe0000 - 0x00007ffdcabe9000 	C:\WINDOWS\SYSTEM32\WSOCK32.dll
0x00007ffddf9a0000 - 0x00007ffddf9d3000 	C:\WINDOWS\SYSTEM32\WINMM.dll
0x00007ffdeaa50000 - 0x00007ffdeaabf000 	C:\WINDOWS\System32\WS2_32.dll
0x00007ffdddf00000 - 0x00007ffdddf0a000 	C:\WINDOWS\SYSTEM32\VERSION.dll
0x00007ffde7f30000 - 0x00007ffde7f48000 	C:\WINDOWS\SYSTEM32\kernel.appcore.dll
0x00007ffdde800000 - 0x00007ffdde810000 	D:\projetos\Android Studio\jbr\bin\verify.dll
0x00007ffde3830000 - 0x00007ffde3a51000 	C:\WINDOWS\SYSTEM32\DBGHELP.DLL
0x00007ffdc8590000 - 0x00007ffdc85c1000 	C:\WINDOWS\SYSTEM32\dbgcore.DLL
0x00007ffde9710000 - 0x00007ffde978f000 	C:\WINDOWS\System32\bcryptPrimitives.dll
0x00007ffd99080000 - 0x00007ffd990a8000 	D:\projetos\Android Studio\jbr\bin\java.dll
0x00007ffda13c0000 - 0x00007ffda13ca000 	D:\projetos\Android Studio\jbr\bin\jimage.dll
0x00007ffd99060000 - 0x00007ffd99078000 	D:\projetos\Android Studio\jbr\bin\zip.dll
0x00007ffdeacd0000 - 0x00007ffdeb495000 	C:\WINDOWS\System32\SHELL32.dll
0x00007ffde6eb0000 - 0x00007ffde7712000 	C:\WINDOWS\SYSTEM32\windows.storage.dll
0x00007ffdea230000 - 0x00007ffdea5a6000 	C:\WINDOWS\System32\combase.dll
0x00007ffde6d40000 - 0x00007ffde6ea7000 	C:\WINDOWS\SYSTEM32\wintypes.dll
0x00007ffdea730000 - 0x00007ffdea81a000 	C:\WINDOWS\System32\SHCORE.dll
0x00007ffdea1a0000 - 0x00007ffdea1fd000 	C:\WINDOWS\System32\shlwapi.dll
0x00007ffde8d00000 - 0x00007ffde8d25000 	C:\WINDOWS\SYSTEM32\profapi.dll
0x00007ffdb25e0000 - 0x00007ffdb25f9000 	D:\projetos\Android Studio\jbr\bin\net.dll
0x00007ffde0420000 - 0x00007ffde0534000 	C:\WINDOWS\SYSTEM32\WINHTTP.dll
0x00007ffde83e0000 - 0x00007ffde8447000 	C:\WINDOWS\system32\mswsock.dll
0x00007ffd99040000 - 0x00007ffd99053000 	D:\projetos\Android Studio\jbr\bin\nio.dll
0x00007ffdad180000 - 0x00007ffdad1a7000 	C:\Users\jorge\.gradle\native\e1d6ef7f7dcc3fd88c89a11ec53ec762bb8ba0a96d01ffa2cd45eb1d1d8dd5c5\windows-amd64\native-platform.dll
0x00007ffdd2500000 - 0x00007ffdd2644000 	C:\Users\jorge\.gradle\native\0d407fdbe67a94daf76414ababcb853783967236a71b16ec16e742cd7a986fd3\windows-amd64\native-platform-file-events.dll
0x00007ffda13b0000 - 0x00007ffda13ba000 	D:\projetos\Android Studio\jbr\bin\management.dll
0x00007ffd99030000 - 0x00007ffd9903b000 	D:\projetos\Android Studio\jbr\bin\management_ext.dll
0x00007ffde8620000 - 0x00007ffde8638000 	C:\WINDOWS\SYSTEM32\CRYPTSP.dll
0x00007ffde7e90000 - 0x00007ffde7ec5000 	C:\WINDOWS\system32\rsaenh.dll
0x00007ffde84d0000 - 0x00007ffde84fc000 	C:\WINDOWS\SYSTEM32\USERENV.dll
0x00007ffde87a0000 - 0x00007ffde87c7000 	C:\WINDOWS\SYSTEM32\bcrypt.dll
0x00007ffde8640000 - 0x00007ffde864c000 	C:\WINDOWS\SYSTEM32\CRYPTBASE.dll
0x00007ffde79d0000 - 0x00007ffde79fd000 	C:\WINDOWS\SYSTEM32\IPHLPAPI.DLL
0x00007ffdea820000 - 0x00007ffdea829000 	C:\WINDOWS\System32\NSI.dll
0x00007ffddf920000 - 0x00007ffddf939000 	C:\WINDOWS\SYSTEM32\dhcpcsvc6.DLL
0x00007ffddfcd0000 - 0x00007ffddfcee000 	C:\WINDOWS\SYSTEM32\dhcpcsvc.DLL
0x00007ffde7a00000 - 0x00007ffde7ae7000 	C:\WINDOWS\SYSTEM32\DNSAPI.dll

dbghelp: loaded successfully - version: 4.0.5 - missing functions: none
symbol engine: initialized successfully - sym options: 0x614 - pdb path: .;D:\projetos\Android Studio\jbr\bin;C:\WINDOWS\SYSTEM32;C:\WINDOWS\WinSxS\amd64_microsoft.windows.common-controls_6595b64144ccf1df_6.0.22000.120_none_9d947278b86cc467;D:\projetos\Android Studio\jbr\bin\server;C:\Users\jorge\.gradle\native\e1d6ef7f7dcc3fd88c89a11ec53ec762bb8ba0a96d01ffa2cd45eb1d1d8dd5c5\windows-amd64;C:\Users\jorge\.gradle\native\0d407fdbe67a94daf76414ababcb853783967236a71b16ec16e742cd7a986fd3\windows-amd64

VM Arguments:
jvm_args: --add-opens=java.base/java.util=ALL-UNNAMED --add-opens=java.base/java.lang=ALL-UNNAMED --add-opens=java.base/java.lang.invoke=ALL-UNNAMED --add-opens=java.base/java.util=ALL-UNNAMED --add-opens=java.prefs/java.util.prefs=ALL-UNNAMED --add-opens=java.prefs/java.util.prefs=ALL-UNNAMED --add-opens=java.base/java.nio.charset=ALL-UNNAMED --add-opens=java.base/java.net=ALL-UNNAMED --add-opens=java.base/java.util.concurrent.atomic=ALL-UNNAMED -Xmx2048m -Dfile.encoding=UTF-8 -Duser.country=BR -Duser.language=pt -Duser.variant 
java_command: org.gradle.launcher.daemon.bootstrap.GradleDaemon 7.5
java_class_path (initial): C:\Users\jorge\.gradle\wrapper\dists\gradle-7.5-bin\f1w0cc9nuo0eivz97x2xlu9sv\gradle-7.5\lib\gradle-launcher-7.5.jar
Launcher Type: SUN_STANDARD

[Global flags]
     intx CICompilerCount                          = 4                                         {product} {ergonomic}
     uint ConcGCThreads                            = 2                                         {product} {ergonomic}
     uint G1ConcRefinementThreads                  = 8                                         {product} {ergonomic}
   size_t G1HeapRegionSize                         = 1048576                                   {product} {ergonomic}
    uintx GCDrainStackTargetSize                   = 64                                        {product} {ergonomic}
   size_t InitialHeapSize                          = 266338304                                 {product} {ergonomic}
   size_t MarkStackSize                            = 4194304                                   {product} {ergonomic}
   size_t MaxHeapSize                              = 2147483648                                {product} {command line}
   size_t MaxNewSize                               = 1287651328                                {product} {ergonomic}
   size_t MinHeapDeltaBytes                        = 1048576                                   {product} {ergonomic}
    uintx NonNMethodCodeHeapSize                   = 5836300                                {pd product} {ergonomic}
    uintx NonProfiledCodeHeapSize                  = 122910970                              {pd product} {ergonomic}
    uintx ProfiledCodeHeapSize                     = 122910970                              {pd product} {ergonomic}
    uintx ReservedCodeCacheSize                    = 251658240                              {pd product} {ergonomic}
     bool SegmentedCodeCache                       = true                                      {product} {ergonomic}
     bool UseCompressedClassPointers               = true                                 {lp64_product} {ergonomic}
     bool UseCompressedOops                        = true                                 {lp64_product} {ergonomic}
     bool UseG1GC                                  = true                                      {product} {ergonomic}
     bool UseLargePagesIndividualAllocation        = false                                  {pd product} {ergonomic}

Logging:
Log output configuration:
 #0: stdout all=warning uptime,level,tags
 #1: stderr all=off uptime,level,tags

Environment Variables:
PATH=C:\Program Files\Common Files\Oracle\Java\javapath;C:\Program Files (x86)\Common Files\Oracle\Java\javapath;C:\Program Files\Java\jdk-15.0.2\bin;C:\Program Files (x86)\Intel\Intel(R) Management Engine Components\iCLS\;C:\Program Files\Intel\Intel(R) Management Engine Components\iCLS\;C:\Windows\system32;C:\Windows;C:\Windows\System32\Wbem;C:\Windows\System32\WindowsPowerShell\v1.0\;C:\Windows\System32\OpenSSH\;C:\Program Files (x86)\Intel\Intel(R) Management Engine Components\DAL;C:\Program Files\Intel\Intel(R) Management Engine Components\DAL;C:\Program Files\Intel\WiFi\bin\;C:\Program Files\Common Files\Intel\WirelessCommon\;C:\Program Files (x86)\NVIDIA Corporation\PhysX\Common;C:\WINDOWS\system32;C:\WINDOWS;C:\WINDOWS\System32\Wbem;C:\WINDOWS\System32\WindowsPowerShell\v1.0\;C:\WINDOWS\System32\OpenSSH\;C:\Program Files\dotnet\;C:\Program Files\Microsoft SQL Server\130\Tools\Binn\;D:\projetos\Git\Git\cmd;D:\projetos\MongoDB\Server\4.4\bin;C:\Program Files (x86)\dotnet\;D:\projetos\MinGw\bin;C:\Program Files\MySQL\MySQL Server 8.0\bin;D:\projetos\Python\Python310;D:\projetos\Python\Python310\Scripts;D:\projetos\Python39;D:\projetos\Python39\Scripts;C:\Program Files\Java\jdk-15.0.2;D:\projetos\PuTTY\;D:\projetos\Python\Python310\Scripts\;D:\projetos\Python\Python310\;C:\Program Files\MySQL\MySQL Shell 8.0\bin\;C:\Users\jorge\AppData\Local\Microsoft\WindowsApps;C:\Users\jorge\.dotnet\tools;D:\projetos\Heroku\bin;C:\Users\jorge\AppData\Local\atom\bin;D:\projetos\Microsoft VS Code\bin;D:\projetos\PHP;;C:\Users\jorge\AppData\Local\Microsoft\WindowsApps;D:\projetos\JetBrains\IntelliJ IDEA 2023.2.2\bin;;D:\projetos\JetBrains\WebStorm 2023.2.2\bin;;D:\projetos\JetBrains\IntelliJ IDEA Community Edition 2023.2.2\bin;
USERNAME=jorge
OS=Windows_NT
PROCESSOR_IDENTIFIER=Intel64 Family 6 Model 142 Stepping 11, GenuineIntel



---------------  S Y S T E M  ---------------

OS: Windows 11 , 64 bit Build 22000 (10.0.22000.2124)
OS uptime: 0 days 4:42 hours

CPU:total 8 (initial active 8) (4 cores per cpu, 2 threads per core) family 6 model 142 stepping 11 microcode 0xde, cmov, cx8, fxsr, mmx, sse, sse2, sse3, ssse3, sse4.1, sse4.2, popcnt, avx, avx2, aes, clmul, erms, 3dnowpref, lzcnt, ht, tsc, tscinvbit, bmi1, bmi2, adx, fma

Memory: 4k page, system-wide physical 16192M (1457M free)
TotalPageFile size 22026M (AvailPageFile size 6M)
current process WorkingSet (physical memory assigned to process): 394M, peak: 396M
current process commit charge ("private bytes"): 493M, peak: 496M

vm_info: OpenJDK 64-Bit Server VM (11.0.15+0-b2043.56-9505619) for windows-amd64 JRE (11.0.15+0-b2043.56-9505619), built on Jan 19 2023 02:48:00 by "builduser" with unknown MS VC++:1929

END.
