#
# There is insufficient memory for the Java Runtime Environment to continue.
# Native memory allocation (malloc) failed to allocate 2000016 bytes for Chunk::new
# Possible reasons:
#   The system is out of physical RAM or swap space
#   The process is running with CompressedOops enabled, and the Java Heap may be blocking the growth of the native heap
# Possible solutions:
#   Reduce memory load on the system
#   Increase physical memory or swap space
#   Check if swap backing store is full
#   Decrease Java heap size (-Xmx/-Xms)
#   Decrease number of Java threads
#   Decrease Java thread stack sizes (-Xss)
#   Set larger code cache with -XX:ReservedCodeCacheSize=
#   JVM is running with Unscaled Compressed Oops mode in which the Java heap is
#     placed in the first 4GB address space. The Java Heap base address is the
#     maximum limit for the native heap growth. Please use -XX:HeapBaseMinAddress
#     to set the Java Heap base and to place the Java Heap above 4GB virtual address.
# This output file may be truncated or incomplete.
#
#  Out of Memory Error (src/hotspot/share/memory/arena.cpp:197), pid=15028, tid=12496
#
# JRE version: OpenJDK Runtime Environment (11.0.15) (build 11.0.15+0-b2043.56-9505619)
# Java VM: OpenJDK 64-Bit Server VM (11.0.15+0-b2043.56-9505619, mixed mode, tiered, compressed oops, g1 gc, windows-amd64)
# No core dump will be written. Minidumps are not enabled by default on client versions of Windows
#

---------------  S U M M A R Y ------------

Command Line: --add-opens=java.base/java.util=ALL-UNNAMED --add-opens=java.base/java.lang=ALL-UNNAMED --add-opens=java.base/java.lang.invoke=ALL-UNNAMED --add-opens=java.base/java.util=ALL-UNNAMED --add-opens=java.prefs/java.util.prefs=ALL-UNNAMED --add-opens=java.prefs/java.util.prefs=ALL-UNNAMED --add-opens=java.base/java.nio.charset=ALL-UNNAMED --add-opens=java.base/java.net=ALL-UNNAMED --add-opens=java.base/java.util.concurrent.atomic=ALL-UNNAMED -Xmx2048m -Dfile.encoding=UTF-8 -Duser.country=BR -Duser.language=pt -Duser.variant org.gradle.launcher.daemon.bootstrap.GradleDaemon 7.5

Host: Intel(R) Core(TM) i7-8565U CPU @ 1.80GHz, 8 cores, 15G,  Windows 11 , 64 bit Build 22000 (10.0.22000.2124)
Time: Mon Oct  2 11:28:17 2023 Hora oficial do Brasil elapsed time: 17.371906 seconds (0d 0h 0m 17s)

---------------  T H R E A D  ---------------

Current thread (0x000002a85da27800):  JavaThread "C2 CompilerThread0" daemon [_thread_in_native, id=12496, stack(0x000000f528700000,0x000000f528800000)]


Current CompileTask:
C2:  17371 11309       4       com.android.ide.common.resources.NodeUtils::duplicateNode (315 bytes)

Stack: [0x000000f528700000,0x000000f528800000]
Native frames: (J=compiled Java code, j=interpreted, Vv=VM code, C=native code)
V  [jvm.dll+0x64135a]
V  [jvm.dll+0x7d39f9]
V  [jvm.dll+0x7d51b9]
V  [jvm.dll+0x7d58a3]
V  [jvm.dll+0x2691c5]
V  [jvm.dll+0xc1a5c]
V  [jvm.dll+0xc200c]
V  [jvm.dll+0x3774a7]
V  [jvm.dll+0x342495]
V  [jvm.dll+0x34186a]
V  [jvm.dll+0x2214bd]
V  [jvm.dll+0x220498]
V  [jvm.dll+0x19e851]
V  [jvm.dll+0x230479]
V  [jvm.dll+0x22e5ef]
V  [jvm.dll+0x794de1]
V  [jvm.dll+0x78dc24]
V  [jvm.dll+0x6400f6]
C  [ucrtbase.dll+0x26c0c]
C  [KERNEL32.DLL+0x155a0]
C  [ntdll.dll+0x485b]


---------------  P R O C E S S  ---------------

Threads class SMR info:
_java_thread_list=0x000002a85ef01d40, length=137, elements={
0x000002a842ca5000, 0x000002a85d9b8800, 0x000002a85d9c2800, 0x000002a85da19800,
0x000002a85da1a800, 0x000002a85da1b800, 0x000002a85da27800, 0x000002a85da32800,
0x000002a85da36000, 0x000002a85db91800, 0x000002a860c77800, 0x000002a85e082000,
0x000002a8613c0800, 0x000002a85df08000, 0x000002a86050e000, 0x000002a85fcf1800,
0x000002a861524800, 0x000002a86034c000, 0x000002a860ed7800, 0x000002a86069e800,
0x000002a860efd800, 0x000002a861190800, 0x000002a861195800, 0x000002a861196800,
0x000002a861663000, 0x000002a861197000, 0x000002a861191800, 0x000002a861194000,
0x000002a861192800, 0x000002a861193000, 0x000002a861195000, 0x000002a860544800,
0x000002a86053f000, 0x000002a860540800, 0x000002a860545800, 0x000002a860543000,
0x000002a860543800, 0x000002a86053f800, 0x000002a860546000, 0x000002a860548000,
0x000002a860542000, 0x000002a86054c000, 0x000002a860548800, 0x000002a86054c800,
0x000002a860549800, 0x000002a86054a000, 0x000002a86054b000, 0x000002a86054d800,
0x000002a863ac4800, 0x000002a863ac5800, 0x000002a863ac6000, 0x000002a863ac7000,
0x000002a863ac1000, 0x000002a863ac7800, 0x000002a863ac2000, 0x000002a863ac8800,
0x000002a863ac3000, 0x000002a863ac9800, 0x000002a863ac3800, 0x000002a863ace800,
0x000002a863acf000, 0x000002a863acb000, 0x000002a863ad0000, 0x000002a863aca000,
0x000002a863acc000, 0x000002a863acc800, 0x000002a863acd800, 0x000002a860582000,
0x000002a860584800, 0x000002a860581000, 0x000002a860580800, 0x000002a860583800,
0x000002a86057f800, 0x000002a860583000, 0x000002a86057f000, 0x000002a860588800,
0x000002a860588000, 0x000002a860585800, 0x000002a860587000, 0x000002a860586000,
0x000002a860589800, 0x000002a86058a000, 0x000002a86058b000, 0x000002a86058c000,
0x000002a86058c800, 0x000002a86058d800, 0x000002a8603fd000, 0x000002a8603fb800,
0x000002a8603fa000, 0x000002a8603fa800, 0x000002a8603fc000, 0x000002a8603fe000,
0x000002a8603f8000, 0x000002a8603fe800, 0x000002a8603f9000, 0x000002a8603ff800,
0x000002a860405000, 0x000002a860402000, 0x000002a860406000, 0x000002a860400800,
0x000002a860407000, 0x000002a860401000, 0x000002a860403000, 0x000002a860404800,
0x000002a860403800, 0x000002a864cc5000, 0x000002a864cc9000, 0x000002a864cc7800,
0x000002a864cc3800, 0x000002a864cca000, 0x000002a864cc8000, 0x000002a864cc5800,
0x000002a864cc4000, 0x000002a864cca800, 0x000002a864ccc800, 0x000002a864ccb800,
0x000002a864cc6800, 0x000002a864cd0800, 0x000002a864cd1000, 0x000002a864cd2000,
0x000002a864ccd000, 0x000002a864cce000, 0x000002a864cce800, 0x000002a864ccf800,
0x000002a8663b0800, 0x000002a8663ae000, 0x000002a8663b2000, 0x000002a8663b4000,
0x000002a8663af800, 0x000002a8663b1800, 0x000002a8663b3000, 0x000002a8663af000,
0x000002a8663b6000, 0x000002a8663ba800, 0x000002a8663b5800, 0x000002a8663b7000,
0x000002a8663b4800
}

Java Threads: ( => current thread )
  0x000002a842ca5000 JavaThread "main" [_thread_blocked, id=7140, stack(0x000000f527b00000,0x000000f527c00000)]
  0x000002a85d9b8800 JavaThread "Reference Handler" daemon [_thread_blocked, id=16556, stack(0x000000f528200000,0x000000f528300000)]
  0x000002a85d9c2800 JavaThread "Finalizer" daemon [_thread_blocked, id=14960, stack(0x000000f528300000,0x000000f528400000)]
  0x000002a85da19800 JavaThread "Signal Dispatcher" daemon [_thread_blocked, id=18924, stack(0x000000f528400000,0x000000f528500000)]
  0x000002a85da1a800 JavaThread "Attach Listener" daemon [_thread_blocked, id=3140, stack(0x000000f528500000,0x000000f528600000)]
  0x000002a85da1b800 JavaThread "Service Thread" daemon [_thread_blocked, id=1760, stack(0x000000f528600000,0x000000f528700000)]
=>0x000002a85da27800 JavaThread "C2 CompilerThread0" daemon [_thread_in_native, id=12496, stack(0x000000f528700000,0x000000f528800000)]
  0x000002a85da32800 JavaThread "C1 CompilerThread0" daemon [_thread_in_native, id=12468, stack(0x000000f528800000,0x000000f528900000)]
  0x000002a85da36000 JavaThread "Sweeper thread" daemon [_thread_blocked, id=19276, stack(0x000000f528900000,0x000000f528a00000)]
  0x000002a85db91800 JavaThread "Common-Cleaner" daemon [_thread_blocked, id=1700, stack(0x000000f528a00000,0x000000f528b00000)]
  0x000002a860c77800 JavaThread "Daemon health stats" [_thread_blocked, id=13380, stack(0x000000f529300000,0x000000f529400000)]
  0x000002a85e082000 JavaThread "Incoming local TCP Connector on port 63637" [_thread_in_native, id=15932, stack(0x000000f528c00000,0x000000f528d00000)]
  0x000002a8613c0800 JavaThread "Daemon periodic checks" [_thread_blocked, id=18728, stack(0x000000f528d00000,0x000000f528e00000)]
  0x000002a85df08000 JavaThread "Daemon" [_thread_blocked, id=10188, stack(0x000000f529400000,0x000000f529500000)]
  0x000002a86050e000 JavaThread "Handler for socket connection from /127.0.0.1:63637 to /127.0.0.1:63638" [_thread_in_native, id=1524, stack(0x000000f529500000,0x000000f529600000)]
  0x000002a85fcf1800 JavaThread "Cancel handler" [_thread_blocked, id=12480, stack(0x000000f529600000,0x000000f529700000)]
  0x000002a861524800 JavaThread "Daemon worker" [_thread_blocked, id=10220, stack(0x000000f529700000,0x000000f529800000)]
  0x000002a86034c000 JavaThread "Asynchronous log dispatcher for DefaultDaemonConnection: socket connection from /127.0.0.1:63637 to /127.0.0.1:63638" [_thread_blocked, id=19420, stack(0x000000f529800000,0x000000f529900000)]
  0x000002a860ed7800 JavaThread "Stdin handler" [_thread_blocked, id=6780, stack(0x000000f529900000,0x000000f529a00000)]
  0x000002a86069e800 JavaThread "Daemon client event forwarder" [_thread_blocked, id=10796, stack(0x000000f529a00000,0x000000f529b00000)]
  0x000002a860efd800 JavaThread "C2 CompilerThread1" daemon [_thread_in_native, id=16440, stack(0x000000f529b00000,0x000000f529c00000)]
  0x000002a861190800 JavaThread "Cache worker for journal cache (C:\Users\jorge\.gradle\caches\journal-1)" [_thread_blocked, id=15400, stack(0x000000f529c00000,0x000000f529d00000)]
  0x000002a861195800 JavaThread "File lock request listener" [_thread_in_native, id=7240, stack(0x000000f529d00000,0x000000f529e00000)]
  0x000002a861196800 JavaThread "Cache worker for file hash cache (C:\Users\jorge\.gradle\caches\7.5\fileHashes)" [_thread_blocked, id=16468, stack(0x000000f529e00000,0x000000f529f00000)]
  0x000002a861663000 JavaThread "C2 CompilerThread2" daemon [_thread_in_native, id=18608, stack(0x000000f52a200000,0x000000f52a300000)]
  0x000002a861197000 JavaThread "File watcher server" daemon [_thread_in_native, id=7680, stack(0x000000f52a300000,0x000000f52a400000)]
  0x000002a861191800 JavaThread "File watcher consumer" daemon [_thread_blocked, id=2004, stack(0x000000f52a400000,0x000000f52a500000)]
  0x000002a861194000 JavaThread "Cache worker for checksums cache (D:\projetos\AndroidStudioProjects\Rotine\.gradle\7.5\checksums)" [_thread_blocked, id=12588, stack(0x000000f52a500000,0x000000f52a600000)]
  0x000002a861192800 JavaThread "Cache worker for cache directory md-rule (C:\Users\jorge\.gradle\caches\7.5\md-rule)" [_thread_blocked, id=7380, stack(0x000000f52a600000,0x000000f52a700000)]
  0x000002a861193000 JavaThread "Cache worker for file content cache (C:\Users\jorge\.gradle\caches\7.5\fileContent)" [_thread_blocked, id=18820, stack(0x000000f52a700000,0x000000f52a800000)]
  0x000002a861195000 JavaThread "Cache worker for file hash cache (D:\projetos\AndroidStudioProjects\Rotine\.gradle\7.5\fileHashes)" [_thread_blocked, id=12336, stack(0x000000f52a800000,0x000000f52a900000)]
  0x000002a860544800 JavaThread "Cache worker for cache directory md-supplier (C:\Users\jorge\.gradle\caches\7.5\md-supplier)" [_thread_blocked, id=12360, stack(0x000000f52a900000,0x000000f52aa00000)]
  0x000002a86053f000 JavaThread "Cache worker for execution history cache (C:\Users\jorge\.gradle\caches\7.5\executionHistory)" [_thread_blocked, id=480, stack(0x000000f52aa00000,0x000000f52ab00000)]
  0x000002a860540800 JavaThread "jar transforms" [_thread_blocked, id=16944, stack(0x000000f52ab00000,0x000000f52ac00000)]
  0x000002a860545800 JavaThread "jar transforms Thread 2" [_thread_blocked, id=10996, stack(0x000000f52ac00000,0x000000f52ad00000)]
  0x000002a860543000 JavaThread "jar transforms Thread 3" [_thread_blocked, id=17684, stack(0x000000f52ad00000,0x000000f52ae00000)]
  0x000002a860543800 JavaThread "jar transforms Thread 4" [_thread_blocked, id=6428, stack(0x000000f52ae00000,0x000000f52af00000)]
  0x000002a86053f800 JavaThread "Cache worker for dependencies-accessors (D:\projetos\AndroidStudioProjects\Rotine\.gradle\7.5\dependencies-accessors)" [_thread_blocked, id=6268, stack(0x000000f52af00000,0x000000f52b000000)]
  0x000002a860546000 JavaThread "jar transforms Thread 5" [_thread_blocked, id=3848, stack(0x000000f52b000000,0x000000f52b100000)]
  0x000002a860548000 JavaThread "Cache worker for Build Output Cleanup Cache (D:\projetos\AndroidStudioProjects\Rotine\.gradle\buildOutputCleanup)" [_thread_blocked, id=12664, stack(0x000000f52b100000,0x000000f52b200000)]
  0x000002a860542000 JavaThread "Unconstrained build operations" [_thread_blocked, id=16576, stack(0x000000f52b200000,0x000000f52b300000)]
  0x000002a86054c000 JavaThread "Unconstrained build operations Thread 2" [_thread_blocked, id=15008, stack(0x000000f52b300000,0x000000f52b400000)]
  0x000002a860548800 JavaThread "Unconstrained build operations Thread 3" [_thread_blocked, id=12488, stack(0x000000f52b400000,0x000000f52b500000)]
  0x000002a86054c800 JavaThread "Unconstrained build operations Thread 4" [_thread_blocked, id=16196, stack(0x000000f52b500000,0x000000f52b600000)]
  0x000002a860549800 JavaThread "Unconstrained build operations Thread 5" [_thread_blocked, id=11836, stack(0x000000f52b600000,0x000000f52b700000)]
  0x000002a86054a000 JavaThread "Unconstrained build operations Thread 6" [_thread_blocked, id=18412, stack(0x000000f52b700000,0x000000f52b800000)]
  0x000002a86054b000 JavaThread "Unconstrained build operations Thread 7" [_thread_blocked, id=16704, stack(0x000000f52b800000,0x000000f52b900000)]
  0x000002a86054d800 JavaThread "Unconstrained build operations Thread 8" [_thread_blocked, id=13716, stack(0x000000f52b900000,0x000000f52ba00000)]
  0x000002a863ac4800 JavaThread "Unconstrained build operations Thread 9" [_thread_blocked, id=1108, stack(0x000000f52ba00000,0x000000f52bb00000)]
  0x000002a863ac5800 JavaThread "Unconstrained build operations Thread 10" [_thread_blocked, id=12184, stack(0x000000f52bb00000,0x000000f52bc00000)]
  0x000002a863ac6000 JavaThread "Unconstrained build operations Thread 11" [_thread_blocked, id=12440, stack(0x000000f52bc00000,0x000000f52bd00000)]
  0x000002a863ac7000 JavaThread "Unconstrained build operations Thread 12" [_thread_blocked, id=5812, stack(0x000000f52bd00000,0x000000f52be00000)]
  0x000002a863ac1000 JavaThread "Unconstrained build operations Thread 13" [_thread_blocked, id=2348, stack(0x000000f52be00000,0x000000f52bf00000)]
  0x000002a863ac7800 JavaThread "Unconstrained build operations Thread 14" [_thread_blocked, id=15512, stack(0x000000f52bf00000,0x000000f52c000000)]
  0x000002a863ac2000 JavaThread "Unconstrained build operations Thread 15" [_thread_blocked, id=6100, stack(0x000000f52c000000,0x000000f52c100000)]
  0x000002a863ac8800 JavaThread "Unconstrained build operations Thread 16" [_thread_blocked, id=19364, stack(0x000000f52c100000,0x000000f52c200000)]
  0x000002a863ac3000 JavaThread "Unconstrained build operations Thread 17" [_thread_blocked, id=15524, stack(0x000000f52c200000,0x000000f52c300000)]
  0x000002a863ac9800 JavaThread "Unconstrained build operations Thread 18" [_thread_blocked, id=19080, stack(0x000000f52c300000,0x000000f52c400000)]
  0x000002a863ac3800 JavaThread "Unconstrained build operations Thread 19" [_thread_blocked, id=2344, stack(0x000000f52c400000,0x000000f52c500000)]
  0x000002a863ace800 JavaThread "Unconstrained build operations Thread 20" [_thread_blocked, id=3368, stack(0x000000f52c500000,0x000000f52c600000)]
  0x000002a863acf000 JavaThread "Unconstrained build operations Thread 21" [_thread_blocked, id=5928, stack(0x000000f52c600000,0x000000f52c700000)]
  0x000002a863acb000 JavaThread "Unconstrained build operations Thread 22" [_thread_blocked, id=12112, stack(0x000000f52c700000,0x000000f52c800000)]
  0x000002a863ad0000 JavaThread "Unconstrained build operations Thread 23" [_thread_blocked, id=18624, stack(0x000000f52c800000,0x000000f52c900000)]
  0x000002a863aca000 JavaThread "Unconstrained build operations Thread 24" [_thread_blocked, id=18104, stack(0x000000f52c900000,0x000000f52ca00000)]
  0x000002a863acc000 JavaThread "Unconstrained build operations Thread 25" [_thread_blocked, id=1036, stack(0x000000f52ca00000,0x000000f52cb00000)]
  0x000002a863acc800 JavaThread "Unconstrained build operations Thread 26" [_thread_blocked, id=19284, stack(0x000000f52cb00000,0x000000f52cc00000)]
  0x000002a863acd800 JavaThread "Unconstrained build operations Thread 27" [_thread_blocked, id=19300, stack(0x000000f52cc00000,0x000000f52cd00000)]
  0x000002a860582000 JavaThread "Unconstrained build operations Thread 28" [_thread_blocked, id=18492, stack(0x000000f52cd00000,0x000000f52ce00000)]
  0x000002a860584800 JavaThread "Unconstrained build operations Thread 29" [_thread_blocked, id=3168, stack(0x000000f52ce00000,0x000000f52cf00000)]
  0x000002a860581000 JavaThread "Unconstrained build operations Thread 30" [_thread_blocked, id=13772, stack(0x000000f52cf00000,0x000000f52d000000)]
  0x000002a860580800 JavaThread "Unconstrained build operations Thread 31" [_thread_blocked, id=12928, stack(0x000000f52d000000,0x000000f52d100000)]
  0x000002a860583800 JavaThread "Unconstrained build operations Thread 32" [_thread_blocked, id=18216, stack(0x000000f52d100000,0x000000f52d200000)]
  0x000002a86057f800 JavaThread "Unconstrained build operations Thread 33" [_thread_blocked, id=6900, stack(0x000000f52d200000,0x000000f52d300000)]
  0x000002a860583000 JavaThread "Unconstrained build operations Thread 34" [_thread_blocked, id=7892, stack(0x000000f52d300000,0x000000f52d400000)]
  0x000002a86057f000 JavaThread "Unconstrained build operations Thread 35" [_thread_blocked, id=13128, stack(0x000000f52d400000,0x000000f52d500000)]
  0x000002a860588800 JavaThread "Unconstrained build operations Thread 36" [_thread_blocked, id=5744, stack(0x000000f52d500000,0x000000f52d600000)]
  0x000002a860588000 JavaThread "Unconstrained build operations Thread 37" [_thread_blocked, id=19140, stack(0x000000f52d600000,0x000000f52d700000)]
  0x000002a860585800 JavaThread "Unconstrained build operations Thread 38" [_thread_blocked, id=18928, stack(0x000000f52d700000,0x000000f52d800000)]
  0x000002a860587000 JavaThread "Unconstrained build operations Thread 39" [_thread_blocked, id=14000, stack(0x000000f52d800000,0x000000f52d900000)]
  0x000002a860586000 JavaThread "Unconstrained build operations Thread 40" [_thread_blocked, id=11612, stack(0x000000f52d900000,0x000000f52da00000)]
  0x000002a860589800 JavaThread "Unconstrained build operations Thread 41" [_thread_blocked, id=3988, stack(0x000000f52da00000,0x000000f52db00000)]
  0x000002a86058a000 JavaThread "Unconstrained build operations Thread 42" [_thread_blocked, id=11528, stack(0x000000f52db00000,0x000000f52dc00000)]
  0x000002a86058b000 JavaThread "Unconstrained build operations Thread 43" [_thread_blocked, id=10344, stack(0x000000f52dc00000,0x000000f52dd00000)]
  0x000002a86058c000 JavaThread "Unconstrained build operations Thread 44" [_thread_blocked, id=9716, stack(0x000000f52dd00000,0x000000f52de00000)]
  0x000002a86058c800 JavaThread "Unconstrained build operations Thread 45" [_thread_blocked, id=13092, stack(0x000000f52de00000,0x000000f52df00000)]
  0x000002a86058d800 JavaThread "Unconstrained build operations Thread 46" [_thread_blocked, id=16072, stack(0x000000f52df00000,0x000000f52e000000)]
  0x000002a8603fd000 JavaThread "Unconstrained build operations Thread 47" [_thread_blocked, id=14212, stack(0x000000f52e000000,0x000000f52e100000)]
  0x000002a8603fb800 JavaThread "Unconstrained build operations Thread 48" [_thread_blocked, id=12696, stack(0x000000f52e100000,0x000000f52e200000)]
  0x000002a8603fa000 JavaThread "Unconstrained build operations Thread 49" [_thread_blocked, id=12312, stack(0x000000f52e200000,0x000000f52e300000)]
  0x000002a8603fa800 JavaThread "Unconstrained build operations Thread 50" [_thread_blocked, id=5816, stack(0x000000f52e300000,0x000000f52e400000)]
  0x000002a8603fc000 JavaThread "Unconstrained build operations Thread 51" [_thread_blocked, id=9176, stack(0x000000f52e400000,0x000000f52e500000)]
  0x000002a8603fe000 JavaThread "Unconstrained build operations Thread 52" [_thread_blocked, id=11236, stack(0x000000f52e500000,0x000000f52e600000)]
  0x000002a8603f8000 JavaThread "Unconstrained build operations Thread 53" [_thread_blocked, id=17084, stack(0x000000f52e600000,0x000000f52e700000)]
  0x000002a8603fe800 JavaThread "Unconstrained build operations Thread 54" [_thread_blocked, id=13436, stack(0x000000f52e700000,0x000000f52e800000)]
  0x000002a8603f9000 JavaThread "Unconstrained build operations Thread 55" [_thread_blocked, id=13124, stack(0x000000f52e800000,0x000000f52e900000)]
  0x000002a8603ff800 JavaThread "Unconstrained build operations Thread 56" [_thread_blocked, id=13156, stack(0x000000f52e900000,0x000000f52ea00000)]
  0x000002a860405000 JavaThread "Unconstrained build operations Thread 57" [_thread_blocked, id=18720, stack(0x000000f52ea00000,0x000000f52eb00000)]
  0x000002a860402000 JavaThread "Unconstrained build operations Thread 58" [_thread_blocked, id=17844, stack(0x000000f52eb00000,0x000000f52ec00000)]
  0x000002a860406000 JavaThread "Unconstrained build operations Thread 59" [_thread_blocked, id=9844, stack(0x000000f52ec00000,0x000000f52ed00000)]
  0x000002a860400800 JavaThread "Unconstrained build operations Thread 60" [_thread_blocked, id=15180, stack(0x000000f52ed00000,0x000000f52ee00000)]
  0x000002a860407000 JavaThread "Unconstrained build operations Thread 61" [_thread_blocked, id=6832, stack(0x000000f52ee00000,0x000000f52ef00000)]
  0x000002a860401000 JavaThread "Unconstrained build operations Thread 62" [_thread_blocked, id=6432, stack(0x000000f52ef00000,0x000000f52f000000)]
  0x000002a860403000 JavaThread "Unconstrained build operations Thread 63" [_thread_blocked, id=15120, stack(0x000000f52f000000,0x000000f52f100000)]
  0x000002a860404800 JavaThread "Unconstrained build operations Thread 64" [_thread_blocked, id=17388, stack(0x000000f52f100000,0x000000f52f200000)]
  0x000002a860403800 JavaThread "Unconstrained build operations Thread 65" [_thread_blocked, id=19188, stack(0x000000f52f200000,0x000000f52f300000)]
  0x000002a864cc5000 JavaThread "Unconstrained build operations Thread 66" [_thread_blocked, id=17444, stack(0x000000f52f300000,0x000000f52f400000)]
  0x000002a864cc9000 JavaThread "Unconstrained build operations Thread 67" [_thread_blocked, id=19260, stack(0x000000f52f400000,0x000000f52f500000)]
  0x000002a864cc7800 JavaThread "Unconstrained build operations Thread 68" [_thread_blocked, id=3672, stack(0x000000f52f500000,0x000000f52f600000)]
  0x000002a864cc3800 JavaThread "Unconstrained build operations Thread 69" [_thread_blocked, id=18620, stack(0x000000f52f600000,0x000000f52f700000)]
  0x000002a864cca000 JavaThread "Unconstrained build operations Thread 70" [_thread_blocked, id=16912, stack(0x000000f52f700000,0x000000f52f800000)]
  0x000002a864cc8000 JavaThread "Unconstrained build operations Thread 71" [_thread_blocked, id=17380, stack(0x000000f52f800000,0x000000f52f900000)]
  0x000002a864cc5800 JavaThread "Unconstrained build operations Thread 72" [_thread_blocked, id=12384, stack(0x000000f52f900000,0x000000f52fa00000)]
  0x000002a864cc4000 JavaThread "Unconstrained build operations Thread 73" [_thread_blocked, id=9500, stack(0x000000f52fa00000,0x000000f52fb00000)]
  0x000002a864cca800 JavaThread "Unconstrained build operations Thread 74" [_thread_blocked, id=1304, stack(0x000000f52fb00000,0x000000f52fc00000)]
  0x000002a864ccc800 JavaThread "Unconstrained build operations Thread 75" [_thread_blocked, id=7928, stack(0x000000f52fc00000,0x000000f52fd00000)]
  0x000002a864ccb800 JavaThread "Unconstrained build operations Thread 76" [_thread_blocked, id=12128, stack(0x000000f52fd00000,0x000000f52fe00000)]
  0x000002a864cc6800 JavaThread "Unconstrained build operations Thread 77" [_thread_blocked, id=17964, stack(0x000000f52fe00000,0x000000f52ff00000)]
  0x000002a864cd0800 JavaThread "Unconstrained build operations Thread 78" [_thread_blocked, id=17576, stack(0x000000f52ff00000,0x000000f530000000)]
  0x000002a864cd1000 JavaThread "Unconstrained build operations Thread 79" [_thread_blocked, id=7352, stack(0x000000f530000000,0x000000f530100000)]
  0x000002a864cd2000 JavaThread "Unconstrained build operations Thread 80" [_thread_blocked, id=6848, stack(0x000000f530100000,0x000000f530200000)]
  0x000002a864ccd000 JavaThread "jar transforms Thread 6" [_thread_blocked, id=5624, stack(0x000000f530200000,0x000000f530300000)]
  0x000002a864cce000 JavaThread "jar transforms Thread 7" [_thread_blocked, id=1488, stack(0x000000f530300000,0x000000f530400000)]
  0x000002a864cce800 JavaThread "jar transforms Thread 8" [_thread_blocked, id=13608, stack(0x000000f530400000,0x000000f530500000)]
  0x000002a864ccf800 JavaThread "build event listener" [_thread_blocked, id=164, stack(0x000000f530500000,0x000000f530600000)]
  0x000002a8663b0800 JavaThread "Memory manager" [_thread_blocked, id=8116, stack(0x000000f530600000,0x000000f530700000)]
  0x000002a8663ae000 JavaThread "pool-3-thread-1" [_thread_blocked, id=15072, stack(0x000000f530700000,0x000000f530800000)]
  0x000002a8663b2000 JavaThread "build event listener" [_thread_blocked, id=15088, stack(0x000000f530800000,0x000000f530900000)]
  0x000002a8663b4000 JavaThread "included builds" [_thread_blocked, id=16724, stack(0x000000f530900000,0x000000f530a00000)]
  0x000002a8663af800 JavaThread "Execution worker" [_thread_blocked, id=16392, stack(0x000000f530a00000,0x000000f530b00000)]
  0x000002a8663b1800 JavaThread "Execution worker Thread 2" [_thread_blocked, id=16816, stack(0x000000f530b00000,0x000000f530c00000)]
  0x000002a8663b3000 JavaThread "Execution worker Thread 3" [_thread_blocked, id=8404, stack(0x000000f530c00000,0x000000f530d00000)]
  0x000002a8663af000 JavaThread "Execution worker Thread 4" [_thread_blocked, id=10484, stack(0x000000f530d00000,0x000000f530e00000)]
  0x000002a8663b6000 JavaThread "Execution worker Thread 5" [_thread_blocked, id=17356, stack(0x000000f530e00000,0x000000f530f00000)]
  0x000002a8663ba800 JavaThread "Execution worker Thread 6" [_thread_in_vm, id=18004, stack(0x000000f530f00000,0x000000f531000000)]
  0x000002a8663b5800 JavaThread "Execution worker Thread 7" [_thread_blocked, id=9816, stack(0x000000f531000000,0x000000f531100000)]
  0x000002a8663b7000 JavaThread "Cache worker for execution history cache (D:\projetos\AndroidStudioProjects\Rotine\.gradle\7.5\executionHistory)" [_thread_blocked, id=18988, stack(0x000000f531100000,0x000000f531200000)]
  0x000002a8663b4800 JavaThread "WorkerExecutor Queue" [_thread_in_vm, id=18392, stack(0x000000f531200000,0x000000f531300000)]

Other Threads:
  0x000002a85d9b5000 VMThread "VM Thread" [stack: 0x000000f528100000,0x000000f528200000] [id=7436]
  0x000002a85dbb3000 WatcherThread [stack: 0x000000f528b00000,0x000000f528c00000] [id=18684]
  0x000002a842cbe800 GCTaskThread "GC Thread#0" [stack: 0x000000f527c00000,0x000000f527d00000] [id=19208]
  0x000002a85eb50000 GCTaskThread "GC Thread#1" [stack: 0x000000f528e00000,0x000000f528f00000] [id=4384]
  0x000002a85eb49000 GCTaskThread "GC Thread#2" [stack: 0x000000f528f00000,0x000000f529000000] [id=2368]
  0x000002a85e0f0000 GCTaskThread "GC Thread#3" [stack: 0x000000f529000000,0x000000f529100000] [id=18752]
  0x000002a85eb1c000 GCTaskThread "GC Thread#4" [stack: 0x000000f529100000,0x000000f529200000] [id=16760]
  0x000002a85e69e000 GCTaskThread "GC Thread#5" [stack: 0x000000f529200000,0x000000f529300000] [id=12028]
  0x000002a86104e000 GCTaskThread "GC Thread#6" [stack: 0x000000f529f00000,0x000000f52a000000] [id=8200]
  0x000002a85f2c1800 GCTaskThread "GC Thread#7" [stack: 0x000000f52a000000,0x000000f52a100000] [id=16616]
  0x000002a842cf3000 ConcurrentGCThread "G1 Main Marker" [stack: 0x000000f527d00000,0x000000f527e00000] [id=18712]
  0x000002a842cf5000 ConcurrentGCThread "G1 Conc#0" [stack: 0x000000f527e00000,0x000000f527f00000] [id=5632]
  0x000002a860f4f000 ConcurrentGCThread "G1 Conc#1" [stack: 0x000000f52a100000,0x000000f52a200000] [id=14428]
  0x000002a842d7e000 ConcurrentGCThread "G1 Refine#0" [stack: 0x000000f527f00000,0x000000f528000000] [id=19128]
  0x000002a85d008800 ConcurrentGCThread "G1 Young RemSet Sampling" [stack: 0x000000f528000000,0x000000f528100000] [id=12932]

Threads with active compile tasks:
C2 CompilerThread0    17438 11309       4       com.android.ide.common.resources.NodeUtils::duplicateNode (315 bytes)
C1 CompilerThread0    17438 11420   !   2       com.android.ide.common.resources.ResourceSet::createFileAndItemsFromXml (583 bytes)
C2 CompilerThread1    17439 11346       4       com.android.utils.XmlUtils::append (597 bytes)
C2 CompilerThread2    17439 11299       4       org.apache.xerces.dom.DeferredDocumentImpl::getNodeObject (511 bytes)

VM state:not at safepoint (normal execution)

VM Mutex/Monitor currently owned by a thread: None

Heap address: 0x0000000080000000, size: 2048 MB, Compressed Oops mode: 32-bit
Narrow klass base: 0x0000000000000000, Narrow klass shift: 3
Compressed class space size: 1073741824 Address: 0x0000000100000000

Heap:
 garbage-first heap   total 260096K, used 132231K [0x0000000080000000, 0x0000000100000000)
  region size 1024K, 18 young (18432K), 9 survivors (9216K)
 Metaspace       used 93701K, capacity 96286K, committed 96900K, reserved 1132544K
  class space    used 12104K, capacity 13120K, committed 13312K, reserved 1048576K
Heap Regions: E=young(eden), S=young(survivor), O=old, HS=humongous(starts), HC=humongous(continues), CS=collection set, F=free, A=archive, TAMS=top-at-mark-start (previous, next)
|   0|0x0000000080000000, 0x0000000080100000, 0x0000000080100000|100%| O|  |TAMS 0x0000000080100000, 0x0000000080000000| Updating 
|   1|0x0000000080100000, 0x0000000080200000, 0x0000000080200000|100%| O|  |TAMS 0x0000000080200000, 0x0000000080100000| Updating 
|   2|0x0000000080200000, 0x0000000080300000, 0x0000000080300000|100%| O|  |TAMS 0x0000000080300000, 0x0000000080200000| Updating 
|   3|0x0000000080300000, 0x0000000080400000, 0x0000000080400000|100%|HS|  |TAMS 0x0000000080400000, 0x0000000080300000| Complete 
|   4|0x0000000080400000, 0x0000000080500000, 0x0000000080500000|100%|HC|  |TAMS 0x0000000080500000, 0x0000000080400000| Complete 
|   5|0x0000000080500000, 0x0000000080600000, 0x0000000080600000|100%|HC|  |TAMS 0x0000000080600000, 0x0000000080500000| Complete 
|   6|0x0000000080600000, 0x0000000080700000, 0x0000000080700000|100%| O|  |TAMS 0x0000000080700000, 0x0000000080600000| Updating 
|   7|0x0000000080700000, 0x0000000080800000, 0x0000000080800000|100%| O|  |TAMS 0x0000000080800000, 0x0000000080700000| Updating 
|   8|0x0000000080800000, 0x0000000080900000, 0x0000000080900000|100%| O|  |TAMS 0x0000000080900000, 0x0000000080800000| Updating 
|   9|0x0000000080900000, 0x0000000080a00000, 0x0000000080a00000|100%| O|  |TAMS 0x0000000080a00000, 0x0000000080900000| Updating 
|  10|0x0000000080a00000, 0x0000000080b00000, 0x0000000080b00000|100%| O|  |TAMS 0x0000000080b00000, 0x0000000080a00000| Updating 
|  11|0x0000000080b00000, 0x0000000080c00000, 0x0000000080c00000|100%| O|  |TAMS 0x0000000080c00000, 0x0000000080b00000| Updating 
|  12|0x0000000080c00000, 0x0000000080d00000, 0x0000000080d00000|100%| O|  |TAMS 0x0000000080d00000, 0x0000000080c00000| Updating 
|  13|0x0000000080d00000, 0x0000000080e00000, 0x0000000080e00000|100%| O|  |TAMS 0x0000000080e00000, 0x0000000080d00000| Updating 
|  14|0x0000000080e00000, 0x0000000080f00000, 0x0000000080f00000|100%| O|  |TAMS 0x0000000080f00000, 0x0000000080e00000| Updating 
|  15|0x0000000080f00000, 0x0000000081000000, 0x0000000081000000|100%| O|  |TAMS 0x0000000081000000, 0x0000000080f00000| Updating 
|  16|0x0000000081000000, 0x0000000081100000, 0x0000000081100000|100%| O|  |TAMS 0x0000000081100000, 0x0000000081000000| Updating 
|  17|0x0000000081100000, 0x0000000081200000, 0x0000000081200000|100%|HS|  |TAMS 0x0000000081200000, 0x0000000081100000| Complete 
|  18|0x0000000081200000, 0x0000000081300000, 0x0000000081300000|100%|HS|  |TAMS 0x0000000081300000, 0x0000000081200000| Complete 
|  19|0x0000000081300000, 0x0000000081400000, 0x0000000081400000|100%| O|  |TAMS 0x0000000081400000, 0x0000000081300000| Updating 
|  20|0x0000000081400000, 0x0000000081500000, 0x0000000081500000|100%| O|  |TAMS 0x0000000081500000, 0x0000000081400000| Updating 
|  21|0x0000000081500000, 0x0000000081600000, 0x0000000081600000|100%| O|  |TAMS 0x0000000081600000, 0x0000000081500000| Updating 
|  22|0x0000000081600000, 0x0000000081700000, 0x0000000081700000|100%| O|  |TAMS 0x0000000081700000, 0x0000000081600000| Updating 
|  23|0x0000000081700000, 0x0000000081800000, 0x0000000081800000|100%| O|  |TAMS 0x0000000081800000, 0x0000000081700000| Updating 
|  24|0x0000000081800000, 0x0000000081900000, 0x0000000081900000|100%| O|  |TAMS 0x0000000081900000, 0x0000000081800000| Updating 
|  25|0x0000000081900000, 0x0000000081a00000, 0x0000000081a00000|100%| O|  |TAMS 0x0000000081a00000, 0x0000000081900000| Updating 
|  26|0x0000000081a00000, 0x0000000081b00000, 0x0000000081b00000|100%| O|  |TAMS 0x0000000081b00000, 0x0000000081a00000| Updating 
|  27|0x0000000081b00000, 0x0000000081c00000, 0x0000000081c00000|100%| O|  |TAMS 0x0000000081c00000, 0x0000000081b00000| Updating 
|  28|0x0000000081c00000, 0x0000000081d00000, 0x0000000081d00000|100%| O|  |TAMS 0x0000000081d00000, 0x0000000081c00000| Updating 
|  29|0x0000000081d00000, 0x0000000081e00000, 0x0000000081e00000|100%| O|  |TAMS 0x0000000081e00000, 0x0000000081d00000| Updating 
|  30|0x0000000081e00000, 0x0000000081f00000, 0x0000000081f00000|100%| O|  |TAMS 0x0000000081f00000, 0x0000000081e00000| Updating 
|  31|0x0000000081f00000, 0x0000000082000000, 0x0000000082000000|100%| O|  |TAMS 0x0000000082000000, 0x0000000081f00000| Updating 
|  32|0x0000000082000000, 0x0000000082100000, 0x0000000082100000|100%| O|  |TAMS 0x0000000082100000, 0x0000000082000000| Updating 
|  33|0x0000000082100000, 0x0000000082200000, 0x0000000082200000|100%| O|  |TAMS 0x0000000082200000, 0x0000000082100000| Updating 
|  34|0x0000000082200000, 0x0000000082300000, 0x0000000082300000|100%| O|  |TAMS 0x0000000082300000, 0x0000000082200000| Updating 
|  35|0x0000000082300000, 0x0000000082400000, 0x0000000082400000|100%| O|  |TAMS 0x0000000082400000, 0x0000000082300000| Updating 
|  36|0x0000000082400000, 0x0000000082500000, 0x0000000082500000|100%| O|  |TAMS 0x0000000082500000, 0x0000000082400000| Updating 
|  37|0x0000000082500000, 0x0000000082600000, 0x0000000082600000|100%| O|  |TAMS 0x0000000082600000, 0x0000000082500000| Updating 
|  38|0x0000000082600000, 0x0000000082700000, 0x0000000082700000|100%| O|  |TAMS 0x0000000082700000, 0x0000000082600000| Updating 
|  39|0x0000000082700000, 0x0000000082800000, 0x0000000082800000|100%| O|  |TAMS 0x0000000082800000, 0x0000000082700000| Updating 
|  40|0x0000000082800000, 0x0000000082900000, 0x0000000082900000|100%| O|  |TAMS 0x0000000082900000, 0x0000000082800000| Updating 
|  41|0x0000000082900000, 0x0000000082a00000, 0x0000000082a00000|100%| O|  |TAMS 0x0000000082a00000, 0x0000000082900000| Updating 
|  42|0x0000000082a00000, 0x0000000082b00000, 0x0000000082b00000|100%| O|  |TAMS 0x0000000082b00000, 0x0000000082a00000| Updating 
|  43|0x0000000082b00000, 0x0000000082c00000, 0x0000000082c00000|100%| O|  |TAMS 0x0000000082c00000, 0x0000000082b00000| Updating 
|  44|0x0000000082c00000, 0x0000000082d00000, 0x0000000082d00000|100%| O|  |TAMS 0x0000000082d00000, 0x0000000082c00000| Updating 
|  45|0x0000000082d00000, 0x0000000082e00000, 0x0000000082e00000|100%| O|  |TAMS 0x0000000082e00000, 0x0000000082d00000| Updating 
|  46|0x0000000082e00000, 0x0000000082f00000, 0x0000000082f00000|100%| O|  |TAMS 0x0000000082f00000, 0x0000000082e00000| Updating 
|  47|0x0000000082f00000, 0x0000000083000000, 0x0000000083000000|100%| O|  |TAMS 0x0000000083000000, 0x0000000082f00000| Updating 
|  48|0x0000000083000000, 0x0000000083100000, 0x0000000083100000|100%| O|  |TAMS 0x0000000083100000, 0x0000000083000000| Updating 
|  49|0x0000000083100000, 0x0000000083200000, 0x0000000083200000|100%| O|  |TAMS 0x0000000083200000, 0x0000000083100000| Updating 
|  50|0x0000000083200000, 0x0000000083300000, 0x0000000083300000|100%| O|  |TAMS 0x0000000083300000, 0x0000000083200000| Updating 
|  51|0x0000000083300000, 0x0000000083400000, 0x0000000083400000|100%| O|  |TAMS 0x0000000083400000, 0x0000000083300000| Updating 
|  52|0x0000000083400000, 0x0000000083500000, 0x0000000083500000|100%| O|  |TAMS 0x0000000083500000, 0x0000000083400000| Updating 
|  53|0x0000000083500000, 0x0000000083600000, 0x0000000083600000|100%| O|  |TAMS 0x0000000083600000, 0x0000000083500000| Updating 
|  54|0x0000000083600000, 0x0000000083700000, 0x0000000083700000|100%| O|  |TAMS 0x0000000083700000, 0x0000000083600000| Updating 
|  55|0x0000000083700000, 0x0000000083800000, 0x0000000083800000|100%| O|  |TAMS 0x0000000083800000, 0x0000000083700000| Updating 
|  56|0x0000000083800000, 0x0000000083900000, 0x0000000083900000|100%| O|  |TAMS 0x0000000083900000, 0x0000000083800000| Updating 
|  57|0x0000000083900000, 0x0000000083a00000, 0x0000000083a00000|100%| O|  |TAMS 0x0000000083a00000, 0x0000000083900000| Updating 
|  58|0x0000000083a00000, 0x0000000083b00000, 0x0000000083b00000|100%| O|  |TAMS 0x0000000083b00000, 0x0000000083a00000| Updating 
|  59|0x0000000083b00000, 0x0000000083c00000, 0x0000000083c00000|100%| O|  |TAMS 0x0000000083c00000, 0x0000000083b00000| Updating 
|  60|0x0000000083c00000, 0x0000000083d00000, 0x0000000083d00000|100%| O|  |TAMS 0x0000000083d00000, 0x0000000083c00000| Updating 
|  61|0x0000000083d00000, 0x0000000083e00000, 0x0000000083e00000|100%| O|  |TAMS 0x0000000083e00000, 0x0000000083d00000| Updating 
|  62|0x0000000083e00000, 0x0000000083f00000, 0x0000000083f00000|100%| O|  |TAMS 0x0000000083f00000, 0x0000000083e00000| Updating 
|  63|0x0000000083f00000, 0x0000000084000000, 0x0000000084000000|100%| O|  |TAMS 0x0000000084000000, 0x0000000083f00000| Updating 
|  64|0x0000000084000000, 0x0000000084100000, 0x0000000084100000|100%| O|  |TAMS 0x0000000084100000, 0x0000000084000000| Updating 
|  65|0x0000000084100000, 0x0000000084200000, 0x0000000084200000|100%| O|  |TAMS 0x0000000084200000, 0x0000000084100000| Updating 
|  66|0x0000000084200000, 0x0000000084300000, 0x0000000084300000|100%| O|  |TAMS 0x0000000084300000, 0x0000000084200000| Updating 
|  67|0x0000000084300000, 0x0000000084400000, 0x0000000084400000|100%| O|  |TAMS 0x0000000084400000, 0x0000000084300000| Updating 
|  68|0x0000000084400000, 0x0000000084500000, 0x0000000084500000|100%| O|  |TAMS 0x0000000084500000, 0x0000000084400000| Updating 
|  69|0x0000000084500000, 0x0000000084600000, 0x0000000084600000|100%| O|  |TAMS 0x0000000084600000, 0x0000000084500000| Updating 
|  70|0x0000000084600000, 0x0000000084700000, 0x0000000084700000|100%| O|  |TAMS 0x0000000084700000, 0x0000000084600000| Updating 
|  71|0x0000000084700000, 0x0000000084800000, 0x0000000084800000|100%| O|  |TAMS 0x0000000084800000, 0x0000000084700000| Updating 
|  72|0x0000000084800000, 0x0000000084900000, 0x0000000084900000|100%| O|  |TAMS 0x0000000084900000, 0x0000000084800000| Updating 
|  73|0x0000000084900000, 0x0000000084900000, 0x0000000084a00000|  0%| F|  |TAMS 0x0000000084900000, 0x0000000084900000| Untracked 
|  74|0x0000000084a00000, 0x0000000084a00000, 0x0000000084b00000|  0%| F|  |TAMS 0x0000000084a00000, 0x0000000084a00000| Untracked 
|  75|0x0000000084b00000, 0x0000000084b00000, 0x0000000084c00000|  0%| F|  |TAMS 0x0000000084b00000, 0x0000000084b00000| Untracked 
|  76|0x0000000084c00000, 0x0000000084d00000, 0x0000000084d00000|100%| O|  |TAMS 0x0000000084d00000, 0x0000000084c00000| Updating 
|  77|0x0000000084d00000, 0x0000000084e00000, 0x0000000084e00000|100%| O|  |TAMS 0x0000000084e00000, 0x0000000084d00000| Updating 
|  78|0x0000000084e00000, 0x0000000084f00000, 0x0000000084f00000|100%| O|  |TAMS 0x0000000084f00000, 0x0000000084e00000| Updating 
|  79|0x0000000084f00000, 0x0000000085000000, 0x0000000085000000|100%| O|  |TAMS 0x0000000085000000, 0x0000000084f00000| Updating 
|  80|0x0000000085000000, 0x0000000085100000, 0x0000000085100000|100%| O|  |TAMS 0x0000000085100000, 0x0000000085000000| Updating 
|  81|0x0000000085100000, 0x0000000085200000, 0x0000000085200000|100%| O|  |TAMS 0x0000000085200000, 0x0000000085100000| Updating 
|  82|0x0000000085200000, 0x0000000085300000, 0x0000000085300000|100%| O|  |TAMS 0x0000000085300000, 0x0000000085200000| Updating 
|  83|0x0000000085300000, 0x0000000085400000, 0x0000000085400000|100%| O|  |TAMS 0x0000000085400000, 0x0000000085300000| Updating 
|  84|0x0000000085400000, 0x0000000085500000, 0x0000000085500000|100%| O|  |TAMS 0x0000000085500000, 0x0000000085400000| Updating 
|  85|0x0000000085500000, 0x0000000085600000, 0x0000000085600000|100%| O|  |TAMS 0x0000000085600000, 0x0000000085500000| Updating 
|  86|0x0000000085600000, 0x0000000085700000, 0x0000000085700000|100%| O|  |TAMS 0x0000000085700000, 0x0000000085600000| Updating 
|  87|0x0000000085700000, 0x0000000085800000, 0x0000000085800000|100%| O|  |TAMS 0x0000000085800000, 0x0000000085700000| Updating 
|  88|0x0000000085800000, 0x0000000085900000, 0x0000000085900000|100%| O|  |TAMS 0x0000000085900000, 0x0000000085800000| Updating 
|  89|0x0000000085900000, 0x0000000085a00000, 0x0000000085a00000|100%| O|  |TAMS 0x0000000085a00000, 0x0000000085900000| Updating 
|  90|0x0000000085a00000, 0x0000000085b00000, 0x0000000085b00000|100%| O|  |TAMS 0x0000000085b00000, 0x0000000085a00000| Updating 
|  91|0x0000000085b00000, 0x0000000085c00000, 0x0000000085c00000|100%| O|  |TAMS 0x0000000085c00000, 0x0000000085b00000| Updating 
|  92|0x0000000085c00000, 0x0000000085d00000, 0x0000000085d00000|100%| O|  |TAMS 0x0000000085d00000, 0x0000000085c00000| Updating 
|  93|0x0000000085d00000, 0x0000000085e00000, 0x0000000085e00000|100%| O|  |TAMS 0x0000000085e00000, 0x0000000085d00000| Updating 
|  94|0x0000000085e00000, 0x0000000085f00000, 0x0000000085f00000|100%|HS|  |TAMS 0x0000000085e00000, 0x0000000085e00000| Complete 
|  95|0x0000000085f00000, 0x0000000086000000, 0x0000000086000000|100%|HC|  |TAMS 0x0000000085f00000, 0x0000000085f00000| Complete 
|  96|0x0000000086000000, 0x0000000086100000, 0x0000000086100000|100%|HC|  |TAMS 0x0000000086000000, 0x0000000086000000| Complete 
|  97|0x0000000086100000, 0x0000000086200000, 0x0000000086200000|100%|HC|  |TAMS 0x0000000086100000, 0x0000000086100000| Complete 
|  98|0x0000000086200000, 0x0000000086200000, 0x0000000086300000|  0%| F|  |TAMS 0x0000000086200000, 0x0000000086200000| Untracked 
|  99|0x0000000086300000, 0x0000000086300000, 0x0000000086400000|  0%| F|  |TAMS 0x0000000086300000, 0x0000000086300000| Untracked 
| 100|0x0000000086400000, 0x0000000086400000, 0x0000000086500000|  0%| F|  |TAMS 0x0000000086400000, 0x0000000086400000| Untracked 
| 101|0x0000000086500000, 0x0000000086500000, 0x0000000086600000|  0%| F|  |TAMS 0x0000000086500000, 0x0000000086500000| Untracked 
| 102|0x0000000086600000, 0x0000000086600000, 0x0000000086700000|  0%| F|  |TAMS 0x0000000086600000, 0x0000000086600000| Untracked 
| 103|0x0000000086700000, 0x0000000086700000, 0x0000000086800000|  0%| F|  |TAMS 0x0000000086700000, 0x0000000086700000| Untracked 
| 104|0x0000000086800000, 0x0000000086800000, 0x0000000086900000|  0%| F|  |TAMS 0x0000000086800000, 0x0000000086800000| Untracked 
| 105|0x0000000086900000, 0x0000000086900000, 0x0000000086a00000|  0%| F|  |TAMS 0x0000000086900000, 0x0000000086900000| Untracked 
| 106|0x0000000086a00000, 0x0000000086a00000, 0x0000000086b00000|  0%| F|  |TAMS 0x0000000086a00000, 0x0000000086a00000| Untracked 
| 107|0x0000000086b00000, 0x0000000086b00000, 0x0000000086c00000|  0%| F|  |TAMS 0x0000000086b00000, 0x0000000086b00000| Untracked 
| 108|0x0000000086c00000, 0x0000000086d00000, 0x0000000086d00000|100%|HS|  |TAMS 0x0000000086d00000, 0x0000000086c00000| Complete 
| 109|0x0000000086d00000, 0x0000000086e00000, 0x0000000086e00000|100%|HC|  |TAMS 0x0000000086e00000, 0x0000000086d00000| Complete 
| 110|0x0000000086e00000, 0x0000000086f00000, 0x0000000086f00000|100%|HC|  |TAMS 0x0000000086f00000, 0x0000000086e00000| Complete 
| 111|0x0000000086f00000, 0x0000000087000000, 0x0000000087000000|100%|HC|  |TAMS 0x0000000087000000, 0x0000000086f00000| Complete 
| 112|0x0000000087000000, 0x0000000087100000, 0x0000000087100000|100%| O|  |TAMS 0x0000000087100000, 0x0000000087000000| Updating 
| 113|0x0000000087100000, 0x0000000087200000, 0x0000000087200000|100%| O|  |TAMS 0x0000000087200000, 0x0000000087100000| Updating 
| 114|0x0000000087200000, 0x0000000087300000, 0x0000000087300000|100%| O|  |TAMS 0x0000000087300000, 0x0000000087200000| Updating 
| 115|0x0000000087300000, 0x0000000087400000, 0x0000000087400000|100%| O|  |TAMS 0x0000000087400000, 0x0000000087300000| Updating 
| 116|0x0000000087400000, 0x0000000087500000, 0x0000000087500000|100%| O|  |TAMS 0x0000000087500000, 0x0000000087400000| Updating 
| 117|0x0000000087500000, 0x0000000087600000, 0x0000000087600000|100%| O|  |TAMS 0x0000000087600000, 0x0000000087500000| Updating 
| 118|0x0000000087600000, 0x0000000087700000, 0x0000000087700000|100%| O|  |TAMS 0x0000000087700000, 0x0000000087600000| Updating 
| 119|0x0000000087700000, 0x0000000087700000, 0x0000000087800000|  0%| F|  |TAMS 0x0000000087700000, 0x0000000087700000| Untracked 
| 120|0x0000000087800000, 0x0000000087800000, 0x0000000087900000|  0%| F|  |TAMS 0x0000000087800000, 0x0000000087800000| Untracked 
| 121|0x0000000087900000, 0x0000000087900000, 0x0000000087a00000|  0%| F|  |TAMS 0x0000000087900000, 0x0000000087900000| Untracked 
| 122|0x0000000087a00000, 0x0000000087a00000, 0x0000000087b00000|  0%| F|  |TAMS 0x0000000087a00000, 0x0000000087a00000| Untracked 
| 123|0x0000000087b00000, 0x0000000087b00000, 0x0000000087c00000|  0%| F|  |TAMS 0x0000000087b00000, 0x0000000087b00000| Untracked 
| 124|0x0000000087c00000, 0x0000000087c00000, 0x0000000087d00000|  0%| F|  |TAMS 0x0000000087c00000, 0x0000000087c00000| Untracked 
| 125|0x0000000087d00000, 0x0000000087d00000, 0x0000000087e00000|  0%| F|  |TAMS 0x0000000087d00000, 0x0000000087d00000| Untracked 
| 126|0x0000000087e00000, 0x0000000087e00000, 0x0000000087f00000|  0%| F|  |TAMS 0x0000000087e00000, 0x0000000087e00000| Untracked 
| 127|0x0000000087f00000, 0x0000000088000000, 0x0000000088000000|100%| O|  |TAMS 0x0000000088000000, 0x0000000087f00000| Updating 
| 128|0x0000000088000000, 0x0000000088100000, 0x0000000088100000|100%| O|  |TAMS 0x0000000088100000, 0x0000000088000000| Updating 
| 129|0x0000000088100000, 0x0000000088200000, 0x0000000088200000|100%| O|  |TAMS 0x0000000088200000, 0x0000000088100000| Updating 
| 130|0x0000000088200000, 0x0000000088300000, 0x0000000088300000|100%| O|  |TAMS 0x0000000088300000, 0x0000000088200000| Updating 
| 131|0x0000000088300000, 0x0000000088400000, 0x0000000088400000|100%| O|  |TAMS 0x0000000088400000, 0x0000000088300000| Updating 
| 132|0x0000000088400000, 0x0000000088500000, 0x0000000088500000|100%| O|  |TAMS 0x0000000088500000, 0x0000000088400000| Updating 
| 133|0x0000000088500000, 0x0000000088600000, 0x0000000088600000|100%| O|  |TAMS 0x0000000088600000, 0x0000000088500000| Updating 
| 134|0x0000000088600000, 0x00000000886c7e00, 0x0000000088700000| 78%| O|  |TAMS 0x00000000886c7e00, 0x0000000088600000| Updating 
| 135|0x0000000088700000, 0x0000000088700000, 0x0000000088800000|  0%| F|  |TAMS 0x0000000088700000, 0x0000000088700000| Untracked 
| 136|0x0000000088800000, 0x0000000088800000, 0x0000000088900000|  0%| F|  |TAMS 0x0000000088800000, 0x0000000088800000| Untracked 
| 137|0x0000000088900000, 0x0000000088900000, 0x0000000088a00000|  0%| F|  |TAMS 0x0000000088900000, 0x0000000088900000| Untracked 
| 138|0x0000000088a00000, 0x0000000088a00000, 0x0000000088b00000|  0%| F|  |TAMS 0x0000000088a00000, 0x0000000088a00000| Untracked 
| 139|0x0000000088b00000, 0x0000000088b00000, 0x0000000088c00000|  0%| F|  |TAMS 0x0000000088b00000, 0x0000000088b00000| Untracked 
| 140|0x0000000088c00000, 0x0000000088c00000, 0x0000000088d00000|  0%| F|  |TAMS 0x0000000088c00000, 0x0000000088c00000| Untracked 
| 141|0x0000000088d00000, 0x0000000088d00000, 0x0000000088e00000|  0%| F|  |TAMS 0x0000000088d00000, 0x0000000088d00000| Untracked 
| 142|0x0000000088e00000, 0x0000000088e00000, 0x0000000088f00000|  0%| F|  |TAMS 0x0000000088e00000, 0x0000000088e00000| Untracked 
| 143|0x0000000088f00000, 0x0000000088f00000, 0x0000000089000000|  0%| F|  |TAMS 0x0000000088f00000, 0x0000000088f00000| Untracked 
| 144|0x0000000089000000, 0x0000000089000000, 0x0000000089100000|  0%| F|  |TAMS 0x0000000089000000, 0x0000000089000000| Untracked 
| 145|0x0000000089100000, 0x0000000089100000, 0x0000000089200000|  0%| F|  |TAMS 0x0000000089100000, 0x0000000089100000| Untracked 
| 146|0x0000000089200000, 0x0000000089200000, 0x0000000089300000|  0%| F|  |TAMS 0x0000000089200000, 0x0000000089200000| Untracked 
| 147|0x0000000089300000, 0x0000000089300000, 0x0000000089400000|  0%| F|  |TAMS 0x0000000089300000, 0x0000000089300000| Untracked 
| 148|0x0000000089400000, 0x0000000089400000, 0x0000000089500000|  0%| F|  |TAMS 0x0000000089400000, 0x0000000089400000| Untracked 
| 149|0x0000000089500000, 0x0000000089500000, 0x0000000089600000|  0%| F|  |TAMS 0x0000000089500000, 0x0000000089500000| Untracked 
| 150|0x0000000089600000, 0x0000000089600000, 0x0000000089700000|  0%| F|  |TAMS 0x0000000089600000, 0x0000000089600000| Untracked 
| 151|0x0000000089700000, 0x0000000089700000, 0x0000000089800000|  0%| F|  |TAMS 0x0000000089700000, 0x0000000089700000| Untracked 
| 152|0x0000000089800000, 0x0000000089800000, 0x0000000089900000|  0%| F|  |TAMS 0x0000000089800000, 0x0000000089800000| Untracked 
| 153|0x0000000089900000, 0x0000000089900000, 0x0000000089a00000|  0%| F|  |TAMS 0x0000000089900000, 0x0000000089900000| Untracked 
| 154|0x0000000089a00000, 0x0000000089a00000, 0x0000000089b00000|  0%| F|  |TAMS 0x0000000089a00000, 0x0000000089a00000| Untracked 
| 155|0x0000000089b00000, 0x0000000089b00000, 0x0000000089c00000|  0%| F|  |TAMS 0x0000000089b00000, 0x0000000089b00000| Untracked 
| 156|0x0000000089c00000, 0x0000000089c00000, 0x0000000089d00000|  0%| F|  |TAMS 0x0000000089c00000, 0x0000000089c00000| Untracked 
| 157|0x0000000089d00000, 0x0000000089d00000, 0x0000000089e00000|  0%| F|  |TAMS 0x0000000089d00000, 0x0000000089d00000| Untracked 
| 158|0x0000000089e00000, 0x0000000089e00000, 0x0000000089f00000|  0%| F|  |TAMS 0x0000000089e00000, 0x0000000089e00000| Untracked 
| 159|0x0000000089f00000, 0x0000000089f00000, 0x000000008a000000|  0%| F|  |TAMS 0x0000000089f00000, 0x0000000089f00000| Untracked 
| 160|0x000000008a000000, 0x000000008a000000, 0x000000008a100000|  0%| F|  |TAMS 0x000000008a000000, 0x000000008a000000| Untracked 
| 161|0x000000008a100000, 0x000000008a100000, 0x000000008a200000|  0%| F|  |TAMS 0x000000008a100000, 0x000000008a100000| Untracked 
| 162|0x000000008a200000, 0x000000008a200000, 0x000000008a300000|  0%| F|  |TAMS 0x000000008a200000, 0x000000008a200000| Untracked 
| 163|0x000000008a300000, 0x000000008a300000, 0x000000008a400000|  0%| F|  |TAMS 0x000000008a300000, 0x000000008a300000| Untracked 
| 164|0x000000008a400000, 0x000000008a400000, 0x000000008a500000|  0%| F|  |TAMS 0x000000008a400000, 0x000000008a400000| Untracked 
| 165|0x000000008a500000, 0x000000008a500000, 0x000000008a600000|  0%| F|  |TAMS 0x000000008a500000, 0x000000008a500000| Untracked 
| 166|0x000000008a600000, 0x000000008a600000, 0x000000008a700000|  0%| F|  |TAMS 0x000000008a600000, 0x000000008a600000| Untracked 
| 167|0x000000008a700000, 0x000000008a700000, 0x000000008a800000|  0%| F|  |TAMS 0x000000008a700000, 0x000000008a700000| Untracked 
| 168|0x000000008a800000, 0x000000008a800000, 0x000000008a900000|  0%| F|  |TAMS 0x000000008a800000, 0x000000008a800000| Untracked 
| 169|0x000000008a900000, 0x000000008a900000, 0x000000008aa00000|  0%| F|  |TAMS 0x000000008a900000, 0x000000008a900000| Untracked 
| 170|0x000000008aa00000, 0x000000008aa00000, 0x000000008ab00000|  0%| F|  |TAMS 0x000000008aa00000, 0x000000008aa00000| Untracked 
| 171|0x000000008ab00000, 0x000000008ab00000, 0x000000008ac00000|  0%| F|  |TAMS 0x000000008ab00000, 0x000000008ab00000| Untracked 
| 172|0x000000008ac00000, 0x000000008ac00000, 0x000000008ad00000|  0%| F|  |TAMS 0x000000008ac00000, 0x000000008ac00000| Untracked 
| 173|0x000000008ad00000, 0x000000008ad00000, 0x000000008ae00000|  0%| F|  |TAMS 0x000000008ad00000, 0x000000008ad00000| Untracked 
| 174|0x000000008ae00000, 0x000000008ae00000, 0x000000008af00000|  0%| F|  |TAMS 0x000000008ae00000, 0x000000008ae00000| Untracked 
| 175|0x000000008af00000, 0x000000008af00000, 0x000000008b000000|  0%| F|  |TAMS 0x000000008af00000, 0x000000008af00000| Untracked 
| 176|0x000000008b000000, 0x000000008b000000, 0x000000008b100000|  0%| F|  |TAMS 0x000000008b000000, 0x000000008b000000| Untracked 
| 177|0x000000008b100000, 0x000000008b100000, 0x000000008b200000|  0%| F|  |TAMS 0x000000008b100000, 0x000000008b100000| Untracked 
| 178|0x000000008b200000, 0x000000008b200000, 0x000000008b300000|  0%| F|  |TAMS 0x000000008b200000, 0x000000008b200000| Untracked 
| 179|0x000000008b300000, 0x000000008b300000, 0x000000008b400000|  0%| F|  |TAMS 0x000000008b300000, 0x000000008b300000| Untracked 
| 180|0x000000008b400000, 0x000000008b400000, 0x000000008b500000|  0%| F|  |TAMS 0x000000008b400000, 0x000000008b400000| Untracked 
| 181|0x000000008b500000, 0x000000008b500000, 0x000000008b600000|  0%| F|  |TAMS 0x000000008b500000, 0x000000008b500000| Untracked 
| 182|0x000000008b600000, 0x000000008b600000, 0x000000008b700000|  0%| F|  |TAMS 0x000000008b600000, 0x000000008b600000| Untracked 
| 183|0x000000008b700000, 0x000000008b700000, 0x000000008b800000|  0%| F|  |TAMS 0x000000008b700000, 0x000000008b700000| Untracked 
| 184|0x000000008b800000, 0x000000008b800000, 0x000000008b900000|  0%| F|  |TAMS 0x000000008b800000, 0x000000008b800000| Untracked 
| 185|0x000000008b900000, 0x000000008b900000, 0x000000008ba00000|  0%| F|  |TAMS 0x000000008b900000, 0x000000008b900000| Untracked 
| 186|0x000000008ba00000, 0x000000008ba00000, 0x000000008bb00000|  0%| F|  |TAMS 0x000000008ba00000, 0x000000008ba00000| Untracked 
| 187|0x000000008bb00000, 0x000000008bb00000, 0x000000008bc00000|  0%| F|  |TAMS 0x000000008bb00000, 0x000000008bb00000| Untracked 
| 188|0x000000008bc00000, 0x000000008bc00000, 0x000000008bd00000|  0%| F|  |TAMS 0x000000008bc00000, 0x000000008bc00000| Untracked 
| 189|0x000000008bd00000, 0x000000008bd00000, 0x000000008be00000|  0%| F|  |TAMS 0x000000008bd00000, 0x000000008bd00000| Untracked 
| 190|0x000000008be00000, 0x000000008be00000, 0x000000008bf00000|  0%| F|  |TAMS 0x000000008be00000, 0x000000008be00000| Untracked 
| 191|0x000000008bf00000, 0x000000008bf00000, 0x000000008c000000|  0%| F|  |TAMS 0x000000008bf00000, 0x000000008bf00000| Untracked 
| 192|0x000000008c000000, 0x000000008c000000, 0x000000008c100000|  0%| F|  |TAMS 0x000000008c000000, 0x000000008c000000| Untracked 
| 193|0x000000008c100000, 0x000000008c100000, 0x000000008c200000|  0%| F|  |TAMS 0x000000008c100000, 0x000000008c100000| Untracked 
| 194|0x000000008c200000, 0x000000008c200000, 0x000000008c300000|  0%| F|  |TAMS 0x000000008c200000, 0x000000008c200000| Untracked 
| 195|0x000000008c300000, 0x000000008c300000, 0x000000008c400000|  0%| F|  |TAMS 0x000000008c300000, 0x000000008c300000| Untracked 
| 196|0x000000008c400000, 0x000000008c400000, 0x000000008c500000|  0%| F|  |TAMS 0x000000008c400000, 0x000000008c400000| Untracked 
| 197|0x000000008c500000, 0x000000008c500000, 0x000000008c600000|  0%| F|  |TAMS 0x000000008c500000, 0x000000008c500000| Untracked 
| 198|0x000000008c600000, 0x000000008c600000, 0x000000008c700000|  0%| F|  |TAMS 0x000000008c600000, 0x000000008c600000| Untracked 
| 199|0x000000008c700000, 0x000000008c700000, 0x000000008c800000|  0%| F|  |TAMS 0x000000008c700000, 0x000000008c700000| Untracked 
| 200|0x000000008c800000, 0x000000008c800000, 0x000000008c900000|  0%| F|  |TAMS 0x000000008c800000, 0x000000008c800000| Untracked 
| 201|0x000000008c900000, 0x000000008c900000, 0x000000008ca00000|  0%| F|  |TAMS 0x000000008c900000, 0x000000008c900000| Untracked 
| 202|0x000000008ca00000, 0x000000008ca00000, 0x000000008cb00000|  0%| F|  |TAMS 0x000000008ca00000, 0x000000008ca00000| Untracked 
| 203|0x000000008cb00000, 0x000000008cb00000, 0x000000008cc00000|  0%| F|  |TAMS 0x000000008cb00000, 0x000000008cb00000| Untracked 
| 204|0x000000008cc00000, 0x000000008cc00000, 0x000000008cd00000|  0%| F|  |TAMS 0x000000008cc00000, 0x000000008cc00000| Untracked 
| 205|0x000000008cd00000, 0x000000008cd00000, 0x000000008ce00000|  0%| F|  |TAMS 0x000000008cd00000, 0x000000008cd00000| Untracked 
| 206|0x000000008ce00000, 0x000000008ce00000, 0x000000008cf00000|  0%| F|  |TAMS 0x000000008ce00000, 0x000000008ce00000| Untracked 
| 207|0x000000008cf00000, 0x000000008cf00000, 0x000000008d000000|  0%| F|  |TAMS 0x000000008cf00000, 0x000000008cf00000| Untracked 
| 208|0x000000008d000000, 0x000000008d000000, 0x000000008d100000|  0%| F|  |TAMS 0x000000008d000000, 0x000000008d000000| Untracked 
| 209|0x000000008d100000, 0x000000008d100000, 0x000000008d200000|  0%| F|  |TAMS 0x000000008d100000, 0x000000008d100000| Untracked 
| 210|0x000000008d200000, 0x000000008d200000, 0x000000008d300000|  0%| F|  |TAMS 0x000000008d200000, 0x000000008d200000| Untracked 
| 211|0x000000008d300000, 0x000000008d300000, 0x000000008d400000|  0%| F|  |TAMS 0x000000008d300000, 0x000000008d300000| Untracked 
| 212|0x000000008d400000, 0x000000008d400000, 0x000000008d500000|  0%| F|  |TAMS 0x000000008d400000, 0x000000008d400000| Untracked 
| 213|0x000000008d500000, 0x000000008d500000, 0x000000008d600000|  0%| F|  |TAMS 0x000000008d500000, 0x000000008d500000| Untracked 
| 214|0x000000008d600000, 0x000000008d600000, 0x000000008d700000|  0%| F|  |TAMS 0x000000008d600000, 0x000000008d600000| Untracked 
| 215|0x000000008d700000, 0x000000008d700000, 0x000000008d800000|  0%| F|  |TAMS 0x000000008d700000, 0x000000008d700000| Untracked 
| 216|0x000000008d800000, 0x000000008d800000, 0x000000008d900000|  0%| F|  |TAMS 0x000000008d800000, 0x000000008d800000| Untracked 
| 217|0x000000008d900000, 0x000000008d900000, 0x000000008da00000|  0%| F|  |TAMS 0x000000008d900000, 0x000000008d900000| Untracked 
| 218|0x000000008da00000, 0x000000008da00000, 0x000000008db00000|  0%| F|  |TAMS 0x000000008da00000, 0x000000008da00000| Untracked 
| 219|0x000000008db00000, 0x000000008db00000, 0x000000008dc00000|  0%| F|  |TAMS 0x000000008db00000, 0x000000008db00000| Untracked 
| 220|0x000000008dc00000, 0x000000008dc00000, 0x000000008dd00000|  0%| F|  |TAMS 0x000000008dc00000, 0x000000008dc00000| Untracked 
| 221|0x000000008dd00000, 0x000000008dd00000, 0x000000008de00000|  0%| F|  |TAMS 0x000000008dd00000, 0x000000008dd00000| Untracked 
| 222|0x000000008de00000, 0x000000008de00000, 0x000000008df00000|  0%| F|  |TAMS 0x000000008de00000, 0x000000008de00000| Untracked 
| 223|0x000000008df00000, 0x000000008df00000, 0x000000008e000000|  0%| F|  |TAMS 0x000000008df00000, 0x000000008df00000| Untracked 
| 224|0x000000008e000000, 0x000000008e000000, 0x000000008e100000|  0%| F|  |TAMS 0x000000008e000000, 0x000000008e000000| Untracked 
| 225|0x000000008e100000, 0x000000008e100000, 0x000000008e200000|  0%| F|  |TAMS 0x000000008e100000, 0x000000008e100000| Untracked 
| 226|0x000000008e200000, 0x000000008e200000, 0x000000008e300000|  0%| F|  |TAMS 0x000000008e200000, 0x000000008e200000| Untracked 
| 227|0x000000008e300000, 0x000000008e300000, 0x000000008e400000|  0%| F|  |TAMS 0x000000008e300000, 0x000000008e300000| Untracked 
| 228|0x000000008e400000, 0x000000008e400000, 0x000000008e500000|  0%| F|  |TAMS 0x000000008e400000, 0x000000008e400000| Untracked 
| 229|0x000000008e500000, 0x000000008e500000, 0x000000008e600000|  0%| F|  |TAMS 0x000000008e500000, 0x000000008e500000| Untracked 
| 230|0x000000008e600000, 0x000000008e600000, 0x000000008e700000|  0%| F|  |TAMS 0x000000008e600000, 0x000000008e600000| Untracked 
| 231|0x000000008e700000, 0x000000008e700000, 0x000000008e800000|  0%| F|  |TAMS 0x000000008e700000, 0x000000008e700000| Untracked 
| 232|0x000000008e800000, 0x000000008e800000, 0x000000008e900000|  0%| F|  |TAMS 0x000000008e800000, 0x000000008e800000| Untracked 
| 233|0x000000008e900000, 0x000000008e900000, 0x000000008ea00000|  0%| F|  |TAMS 0x000000008e900000, 0x000000008e900000| Untracked 
| 234|0x000000008ea00000, 0x000000008ea00000, 0x000000008eb00000|  0%| F|  |TAMS 0x000000008ea00000, 0x000000008ea00000| Untracked 
| 235|0x000000008eb00000, 0x000000008eb59e38, 0x000000008ec00000| 35%| S|CS|TAMS 0x000000008eb00000, 0x000000008eb00000| Complete 
| 236|0x000000008ec00000, 0x000000008ed00000, 0x000000008ed00000|100%| S|CS|TAMS 0x000000008ec00000, 0x000000008ec00000| Complete 
| 237|0x000000008ed00000, 0x000000008ee00000, 0x000000008ee00000|100%| S|CS|TAMS 0x000000008ed00000, 0x000000008ed00000| Complete 
| 238|0x000000008ee00000, 0x000000008ef00000, 0x000000008ef00000|100%| S|CS|TAMS 0x000000008ee00000, 0x000000008ee00000| Complete 
| 239|0x000000008ef00000, 0x000000008f000000, 0x000000008f000000|100%| S|CS|TAMS 0x000000008ef00000, 0x000000008ef00000| Complete 
| 240|0x000000008f000000, 0x000000008f100000, 0x000000008f100000|100%| S|CS|TAMS 0x000000008f000000, 0x000000008f000000| Complete 
| 241|0x000000008f100000, 0x000000008f200000, 0x000000008f200000|100%| S|CS|TAMS 0x000000008f100000, 0x000000008f100000| Complete 
| 242|0x000000008f200000, 0x000000008f300000, 0x000000008f300000|100%| S|CS|TAMS 0x000000008f200000, 0x000000008f200000| Complete 
| 243|0x000000008f300000, 0x000000008f400000, 0x000000008f400000|100%| S|CS|TAMS 0x000000008f300000, 0x000000008f300000| Complete 
| 244|0x000000008f400000, 0x000000008f446090, 0x000000008f500000| 27%| E|  |TAMS 0x000000008f400000, 0x000000008f400000| Complete 
| 245|0x000000008f500000, 0x000000008f600000, 0x000000008f600000|100%| E|CS|TAMS 0x000000008f500000, 0x000000008f500000| Complete 
| 246|0x000000008f600000, 0x000000008f700000, 0x000000008f700000|100%| E|  |TAMS 0x000000008f600000, 0x000000008f600000| Complete 
| 247|0x000000008f700000, 0x000000008f800000, 0x000000008f800000|100%| E|CS|TAMS 0x000000008f700000, 0x000000008f700000| Complete 
| 248|0x000000008f800000, 0x000000008f900000, 0x000000008f900000|100%| E|CS|TAMS 0x000000008f800000, 0x000000008f800000| Complete 
| 249|0x000000008f900000, 0x000000008fa00000, 0x000000008fa00000|100%| E|CS|TAMS 0x000000008f900000, 0x000000008f900000| Complete 
| 250|0x000000008fa00000, 0x000000008fb00000, 0x000000008fb00000|100%| E|CS|TAMS 0x000000008fa00000, 0x000000008fa00000| Complete 
| 251|0x000000008fb00000, 0x000000008fc00000, 0x000000008fc00000|100%| E|CS|TAMS 0x000000008fb00000, 0x000000008fb00000| Complete 
| 252|0x000000008fc00000, 0x000000008fd00000, 0x000000008fd00000|100%| E|CS|TAMS 0x000000008fc00000, 0x000000008fc00000| Complete 
| 253|0x000000008fd00000, 0x000000008fe00000, 0x000000008fe00000|100%| E|CS|TAMS 0x000000008fd00000, 0x000000008fd00000| Complete 

Card table byte_map: [0x000002a855f00000,0x000002a856300000] _byte_map_base: 0x000002a855b00000

Marking Bits (Prev, Next): (CMBitMap*) 0x000002a842cea3c8, (CMBitMap*) 0x000002a842cea400
 Prev Bits: [0x000002a856700000, 0x000002a858700000)
 Next Bits: [0x000002a858700000, 0x000002a85a700000)

Polling page: 0x000002a840c30000

Metaspace:

Usage:
  Non-class:     81.28 MB capacity,    79.77 MB ( 98%) used,     1.22 MB (  1%) free+waste,   301.38 KB ( <1%) overhead. 
      Class:     12.81 MB capacity,    11.83 MB ( 92%) used,   868.77 KB (  7%) free+waste,   139.06 KB (  1%) overhead. 
       Both:     94.09 MB capacity,    91.60 MB ( 97%) used,     2.07 MB (  2%) free+waste,   440.44 KB ( <1%) overhead. 

Virtual space:
  Non-class space:       82.00 MB reserved,      81.63 MB (>99%) committed 
      Class space:        1.00 GB reserved,      13.00 MB (  1%) committed 
             Both:        1.08 GB reserved,      94.63 MB (  9%) committed 

Chunk freelists:
   Non-Class:  358.00 KB
       Class:  192.00 KB
        Both:  550.00 KB

MaxMetaspaceSize: 17179869184.00 GB
CompressedClassSpaceSize: 1.00 GB
Initial GC threshold: 20.80 MB
Current GC threshold: 157.71 MB
CDS: off

CodeHeap 'non-profiled nmethods': size=120000Kb used=7124Kb max_used=7124Kb free=112875Kb
 bounds [0x000002a84e2a0000, 0x000002a84e9a0000, 0x000002a8557d0000]
CodeHeap 'profiled nmethods': size=120000Kb used=24372Kb max_used=24372Kb free=95628Kb
 bounds [0x000002a846d70000, 0x000002a848540000, 0x000002a84e2a0000]
CodeHeap 'non-nmethods': size=5760Kb used=2403Kb max_used=2443Kb free=3356Kb
 bounds [0x000002a8467d0000, 0x000002a846a50000, 0x000002a846d70000]
 total_blobs=12220 nmethods=11284 adapters=847
 compilation: enabled
              stopped_count=0, restarted_count=0
 full_count=0

Compilation events (20 events):
Event: 17.354 Thread 0x000002a85da32800 11383       2       java.util.stream.ForEachOps$ForEachOp::getOpFlags (15 bytes)
Event: 17.354 Thread 0x000002a85da32800 nmethod 11383 0x000002a84851c510 code [0x000002a84851c6c0, 0x000002a84851c7d8]
Event: 17.354 Thread 0x000002a85da32800 11384       1       org.gradle.internal.fingerprint.impl.AbstractDirectorySensitiveFingerprintingStrategy::getDirectorySensitivity (5 bytes)
Event: 17.355 Thread 0x000002a85da32800 nmethod 11384 0x000002a84e991d90 code [0x000002a84e991f40, 0x000002a84e991ff8]
Event: 17.355 Thread 0x000002a85da32800 11385   !   2       org.gradle.internal.snapshot.FileSystemLeafSnapshot::accept (36 bytes)
Event: 17.355 Thread 0x000002a85da32800 nmethod 11385 0x000002a84851c890 code [0x000002a84851caa0, 0x000002a84851ce48]
Event: 17.356 Thread 0x000002a85da32800 11382       2       java.lang.invoke.StringConcatFactory$RecipeElement::<init> (26 bytes)
Event: 17.356 Thread 0x000002a861663000 nmethod 11267 0x000002a84e992090 code [0x000002a84e992220, 0x000002a84e992318]
Event: 17.356 Thread 0x000002a861663000 11386 %     4       org.apache.commons.io.FilenameUtils::doNormalize @ 202 (541 bytes)
Event: 17.356 Thread 0x000002a85da32800 nmethod 11382 0x000002a84851d010 code [0x000002a84851d1e0, 0x000002a84851d438]
Event: 17.357 Thread 0x000002a85da32800 11387       1       org.gradle.api.internal.provider.AbstractProperty$FinalizedValue::maybeFinalizeOnRead (2 bytes)
Event: 17.357 Thread 0x000002a85da32800 nmethod 11387 0x000002a84e992410 code [0x000002a84e9925c0, 0x000002a84e992678]
Event: 17.358 Thread 0x000002a85da32800 11388       2       org.gradle.execution.plan.ValuedVfsHierarchy::<init> (20 bytes)
Event: 17.358 Thread 0x000002a85da32800 nmethod 11388 0x000002a84851d590 code [0x000002a84851d740, 0x000002a84851d958]
Event: 17.358 Thread 0x000002a85da32800 11389       2       org.gradle.internal.snapshot.impl.ImplementationSnapshot::of (36 bytes)
Event: 17.359 Thread 0x000002a85da32800 nmethod 11389 0x000002a84851da10 code [0x000002a84851dc00, 0x000002a84851df78]
Event: 17.361 Thread 0x000002a85da32800 11390       2       com.google.common.collect.Platform::newLinkedHashMapWithExpectedSize (5 bytes)
Event: 17.361 Thread 0x000002a85da32800 nmethod 11390 0x000002a84851e110 code [0x000002a84851e300, 0x000002a84851e498]
Event: 17.366 Thread 0x000002a85da32800 11391       2       com.sun.org.apache.xerces.internal.util.XMLChar::isSpace (22 bytes)
Event: 17.367 Thread 0x000002a85da32800 nmethod 11391 0x000002a84851e590 code [0x000002a84851e740, 0x000002a84851e878]

GC Heap History (20 events):
Event: 4.787 GC heap before
{Heap before GC invocations=4 (full 0):
 garbage-first heap   total 260096K, used 111337K [0x0000000080000000, 0x0000000100000000)
  region size 1024K, 94 young (96256K), 2 survivors (2048K)
 Metaspace       used 35153K, capacity 36009K, committed 36048K, reserved 1081344K
  class space    used 4575K, capacity 4921K, committed 4940K, reserved 1048576K
}
Event: 4.798 GC heap after
{Heap after GC invocations=5 (full 0):
 garbage-first heap   total 260096K, used 22144K [0x0000000080000000, 0x0000000100000000)
  region size 1024K, 6 young (6144K), 6 survivors (6144K)
 Metaspace       used 35153K, capacity 36009K, committed 36048K, reserved 1081344K
  class space    used 4575K, capacity 4921K, committed 4940K, reserved 1048576K
}
Event: 6.342 GC heap before
{Heap before GC invocations=6 (full 0):
 garbage-first heap   total 260096K, used 132736K [0x0000000080000000, 0x0000000100000000)
  region size 1024K, 110 young (112640K), 6 survivors (6144K)
 Metaspace       used 44887K, capacity 45944K, committed 46236K, reserved 1089536K
  class space    used 5681K, capacity 6082K, committed 6168K, reserved 1048576K
}
Event: 6.361 GC heap after
{Heap after GC invocations=7 (full 0):
 garbage-first heap   total 260096K, used 30345K [0x0000000080000000, 0x0000000100000000)
  region size 1024K, 14 young (14336K), 14 survivors (14336K)
 Metaspace       used 44887K, capacity 45944K, committed 46236K, reserved 1089536K
  class space    used 5681K, capacity 6082K, committed 6168K, reserved 1048576K
}
Event: 7.757 GC heap before
{Heap before GC invocations=8 (full 0):
 garbage-first heap   total 260096K, used 158345K [0x0000000080000000, 0x0000000100000000)
  region size 1024K, 137 young (140288K), 14 survivors (14336K)
 Metaspace       used 52478K, capacity 53828K, committed 54044K, reserved 1095680K
  class space    used 6685K, capacity 7206K, committed 7320K, reserved 1048576K
}
Event: 7.774 GC heap after
{Heap after GC invocations=9 (full 0):
 garbage-first heap   total 260096K, used 41194K [0x0000000080000000, 0x0000000100000000)
  region size 1024K, 17 young (17408K), 17 survivors (17408K)
 Metaspace       used 52478K, capacity 53828K, committed 54044K, reserved 1095680K
  class space    used 6685K, capacity 7206K, committed 7320K, reserved 1048576K
}
Event: 10.124 GC heap before
{Heap before GC invocations=9 (full 0):
 garbage-first heap   total 260096K, used 187626K [0x0000000080000000, 0x0000000100000000)
  region size 1024K, 152 young (155648K), 17 survivors (17408K)
 Metaspace       used 66194K, capacity 67792K, committed 68124K, reserved 1107968K
  class space    used 8378K, capacity 9001K, committed 9112K, reserved 1048576K
}
Event: 10.147 GC heap after
{Heap after GC invocations=10 (full 0):
 garbage-first heap   total 260096K, used 50765K [0x0000000080000000, 0x0000000100000000)
  region size 1024K, 19 young (19456K), 19 survivors (19456K)
 Metaspace       used 66194K, capacity 67792K, committed 68124K, reserved 1107968K
  class space    used 8378K, capacity 9001K, committed 9112K, reserved 1048576K
}
Event: 11.726 GC heap before
{Heap before GC invocations=10 (full 0):
 garbage-first heap   total 260096K, used 186957K [0x0000000080000000, 0x0000000100000000)
  region size 1024K, 152 young (155648K), 19 survivors (19456K)
 Metaspace       used 73560K, capacity 75313K, committed 75420K, reserved 1114112K
  class space    used 9536K, capacity 10235K, committed 10264K, reserved 1048576K
}
Event: 11.746 GC heap after
{Heap after GC invocations=11 (full 0):
 garbage-first heap   total 260096K, used 60742K [0x0000000080000000, 0x0000000100000000)
  region size 1024K, 19 young (19456K), 19 survivors (19456K)
 Metaspace       used 73560K, capacity 75313K, committed 75420K, reserved 1114112K
  class space    used 9536K, capacity 10235K, committed 10264K, reserved 1048576K
}
Event: 12.068 GC heap before
{Heap before GC invocations=11 (full 0):
 garbage-first heap   total 260096K, used 86342K [0x0000000080000000, 0x0000000100000000)
  region size 1024K, 45 young (46080K), 19 survivors (19456K)
 Metaspace       used 75124K, capacity 76956K, committed 77060K, reserved 1116160K
  class space    used 9769K, capacity 10520K, committed 10624K, reserved 1048576K
}
Event: 12.105 GC heap after
{Heap after GC invocations=12 (full 0):
 garbage-first heap   total 260096K, used 63430K [0x0000000080000000, 0x0000000100000000)
  region size 1024K, 12 young (12288K), 12 survivors (12288K)
 Metaspace       used 75124K, capacity 76956K, committed 77060K, reserved 1116160K
  class space    used 9769K, capacity 10520K, committed 10624K, reserved 1048576K
}
Event: 13.646 GC heap before
{Heap before GC invocations=13 (full 0):
 garbage-first heap   total 260096K, used 189382K [0x0000000080000000, 0x0000000100000000)
  region size 1024K, 135 young (138240K), 12 survivors (12288K)
 Metaspace       used 82425K, capacity 84503K, committed 84740K, reserved 1122304K
  class space    used 10775K, capacity 11580K, committed 11648K, reserved 1048576K
}
Event: 13.686 GC heap after
{Heap after GC invocations=14 (full 0):
 garbage-first heap   total 260096K, used 74747K [0x0000000080000000, 0x0000000100000000)
  region size 1024K, 14 young (14336K), 14 survivors (14336K)
 Metaspace       used 82425K, capacity 84503K, committed 84740K, reserved 1122304K
  class space    used 10775K, capacity 11580K, committed 11648K, reserved 1048576K
}
Event: 15.237 GC heap before
{Heap before GC invocations=15 (full 0):
 garbage-first heap   total 260096K, used 191483K [0x0000000080000000, 0x0000000100000000)
  region size 1024K, 129 young (132096K), 14 survivors (14336K)
 Metaspace       used 87214K, capacity 89804K, committed 89860K, reserved 1126400K
  class space    used 11360K, capacity 12364K, committed 12416K, reserved 1048576K
}
Event: 15.261 GC heap after
{Heap after GC invocations=16 (full 0):
 garbage-first heap   total 260096K, used 86161K [0x0000000080000000, 0x0000000100000000)
  region size 1024K, 12 young (12288K), 12 survivors (12288K)
 Metaspace       used 87214K, capacity 89804K, committed 89860K, reserved 1126400K
  class space    used 11360K, capacity 12364K, committed 12416K, reserved 1048576K
}
Event: 16.945 GC heap before
{Heap before GC invocations=16 (full 0):
 garbage-first heap   total 260096K, used 198801K [0x0000000080000000, 0x0000000100000000)
  region size 1024K, 120 young (122880K), 12 survivors (12288K)
 Metaspace       used 93011K, capacity 95708K, committed 95748K, reserved 1132544K
  class space    used 12092K, capacity 13153K, committed 13184K, reserved 1048576K
}
Event: 16.971 GC heap after
{Heap after GC invocations=17 (full 0):
 garbage-first heap   total 260096K, used 107810K [0x0000000080000000, 0x0000000100000000)
  region size 1024K, 15 young (15360K), 15 survivors (15360K)
 Metaspace       used 93011K, capacity 95708K, committed 95748K, reserved 1132544K
  class space    used 12092K, capacity 13153K, committed 13184K, reserved 1048576K
}
Event: 17.159 GC heap before
{Heap before GC invocations=17 (full 0):
 garbage-first heap   total 260096K, used 137506K [0x0000000080000000, 0x0000000100000000)
  region size 1024K, 25 young (25600K), 15 survivors (15360K)
 Metaspace       used 93048K, capacity 95772K, committed 96004K, reserved 1132544K
  class space    used 12095K, capacity 13153K, committed 13184K, reserved 1048576K
}
Event: 17.178 GC heap after
{Heap after GC invocations=18 (full 0):
 garbage-first heap   total 260096K, used 120967K [0x0000000080000000, 0x0000000100000000)
  region size 1024K, 9 young (9216K), 9 survivors (9216K)
 Metaspace       used 93048K, capacity 95772K, committed 96004K, reserved 1132544K
  class space    used 12095K, capacity 13153K, committed 13184K, reserved 1048576K
}

Deoptimization events (20 events):
Event: 17.314 Thread 0x000002a8663b4800 Uncommon trap: trap_request=0xffffff4d fr.pc=0x000002a84e8e6c4c relative=0x000000000000054c
Event: 17.314 Thread 0x000002a8663b4800 Uncommon trap: reason=unstable_if action=reinterpret pc=0x000002a84e8e6c4c method=org.gradle.tooling.internal.provider.runner.ClientBuildEventGenerator$Disabled.accept(Lorg/gradle/internal/operations/BuildOperationDescriptor;)Lorg/gradle/tooling/internal/
Event: 17.314 Thread 0x000002a8663b4800 DEOPT PACKING pc=0x000002a84e8e6c4c sp=0x000000f5312fdcf0
Event: 17.314 Thread 0x000002a8663b4800 DEOPT UNPACKING pc=0x000002a84681a1af sp=0x000000f5312fdc40 mode 2
Event: 17.314 Thread 0x000002a8663b4800 Uncommon trap: trap_request=0xffffff4d fr.pc=0x000002a84e8ae8c0 relative=0x00000000000000a0
Event: 17.315 Thread 0x000002a8663b4800 Uncommon trap: reason=unstable_if action=reinterpret pc=0x000002a84e8ae8c0 method=org.gradle.tooling.internal.provider.runner.ClientBuildEventGenerator$Disabled.accept(Lorg/gradle/internal/operations/BuildOperationDescriptor;)Lorg/gradle/tooling/internal/
Event: 17.315 Thread 0x000002a8663b4800 DEOPT PACKING pc=0x000002a84e8ae8c0 sp=0x000000f5312fdc80
Event: 17.315 Thread 0x000002a8663b4800 DEOPT UNPACKING pc=0x000002a84681a1af sp=0x000000f5312fdc30 mode 2
Event: 17.357 Thread 0x000002a8663ba800 Uncommon trap: trap_request=0xffffff4d fr.pc=0x000002a84e88ed74 relative=0x00000000000007f4
Event: 17.357 Thread 0x000002a8663ba800 Uncommon trap: reason=unstable_if action=reinterpret pc=0x000002a84e88ed74 method=org.gradle.internal.snapshot.VfsRelativePath.compareToFirstSegment(Ljava/lang/String;Lorg/gradle/internal/snapshot/CaseSensitivity;)I @ 134 c2
Event: 17.357 Thread 0x000002a8663ba800 DEOPT PACKING pc=0x000002a84e88ed74 sp=0x000000f530ffc980
Event: 17.358 Thread 0x000002a8663ba800 DEOPT UNPACKING pc=0x000002a84681a1af sp=0x000000f530ffc900 mode 2
Event: 17.359 Thread 0x000002a8663ba800 Uncommon trap: trap_request=0xffffffc6 fr.pc=0x000002a84e6575b8 relative=0x0000000000000358
Event: 17.359 Thread 0x000002a8663ba800 Uncommon trap: reason=bimorphic_or_optimized_type_check action=maybe_recompile pc=0x000002a84e6575b8 method=java.util.ArrayList$ArrayListSpliterator.tryAdvance(Ljava/util/function/Consumer;)Z @ 48 c2
Event: 17.359 Thread 0x000002a8663ba800 DEOPT PACKING pc=0x000002a84e6575b8 sp=0x000000f530ffc5d0
Event: 17.359 Thread 0x000002a8663ba800 DEOPT UNPACKING pc=0x000002a84681a1af sp=0x000000f530ffc560 mode 2
Event: 17.361 Thread 0x000002a8663ba800 Uncommon trap: trap_request=0xffffffc6 fr.pc=0x000002a84e6575b8 relative=0x0000000000000358
Event: 17.361 Thread 0x000002a8663ba800 Uncommon trap: reason=bimorphic_or_optimized_type_check action=maybe_recompile pc=0x000002a84e6575b8 method=java.util.ArrayList$ArrayListSpliterator.tryAdvance(Ljava/util/function/Consumer;)Z @ 48 c2
Event: 17.361 Thread 0x000002a8663ba800 DEOPT PACKING pc=0x000002a84e6575b8 sp=0x000000f530ffa750
Event: 17.361 Thread 0x000002a8663ba800 DEOPT UNPACKING pc=0x000002a84681a1af sp=0x000000f530ffa6e0 mode 2

Classes redefined (0 events):
No events

Internal exceptions (20 events):
Event: 14.794 Thread 0x000002a860581000 Exception <a 'java/lang/NoSuchMethodError'{0x000000008b695a40}: 'java.lang.Object java.lang.invoke.DirectMethodHandle$Holder.invokeSpecialIFC(java.lang.Object, java.lang.Object, java.lang.Object)'> (0x000000008b695a40) thrown at [src/hotspot/share/interpreter/linkResolver.cpp, line 773]
Event: 14.794 Thread 0x000002a860585800 Exception <a 'java/lang/NoSuchMethodError'{0x000000008b633da0}: 'java.lang.Object java.lang.invoke.DirectMethodHandle$Holder.invokeSpecialIFC(java.lang.Object, java.lang.Object, java.lang.Object)'> (0x000000008b633da0) thrown at [src/hotspot/share/interpreter/linkResolver.cpp, line 773]
Event: 14.794 Thread 0x000002a860400800 Exception <a 'java/lang/NoSuchMethodError'{0x000000008b6ac020}: 'java.lang.Object java.lang.invoke.DirectMethodHandle$Holder.invokeSpecialIFC(java.lang.Object, java.lang.Object, java.lang.Object)'> (0x000000008b6ac020) thrown at [src/hotspot/share/interpreter/linkResolver.cpp, line 773]
Event: 14.794 Thread 0x000002a86054c000 Exception <a 'java/lang/NoSuchMethodError'{0x000000008b64e878}: 'java.lang.Object java.lang.invoke.DirectMethodHandle$Holder.invokeSpecialIFC(java.lang.Object, java.lang.Object, java.lang.Object)'> (0x000000008b64e878) thrown at [src/hotspot/share/interpreter/linkResolver.cpp, line 773]
Event: 14.794 Thread 0x000002a8663b4000 Exception <a 'java/lang/NoSuchMethodError'{0x000000008b6d3838}: 'java.lang.Object java.lang.invoke.DirectMethodHandle$Holder.invokeSpecialIFC(java.lang.Object, java.lang.Object, java.lang.Object)'> (0x000000008b6d3838) thrown at [src/hotspot/share/interpreter/linkResolver.cpp, line 773]
Event: 14.794 Thread 0x000002a860548800 Exception <a 'java/lang/NoSuchMethodError'{0x000000008b66c2f0}: 'java.lang.Object java.lang.invoke.DirectMethodHandle$Holder.invokeSpecialIFC(java.lang.Object, java.lang.Object, java.lang.Object)'> (0x000000008b66c2f0) thrown at [src/hotspot/share/interpreter/linkResolver.cpp, line 773]
Event: 14.794 Thread 0x000002a860403800 Exception <a 'java/lang/NoSuchMethodError'{0x000000008b6bc550}: 'java.lang.Object java.lang.invoke.DirectMethodHandle$Holder.invokeSpecialIFC(java.lang.Object, java.lang.Object, java.lang.Object)'> (0x000000008b6bc550) thrown at [src/hotspot/share/interpreter/linkResolver.cpp, line 773]
Event: 14.908 Thread 0x000002a860548800 Exception <a 'java/lang/NoSuchMethodError'{0x000000008af84490}: 'void java.lang.invoke.DirectMethodHandle$Holder.invokeVirtual(java.lang.Object, java.lang.Object)'> (0x000000008af84490) thrown at [src/hotspot/share/interpreter/linkResolver.cpp, line 773]
Event: 14.908 Thread 0x000002a860581000 Exception <a 'java/lang/NoSuchMethodError'{0x000000008ac04e00}: 'void java.lang.invoke.DirectMethodHandle$Holder.invokeVirtual(java.lang.Object, java.lang.Object)'> (0x000000008ac04e00) thrown at [src/hotspot/share/interpreter/linkResolver.cpp, line 773]
Event: 14.908 Thread 0x000002a860585800 Exception <a 'java/lang/NoSuchMethodError'{0x000000008b096b68}: 'void java.lang.invoke.DirectMethodHandle$Holder.invokeVirtual(java.lang.Object, java.lang.Object)'> (0x000000008b096b68) thrown at [src/hotspot/share/interpreter/linkResolver.cpp, line 773]
Event: 15.081 Thread 0x000002a860548800 Implicit null exception at 0x000002a84e89755b to 0x000002a84e8975ec
Event: 15.738 Thread 0x000002a8663b4000 Exception <a 'java/lang/NoSuchMethodError'{0x000000008d06bc08}: 'void java.lang.invoke.DirectMethodHandle$Holder.invokeInterface(java.lang.Object, java.lang.Object, java.lang.Object, java.lang.Object)'> (0x000000008d06bc08) thrown at [src/hotspot/share/interpreter/linkResolver.cpp, line 773]
Event: 16.515 Thread 0x000002a8663b4000 Exception <a 'java/lang/NoSuchMethodError'{0x000000008a65ec78}: 'java.lang.Object java.lang.invoke.DirectMethodHandle$Holder.invokeSpecial(java.lang.Object, java.lang.Object, int, int, int, java.lang.Object, java.lang.Object, java.lang.Object, int)'> (0x000000008a65ec78) thrown at [src/hotspot/share/interpreter/linkResolver.cpp, line 773]
Event: 16.515 Thread 0x000002a8663b4000 Exception <a 'java/lang/NoSuchMethodError'{0x000000008a662dd0}: 'java.lang.Object java.lang.invoke.DelegatingMethodHandle$Holder.reinvoke_L(java.lang.Object, int, int, int, java.lang.Object, java.lang.Object, java.lang.Object, int)'> (0x000000008a662dd0) thrown at [src/hotspot/share/interpreter/linkResolver.cpp, line 773]
Event: 16.517 Thread 0x000002a8663b4000 Exception <a 'java/lang/NoSuchMethodError'{0x000000008a684f98}: 'java.lang.Object java.lang.invoke.DirectMethodHandle$Holder.invokeStatic(java.lang.Object, java.lang.Object, java.lang.Object, java.lang.Object, java.lang.Object, java.lang.Object, java.lang.Object, int)'> (0x000000008a684f98) thrown at [src/hotspot/share/interpreter/linkResolver.cpp, line 773]
Event: 16.711 Thread 0x000002a8663b4000 Implicit null exception at 0x000002a84e920e20 to 0x000002a84e9226aa
Event: 17.268 Thread 0x000002a8663b4000 Exception <a 'java/lang/NoSuchMethodError'{0x000000008fcad4c8}: 'java.lang.Object java.lang.invoke.DirectMethodHandle$Holder.invokeStatic(java.lang.Object, java.lang.Object, java.lang.Object, java.lang.Object, java.lang.Object, java.lang.Object, java.lang.Object, java.lang.Object, java.lang.Object, java.lang.Object, java.lang.Object, java.lang.Object, java.lang.Object, java.lang.Object, java.lang.Object, int)'> (0x000000008fcad4c8) thrown at [src/hotspot/share/interpreter/linkResolver.cpp, line 773]
Event: 17.279 Thread 0x000002a8663b4000 Exception <a 'java/lang/NoSuchMethodError'{0x000000008fb4b1e8}: <clinit>> (0x000000008fb4b1e8) thrown at [src/hotspot/share/prims/jni.cpp, line 1367]
Event: 17.292 Thread 0x000002a8663b4000 Exception <a 'java/lang/NoSuchMethodError'{0x000000008fbc1c08}: <clinit>> (0x000000008fbc1c08) thrown at [src/hotspot/share/prims/jni.cpp, line 1367]
Event: 17.299 Thread 0x000002a8663b4000 Exception <a 'java/lang/NoSuchMethodError'{0x000000008fbeb2d0}: <clinit>> (0x000000008fbeb2d0) thrown at [src/hotspot/share/prims/jni.cpp, line 1367]

Events (20 events):
Event: 17.364 loading class com/sun/org/apache/xerces/internal/util/NamespaceContextWrapper done
Event: 17.364 loading class com/sun/xml/internal/stream/StaxErrorReporter
Event: 17.365 Executing VM operation: RevokeBias
Event: 17.365 loading class com/sun/xml/internal/stream/StaxErrorReporter done
Event: 17.365 Executing VM operation: RevokeBias done
Event: 17.365 Executing VM operation: RevokeBias
Event: 17.366 Executing VM operation: RevokeBias done
Event: 17.366 loading class com/sun/xml/internal/stream/events/XMLEventAllocatorImpl
Event: 17.367 loading class javax/xml/stream/util/XMLEventAllocator
Event: 17.367 loading class javax/xml/stream/util/XMLEventAllocator done
Event: 17.367 loading class com/sun/xml/internal/stream/events/XMLEventAllocatorImpl done
Event: 17.367 loading class com/sun/xml/internal/stream/events/StartDocumentEvent
Event: 17.367 Executing VM operation: BulkRevokeBias
Event: 17.367 loading class javax/xml/stream/events/StartDocument
Event: 17.367 loading class javax/xml/stream/events/XMLEvent
Event: 17.367 loading class javax/xml/stream/events/XMLEvent done
Event: 17.367 loading class javax/xml/stream/events/StartDocument done
Event: 17.368 loading class com/sun/xml/internal/stream/events/DummyEvent
Event: 17.368 loading class com/sun/xml/internal/stream/events/DummyEvent done
Event: 17.368 loading class com/sun/xml/internal/stream/events/StartDocumentEvent done


Dynamic libraries:
0x00007ff7e6370000 - 0x00007ff7e637a000 	D:\projetos\Android Studio\jbr\bin\java.exe
0x00007ffdeb940000 - 0x00007ffdebb49000 	C:\WINDOWS\SYSTEM32\ntdll.dll
0x00007ffdea0e0000 - 0x00007ffdea19e000 	C:\WINDOWS\System32\KERNEL32.DLL
0x00007ffde90d0000 - 0x00007ffde9454000 	C:\WINDOWS\System32\KERNELBASE.dll
0x00007ffde95f0000 - 0x00007ffde9701000 	C:\WINDOWS\System32\ucrtbase.dll
0x00007ffde2160000 - 0x00007ffde2177000 	D:\projetos\Android Studio\jbr\bin\jli.dll
0x00007ffde2080000 - 0x00007ffde209b000 	D:\projetos\Android Studio\jbr\bin\VCRUNTIME140.dll
0x00007ffde9850000 - 0x00007ffde99fd000 	C:\WINDOWS\System32\USER32.dll
0x00007ffdcc060000 - 0x00007ffdcc305000 	C:\WINDOWS\WinSxS\amd64_microsoft.windows.common-controls_6595b64144ccf1df_6.0.22000.120_none_9d947278b86cc467\COMCTL32.dll
0x00007ffde95c0000 - 0x00007ffde95e6000 	C:\WINDOWS\System32\win32u.dll
0x00007ffde9a00000 - 0x00007ffde9aa3000 	C:\WINDOWS\System32\msvcrt.dll
0x00007ffdea200000 - 0x00007ffdea22a000 	C:\WINDOWS\System32\GDI32.dll
0x00007ffde8f40000 - 0x00007ffde905f000 	C:\WINDOWS\System32\gdi32full.dll
0x00007ffde9520000 - 0x00007ffde95bd000 	C:\WINDOWS\System32\msvcp_win.dll
0x00007ffdea5b0000 - 0x00007ffdea5e1000 	C:\WINDOWS\System32\IMM32.DLL
0x00007ffde2150000 - 0x00007ffde215c000 	D:\projetos\Android Studio\jbr\bin\vcruntime140_1.dll
0x00007ffdd2890000 - 0x00007ffdd291d000 	D:\projetos\Android Studio\jbr\bin\msvcp140.dll
0x00007ffd980a0000 - 0x00007ffd98c5c000 	D:\projetos\Android Studio\jbr\bin\server\jvm.dll
0x00007ffde9b90000 - 0x00007ffde9c3f000 	C:\WINDOWS\System32\ADVAPI32.dll
0x00007ffdeb5d0000 - 0x00007ffdeb66e000 	C:\WINDOWS\System32\sechost.dll
0x00007ffdeb4a0000 - 0x00007ffdeb5c1000 	C:\WINDOWS\System32\RPCRT4.dll
0x00007ffde97a0000 - 0x00007ffde97a8000 	C:\WINDOWS\System32\PSAPI.DLL
0x00007ffdcabe0000 - 0x00007ffdcabe9000 	C:\WINDOWS\SYSTEM32\WSOCK32.dll
0x00007ffddf9a0000 - 0x00007ffddf9d3000 	C:\WINDOWS\SYSTEM32\WINMM.dll
0x00007ffdeaa50000 - 0x00007ffdeaabf000 	C:\WINDOWS\System32\WS2_32.dll
0x00007ffdddf00000 - 0x00007ffdddf0a000 	C:\WINDOWS\SYSTEM32\VERSION.dll
0x00007ffde7f30000 - 0x00007ffde7f48000 	C:\WINDOWS\SYSTEM32\kernel.appcore.dll
0x00007ffdde800000 - 0x00007ffdde810000 	D:\projetos\Android Studio\jbr\bin\verify.dll
0x00007ffde3830000 - 0x00007ffde3a51000 	C:\WINDOWS\SYSTEM32\DBGHELP.DLL
0x00007ffdc8590000 - 0x00007ffdc85c1000 	C:\WINDOWS\SYSTEM32\dbgcore.DLL
0x00007ffde9710000 - 0x00007ffde978f000 	C:\WINDOWS\System32\bcryptPrimitives.dll
0x00007ffd99080000 - 0x00007ffd990a8000 	D:\projetos\Android Studio\jbr\bin\java.dll
0x00007ffda13c0000 - 0x00007ffda13ca000 	D:\projetos\Android Studio\jbr\bin\jimage.dll
0x00007ffd99060000 - 0x00007ffd99078000 	D:\projetos\Android Studio\jbr\bin\zip.dll
0x00007ffdeacd0000 - 0x00007ffdeb495000 	C:\WINDOWS\System32\SHELL32.dll
0x00007ffde6eb0000 - 0x00007ffde7712000 	C:\WINDOWS\SYSTEM32\windows.storage.dll
0x00007ffdea230000 - 0x00007ffdea5a6000 	C:\WINDOWS\System32\combase.dll
0x00007ffde6d40000 - 0x00007ffde6ea7000 	C:\WINDOWS\SYSTEM32\wintypes.dll
0x00007ffdea730000 - 0x00007ffdea81a000 	C:\WINDOWS\System32\SHCORE.dll
0x00007ffdea1a0000 - 0x00007ffdea1fd000 	C:\WINDOWS\System32\shlwapi.dll
0x00007ffde8d00000 - 0x00007ffde8d25000 	C:\WINDOWS\SYSTEM32\profapi.dll
0x00007ffdb25e0000 - 0x00007ffdb25f9000 	D:\projetos\Android Studio\jbr\bin\net.dll
0x00007ffde0420000 - 0x00007ffde0534000 	C:\WINDOWS\SYSTEM32\WINHTTP.dll
0x00007ffde83e0000 - 0x00007ffde8447000 	C:\WINDOWS\system32\mswsock.dll
0x00007ffd99040000 - 0x00007ffd99053000 	D:\projetos\Android Studio\jbr\bin\nio.dll
0x00007ffdad180000 - 0x00007ffdad1a7000 	C:\Users\jorge\.gradle\native\e1d6ef7f7dcc3fd88c89a11ec53ec762bb8ba0a96d01ffa2cd45eb1d1d8dd5c5\windows-amd64\native-platform.dll
0x00007ffdba580000 - 0x00007ffdba6c4000 	C:\Users\jorge\.gradle\native\0d407fdbe67a94daf76414ababcb853783967236a71b16ec16e742cd7a986fd3\windows-amd64\native-platform-file-events.dll
0x00007ffda13b0000 - 0x00007ffda13ba000 	D:\projetos\Android Studio\jbr\bin\management.dll
0x00007ffd99030000 - 0x00007ffd9903b000 	D:\projetos\Android Studio\jbr\bin\management_ext.dll
0x00007ffde8620000 - 0x00007ffde8638000 	C:\WINDOWS\SYSTEM32\CRYPTSP.dll
0x00007ffde7e90000 - 0x00007ffde7ec5000 	C:\WINDOWS\system32\rsaenh.dll
0x00007ffde84d0000 - 0x00007ffde84fc000 	C:\WINDOWS\SYSTEM32\USERENV.dll
0x00007ffde87a0000 - 0x00007ffde87c7000 	C:\WINDOWS\SYSTEM32\bcrypt.dll
0x00007ffde8640000 - 0x00007ffde864c000 	C:\WINDOWS\SYSTEM32\CRYPTBASE.dll
0x00007ffde79d0000 - 0x00007ffde79fd000 	C:\WINDOWS\SYSTEM32\IPHLPAPI.DLL
0x00007ffdea820000 - 0x00007ffdea829000 	C:\WINDOWS\System32\NSI.dll
0x00007ffddf920000 - 0x00007ffddf939000 	C:\WINDOWS\SYSTEM32\dhcpcsvc6.DLL
0x00007ffddfcd0000 - 0x00007ffddfcee000 	C:\WINDOWS\SYSTEM32\dhcpcsvc.DLL
0x00007ffde7a00000 - 0x00007ffde7ae7000 	C:\WINDOWS\SYSTEM32\DNSAPI.dll

dbghelp: loaded successfully - version: 4.0.5 - missing functions: none
symbol engine: initialized successfully - sym options: 0x614 - pdb path: .;D:\projetos\Android Studio\jbr\bin;C:\WINDOWS\SYSTEM32;C:\WINDOWS\WinSxS\amd64_microsoft.windows.common-controls_6595b64144ccf1df_6.0.22000.120_none_9d947278b86cc467;D:\projetos\Android Studio\jbr\bin\server;C:\Users\jorge\.gradle\native\e1d6ef7f7dcc3fd88c89a11ec53ec762bb8ba0a96d01ffa2cd45eb1d1d8dd5c5\windows-amd64;C:\Users\jorge\.gradle\native\0d407fdbe67a94daf76414ababcb853783967236a71b16ec16e742cd7a986fd3\windows-amd64

VM Arguments:
jvm_args: --add-opens=java.base/java.util=ALL-UNNAMED --add-opens=java.base/java.lang=ALL-UNNAMED --add-opens=java.base/java.lang.invoke=ALL-UNNAMED --add-opens=java.base/java.util=ALL-UNNAMED --add-opens=java.prefs/java.util.prefs=ALL-UNNAMED --add-opens=java.prefs/java.util.prefs=ALL-UNNAMED --add-opens=java.base/java.nio.charset=ALL-UNNAMED --add-opens=java.base/java.net=ALL-UNNAMED --add-opens=java.base/java.util.concurrent.atomic=ALL-UNNAMED -Xmx2048m -Dfile.encoding=UTF-8 -Duser.country=BR -Duser.language=pt -Duser.variant 
java_command: org.gradle.launcher.daemon.bootstrap.GradleDaemon 7.5
java_class_path (initial): C:\Users\jorge\.gradle\wrapper\dists\gradle-7.5-bin\f1w0cc9nuo0eivz97x2xlu9sv\gradle-7.5\lib\gradle-launcher-7.5.jar
Launcher Type: SUN_STANDARD

[Global flags]
     intx CICompilerCount                          = 4                                         {product} {ergonomic}
     uint ConcGCThreads                            = 2                                         {product} {ergonomic}
     uint G1ConcRefinementThreads                  = 8                                         {product} {ergonomic}
   size_t G1HeapRegionSize                         = 1048576                                   {product} {ergonomic}
    uintx GCDrainStackTargetSize                   = 64                                        {product} {ergonomic}
   size_t InitialHeapSize                          = 266338304                                 {product} {ergonomic}
   size_t MarkStackSize                            = 4194304                                   {product} {ergonomic}
   size_t MaxHeapSize                              = 2147483648                                {product} {command line}
   size_t MaxNewSize                               = 1287651328                                {product} {ergonomic}
   size_t MinHeapDeltaBytes                        = 1048576                                   {product} {ergonomic}
    uintx NonNMethodCodeHeapSize                   = 5836300                                {pd product} {ergonomic}
    uintx NonProfiledCodeHeapSize                  = 122910970                              {pd product} {ergonomic}
    uintx ProfiledCodeHeapSize                     = 122910970                              {pd product} {ergonomic}
    uintx ReservedCodeCacheSize                    = 251658240                              {pd product} {ergonomic}
     bool SegmentedCodeCache                       = true                                      {product} {ergonomic}
     bool UseCompressedClassPointers               = true                                 {lp64_product} {ergonomic}
     bool UseCompressedOops                        = true                                 {lp64_product} {ergonomic}
     bool UseG1GC                                  = true                                      {product} {ergonomic}
     bool UseLargePagesIndividualAllocation        = false                                  {pd product} {ergonomic}

Logging:
Log output configuration:
 #0: stdout all=warning uptime,level,tags
 #1: stderr all=off uptime,level,tags

Environment Variables:
PATH=C:\Program Files\Common Files\Oracle\Java\javapath;C:\Program Files (x86)\Common Files\Oracle\Java\javapath;C:\Program Files\Java\jdk-15.0.2\bin;C:\Program Files (x86)\Intel\Intel(R) Management Engine Components\iCLS\;C:\Program Files\Intel\Intel(R) Management Engine Components\iCLS\;C:\Windows\system32;C:\Windows;C:\Windows\System32\Wbem;C:\Windows\System32\WindowsPowerShell\v1.0\;C:\Windows\System32\OpenSSH\;C:\Program Files (x86)\Intel\Intel(R) Management Engine Components\DAL;C:\Program Files\Intel\Intel(R) Management Engine Components\DAL;C:\Program Files\Intel\WiFi\bin\;C:\Program Files\Common Files\Intel\WirelessCommon\;C:\Program Files (x86)\NVIDIA Corporation\PhysX\Common;C:\WINDOWS\system32;C:\WINDOWS;C:\WINDOWS\System32\Wbem;C:\WINDOWS\System32\WindowsPowerShell\v1.0\;C:\WINDOWS\System32\OpenSSH\;C:\Program Files\dotnet\;C:\Program Files\Microsoft SQL Server\130\Tools\Binn\;D:\projetos\Git\Git\cmd;D:\projetos\MongoDB\Server\4.4\bin;C:\Program Files (x86)\dotnet\;D:\projetos\MinGw\bin;C:\Program Files\MySQL\MySQL Server 8.0\bin;D:\projetos\Python\Python310;D:\projetos\Python\Python310\Scripts;D:\projetos\Python39;D:\projetos\Python39\Scripts;C:\Program Files\Java\jdk-15.0.2;D:\projetos\PuTTY\;D:\projetos\Python\Python310\Scripts\;D:\projetos\Python\Python310\;C:\Program Files\MySQL\MySQL Shell 8.0\bin\;C:\Users\jorge\AppData\Local\Microsoft\WindowsApps;C:\Users\jorge\.dotnet\tools;D:\projetos\Heroku\bin;C:\Users\jorge\AppData\Local\atom\bin;D:\projetos\Microsoft VS Code\bin;D:\projetos\PHP;;C:\Users\jorge\AppData\Local\Microsoft\WindowsApps;D:\projetos\JetBrains\IntelliJ IDEA 2023.2.2\bin;;D:\projetos\JetBrains\WebStorm 2023.2.2\bin;;D:\projetos\JetBrains\IntelliJ IDEA Community Edition 2023.2.2\bin;
USERNAME=jorge
OS=Windows_NT
PROCESSOR_IDENTIFIER=Intel64 Family 6 Model 142 Stepping 11, GenuineIntel



---------------  S Y S T E M  ---------------

OS: Windows 11 , 64 bit Build 22000 (10.0.22000.2124)
OS uptime: 0 days 4:47 hours

CPU:total 8 (initial active 8) (4 cores per cpu, 2 threads per core) family 6 model 142 stepping 11 microcode 0xde, cmov, cx8, fxsr, mmx, sse, sse2, sse3, ssse3, sse4.1, sse4.2, popcnt, avx, avx2, aes, clmul, erms, 3dnowpref, lzcnt, ht, tsc, tscinvbit, bmi1, bmi2, adx, fma

Memory: 4k page, system-wide physical 16192M (1578M free)
TotalPageFile size 22026M (AvailPageFile size 5M)
current process WorkingSet (physical memory assigned to process): 546M, peak: 546M
current process commit charge ("private bytes"): 585M, peak: 587M

vm_info: OpenJDK 64-Bit Server VM (11.0.15+0-b2043.56-9505619) for windows-amd64 JRE (11.0.15+0-b2043.56-9505619), built on Jan 19 2023 02:48:00 by "builduser" with unknown MS VC++:1929

END.
