#
# There is insufficient memory for the Java Runtime Environment to continue.
# Native memory allocation (malloc) failed to allocate 1320176 bytes for Chunk::new
# Possible reasons:
#   The system is out of physical RAM or swap space
#   The process is running with CompressedOops enabled, and the Java Heap may be blocking the growth of the native heap
# Possible solutions:
#   Reduce memory load on the system
#   Increase physical memory or swap space
#   Check if swap backing store is full
#   Decrease Java heap size (-Xmx/-Xms)
#   Decrease number of Java threads
#   Decrease Java thread stack sizes (-Xss)
#   Set larger code cache with -XX:ReservedCodeCacheSize=
#   JVM is running with Unscaled Compressed Oops mode in which the Java heap is
#     placed in the first 4GB address space. The Java Heap base address is the
#     maximum limit for the native heap growth. Please use -XX:HeapBaseMinAddress
#     to set the Java Heap base and to place the Java Heap above 4GB virtual address.
# This output file may be truncated or incomplete.
#
#  Out of Memory Error (src/hotspot/share/memory/arena.cpp:197), pid=18696, tid=13416
#
# JRE version: OpenJDK Runtime Environment (11.0.15) (build 11.0.15+0-b2043.56-9505619)
# Java VM: OpenJDK 64-Bit Server VM (11.0.15+0-b2043.56-9505619, mixed mode, tiered, compressed oops, g1 gc, windows-amd64)
# No core dump will be written. Minidumps are not enabled by default on client versions of Windows
#

---------------  S U M M A R Y ------------

Command Line: --add-opens=java.base/java.util=ALL-UNNAMED --add-opens=java.base/java.lang=ALL-UNNAMED --add-opens=java.base/java.lang.invoke=ALL-UNNAMED --add-opens=java.base/java.util=ALL-UNNAMED --add-opens=java.prefs/java.util.prefs=ALL-UNNAMED --add-opens=java.prefs/java.util.prefs=ALL-UNNAMED --add-opens=java.base/java.nio.charset=ALL-UNNAMED --add-opens=java.base/java.net=ALL-UNNAMED --add-opens=java.base/java.util.concurrent.atomic=ALL-UNNAMED -Xmx2048m -Dfile.encoding=UTF-8 -Duser.country=BR -Duser.language=pt -Duser.variant org.gradle.launcher.daemon.bootstrap.GradleDaemon 7.5

Host: Intel(R) Core(TM) i7-8565U CPU @ 1.80GHz, 8 cores, 15G,  Windows 11 , 64 bit Build 22000 (10.0.22000.2124)
Time: Mon Oct  2 11:20:37 2023 Hora oficial do Brasil elapsed time: 4.234571 seconds (0d 0h 0m 4s)

---------------  T H R E A D  ---------------

Current thread (0x000001c623e10000):  JavaThread "C2 CompilerThread0" daemon [_thread_in_native, id=13416, stack(0x000000528af00000,0x000000528b000000)]


Current CompileTask:
C2:   4234 1966   !   4       java.lang.ClassLoader::loadClass (122 bytes)

Stack: [0x000000528af00000,0x000000528b000000]
Native frames: (J=compiled Java code, j=interpreted, Vv=VM code, C=native code)
V  [jvm.dll+0x64135a]
V  [jvm.dll+0x7d39f9]
V  [jvm.dll+0x7d51b9]
V  [jvm.dll+0x7d58a3]
V  [jvm.dll+0x2691c5]
V  [jvm.dll+0xc1a5c]
V  [jvm.dll+0xc200c]
V  [jvm.dll+0x3774a7]
V  [jvm.dll+0x342495]
V  [jvm.dll+0x34186a]
V  [jvm.dll+0x2214bd]
V  [jvm.dll+0x220498]
V  [jvm.dll+0x19e851]
V  [jvm.dll+0x230479]
V  [jvm.dll+0x22e5ef]
V  [jvm.dll+0x794de1]
V  [jvm.dll+0x78dc24]
V  [jvm.dll+0x6400f6]
C  [ucrtbase.dll+0x26c0c]
C  [KERNEL32.DLL+0x155a0]
C  [ntdll.dll+0x485b]


---------------  P R O C E S S  ---------------

Threads class SMR info:
_java_thread_list=0x000001c6252d38c0, length=24, elements={
0x000001c609064000, 0x000001c623dab800, 0x000001c623dad000, 0x000001c623e0a800,
0x000001c623e0b800, 0x000001c623e0c800, 0x000001c623e10000, 0x000001c623e19000,
0x000001c623e1f800, 0x000001c623f8f800, 0x000001c626c16800, 0x000001c625924800,
0x000001c62431a800, 0x000001c62501f000, 0x000001c626af2800, 0x000001c626332000,
0x000001c6261ac800, 0x000001c62646c800, 0x000001c627119000, 0x000001c6267e7800,
0x000001c6267de000, 0x000001c6267d9800, 0x000001c6267db800, 0x000001c626413800
}

Java Threads: ( => current thread )
  0x000001c609064000 JavaThread "main" [_thread_blocked, id=15496, stack(0x000000528a300000,0x000000528a400000)]
  0x000001c623dab800 JavaThread "Reference Handler" daemon [_thread_blocked, id=12364, stack(0x000000528aa00000,0x000000528ab00000)]
  0x000001c623dad000 JavaThread "Finalizer" daemon [_thread_blocked, id=12656, stack(0x000000528ab00000,0x000000528ac00000)]
  0x000001c623e0a800 JavaThread "Signal Dispatcher" daemon [_thread_blocked, id=16864, stack(0x000000528ac00000,0x000000528ad00000)]
  0x000001c623e0b800 JavaThread "Attach Listener" daemon [_thread_blocked, id=18552, stack(0x000000528ad00000,0x000000528ae00000)]
  0x000001c623e0c800 JavaThread "Service Thread" daemon [_thread_blocked, id=19304, stack(0x000000528ae00000,0x000000528af00000)]
=>0x000001c623e10000 JavaThread "C2 CompilerThread0" daemon [_thread_in_native, id=13416, stack(0x000000528af00000,0x000000528b000000)]
  0x000001c623e19000 JavaThread "C1 CompilerThread0" daemon [_thread_blocked, id=13152, stack(0x000000528b000000,0x000000528b100000)]
  0x000001c623e1f800 JavaThread "Sweeper thread" daemon [_thread_blocked, id=9980, stack(0x000000528b100000,0x000000528b200000)]
  0x000001c623f8f800 JavaThread "Common-Cleaner" daemon [_thread_blocked, id=10944, stack(0x000000528b200000,0x000000528b300000)]
  0x000001c626c16800 JavaThread "Daemon health stats" [_thread_blocked, id=15528, stack(0x000000528bb00000,0x000000528bc00000)]
  0x000001c625924800 JavaThread "Incoming local TCP Connector on port 63146" [_thread_in_native, id=17780, stack(0x000000528b400000,0x000000528b500000)]
  0x000001c62431a800 JavaThread "Daemon periodic checks" [_thread_blocked, id=18112, stack(0x000000528ba00000,0x000000528bb00000)]
  0x000001c62501f000 JavaThread "Daemon" [_thread_blocked, id=488, stack(0x000000528bc00000,0x000000528bd00000)]
  0x000001c626af2800 JavaThread "Handler for socket connection from /127.0.0.1:63146 to /127.0.0.1:63147" [_thread_in_native, id=18808, stack(0x000000528bd00000,0x000000528be00000)]
  0x000001c626332000 JavaThread "Cancel handler" [_thread_blocked, id=10456, stack(0x000000528be00000,0x000000528bf00000)]
  0x000001c6261ac800 JavaThread "Daemon worker" [_thread_in_native, id=16684, stack(0x000000528bf00000,0x000000528c000000)]
  0x000001c62646c800 JavaThread "Asynchronous log dispatcher for DefaultDaemonConnection: socket connection from /127.0.0.1:63146 to /127.0.0.1:63147" [_thread_blocked, id=8688, stack(0x000000528c000000,0x000000528c100000)]
  0x000001c627119000 JavaThread "Stdin handler" [_thread_blocked, id=7188, stack(0x000000528c100000,0x000000528c200000)]
  0x000001c6267e7800 JavaThread "Daemon client event forwarder" [_thread_blocked, id=12312, stack(0x000000528c200000,0x000000528c300000)]
  0x000001c6267de000 JavaThread "Cache worker for journal cache (C:\Users\jorge\.gradle\caches\journal-1)" [_thread_blocked, id=5816, stack(0x000000528c300000,0x000000528c400000)]
  0x000001c6267d9800 JavaThread "File lock request listener" [_thread_in_native, id=18228, stack(0x000000528c400000,0x000000528c500000)]
  0x000001c6267db800 JavaThread "Cache worker for file hash cache (C:\Users\jorge\.gradle\caches\7.5\fileHashes)" [_thread_blocked, id=11360, stack(0x000000528c500000,0x000000528c600000)]
  0x000001c626413800 JavaThread "C2 CompilerThread1" daemon [_thread_in_native, id=15436, stack(0x000000528c900000,0x000000528ca00000)]

Other Threads:
  0x000001c623da8000 VMThread "VM Thread" [stack: 0x000000528a900000,0x000000528aa00000] [id=17872]
  0x000001c623ff9000 WatcherThread [stack: 0x000000528b300000,0x000000528b400000] [id=18896]
  0x000001c60907d800 GCTaskThread "GC Thread#0" [stack: 0x000000528a400000,0x000000528a500000] [id=16660]
  0x000001c624f18800 GCTaskThread "GC Thread#1" [stack: 0x000000528b500000,0x000000528b600000] [id=18164]
  0x000001c624703800 GCTaskThread "GC Thread#2" [stack: 0x000000528b600000,0x000000528b700000] [id=18856]
  0x000001c624d9e000 GCTaskThread "GC Thread#3" [stack: 0x000000528b700000,0x000000528b800000] [id=14780]
  0x000001c6247a4000 GCTaskThread "GC Thread#4" [stack: 0x000000528b800000,0x000000528b900000] [id=7996]
  0x000001c624de6000 GCTaskThread "GC Thread#5" [stack: 0x000000528b900000,0x000000528ba00000] [id=336]
  0x000001c625ef3000 GCTaskThread "GC Thread#6" [stack: 0x000000528c600000,0x000000528c700000] [id=14216]
  0x000001c624fa4000 GCTaskThread "GC Thread#7" [stack: 0x000000528c700000,0x000000528c800000] [id=16948]
  0x000001c6090b3000 ConcurrentGCThread "G1 Main Marker" [stack: 0x000000528a500000,0x000000528a600000] [id=10628]
  0x000001c6090b5000 ConcurrentGCThread "G1 Conc#0" [stack: 0x000000528a600000,0x000000528a700000] [id=11520]
  0x000001c625312800 ConcurrentGCThread "G1 Conc#1" [stack: 0x000000528c800000,0x000000528c900000] [id=11216]
  0x000001c6233f8800 ConcurrentGCThread "G1 Refine#0" [stack: 0x000000528a700000,0x000000528a800000] [id=14436]
  0x000001c6233fb800 ConcurrentGCThread "G1 Young RemSet Sampling" [stack: 0x000000528a800000,0x000000528a900000] [id=8408]

Threads with active compile tasks:
C2 CompilerThread0     4411 1966   !   4       java.lang.ClassLoader::loadClass (122 bytes)
C2 CompilerThread1     4411 2094       4       java.util.Collections$SetFromMap::remove (19 bytes)

VM state:not at safepoint (normal execution)

VM Mutex/Monitor currently owned by a thread: None

Heap address: 0x0000000080000000, size: 2048 MB, Compressed Oops mode: 32-bit
Narrow klass base: 0x0000000000000000, Narrow klass shift: 3
Compressed class space size: 1073741824 Address: 0x0000000100000000

Heap:
 garbage-first heap   total 260096K, used 50949K [0x0000000080000000, 0x0000000100000000)
  region size 1024K, 46 young (47104K), 11 survivors (11264K)
 Metaspace       used 24229K, capacity 24806K, committed 25084K, reserved 1071104K
  class space    used 3092K, capacity 3285K, committed 3404K, reserved 1048576K
Heap Regions: E=young(eden), S=young(survivor), O=old, HS=humongous(starts), HC=humongous(continues), CS=collection set, F=free, A=archive, TAMS=top-at-mark-start (previous, next)
|   0|0x0000000080000000, 0x0000000080000000, 0x0000000080100000|  0%| F|  |TAMS 0x0000000080000000, 0x0000000080000000| Untracked 
|   1|0x0000000080100000, 0x0000000080100000, 0x0000000080200000|  0%| F|  |TAMS 0x0000000080100000, 0x0000000080100000| Untracked 
|   2|0x0000000080200000, 0x0000000080200000, 0x0000000080300000|  0%| F|  |TAMS 0x0000000080200000, 0x0000000080200000| Untracked 
|   3|0x0000000080300000, 0x0000000080400000, 0x0000000080400000|100%|HS|  |TAMS 0x0000000080400000, 0x0000000080300000| Complete 
|   4|0x0000000080400000, 0x0000000080500000, 0x0000000080500000|100%|HC|  |TAMS 0x0000000080500000, 0x0000000080400000| Complete 
|   5|0x0000000080500000, 0x0000000080600000, 0x0000000080600000|100%|HC|  |TAMS 0x0000000080600000, 0x0000000080500000| Complete 
|   6|0x0000000080600000, 0x0000000080700000, 0x0000000080700000|100%| O|  |TAMS 0x0000000080700000, 0x0000000080600000| Untracked 
|   7|0x0000000080700000, 0x0000000080800000, 0x0000000080800000|100%| O|  |TAMS 0x0000000080800000, 0x0000000080700000| Untracked 
|   8|0x0000000080800000, 0x0000000080900000, 0x0000000080900000|100%| O|  |TAMS 0x0000000080900000, 0x0000000080800000| Untracked 
|   9|0x0000000080900000, 0x00000000809b3400, 0x0000000080a00000| 70%| O|  |TAMS 0x00000000809b3400, 0x0000000080900000| Untracked 
|  10|0x0000000080a00000, 0x0000000080a00000, 0x0000000080b00000|  0%| F|  |TAMS 0x0000000080a00000, 0x0000000080a00000| Untracked 
|  11|0x0000000080b00000, 0x0000000080b00000, 0x0000000080c00000|  0%| F|  |TAMS 0x0000000080b00000, 0x0000000080b00000| Untracked 
|  12|0x0000000080c00000, 0x0000000080c00000, 0x0000000080d00000|  0%| F|  |TAMS 0x0000000080c00000, 0x0000000080c00000| Untracked 
|  13|0x0000000080d00000, 0x0000000080d00000, 0x0000000080e00000|  0%| F|  |TAMS 0x0000000080d00000, 0x0000000080d00000| Untracked 
|  14|0x0000000080e00000, 0x0000000080e00000, 0x0000000080f00000|  0%| F|  |TAMS 0x0000000080e00000, 0x0000000080e00000| Untracked 
|  15|0x0000000080f00000, 0x0000000080f00000, 0x0000000081000000|  0%| F|  |TAMS 0x0000000080f00000, 0x0000000080f00000| Untracked 
|  16|0x0000000081000000, 0x0000000081000000, 0x0000000081100000|  0%| F|  |TAMS 0x0000000081000000, 0x0000000081000000| Untracked 
|  17|0x0000000081100000, 0x0000000081100000, 0x0000000081200000|  0%| F|  |TAMS 0x0000000081100000, 0x0000000081100000| Untracked 
|  18|0x0000000081200000, 0x0000000081200000, 0x0000000081300000|  0%| F|  |TAMS 0x0000000081200000, 0x0000000081200000| Untracked 
|  19|0x0000000081300000, 0x0000000081300000, 0x0000000081400000|  0%| F|  |TAMS 0x0000000081300000, 0x0000000081300000| Untracked 
|  20|0x0000000081400000, 0x0000000081400000, 0x0000000081500000|  0%| F|  |TAMS 0x0000000081400000, 0x0000000081400000| Untracked 
|  21|0x0000000081500000, 0x0000000081500000, 0x0000000081600000|  0%| F|  |TAMS 0x0000000081500000, 0x0000000081500000| Untracked 
|  22|0x0000000081600000, 0x0000000081600000, 0x0000000081700000|  0%| F|  |TAMS 0x0000000081600000, 0x0000000081600000| Untracked 
|  23|0x0000000081700000, 0x0000000081700000, 0x0000000081800000|  0%| F|  |TAMS 0x0000000081700000, 0x0000000081700000| Untracked 
|  24|0x0000000081800000, 0x0000000081800000, 0x0000000081900000|  0%| F|  |TAMS 0x0000000081800000, 0x0000000081800000| Untracked 
|  25|0x0000000081900000, 0x0000000081900000, 0x0000000081a00000|  0%| F|  |TAMS 0x0000000081900000, 0x0000000081900000| Untracked 
|  26|0x0000000081a00000, 0x0000000081a00000, 0x0000000081b00000|  0%| F|  |TAMS 0x0000000081a00000, 0x0000000081a00000| Untracked 
|  27|0x0000000081b00000, 0x0000000081b00000, 0x0000000081c00000|  0%| F|  |TAMS 0x0000000081b00000, 0x0000000081b00000| Untracked 
|  28|0x0000000081c00000, 0x0000000081c00000, 0x0000000081d00000|  0%| F|  |TAMS 0x0000000081c00000, 0x0000000081c00000| Untracked 
|  29|0x0000000081d00000, 0x0000000081d00000, 0x0000000081e00000|  0%| F|  |TAMS 0x0000000081d00000, 0x0000000081d00000| Untracked 
|  30|0x0000000081e00000, 0x0000000081e00000, 0x0000000081f00000|  0%| F|  |TAMS 0x0000000081e00000, 0x0000000081e00000| Untracked 
|  31|0x0000000081f00000, 0x0000000081f00000, 0x0000000082000000|  0%| F|  |TAMS 0x0000000081f00000, 0x0000000081f00000| Untracked 
|  32|0x0000000082000000, 0x0000000082000000, 0x0000000082100000|  0%| F|  |TAMS 0x0000000082000000, 0x0000000082000000| Untracked 
|  33|0x0000000082100000, 0x0000000082100000, 0x0000000082200000|  0%| F|  |TAMS 0x0000000082100000, 0x0000000082100000| Untracked 
|  34|0x0000000082200000, 0x0000000082200000, 0x0000000082300000|  0%| F|  |TAMS 0x0000000082200000, 0x0000000082200000| Untracked 
|  35|0x0000000082300000, 0x0000000082300000, 0x0000000082400000|  0%| F|  |TAMS 0x0000000082300000, 0x0000000082300000| Untracked 
|  36|0x0000000082400000, 0x0000000082400000, 0x0000000082500000|  0%| F|  |TAMS 0x0000000082400000, 0x0000000082400000| Untracked 
|  37|0x0000000082500000, 0x0000000082500000, 0x0000000082600000|  0%| F|  |TAMS 0x0000000082500000, 0x0000000082500000| Untracked 
|  38|0x0000000082600000, 0x0000000082600000, 0x0000000082700000|  0%| F|  |TAMS 0x0000000082600000, 0x0000000082600000| Untracked 
|  39|0x0000000082700000, 0x0000000082700000, 0x0000000082800000|  0%| F|  |TAMS 0x0000000082700000, 0x0000000082700000| Untracked 
|  40|0x0000000082800000, 0x0000000082800000, 0x0000000082900000|  0%| F|  |TAMS 0x0000000082800000, 0x0000000082800000| Untracked 
|  41|0x0000000082900000, 0x0000000082900000, 0x0000000082a00000|  0%| F|  |TAMS 0x0000000082900000, 0x0000000082900000| Untracked 
|  42|0x0000000082a00000, 0x0000000082a00000, 0x0000000082b00000|  0%| F|  |TAMS 0x0000000082a00000, 0x0000000082a00000| Untracked 
|  43|0x0000000082b00000, 0x0000000082b00000, 0x0000000082c00000|  0%| F|  |TAMS 0x0000000082b00000, 0x0000000082b00000| Untracked 
|  44|0x0000000082c00000, 0x0000000082c00000, 0x0000000082d00000|  0%| F|  |TAMS 0x0000000082c00000, 0x0000000082c00000| Untracked 
|  45|0x0000000082d00000, 0x0000000082d00000, 0x0000000082e00000|  0%| F|  |TAMS 0x0000000082d00000, 0x0000000082d00000| Untracked 
|  46|0x0000000082e00000, 0x0000000082e00000, 0x0000000082f00000|  0%| F|  |TAMS 0x0000000082e00000, 0x0000000082e00000| Untracked 
|  47|0x0000000082f00000, 0x0000000082f00000, 0x0000000083000000|  0%| F|  |TAMS 0x0000000082f00000, 0x0000000082f00000| Untracked 
|  48|0x0000000083000000, 0x0000000083000000, 0x0000000083100000|  0%| F|  |TAMS 0x0000000083000000, 0x0000000083000000| Untracked 
|  49|0x0000000083100000, 0x0000000083100000, 0x0000000083200000|  0%| F|  |TAMS 0x0000000083100000, 0x0000000083100000| Untracked 
|  50|0x0000000083200000, 0x0000000083200000, 0x0000000083300000|  0%| F|  |TAMS 0x0000000083200000, 0x0000000083200000| Untracked 
|  51|0x0000000083300000, 0x0000000083300000, 0x0000000083400000|  0%| F|  |TAMS 0x0000000083300000, 0x0000000083300000| Untracked 
|  52|0x0000000083400000, 0x0000000083400000, 0x0000000083500000|  0%| F|  |TAMS 0x0000000083400000, 0x0000000083400000| Untracked 
|  53|0x0000000083500000, 0x0000000083500000, 0x0000000083600000|  0%| F|  |TAMS 0x0000000083500000, 0x0000000083500000| Untracked 
|  54|0x0000000083600000, 0x0000000083600000, 0x0000000083700000|  0%| F|  |TAMS 0x0000000083600000, 0x0000000083600000| Untracked 
|  55|0x0000000083700000, 0x0000000083700000, 0x0000000083800000|  0%| F|  |TAMS 0x0000000083700000, 0x0000000083700000| Untracked 
|  56|0x0000000083800000, 0x0000000083800000, 0x0000000083900000|  0%| F|  |TAMS 0x0000000083800000, 0x0000000083800000| Untracked 
|  57|0x0000000083900000, 0x0000000083900000, 0x0000000083a00000|  0%| F|  |TAMS 0x0000000083900000, 0x0000000083900000| Untracked 
|  58|0x0000000083a00000, 0x0000000083a00000, 0x0000000083b00000|  0%| F|  |TAMS 0x0000000083a00000, 0x0000000083a00000| Untracked 
|  59|0x0000000083b00000, 0x0000000083b00000, 0x0000000083c00000|  0%| F|  |TAMS 0x0000000083b00000, 0x0000000083b00000| Untracked 
|  60|0x0000000083c00000, 0x0000000083c00000, 0x0000000083d00000|  0%| F|  |TAMS 0x0000000083c00000, 0x0000000083c00000| Untracked 
|  61|0x0000000083d00000, 0x0000000083d00000, 0x0000000083e00000|  0%| F|  |TAMS 0x0000000083d00000, 0x0000000083d00000| Untracked 
|  62|0x0000000083e00000, 0x0000000083e00000, 0x0000000083f00000|  0%| F|  |TAMS 0x0000000083e00000, 0x0000000083e00000| Untracked 
|  63|0x0000000083f00000, 0x0000000083f00000, 0x0000000084000000|  0%| F|  |TAMS 0x0000000083f00000, 0x0000000083f00000| Untracked 
|  64|0x0000000084000000, 0x0000000084000000, 0x0000000084100000|  0%| F|  |TAMS 0x0000000084000000, 0x0000000084000000| Untracked 
|  65|0x0000000084100000, 0x0000000084100000, 0x0000000084200000|  0%| F|  |TAMS 0x0000000084100000, 0x0000000084100000| Untracked 
|  66|0x0000000084200000, 0x0000000084200000, 0x0000000084300000|  0%| F|  |TAMS 0x0000000084200000, 0x0000000084200000| Untracked 
|  67|0x0000000084300000, 0x0000000084300000, 0x0000000084400000|  0%| F|  |TAMS 0x0000000084300000, 0x0000000084300000| Untracked 
|  68|0x0000000084400000, 0x0000000084400000, 0x0000000084500000|  0%| F|  |TAMS 0x0000000084400000, 0x0000000084400000| Untracked 
|  69|0x0000000084500000, 0x0000000084500000, 0x0000000084600000|  0%| F|  |TAMS 0x0000000084500000, 0x0000000084500000| Untracked 
|  70|0x0000000084600000, 0x0000000084600000, 0x0000000084700000|  0%| F|  |TAMS 0x0000000084600000, 0x0000000084600000| Untracked 
|  71|0x0000000084700000, 0x0000000084700000, 0x0000000084800000|  0%| F|  |TAMS 0x0000000084700000, 0x0000000084700000| Untracked 
|  72|0x0000000084800000, 0x0000000084800000, 0x0000000084900000|  0%| F|  |TAMS 0x0000000084800000, 0x0000000084800000| Untracked 
|  73|0x0000000084900000, 0x0000000084900000, 0x0000000084a00000|  0%| F|  |TAMS 0x0000000084900000, 0x0000000084900000| Untracked 
|  74|0x0000000084a00000, 0x0000000084a00000, 0x0000000084b00000|  0%| F|  |TAMS 0x0000000084a00000, 0x0000000084a00000| Untracked 
|  75|0x0000000084b00000, 0x0000000084b00000, 0x0000000084c00000|  0%| F|  |TAMS 0x0000000084b00000, 0x0000000084b00000| Untracked 
|  76|0x0000000084c00000, 0x0000000084c00000, 0x0000000084d00000|  0%| F|  |TAMS 0x0000000084c00000, 0x0000000084c00000| Untracked 
|  77|0x0000000084d00000, 0x0000000084d00000, 0x0000000084e00000|  0%| F|  |TAMS 0x0000000084d00000, 0x0000000084d00000| Untracked 
|  78|0x0000000084e00000, 0x0000000084e00000, 0x0000000084f00000|  0%| F|  |TAMS 0x0000000084e00000, 0x0000000084e00000| Untracked 
|  79|0x0000000084f00000, 0x0000000084f00000, 0x0000000085000000|  0%| F|  |TAMS 0x0000000084f00000, 0x0000000084f00000| Untracked 
|  80|0x0000000085000000, 0x0000000085000000, 0x0000000085100000|  0%| F|  |TAMS 0x0000000085000000, 0x0000000085000000| Untracked 
|  81|0x0000000085100000, 0x0000000085100000, 0x0000000085200000|  0%| F|  |TAMS 0x0000000085100000, 0x0000000085100000| Untracked 
|  82|0x0000000085200000, 0x0000000085200000, 0x0000000085300000|  0%| F|  |TAMS 0x0000000085200000, 0x0000000085200000| Untracked 
|  83|0x0000000085300000, 0x0000000085300000, 0x0000000085400000|  0%| F|  |TAMS 0x0000000085300000, 0x0000000085300000| Untracked 
|  84|0x0000000085400000, 0x0000000085400000, 0x0000000085500000|  0%| F|  |TAMS 0x0000000085400000, 0x0000000085400000| Untracked 
|  85|0x0000000085500000, 0x0000000085500000, 0x0000000085600000|  0%| F|  |TAMS 0x0000000085500000, 0x0000000085500000| Untracked 
|  86|0x0000000085600000, 0x0000000085600000, 0x0000000085700000|  0%| F|  |TAMS 0x0000000085600000, 0x0000000085600000| Untracked 
|  87|0x0000000085700000, 0x0000000085700000, 0x0000000085800000|  0%| F|  |TAMS 0x0000000085700000, 0x0000000085700000| Untracked 
|  88|0x0000000085800000, 0x0000000085800000, 0x0000000085900000|  0%| F|  |TAMS 0x0000000085800000, 0x0000000085800000| Untracked 
|  89|0x0000000085900000, 0x0000000085900000, 0x0000000085a00000|  0%| F|  |TAMS 0x0000000085900000, 0x0000000085900000| Untracked 
|  90|0x0000000085a00000, 0x0000000085a00000, 0x0000000085b00000|  0%| F|  |TAMS 0x0000000085a00000, 0x0000000085a00000| Untracked 
|  91|0x0000000085b00000, 0x0000000085b00000, 0x0000000085c00000|  0%| F|  |TAMS 0x0000000085b00000, 0x0000000085b00000| Untracked 
|  92|0x0000000085c00000, 0x0000000085c00000, 0x0000000085d00000|  0%| F|  |TAMS 0x0000000085c00000, 0x0000000085c00000| Untracked 
|  93|0x0000000085d00000, 0x0000000085d00000, 0x0000000085e00000|  0%| F|  |TAMS 0x0000000085d00000, 0x0000000085d00000| Untracked 
|  94|0x0000000085e00000, 0x0000000085e00000, 0x0000000085f00000|  0%| F|  |TAMS 0x0000000085e00000, 0x0000000085e00000| Untracked 
|  95|0x0000000085f00000, 0x0000000085f00000, 0x0000000086000000|  0%| F|  |TAMS 0x0000000085f00000, 0x0000000085f00000| Untracked 
|  96|0x0000000086000000, 0x0000000086000000, 0x0000000086100000|  0%| F|  |TAMS 0x0000000086000000, 0x0000000086000000| Untracked 
|  97|0x0000000086100000, 0x0000000086100000, 0x0000000086200000|  0%| F|  |TAMS 0x0000000086100000, 0x0000000086100000| Untracked 
|  98|0x0000000086200000, 0x0000000086200000, 0x0000000086300000|  0%| F|  |TAMS 0x0000000086200000, 0x0000000086200000| Untracked 
|  99|0x0000000086300000, 0x0000000086300000, 0x0000000086400000|  0%| F|  |TAMS 0x0000000086300000, 0x0000000086300000| Untracked 
| 100|0x0000000086400000, 0x0000000086400000, 0x0000000086500000|  0%| F|  |TAMS 0x0000000086400000, 0x0000000086400000| Untracked 
| 101|0x0000000086500000, 0x0000000086500000, 0x0000000086600000|  0%| F|  |TAMS 0x0000000086500000, 0x0000000086500000| Untracked 
| 102|0x0000000086600000, 0x0000000086600000, 0x0000000086700000|  0%| F|  |TAMS 0x0000000086600000, 0x0000000086600000| Untracked 
| 103|0x0000000086700000, 0x0000000086700000, 0x0000000086800000|  0%| F|  |TAMS 0x0000000086700000, 0x0000000086700000| Untracked 
| 104|0x0000000086800000, 0x0000000086800000, 0x0000000086900000|  0%| F|  |TAMS 0x0000000086800000, 0x0000000086800000| Untracked 
| 105|0x0000000086900000, 0x0000000086900000, 0x0000000086a00000|  0%| F|  |TAMS 0x0000000086900000, 0x0000000086900000| Untracked 
| 106|0x0000000086a00000, 0x0000000086a00000, 0x0000000086b00000|  0%| F|  |TAMS 0x0000000086a00000, 0x0000000086a00000| Untracked 
| 107|0x0000000086b00000, 0x0000000086b00000, 0x0000000086c00000|  0%| F|  |TAMS 0x0000000086b00000, 0x0000000086b00000| Untracked 
| 108|0x0000000086c00000, 0x0000000086c00000, 0x0000000086d00000|  0%| F|  |TAMS 0x0000000086c00000, 0x0000000086c00000| Untracked 
| 109|0x0000000086d00000, 0x0000000086d00000, 0x0000000086e00000|  0%| F|  |TAMS 0x0000000086d00000, 0x0000000086d00000| Untracked 
| 110|0x0000000086e00000, 0x0000000086e00000, 0x0000000086f00000|  0%| F|  |TAMS 0x0000000086e00000, 0x0000000086e00000| Untracked 
| 111|0x0000000086f00000, 0x0000000086f00000, 0x0000000087000000|  0%| F|  |TAMS 0x0000000086f00000, 0x0000000086f00000| Untracked 
| 112|0x0000000087000000, 0x0000000087000000, 0x0000000087100000|  0%| F|  |TAMS 0x0000000087000000, 0x0000000087000000| Untracked 
| 113|0x0000000087100000, 0x0000000087100000, 0x0000000087200000|  0%| F|  |TAMS 0x0000000087100000, 0x0000000087100000| Untracked 
| 114|0x0000000087200000, 0x0000000087200000, 0x0000000087300000|  0%| F|  |TAMS 0x0000000087200000, 0x0000000087200000| Untracked 
| 115|0x0000000087300000, 0x0000000087300000, 0x0000000087400000|  0%| F|  |TAMS 0x0000000087300000, 0x0000000087300000| Untracked 
| 116|0x0000000087400000, 0x0000000087400000, 0x0000000087500000|  0%| F|  |TAMS 0x0000000087400000, 0x0000000087400000| Untracked 
| 117|0x0000000087500000, 0x0000000087500000, 0x0000000087600000|  0%| F|  |TAMS 0x0000000087500000, 0x0000000087500000| Untracked 
| 118|0x0000000087600000, 0x0000000087600000, 0x0000000087700000|  0%| F|  |TAMS 0x0000000087600000, 0x0000000087600000| Untracked 
| 119|0x0000000087700000, 0x0000000087700000, 0x0000000087800000|  0%| F|  |TAMS 0x0000000087700000, 0x0000000087700000| Untracked 
| 120|0x0000000087800000, 0x0000000087800000, 0x0000000087900000|  0%| F|  |TAMS 0x0000000087800000, 0x0000000087800000| Untracked 
| 121|0x0000000087900000, 0x0000000087900000, 0x0000000087a00000|  0%| F|  |TAMS 0x0000000087900000, 0x0000000087900000| Untracked 
| 122|0x0000000087a00000, 0x0000000087a00000, 0x0000000087b00000|  0%| F|  |TAMS 0x0000000087a00000, 0x0000000087a00000| Untracked 
| 123|0x0000000087b00000, 0x0000000087b00000, 0x0000000087c00000|  0%| F|  |TAMS 0x0000000087b00000, 0x0000000087b00000| Untracked 
| 124|0x0000000087c00000, 0x0000000087c00000, 0x0000000087d00000|  0%| F|  |TAMS 0x0000000087c00000, 0x0000000087c00000| Untracked 
| 125|0x0000000087d00000, 0x0000000087d00000, 0x0000000087e00000|  0%| F|  |TAMS 0x0000000087d00000, 0x0000000087d00000| Untracked 
| 126|0x0000000087e00000, 0x0000000087e00000, 0x0000000087f00000|  0%| F|  |TAMS 0x0000000087e00000, 0x0000000087e00000| Untracked 
| 127|0x0000000087f00000, 0x0000000087f00000, 0x0000000088000000|  0%| F|  |TAMS 0x0000000087f00000, 0x0000000087f00000| Untracked 
| 128|0x0000000088000000, 0x0000000088000000, 0x0000000088100000|  0%| F|  |TAMS 0x0000000088000000, 0x0000000088000000| Untracked 
| 129|0x0000000088100000, 0x0000000088100000, 0x0000000088200000|  0%| F|  |TAMS 0x0000000088100000, 0x0000000088100000| Untracked 
| 130|0x0000000088200000, 0x0000000088200000, 0x0000000088300000|  0%| F|  |TAMS 0x0000000088200000, 0x0000000088200000| Untracked 
| 131|0x0000000088300000, 0x0000000088300000, 0x0000000088400000|  0%| F|  |TAMS 0x0000000088300000, 0x0000000088300000| Untracked 
| 132|0x0000000088400000, 0x0000000088400000, 0x0000000088500000|  0%| F|  |TAMS 0x0000000088400000, 0x0000000088400000| Untracked 
| 133|0x0000000088500000, 0x0000000088500000, 0x0000000088600000|  0%| F|  |TAMS 0x0000000088500000, 0x0000000088500000| Untracked 
| 134|0x0000000088600000, 0x0000000088600000, 0x0000000088700000|  0%| F|  |TAMS 0x0000000088600000, 0x0000000088600000| Untracked 
| 135|0x0000000088700000, 0x0000000088700000, 0x0000000088800000|  0%| F|  |TAMS 0x0000000088700000, 0x0000000088700000| Untracked 
| 136|0x0000000088800000, 0x0000000088800000, 0x0000000088900000|  0%| F|  |TAMS 0x0000000088800000, 0x0000000088800000| Untracked 
| 137|0x0000000088900000, 0x0000000088900000, 0x0000000088a00000|  0%| F|  |TAMS 0x0000000088900000, 0x0000000088900000| Untracked 
| 138|0x0000000088a00000, 0x0000000088a00000, 0x0000000088b00000|  0%| F|  |TAMS 0x0000000088a00000, 0x0000000088a00000| Untracked 
| 139|0x0000000088b00000, 0x0000000088b00000, 0x0000000088c00000|  0%| F|  |TAMS 0x0000000088b00000, 0x0000000088b00000| Untracked 
| 140|0x0000000088c00000, 0x0000000088c00000, 0x0000000088d00000|  0%| F|  |TAMS 0x0000000088c00000, 0x0000000088c00000| Untracked 
| 141|0x0000000088d00000, 0x0000000088d00000, 0x0000000088e00000|  0%| F|  |TAMS 0x0000000088d00000, 0x0000000088d00000| Untracked 
| 142|0x0000000088e00000, 0x0000000088e00000, 0x0000000088f00000|  0%| F|  |TAMS 0x0000000088e00000, 0x0000000088e00000| Untracked 
| 143|0x0000000088f00000, 0x0000000088f0e1c0, 0x0000000089000000|  5%| S|CS|TAMS 0x0000000088f00000, 0x0000000088f00000| Complete 
| 144|0x0000000089000000, 0x0000000089100000, 0x0000000089100000|100%| S|CS|TAMS 0x0000000089000000, 0x0000000089000000| Complete 
| 145|0x0000000089100000, 0x0000000089200000, 0x0000000089200000|100%| S|CS|TAMS 0x0000000089100000, 0x0000000089100000| Complete 
| 146|0x0000000089200000, 0x0000000089300000, 0x0000000089300000|100%| S|CS|TAMS 0x0000000089200000, 0x0000000089200000| Complete 
| 147|0x0000000089300000, 0x0000000089400000, 0x0000000089400000|100%| S|CS|TAMS 0x0000000089300000, 0x0000000089300000| Complete 
| 148|0x0000000089400000, 0x0000000089500000, 0x0000000089500000|100%| S|CS|TAMS 0x0000000089400000, 0x0000000089400000| Complete 
| 149|0x0000000089500000, 0x0000000089600000, 0x0000000089600000|100%| S|CS|TAMS 0x0000000089500000, 0x0000000089500000| Complete 
| 150|0x0000000089600000, 0x0000000089700000, 0x0000000089700000|100%| S|CS|TAMS 0x0000000089600000, 0x0000000089600000| Complete 
| 151|0x0000000089700000, 0x0000000089800000, 0x0000000089800000|100%| S|CS|TAMS 0x0000000089700000, 0x0000000089700000| Complete 
| 152|0x0000000089800000, 0x0000000089900000, 0x0000000089900000|100%| S|CS|TAMS 0x0000000089800000, 0x0000000089800000| Complete 
| 153|0x0000000089900000, 0x0000000089a00000, 0x0000000089a00000|100%| S|CS|TAMS 0x0000000089900000, 0x0000000089900000| Complete 
| 154|0x0000000089a00000, 0x0000000089a00000, 0x0000000089b00000|  0%| F|  |TAMS 0x0000000089a00000, 0x0000000089a00000| Untracked 
| 155|0x0000000089b00000, 0x0000000089b00000, 0x0000000089c00000|  0%| F|  |TAMS 0x0000000089b00000, 0x0000000089b00000| Untracked 
| 156|0x0000000089c00000, 0x0000000089c00000, 0x0000000089d00000|  0%| F|  |TAMS 0x0000000089c00000, 0x0000000089c00000| Untracked 
| 157|0x0000000089d00000, 0x0000000089d00000, 0x0000000089e00000|  0%| F|  |TAMS 0x0000000089d00000, 0x0000000089d00000| Untracked 
| 158|0x0000000089e00000, 0x0000000089e00000, 0x0000000089f00000|  0%| F|  |TAMS 0x0000000089e00000, 0x0000000089e00000| Untracked 
| 159|0x0000000089f00000, 0x0000000089f00000, 0x000000008a000000|  0%| F|  |TAMS 0x0000000089f00000, 0x0000000089f00000| Untracked 
| 160|0x000000008a000000, 0x000000008a000000, 0x000000008a100000|  0%| F|  |TAMS 0x000000008a000000, 0x000000008a000000| Untracked 
| 161|0x000000008a100000, 0x000000008a100000, 0x000000008a200000|  0%| F|  |TAMS 0x000000008a100000, 0x000000008a100000| Untracked 
| 162|0x000000008a200000, 0x000000008a200000, 0x000000008a300000|  0%| F|  |TAMS 0x000000008a200000, 0x000000008a200000| Untracked 
| 163|0x000000008a300000, 0x000000008a300000, 0x000000008a400000|  0%| F|  |TAMS 0x000000008a300000, 0x000000008a300000| Untracked 
| 164|0x000000008a400000, 0x000000008a400000, 0x000000008a500000|  0%| F|  |TAMS 0x000000008a400000, 0x000000008a400000| Untracked 
| 165|0x000000008a500000, 0x000000008a500000, 0x000000008a600000|  0%| F|  |TAMS 0x000000008a500000, 0x000000008a500000| Untracked 
| 166|0x000000008a600000, 0x000000008a600000, 0x000000008a700000|  0%| F|  |TAMS 0x000000008a600000, 0x000000008a600000| Untracked 
| 167|0x000000008a700000, 0x000000008a700000, 0x000000008a800000|  0%| F|  |TAMS 0x000000008a700000, 0x000000008a700000| Untracked 
| 168|0x000000008a800000, 0x000000008a800000, 0x000000008a900000|  0%| F|  |TAMS 0x000000008a800000, 0x000000008a800000| Untracked 
| 169|0x000000008a900000, 0x000000008a900000, 0x000000008aa00000|  0%| F|  |TAMS 0x000000008a900000, 0x000000008a900000| Untracked 
| 170|0x000000008aa00000, 0x000000008aa00000, 0x000000008ab00000|  0%| F|  |TAMS 0x000000008aa00000, 0x000000008aa00000| Untracked 
| 171|0x000000008ab00000, 0x000000008ab00000, 0x000000008ac00000|  0%| F|  |TAMS 0x000000008ab00000, 0x000000008ab00000| Untracked 
| 172|0x000000008ac00000, 0x000000008ac00000, 0x000000008ad00000|  0%| F|  |TAMS 0x000000008ac00000, 0x000000008ac00000| Untracked 
| 173|0x000000008ad00000, 0x000000008ad00000, 0x000000008ae00000|  0%| F|  |TAMS 0x000000008ad00000, 0x000000008ad00000| Untracked 
| 174|0x000000008ae00000, 0x000000008ae00000, 0x000000008af00000|  0%| F|  |TAMS 0x000000008ae00000, 0x000000008ae00000| Untracked 
| 175|0x000000008af00000, 0x000000008af00000, 0x000000008b000000|  0%| F|  |TAMS 0x000000008af00000, 0x000000008af00000| Untracked 
| 176|0x000000008b000000, 0x000000008b000000, 0x000000008b100000|  0%| F|  |TAMS 0x000000008b000000, 0x000000008b000000| Untracked 
| 177|0x000000008b100000, 0x000000008b100000, 0x000000008b200000|  0%| F|  |TAMS 0x000000008b100000, 0x000000008b100000| Untracked 
| 178|0x000000008b200000, 0x000000008b200000, 0x000000008b300000|  0%| F|  |TAMS 0x000000008b200000, 0x000000008b200000| Untracked 
| 179|0x000000008b300000, 0x000000008b300000, 0x000000008b400000|  0%| F|  |TAMS 0x000000008b300000, 0x000000008b300000| Untracked 
| 180|0x000000008b400000, 0x000000008b400000, 0x000000008b500000|  0%| F|  |TAMS 0x000000008b400000, 0x000000008b400000| Untracked 
| 181|0x000000008b500000, 0x000000008b500000, 0x000000008b600000|  0%| F|  |TAMS 0x000000008b500000, 0x000000008b500000| Untracked 
| 182|0x000000008b600000, 0x000000008b600000, 0x000000008b700000|  0%| F|  |TAMS 0x000000008b600000, 0x000000008b600000| Untracked 
| 183|0x000000008b700000, 0x000000008b700000, 0x000000008b800000|  0%| F|  |TAMS 0x000000008b700000, 0x000000008b700000| Untracked 
| 184|0x000000008b800000, 0x000000008b800000, 0x000000008b900000|  0%| F|  |TAMS 0x000000008b800000, 0x000000008b800000| Untracked 
| 185|0x000000008b900000, 0x000000008b900000, 0x000000008ba00000|  0%| F|  |TAMS 0x000000008b900000, 0x000000008b900000| Untracked 
| 186|0x000000008ba00000, 0x000000008ba00000, 0x000000008bb00000|  0%| F|  |TAMS 0x000000008ba00000, 0x000000008ba00000| Untracked 
| 187|0x000000008bb00000, 0x000000008bb00000, 0x000000008bc00000|  0%| F|  |TAMS 0x000000008bb00000, 0x000000008bb00000| Untracked 
| 188|0x000000008bc00000, 0x000000008bc00000, 0x000000008bd00000|  0%| F|  |TAMS 0x000000008bc00000, 0x000000008bc00000| Untracked 
| 189|0x000000008bd00000, 0x000000008bd00000, 0x000000008be00000|  0%| F|  |TAMS 0x000000008bd00000, 0x000000008bd00000| Untracked 
| 190|0x000000008be00000, 0x000000008be00000, 0x000000008bf00000|  0%| F|  |TAMS 0x000000008be00000, 0x000000008be00000| Untracked 
| 191|0x000000008bf00000, 0x000000008bf00000, 0x000000008c000000|  0%| F|  |TAMS 0x000000008bf00000, 0x000000008bf00000| Untracked 
| 192|0x000000008c000000, 0x000000008c000000, 0x000000008c100000|  0%| F|  |TAMS 0x000000008c000000, 0x000000008c000000| Untracked 
| 193|0x000000008c100000, 0x000000008c100000, 0x000000008c200000|  0%| F|  |TAMS 0x000000008c100000, 0x000000008c100000| Untracked 
| 194|0x000000008c200000, 0x000000008c200000, 0x000000008c300000|  0%| F|  |TAMS 0x000000008c200000, 0x000000008c200000| Untracked 
| 195|0x000000008c300000, 0x000000008c300000, 0x000000008c400000|  0%| F|  |TAMS 0x000000008c300000, 0x000000008c300000| Untracked 
| 196|0x000000008c400000, 0x000000008c400000, 0x000000008c500000|  0%| F|  |TAMS 0x000000008c400000, 0x000000008c400000| Untracked 
| 197|0x000000008c500000, 0x000000008c500000, 0x000000008c600000|  0%| F|  |TAMS 0x000000008c500000, 0x000000008c500000| Untracked 
| 198|0x000000008c600000, 0x000000008c600000, 0x000000008c700000|  0%| F|  |TAMS 0x000000008c600000, 0x000000008c600000| Untracked 
| 199|0x000000008c700000, 0x000000008c700000, 0x000000008c800000|  0%| F|  |TAMS 0x000000008c700000, 0x000000008c700000| Untracked 
| 200|0x000000008c800000, 0x000000008c800000, 0x000000008c900000|  0%| F|  |TAMS 0x000000008c800000, 0x000000008c800000| Untracked 
| 201|0x000000008c900000, 0x000000008c900000, 0x000000008ca00000|  0%| F|  |TAMS 0x000000008c900000, 0x000000008c900000| Untracked 
| 202|0x000000008ca00000, 0x000000008ca00000, 0x000000008cb00000|  0%| F|  |TAMS 0x000000008ca00000, 0x000000008ca00000| Untracked 
| 203|0x000000008cb00000, 0x000000008cb00000, 0x000000008cc00000|  0%| F|  |TAMS 0x000000008cb00000, 0x000000008cb00000| Untracked 
| 204|0x000000008cc00000, 0x000000008cc00000, 0x000000008cd00000|  0%| F|  |TAMS 0x000000008cc00000, 0x000000008cc00000| Untracked 
| 205|0x000000008cd00000, 0x000000008cd00000, 0x000000008ce00000|  0%| F|  |TAMS 0x000000008cd00000, 0x000000008cd00000| Untracked 
| 206|0x000000008ce00000, 0x000000008ce00000, 0x000000008cf00000|  0%| F|  |TAMS 0x000000008ce00000, 0x000000008ce00000| Untracked 
| 207|0x000000008cf00000, 0x000000008cf00000, 0x000000008d000000|  0%| F|  |TAMS 0x000000008cf00000, 0x000000008cf00000| Untracked 
| 208|0x000000008d000000, 0x000000008d000000, 0x000000008d100000|  0%| F|  |TAMS 0x000000008d000000, 0x000000008d000000| Untracked 
| 209|0x000000008d100000, 0x000000008d100000, 0x000000008d200000|  0%| F|  |TAMS 0x000000008d100000, 0x000000008d100000| Untracked 
| 210|0x000000008d200000, 0x000000008d200000, 0x000000008d300000|  0%| F|  |TAMS 0x000000008d200000, 0x000000008d200000| Untracked 
| 211|0x000000008d300000, 0x000000008d300000, 0x000000008d400000|  0%| F|  |TAMS 0x000000008d300000, 0x000000008d300000| Untracked 
| 212|0x000000008d400000, 0x000000008d400000, 0x000000008d500000|  0%| F|  |TAMS 0x000000008d400000, 0x000000008d400000| Untracked 
| 213|0x000000008d500000, 0x000000008d500000, 0x000000008d600000|  0%| F|  |TAMS 0x000000008d500000, 0x000000008d500000| Untracked 
| 214|0x000000008d600000, 0x000000008d600000, 0x000000008d700000|  0%| F|  |TAMS 0x000000008d600000, 0x000000008d600000| Untracked 
| 215|0x000000008d700000, 0x000000008d700000, 0x000000008d800000|  0%| F|  |TAMS 0x000000008d700000, 0x000000008d700000| Untracked 
| 216|0x000000008d800000, 0x000000008d800000, 0x000000008d900000|  0%| F|  |TAMS 0x000000008d800000, 0x000000008d800000| Untracked 
| 217|0x000000008d900000, 0x000000008d900000, 0x000000008da00000|  0%| F|  |TAMS 0x000000008d900000, 0x000000008d900000| Untracked 
| 218|0x000000008da00000, 0x000000008da00000, 0x000000008db00000|  0%| F|  |TAMS 0x000000008da00000, 0x000000008da00000| Untracked 
| 219|0x000000008db00000, 0x000000008dbf9e50, 0x000000008dc00000| 97%| E|  |TAMS 0x000000008db00000, 0x000000008db00000| Complete 
| 220|0x000000008dc00000, 0x000000008dd00000, 0x000000008dd00000|100%| E|CS|TAMS 0x000000008dc00000, 0x000000008dc00000| Complete 
| 221|0x000000008dd00000, 0x000000008de00000, 0x000000008de00000|100%| E|CS|TAMS 0x000000008dd00000, 0x000000008dd00000| Complete 
| 222|0x000000008de00000, 0x000000008df00000, 0x000000008df00000|100%| E|CS|TAMS 0x000000008de00000, 0x000000008de00000| Complete 
| 223|0x000000008df00000, 0x000000008e000000, 0x000000008e000000|100%| E|CS|TAMS 0x000000008df00000, 0x000000008df00000| Complete 
| 224|0x000000008e000000, 0x000000008e100000, 0x000000008e100000|100%| E|CS|TAMS 0x000000008e000000, 0x000000008e000000| Complete 
| 225|0x000000008e100000, 0x000000008e200000, 0x000000008e200000|100%| E|CS|TAMS 0x000000008e100000, 0x000000008e100000| Complete 
| 226|0x000000008e200000, 0x000000008e300000, 0x000000008e300000|100%| E|CS|TAMS 0x000000008e200000, 0x000000008e200000| Complete 
| 227|0x000000008e300000, 0x000000008e400000, 0x000000008e400000|100%| E|CS|TAMS 0x000000008e300000, 0x000000008e300000| Complete 
| 228|0x000000008e400000, 0x000000008e500000, 0x000000008e500000|100%| E|CS|TAMS 0x000000008e400000, 0x000000008e400000| Complete 
| 229|0x000000008e500000, 0x000000008e600000, 0x000000008e600000|100%| E|CS|TAMS 0x000000008e500000, 0x000000008e500000| Complete 
| 230|0x000000008e600000, 0x000000008e700000, 0x000000008e700000|100%| E|CS|TAMS 0x000000008e600000, 0x000000008e600000| Complete 
| 231|0x000000008e700000, 0x000000008e800000, 0x000000008e800000|100%| E|CS|TAMS 0x000000008e700000, 0x000000008e700000| Complete 
| 232|0x000000008e800000, 0x000000008e900000, 0x000000008e900000|100%| E|CS|TAMS 0x000000008e800000, 0x000000008e800000| Complete 
| 233|0x000000008e900000, 0x000000008ea00000, 0x000000008ea00000|100%| E|CS|TAMS 0x000000008e900000, 0x000000008e900000| Complete 
| 234|0x000000008ea00000, 0x000000008eb00000, 0x000000008eb00000|100%| E|CS|TAMS 0x000000008ea00000, 0x000000008ea00000| Complete 
| 235|0x000000008eb00000, 0x000000008ec00000, 0x000000008ec00000|100%| E|CS|TAMS 0x000000008eb00000, 0x000000008eb00000| Complete 
| 236|0x000000008ec00000, 0x000000008ed00000, 0x000000008ed00000|100%| E|CS|TAMS 0x000000008ec00000, 0x000000008ec00000| Complete 
| 237|0x000000008ed00000, 0x000000008ee00000, 0x000000008ee00000|100%| E|CS|TAMS 0x000000008ed00000, 0x000000008ed00000| Complete 
| 238|0x000000008ee00000, 0x000000008ef00000, 0x000000008ef00000|100%| E|CS|TAMS 0x000000008ee00000, 0x000000008ee00000| Complete 
| 239|0x000000008ef00000, 0x000000008f000000, 0x000000008f000000|100%| E|CS|TAMS 0x000000008ef00000, 0x000000008ef00000| Complete 
| 240|0x000000008f000000, 0x000000008f100000, 0x000000008f100000|100%| E|CS|TAMS 0x000000008f000000, 0x000000008f000000| Complete 
| 241|0x000000008f100000, 0x000000008f200000, 0x000000008f200000|100%| E|CS|TAMS 0x000000008f100000, 0x000000008f100000| Complete 
| 242|0x000000008f200000, 0x000000008f300000, 0x000000008f300000|100%| E|CS|TAMS 0x000000008f200000, 0x000000008f200000| Complete 
| 243|0x000000008f300000, 0x000000008f400000, 0x000000008f400000|100%| E|CS|TAMS 0x000000008f300000, 0x000000008f300000| Complete 
| 244|0x000000008f400000, 0x000000008f500000, 0x000000008f500000|100%| E|CS|TAMS 0x000000008f400000, 0x000000008f400000| Complete 
| 245|0x000000008f500000, 0x000000008f600000, 0x000000008f600000|100%| E|CS|TAMS 0x000000008f500000, 0x000000008f500000| Complete 
| 246|0x000000008f600000, 0x000000008f700000, 0x000000008f700000|100%| E|CS|TAMS 0x000000008f600000, 0x000000008f600000| Complete 
| 247|0x000000008f700000, 0x000000008f800000, 0x000000008f800000|100%| E|  |TAMS 0x000000008f700000, 0x000000008f700000| Complete 
| 248|0x000000008f800000, 0x000000008f900000, 0x000000008f900000|100%| E|CS|TAMS 0x000000008f800000, 0x000000008f800000| Complete 
| 249|0x000000008f900000, 0x000000008fa00000, 0x000000008fa00000|100%| E|CS|TAMS 0x000000008f900000, 0x000000008f900000| Complete 
| 250|0x000000008fa00000, 0x000000008fb00000, 0x000000008fb00000|100%| E|CS|TAMS 0x000000008fa00000, 0x000000008fa00000| Complete 
| 251|0x000000008fb00000, 0x000000008fc00000, 0x000000008fc00000|100%| E|CS|TAMS 0x000000008fb00000, 0x000000008fb00000| Complete 
| 252|0x000000008fc00000, 0x000000008fd00000, 0x000000008fd00000|100%| E|CS|TAMS 0x000000008fc00000, 0x000000008fc00000| Complete 
| 253|0x000000008fd00000, 0x000000008fe00000, 0x000000008fe00000|100%| E|CS|TAMS 0x000000008fd00000, 0x000000008fd00000| Complete 

Card table byte_map: [0x000001c61c2c0000,0x000001c61c6c0000] _byte_map_base: 0x000001c61bec0000

Marking Bits (Prev, Next): (CMBitMap*) 0x000001c6090aa4f0, (CMBitMap*) 0x000001c6090aa4b8
 Prev Bits: [0x000001c61eac0000, 0x000001c620ac0000)
 Next Bits: [0x000001c61cac0000, 0x000001c61eac0000)

Polling page: 0x000001c608840000

Metaspace:

Usage:
  Non-class:     21.08 MB capacity,    20.69 MB ( 98%) used,   353.34 KB (  2%) free+waste,    45.75 KB ( <1%) overhead. 
      Class:      3.21 MB capacity,     3.03 MB ( 94%) used,   163.12 KB (  5%) free+waste,    23.06 KB ( <1%) overhead. 
       Both:     24.29 MB capacity,    23.72 MB ( 98%) used,   516.46 KB (  2%) free+waste,    68.81 KB ( <1%) overhead. 

Virtual space:
  Non-class space:       22.00 MB reserved,      21.17 MB ( 96%) committed 
      Class space:        1.00 GB reserved,       3.32 MB ( <1%) committed 
             Both:        1.02 GB reserved,      24.50 MB (  2%) committed 

Chunk freelists:
   Non-Class:  31.00 KB
       Class:  11.00 KB
        Both:  42.00 KB

MaxMetaspaceSize: 17179869184.00 GB
CompressedClassSpaceSize: 1.00 GB
Initial GC threshold: 20.80 MB
Current GC threshold: 35.20 MB
CDS: off

CodeHeap 'non-profiled nmethods': size=120000Kb used=1089Kb max_used=1089Kb free=118911Kb
 bounds [0x000001c614660000, 0x000001c6148d0000, 0x000001c61bb90000]
CodeHeap 'profiled nmethods': size=120000Kb used=4374Kb max_used=4374Kb free=115625Kb
 bounds [0x000001c60d130000, 0x000001c60d580000, 0x000001c614660000]
CodeHeap 'non-nmethods': size=5760Kb used=1226Kb max_used=1239Kb free=4533Kb
 bounds [0x000001c60cb90000, 0x000001c60ce00000, 0x000001c60d130000]
 total_blobs=2596 nmethods=2093 adapters=415
 compilation: enabled
              stopped_count=0, restarted_count=0
 full_count=0

Compilation events (20 events):
Event: 4.204 Thread 0x000001c623e19000 1989       3       sun.reflect.generics.parser.SignatureParser::make (8 bytes)
Event: 4.204 Thread 0x000001c623e19000 nmethod 1989 0x000001c60d535c10 code [0x000001c60d535dc0, 0x000001c60d535fb8]
Event: 4.204 Thread 0x000001c623e19000 1990       3       sun.reflect.generics.parser.SignatureParser::<init> (5 bytes)
Event: 4.204 Thread 0x000001c623e19000 nmethod 1990 0x000001c60d536090 code [0x000001c60d536240, 0x000001c60d536398]
Event: 4.204 Thread 0x000001c623e19000 1991       3       sun.reflect.generics.parser.SignatureParser::init (16 bytes)
Event: 4.205 Thread 0x000001c623e19000 nmethod 1991 0x000001c60d536490 code [0x000001c60d536640, 0x000001c60d536798]
Event: 4.205 Thread 0x000001c623e19000 1992       3       jdk.internal.loader.AbstractClassLoaderValue$Sub::hashCode (19 bytes)
Event: 4.205 Thread 0x000001c623e19000 nmethod 1992 0x000001c60d536810 code [0x000001c60d5369e0, 0x000001c60d536d38]
Event: 4.205 Thread 0x000001c623e19000 1994       3       java.lang.reflect.Constructor::newInstance (76 bytes)
Event: 4.206 Thread 0x000001c623e19000 nmethod 1994 0x000001c60d536e90 code [0x000001c60d5370a0, 0x000001c60d5374d8]
Event: 4.206 Thread 0x000001c623e19000 1995       3       sun.reflect.generics.scope.ClassScope::make (9 bytes)
Event: 4.206 Thread 0x000001c623e19000 nmethod 1995 0x000001c60d537690 code [0x000001c60d537860, 0x000001c60d537b18]
Event: 4.206 Thread 0x000001c623e19000 1996       3       sun.reflect.generics.scope.ClassScope::<init> (6 bytes)
Event: 4.206 Thread 0x000001c623e19000 nmethod 1996 0x000001c60d537c10 code [0x000001c60d537dc0, 0x000001c60d537fd8]
Event: 4.206 Thread 0x000001c623e19000 1997       3       jdk.internal.reflect.DelegatingConstructorAccessorImpl::newInstance (9 bytes)
Event: 4.207 Thread 0x000001c623e19000 nmethod 1997 0x000001c60d538090 code [0x000001c60d538240, 0x000001c60d538408]
Event: 4.207 Thread 0x000001c623e19000 1998       3       sun.reflect.annotation.AnnotationParser::parseSig (61 bytes)
Event: 4.208 Thread 0x000001c623e19000 nmethod 1998 0x000001c60d538510 code [0x000001c60d538800, 0x000001c60d539918]
Event: 4.208 Thread 0x000001c623e19000 1993       3       jdk.internal.reflect.NativeConstructorAccessorImpl::newInstance (89 bytes)
Event: 4.210 Thread 0x000001c623e19000 nmethod 1993 0x000001c60d539e90 code [0x000001c60d53a140, 0x000001c60d53afb8]

GC Heap History (4 events):
Event: 0.974 GC heap before
{Heap before GC invocations=0 (full 0):
 garbage-first heap   total 260096K, used 29696K [0x0000000080000000, 0x0000000100000000)
  region size 1024K, 24 young (24576K), 0 survivors (0K)
 Metaspace       used 10100K, capacity 10327K, committed 10624K, reserved 1058816K
  class space    used 1032K, capacity 1106K, committed 1152K, reserved 1048576K
}
Event: 0.980 GC heap after
{Heap after GC invocations=1 (full 0):
 garbage-first heap   total 260096K, used 9933K [0x0000000080000000, 0x0000000100000000)
  region size 1024K, 3 young (3072K), 3 survivors (3072K)
 Metaspace       used 10100K, capacity 10327K, committed 10624K, reserved 1058816K
  class space    used 1032K, capacity 1106K, committed 1152K, reserved 1048576K
}
Event: 3.895 GC heap before
{Heap before GC invocations=1 (full 0):
 garbage-first heap   total 260096K, used 109261K [0x0000000080000000, 0x0000000100000000)
  region size 1024K, 100 young (102400K), 3 survivors (3072K)
 Metaspace       used 20760K, capacity 21183K, committed 21296K, reserved 1069056K
  class space    used 2526K, capacity 2685K, committed 2688K, reserved 1048576K
}
Event: 3.910 GC heap after
{Heap after GC invocations=2 (full 0):
 garbage-first heap   total 260096K, used 17157K [0x0000000080000000, 0x0000000100000000)
  region size 1024K, 11 young (11264K), 11 survivors (11264K)
 Metaspace       used 20760K, capacity 21183K, committed 21296K, reserved 1069056K
  class space    used 2526K, capacity 2685K, committed 2688K, reserved 1048576K
}

Deoptimization events (20 events):
Event: 3.689 Thread 0x000001c6261ac800 Uncommon trap: trap_request=0xffffffc6 fr.pc=0x000001c6146e8d24 relative=0x0000000000000084
Event: 3.689 Thread 0x000001c6261ac800 Uncommon trap: reason=bimorphic_or_optimized_type_check action=maybe_recompile pc=0x000001c6146e8d24 method=java.util.AbstractList$Itr.hasNext()Z @ 8 c2
Event: 3.689 Thread 0x000001c6261ac800 DEOPT PACKING pc=0x000001c6146e8d24 sp=0x000000528bffbe10
Event: 3.689 Thread 0x000001c6261ac800 DEOPT UNPACKING pc=0x000001c60cbda1af sp=0x000000528bffbda8 mode 2
Event: 3.689 Thread 0x000001c6261ac800 Uncommon trap: trap_request=0xffffffc6 fr.pc=0x000001c6146e90d4 relative=0x0000000000000114
Event: 3.689 Thread 0x000001c6261ac800 Uncommon trap: reason=bimorphic_or_optimized_type_check action=maybe_recompile pc=0x000001c6146e90d4 method=java.util.AbstractList$Itr.next()Ljava/lang/Object; @ 14 c2
Event: 3.689 Thread 0x000001c6261ac800 DEOPT PACKING pc=0x000001c6146e90d4 sp=0x000000528bffbe00
Event: 3.689 Thread 0x000001c6261ac800 DEOPT UNPACKING pc=0x000001c60cbda1af sp=0x000000528bffbd98 mode 2
Event: 3.689 Thread 0x000001c6261ac800 Uncommon trap: trap_request=0xffffff4d fr.pc=0x000001c6146e005c relative=0x000000000000051c
Event: 3.689 Thread 0x000001c6261ac800 Uncommon trap: reason=unstable_if action=reinterpret pc=0x000001c6146e005c method=java.io.File.getName()Ljava/lang/String; @ 16 c2
Event: 3.689 Thread 0x000001c6261ac800 DEOPT PACKING pc=0x000001c6146e005c sp=0x000000528bffc910
Event: 3.689 Thread 0x000001c6261ac800 DEOPT UNPACKING pc=0x000001c60cbda1af sp=0x000000528bffc8e0 mode 2
Event: 3.689 Thread 0x000001c6261ac800 Uncommon trap: trap_request=0xffffff4d fr.pc=0x000001c6146da334 relative=0x0000000000000474
Event: 3.689 Thread 0x000001c6261ac800 Uncommon trap: reason=unstable_if action=reinterpret pc=0x000001c6146da334 method=java.lang.String.substring(I)Ljava/lang/String; @ 34 c2
Event: 3.689 Thread 0x000001c6261ac800 DEOPT PACKING pc=0x000001c6146da334 sp=0x000000528bffc890
Event: 3.689 Thread 0x000001c6261ac800 DEOPT UNPACKING pc=0x000001c60cbda1af sp=0x000000528bffc868 mode 2
Event: 4.008 Thread 0x000001c6261ac800 Uncommon trap: trap_request=0xffffff4d fr.pc=0x000001c614750098 relative=0x0000000000000398
Event: 4.008 Thread 0x000001c6261ac800 Uncommon trap: reason=unstable_if action=reinterpret pc=0x000001c614750098 method=jdk.internal.org.objectweb.asm.Type.getArgumentsAndReturnSizes(Ljava/lang/String;)I @ 88 c2
Event: 4.008 Thread 0x000001c6261ac800 DEOPT PACKING pc=0x000001c614750098 sp=0x000000528bff93f0
Event: 4.008 Thread 0x000001c6261ac800 DEOPT UNPACKING pc=0x000001c60cbda1af sp=0x000000528bff9378 mode 2

Classes redefined (0 events):
No events

Internal exceptions (20 events):
Event: 0.816 Thread 0x000001c609064000 Exception <a 'java/lang/NoSuchMethodError'{0x000000008ebfb8a0}: 'void java.lang.invoke.DelegatingMethodHandle$Holder.delegate(java.lang.Object, java.lang.Object, int, java.lang.Object)'> (0x000000008ebfb8a0) thrown at [src/hotspot/share/interpreter/linkResolver.cpp, line 773]
Event: 1.711 Thread 0x000001c609064000 Exception <a 'java/security/PrivilegedActionException'{0x000000008dc75420}> (0x000000008dc75420) thrown at [src/hotspot/share/prims/jvm.cpp, line 1306]
Event: 1.712 Thread 0x000001c609064000 Exception <a 'java/security/PrivilegedActionException'{0x000000008dc75998}> (0x000000008dc75998) thrown at [src/hotspot/share/prims/jvm.cpp, line 1306]
Event: 2.054 Thread 0x000001c609064000 Exception <a 'java/lang/NoSuchMethodError'{0x000000008cb90e48}: 'java.lang.Object java.lang.invoke.DirectMethodHandle$Holder.invokeStaticInit(java.lang.Object, java.lang.Object, java.lang.Object)'> (0x000000008cb90e48) thrown at [src/hotspot/share/interpreter/linkResolver.cpp, line 773]
Event: 2.302 Thread 0x000001c609064000 Exception <a 'java/lang/NoSuchMethodError'{0x000000008c42d680}: 'java.lang.Object java.lang.invoke.DirectMethodHandle$Holder.invokeStaticInit(java.lang.Object, int, int, int, int)'> (0x000000008c42d680) thrown at [src/hotspot/share/interpreter/linkResolver.cpp, line 773]
Event: 2.670 Thread 0x000001c609064000 Exception <a 'java/lang/NoSuchMethodError'{0x000000008c477300}: 'java.lang.Object java.lang.invoke.DirectMethodHandle$Holder.invokeStaticInit(java.lang.Object, java.lang.Object, int, int, int, int)'> (0x000000008c477300) thrown at [src/hotspot/share/interpreter/linkResolver.cpp, line 773]
Event: 3.249 Thread 0x000001c609064000 Exception <a 'java/io/IOException'{0x000000008c2cdee8}> (0x000000008c2cdee8) thrown at [src/hotspot/share/prims/jni.cpp, line 617]
Event: 3.407 Thread 0x000001c6261ac800 Exception <a 'java/lang/NoSuchMethodError'{0x000000008ba094f0}: 'long java.lang.invoke.DirectMethodHandle$Holder.invokeInterface(java.lang.Object, java.lang.Object)'> (0x000000008ba094f0) thrown at [src/hotspot/share/interpreter/linkResolver.cpp, line 773]
Event: 3.409 Thread 0x000001c6261ac800 Exception <a 'java/lang/NoSuchMethodError'{0x000000008ba16590}: 'void java.lang.invoke.DelegatingMethodHandle$Holder.reinvoke_L(java.lang.Object, java.lang.Object, java.lang.Object, java.lang.Object, java.lang.Object, java.lang.Object, java.lang.Object)'> (0x000000008ba16590) thrown at [src/hotspot/share/interpreter/linkResolver.cpp, line 773]
Event: 3.511 Thread 0x000001c6261ac800 Exception <a 'java/lang/NoSuchMethodError'{0x000000008b23a048}: 'void java.lang.invoke.DirectMethodHandle$Holder.invokeStaticInit(java.lang.Object)'> (0x000000008b23a048) thrown at [src/hotspot/share/interpreter/linkResolver.cpp, line 773]
Event: 3.530 Thread 0x000001c6261ac800 Exception <a 'java/lang/NoSuchMethodError'{0x000000008b2f4c88}: 'java.lang.Object java.lang.invoke.DirectMethodHandle$Holder.invokeStatic(java.lang.Object, java.lang.Object, java.lang.Object, int)'> (0x000000008b2f4c88) thrown at [src/hotspot/share/interpreter/linkResolver.cpp, line 773]
Event: 3.531 Thread 0x000001c6261ac800 Exception <a 'java/lang/NoSuchMethodError'{0x000000008b2f8e50}: 'java.lang.Object java.lang.invoke.DirectMethodHandle$Holder.invokeSpecial(java.lang.Object, java.lang.Object, java.lang.Object, java.lang.Object, int)'> (0x000000008b2f8e50) thrown at [src/hotspot/share/interpreter/linkResolver.cpp, line 773]
Event: 3.531 Thread 0x000001c6261ac800 Exception <a 'java/lang/NoSuchMethodError'{0x000000008b2fc838}: 'java.lang.Object java.lang.invoke.Invokers$Holder.linkToTargetMethod(java.lang.Object, java.lang.Object, int, java.lang.Object)'> (0x000000008b2fc838) thrown at [src/hotspot/share/interpreter/linkResolver.cpp, line 773]
Event: 3.722 Thread 0x000001c6261ac800 Exception <a 'java/lang/NoSuchMethodError'{0x000000008a83e8b0}: 'java.lang.Object java.lang.invoke.Invokers$Holder.linkToTargetMethod(java.lang.Object, java.lang.Object, java.lang.Object, java.lang.Object, java.lang.Object, java.lang.Object)'> (0x000000008a83e8b0) thrown at [src/hotspot/share/interpreter/linkResolver.cpp, line 773]
Event: 3.937 Thread 0x000001c6261ac800 Exception <a 'java/lang/NoSuchMethodError'{0x000000008fdfe528}: 'int java.lang.invoke.DirectMethodHandle$Holder.invokeSpecialIFC(java.lang.Object, java.lang.Object, java.lang.Object, java.lang.Object)'> (0x000000008fdfe528) thrown at [src/hotspot/share/interpreter/linkResolver.cpp, line 773]
Event: 3.939 Thread 0x000001c6261ac800 Exception <a 'java/lang/NoSuchMethodError'{0x000000008fc0c968}: 'java.lang.Object java.lang.invoke.DirectMethodHandle$Holder.invokeInterface(java.lang.Object, java.lang.Object, java.lang.Object)'> (0x000000008fc0c968) thrown at [src/hotspot/share/interpreter/linkResolver.cpp, line 773]
Event: 3.939 Thread 0x000001c6261ac800 Exception <a 'java/lang/IncompatibleClassChangeError'{0x000000008fc0fe40}: Found class java.lang.Object, but interface was expected> (0x000000008fc0fe40) thrown at [src/hotspot/share/interpreter/linkResolver.cpp, line 839]
Event: 4.062 Thread 0x000001c6261ac800 Exception <a 'java/lang/NoSuchMethodError'{0x000000008f574b28}: 'void java.lang.invoke.DirectMethodHandle$Holder.invokeSpecial(java.lang.Object, java.lang.Object, java.lang.Object, java.lang.Object, java.lang.Object)'> (0x000000008f574b28) thrown at [src/hotspot/share/interpreter/linkResolver.cpp, line 773]
Event: 4.093 Thread 0x000001c6261ac800 Exception <a 'java/lang/NoSuchMethodError'{0x000000008f3b0588}: 'java.lang.Object java.lang.invoke.DirectMethodHandle$Holder.invokeSpecial(java.lang.Object, java.lang.Object, java.lang.Object, java.lang.Object, java.lang.Object, java.lang.Object, java.lang.Object, java.lang.Object, java.lang.Object)'> (0x000000008f3b0588) thrown at [src/hotspot/share/interpreter/linkResolver.cpp, line 773]
Event: 4.186 Thread 0x000001c6261ac800 Exception <a 'java/lang/NoSuchMethodError'{0x000000008e8463a8}: 'java.lang.Object java.lang.invoke.DirectMethodHandle$Holder.invokeVirtual(java.lang.Object, java.lang.Object, java.lang.Object, java.lang.Object)'> (0x000000008e8463a8) thrown at [src/hotspot/share/interpreter/linkResolver.cpp, line 773]

Events (20 events):
Event: 4.228 loading class org/gradle/api/plugins/PluginManager
Event: 4.228 loading class org/gradle/api/plugins/PluginManager done
Event: 4.228 loading class org/gradle/api/execution/TaskExecutionGraph
Event: 4.228 loading class org/gradle/api/execution/TaskExecutionGraph done
Event: 4.229 loading class org/gradle/api/UnknownDomainObjectException
Event: 4.229 loading class org/gradle/api/UnknownDomainObjectException done
Event: 4.229 loading class org/gradle/internal/MutableActionSet
Event: 4.229 loading class org/gradle/internal/MutableActionSet done
Event: 4.230 loading class groovy/lang/Closure
Event: 4.230 loading class groovy/lang/Closure done
Event: 4.230 loading class groovy/lang/GroovyCallable
Event: 4.230 loading class groovy/lang/GroovyCallable done
Event: 4.231 loading class groovy/lang/GroovyObjectSupport
Event: 4.231 loading class groovy/lang/GroovyObjectSupport done
Event: 4.231 loading class org/gradle/util/Path
Event: 4.231 loading class org/gradle/util/Path done
Event: 4.232 loading class org/gradle/api/internal/SettingsInternal
Event: 4.232 loading class org/gradle/api/internal/SettingsInternal done
Event: 4.232 loading class org/gradle/api/initialization/Settings
Event: 4.232 loading class org/gradle/api/initialization/Settings done


Dynamic libraries:
0x00007ff7e6370000 - 0x00007ff7e637a000 	D:\projetos\Android Studio\jbr\bin\java.exe
0x00007ffdeb940000 - 0x00007ffdebb49000 	C:\WINDOWS\SYSTEM32\ntdll.dll
0x00007ffdea0e0000 - 0x00007ffdea19e000 	C:\WINDOWS\System32\KERNEL32.DLL
0x00007ffde90d0000 - 0x00007ffde9454000 	C:\WINDOWS\System32\KERNELBASE.dll
0x00007ffde95f0000 - 0x00007ffde9701000 	C:\WINDOWS\System32\ucrtbase.dll
0x00007ffde2160000 - 0x00007ffde2177000 	D:\projetos\Android Studio\jbr\bin\jli.dll
0x00007ffde2080000 - 0x00007ffde209b000 	D:\projetos\Android Studio\jbr\bin\VCRUNTIME140.dll
0x00007ffde9850000 - 0x00007ffde99fd000 	C:\WINDOWS\System32\USER32.dll
0x00007ffde95c0000 - 0x00007ffde95e6000 	C:\WINDOWS\System32\win32u.dll
0x00007ffdcc060000 - 0x00007ffdcc305000 	C:\WINDOWS\WinSxS\amd64_microsoft.windows.common-controls_6595b64144ccf1df_6.0.22000.120_none_9d947278b86cc467\COMCTL32.dll
0x00007ffde9a00000 - 0x00007ffde9aa3000 	C:\WINDOWS\System32\msvcrt.dll
0x00007ffdea200000 - 0x00007ffdea22a000 	C:\WINDOWS\System32\GDI32.dll
0x00007ffde8f40000 - 0x00007ffde905f000 	C:\WINDOWS\System32\gdi32full.dll
0x00007ffde9520000 - 0x00007ffde95bd000 	C:\WINDOWS\System32\msvcp_win.dll
0x00007ffdea5b0000 - 0x00007ffdea5e1000 	C:\WINDOWS\System32\IMM32.DLL
0x00007ffde2150000 - 0x00007ffde215c000 	D:\projetos\Android Studio\jbr\bin\vcruntime140_1.dll
0x00007ffdd2890000 - 0x00007ffdd291d000 	D:\projetos\Android Studio\jbr\bin\msvcp140.dll
0x00007ffd980a0000 - 0x00007ffd98c5c000 	D:\projetos\Android Studio\jbr\bin\server\jvm.dll
0x00007ffde9b90000 - 0x00007ffde9c3f000 	C:\WINDOWS\System32\ADVAPI32.dll
0x00007ffdeb5d0000 - 0x00007ffdeb66e000 	C:\WINDOWS\System32\sechost.dll
0x00007ffdeb4a0000 - 0x00007ffdeb5c1000 	C:\WINDOWS\System32\RPCRT4.dll
0x00007ffde97a0000 - 0x00007ffde97a8000 	C:\WINDOWS\System32\PSAPI.DLL
0x00007ffddf9a0000 - 0x00007ffddf9d3000 	C:\WINDOWS\SYSTEM32\WINMM.dll
0x00007ffdddf00000 - 0x00007ffdddf0a000 	C:\WINDOWS\SYSTEM32\VERSION.dll
0x00007ffdcabe0000 - 0x00007ffdcabe9000 	C:\WINDOWS\SYSTEM32\WSOCK32.dll
0x00007ffdeaa50000 - 0x00007ffdeaabf000 	C:\WINDOWS\System32\WS2_32.dll
0x00007ffde7f30000 - 0x00007ffde7f48000 	C:\WINDOWS\SYSTEM32\kernel.appcore.dll
0x00007ffdde800000 - 0x00007ffdde810000 	D:\projetos\Android Studio\jbr\bin\verify.dll
0x00007ffde3830000 - 0x00007ffde3a51000 	C:\WINDOWS\SYSTEM32\DBGHELP.DLL
0x00007ffdc8590000 - 0x00007ffdc85c1000 	C:\WINDOWS\SYSTEM32\dbgcore.DLL
0x00007ffde9710000 - 0x00007ffde978f000 	C:\WINDOWS\System32\bcryptPrimitives.dll
0x00007ffd99080000 - 0x00007ffd990a8000 	D:\projetos\Android Studio\jbr\bin\java.dll
0x00007ffda13c0000 - 0x00007ffda13ca000 	D:\projetos\Android Studio\jbr\bin\jimage.dll
0x00007ffd99060000 - 0x00007ffd99078000 	D:\projetos\Android Studio\jbr\bin\zip.dll
0x00007ffdeacd0000 - 0x00007ffdeb495000 	C:\WINDOWS\System32\SHELL32.dll
0x00007ffde6eb0000 - 0x00007ffde7712000 	C:\WINDOWS\SYSTEM32\windows.storage.dll
0x00007ffdea230000 - 0x00007ffdea5a6000 	C:\WINDOWS\System32\combase.dll
0x00007ffde6d40000 - 0x00007ffde6ea7000 	C:\WINDOWS\SYSTEM32\wintypes.dll
0x00007ffdea730000 - 0x00007ffdea81a000 	C:\WINDOWS\System32\SHCORE.dll
0x00007ffdea1a0000 - 0x00007ffdea1fd000 	C:\WINDOWS\System32\shlwapi.dll
0x00007ffde8d00000 - 0x00007ffde8d25000 	C:\WINDOWS\SYSTEM32\profapi.dll
0x00007ffdb25e0000 - 0x00007ffdb25f9000 	D:\projetos\Android Studio\jbr\bin\net.dll
0x00007ffde0420000 - 0x00007ffde0534000 	C:\WINDOWS\SYSTEM32\WINHTTP.dll
0x00007ffde83e0000 - 0x00007ffde8447000 	C:\WINDOWS\system32\mswsock.dll
0x00007ffd99040000 - 0x00007ffd99053000 	D:\projetos\Android Studio\jbr\bin\nio.dll
0x00007ffdad180000 - 0x00007ffdad1a7000 	C:\Users\jorge\.gradle\native\e1d6ef7f7dcc3fd88c89a11ec53ec762bb8ba0a96d01ffa2cd45eb1d1d8dd5c5\windows-amd64\native-platform.dll
0x00007ffdd2500000 - 0x00007ffdd2644000 	C:\Users\jorge\.gradle\native\0d407fdbe67a94daf76414ababcb853783967236a71b16ec16e742cd7a986fd3\windows-amd64\native-platform-file-events.dll
0x00007ffda13b0000 - 0x00007ffda13ba000 	D:\projetos\Android Studio\jbr\bin\management.dll
0x00007ffd99030000 - 0x00007ffd9903b000 	D:\projetos\Android Studio\jbr\bin\management_ext.dll
0x00007ffde8620000 - 0x00007ffde8638000 	C:\WINDOWS\SYSTEM32\CRYPTSP.dll
0x00007ffde7e90000 - 0x00007ffde7ec5000 	C:\WINDOWS\system32\rsaenh.dll
0x00007ffde84d0000 - 0x00007ffde84fc000 	C:\WINDOWS\SYSTEM32\USERENV.dll
0x00007ffde87a0000 - 0x00007ffde87c7000 	C:\WINDOWS\SYSTEM32\bcrypt.dll
0x00007ffde8640000 - 0x00007ffde864c000 	C:\WINDOWS\SYSTEM32\CRYPTBASE.dll
0x00007ffde79d0000 - 0x00007ffde79fd000 	C:\WINDOWS\SYSTEM32\IPHLPAPI.DLL
0x00007ffdea820000 - 0x00007ffdea829000 	C:\WINDOWS\System32\NSI.dll
0x00007ffddf920000 - 0x00007ffddf939000 	C:\WINDOWS\SYSTEM32\dhcpcsvc6.DLL
0x00007ffddfcd0000 - 0x00007ffddfcee000 	C:\WINDOWS\SYSTEM32\dhcpcsvc.DLL
0x00007ffde7a00000 - 0x00007ffde7ae7000 	C:\WINDOWS\SYSTEM32\DNSAPI.dll

dbghelp: loaded successfully - version: 4.0.5 - missing functions: none
symbol engine: initialized successfully - sym options: 0x614 - pdb path: .;D:\projetos\Android Studio\jbr\bin;C:\WINDOWS\SYSTEM32;C:\WINDOWS\WinSxS\amd64_microsoft.windows.common-controls_6595b64144ccf1df_6.0.22000.120_none_9d947278b86cc467;D:\projetos\Android Studio\jbr\bin\server;C:\Users\jorge\.gradle\native\e1d6ef7f7dcc3fd88c89a11ec53ec762bb8ba0a96d01ffa2cd45eb1d1d8dd5c5\windows-amd64;C:\Users\jorge\.gradle\native\0d407fdbe67a94daf76414ababcb853783967236a71b16ec16e742cd7a986fd3\windows-amd64

VM Arguments:
jvm_args: --add-opens=java.base/java.util=ALL-UNNAMED --add-opens=java.base/java.lang=ALL-UNNAMED --add-opens=java.base/java.lang.invoke=ALL-UNNAMED --add-opens=java.base/java.util=ALL-UNNAMED --add-opens=java.prefs/java.util.prefs=ALL-UNNAMED --add-opens=java.prefs/java.util.prefs=ALL-UNNAMED --add-opens=java.base/java.nio.charset=ALL-UNNAMED --add-opens=java.base/java.net=ALL-UNNAMED --add-opens=java.base/java.util.concurrent.atomic=ALL-UNNAMED -Xmx2048m -Dfile.encoding=UTF-8 -Duser.country=BR -Duser.language=pt -Duser.variant 
java_command: org.gradle.launcher.daemon.bootstrap.GradleDaemon 7.5
java_class_path (initial): C:\Users\jorge\.gradle\wrapper\dists\gradle-7.5-bin\f1w0cc9nuo0eivz97x2xlu9sv\gradle-7.5\lib\gradle-launcher-7.5.jar
Launcher Type: SUN_STANDARD

[Global flags]
     intx CICompilerCount                          = 4                                         {product} {ergonomic}
     uint ConcGCThreads                            = 2                                         {product} {ergonomic}
     uint G1ConcRefinementThreads                  = 8                                         {product} {ergonomic}
   size_t G1HeapRegionSize                         = 1048576                                   {product} {ergonomic}
    uintx GCDrainStackTargetSize                   = 64                                        {product} {ergonomic}
   size_t InitialHeapSize                          = 266338304                                 {product} {ergonomic}
   size_t MarkStackSize                            = 4194304                                   {product} {ergonomic}
   size_t MaxHeapSize                              = 2147483648                                {product} {command line}
   size_t MaxNewSize                               = 1287651328                                {product} {ergonomic}
   size_t MinHeapDeltaBytes                        = 1048576                                   {product} {ergonomic}
    uintx NonNMethodCodeHeapSize                   = 5836300                                {pd product} {ergonomic}
    uintx NonProfiledCodeHeapSize                  = 122910970                              {pd product} {ergonomic}
    uintx ProfiledCodeHeapSize                     = 122910970                              {pd product} {ergonomic}
    uintx ReservedCodeCacheSize                    = 251658240                              {pd product} {ergonomic}
     bool SegmentedCodeCache                       = true                                      {product} {ergonomic}
     bool UseCompressedClassPointers               = true                                 {lp64_product} {ergonomic}
     bool UseCompressedOops                        = true                                 {lp64_product} {ergonomic}
     bool UseG1GC                                  = true                                      {product} {ergonomic}
     bool UseLargePagesIndividualAllocation        = false                                  {pd product} {ergonomic}

Logging:
Log output configuration:
 #0: stdout all=warning uptime,level,tags
 #1: stderr all=off uptime,level,tags

Environment Variables:
PATH=C:\Program Files\Common Files\Oracle\Java\javapath;C:\Program Files (x86)\Common Files\Oracle\Java\javapath;C:\Program Files\Java\jdk-15.0.2\bin;C:\Program Files (x86)\Intel\Intel(R) Management Engine Components\iCLS\;C:\Program Files\Intel\Intel(R) Management Engine Components\iCLS\;C:\Windows\system32;C:\Windows;C:\Windows\System32\Wbem;C:\Windows\System32\WindowsPowerShell\v1.0\;C:\Windows\System32\OpenSSH\;C:\Program Files (x86)\Intel\Intel(R) Management Engine Components\DAL;C:\Program Files\Intel\Intel(R) Management Engine Components\DAL;C:\Program Files\Intel\WiFi\bin\;C:\Program Files\Common Files\Intel\WirelessCommon\;C:\Program Files (x86)\NVIDIA Corporation\PhysX\Common;C:\WINDOWS\system32;C:\WINDOWS;C:\WINDOWS\System32\Wbem;C:\WINDOWS\System32\WindowsPowerShell\v1.0\;C:\WINDOWS\System32\OpenSSH\;C:\Program Files\dotnet\;C:\Program Files\Microsoft SQL Server\130\Tools\Binn\;D:\projetos\Git\Git\cmd;D:\projetos\MongoDB\Server\4.4\bin;C:\Program Files (x86)\dotnet\;D:\projetos\MinGw\bin;C:\Program Files\MySQL\MySQL Server 8.0\bin;D:\projetos\Python\Python310;D:\projetos\Python\Python310\Scripts;D:\projetos\Python39;D:\projetos\Python39\Scripts;C:\Program Files\Java\jdk-15.0.2;D:\projetos\PuTTY\;D:\projetos\Python\Python310\Scripts\;D:\projetos\Python\Python310\;C:\Program Files\MySQL\MySQL Shell 8.0\bin\;C:\Users\jorge\AppData\Local\Microsoft\WindowsApps;C:\Users\jorge\.dotnet\tools;D:\projetos\Heroku\bin;C:\Users\jorge\AppData\Local\atom\bin;D:\projetos\Microsoft VS Code\bin;D:\projetos\PHP;;C:\Users\jorge\AppData\Local\Microsoft\WindowsApps;D:\projetos\JetBrains\IntelliJ IDEA 2023.2.2\bin;;D:\projetos\JetBrains\WebStorm 2023.2.2\bin;;D:\projetos\JetBrains\IntelliJ IDEA Community Edition 2023.2.2\bin;
USERNAME=jorge
OS=Windows_NT
PROCESSOR_IDENTIFIER=Intel64 Family 6 Model 142 Stepping 11, GenuineIntel



---------------  S Y S T E M  ---------------

OS: Windows 11 , 64 bit Build 22000 (10.0.22000.2124)
OS uptime: 0 days 4:40 hours

CPU:total 8 (initial active 8) (4 cores per cpu, 2 threads per core) family 6 model 142 stepping 11 microcode 0xde, cmov, cx8, fxsr, mmx, sse, sse2, sse3, ssse3, sse4.1, sse4.2, popcnt, avx, avx2, aes, clmul, erms, 3dnowpref, lzcnt, ht, tsc, tscinvbit, bmi1, bmi2, adx, fma

Memory: 4k page, system-wide physical 16192M (1118M free)
TotalPageFile size 22026M (AvailPageFile size 5M)
current process WorkingSet (physical memory assigned to process): 230M, peak: 230M
current process commit charge ("private bytes"): 407M, peak: 407M

vm_info: OpenJDK 64-Bit Server VM (11.0.15+0-b2043.56-9505619) for windows-amd64 JRE (11.0.15+0-b2043.56-9505619), built on Jan 19 2023 02:48:00 by "builduser" with unknown MS VC++:1929

END.
