#
# There is insufficient memory for the Java Runtime Environment to continue.
# Native memory allocation (malloc) failed to allocate 1028336 bytes for Chunk::new
# Possible reasons:
#   The system is out of physical RAM or swap space
#   The process is running with CompressedOops enabled, and the Java Heap may be blocking the growth of the native heap
# Possible solutions:
#   Reduce memory load on the system
#   Increase physical memory or swap space
#   Check if swap backing store is full
#   Decrease Java heap size (-Xmx/-Xms)
#   Decrease number of Java threads
#   Decrease Java thread stack sizes (-Xss)
#   Set larger code cache with -XX:ReservedCodeCacheSize=
#   JVM is running with Zero Based Compressed Oops mode in which the Java heap is
#     placed in the first 32GB address space. The Java Heap base address is the
#     maximum limit for the native heap growth. Please use -XX:HeapBaseMinAddress
#     to set the Java Heap base and to place the Java Heap above 32GB virtual address.
# This output file may be truncated or incomplete.
#
#  Out of Memory Error (src/hotspot/share/memory/arena.cpp:197), pid=17400, tid=14232
#
# JRE version: OpenJDK Runtime Environment (11.0.15) (build 11.0.15+0-b2043.56-9505619)
# Java VM: OpenJDK 64-Bit Server VM (11.0.15+0-b2043.56-9505619, mixed mode, tiered, compressed oops, g1 gc, windows-amd64)
# No core dump will be written. Minidumps are not enabled by default on client versions of Windows
#

---------------  S U M M A R Y ------------

Command Line: --add-opens=java.base/java.util=ALL-UNNAMED --add-opens=java.base/java.lang=ALL-UNNAMED --add-opens=java.base/java.lang.invoke=ALL-UNNAMED --add-opens=java.base/java.util=ALL-UNNAMED --add-opens=java.prefs/java.util.prefs=ALL-UNNAMED --add-opens=java.prefs/java.util.prefs=ALL-UNNAMED --add-opens=java.base/java.nio.charset=ALL-UNNAMED --add-opens=java.base/java.net=ALL-UNNAMED --add-opens=java.base/java.util.concurrent.atomic=ALL-UNNAMED -Xmx4096m -Dfile.encoding=windows-1252 -Duser.country=BR -Duser.language=pt -Duser.variant org.gradle.launcher.daemon.bootstrap.GradleDaemon 7.5

Host: Intel(R) Core(TM) i7-8565U CPU @ 1.80GHz, 8 cores, 15G,  Windows 11 , 64 bit Build 22000 (10.0.22000.2538)
Time: Mon Nov 20 18:41:18 2023 Hora oficial do Brasil elapsed time: 56.004169 seconds (0d 0h 0m 56s)

---------------  T H R E A D  ---------------

Current thread (0x00000287342a9000):  JavaThread "C2 CompilerThread0" daemon [_thread_in_native, id=14232, stack(0x000000ceb8000000,0x000000ceb8100000)]


Current CompileTask:
C2:  56004 12241   !   4       com.google.common.cache.LocalCache$Segment::lockedGetOrLoad (447 bytes)

Stack: [0x000000ceb8000000,0x000000ceb8100000]
Native frames: (J=compiled Java code, j=interpreted, Vv=VM code, C=native code)
V  [jvm.dll+0x64135a]
V  [jvm.dll+0x7d39f9]
V  [jvm.dll+0x7d51b9]
V  [jvm.dll+0x7d58a3]
V  [jvm.dll+0x2691c5]
V  [jvm.dll+0xc1a5c]
V  [jvm.dll+0xc200c]
V  [jvm.dll+0x3774a7]
V  [jvm.dll+0x1b3732]
V  [jvm.dll+0x22163e]
V  [jvm.dll+0x220498]
V  [jvm.dll+0x19e851]
V  [jvm.dll+0x230479]
V  [jvm.dll+0x22e5ef]
V  [jvm.dll+0x794de1]
V  [jvm.dll+0x78dc24]
V  [jvm.dll+0x6400f6]
C  [ucrtbase.dll+0x26c0c]
C  [KERNEL32.DLL+0x153e0]
C  [ntdll.dll+0x485b]


---------------  P R O C E S S  ---------------

Threads class SMR info:
_java_thread_list=0x000002873b4e1170, length=135, elements={
0x00000287147b9800, 0x00000287339a6000, 0x0000028733993000, 0x00000287342a2800,
0x00000287342a3000, 0x00000287342a5000, 0x00000287342a9000, 0x00000287342ad800,
0x00000287342af800, 0x0000028734417000, 0x0000028736bc6000, 0x00000287378df000,
0x0000028736b07800, 0x00000287366da800, 0x0000028736a39000, 0x00000287354e6800,
0x00000287354e7000, 0x0000028736308000, 0x0000028736309000, 0x0000028736689000,
0x000002873668b800, 0x0000028736689800, 0x000002873668a800, 0x000002873668d800,
0x0000028736688000, 0x000002873668c000, 0x000002873668d000, 0x000002873668e800,
0x0000028735b98000, 0x0000028735b99000, 0x0000028735b9a800, 0x0000028735b97800,
0x0000028735b96800, 0x0000028735b9f800, 0x0000028735b9c800, 0x0000028735b9d000,
0x0000028735b9b800, 0x0000028735b9e000, 0x0000028735ba0800, 0x0000028735ba5000,
0x0000028735ba3000, 0x0000028735ba1000, 0x0000028735ba2000, 0x0000028735ba3800,
0x0000028735ba4800, 0x0000028736a09800, 0x0000028736a08800, 0x0000028736a06000,
0x0000028736a0b000, 0x0000028736a0a000, 0x0000028736a05000, 0x0000028736a0c000,
0x0000028736a0c800, 0x0000028736a07000, 0x0000028736a0d800, 0x0000028736a07800,
0x0000028736a10000, 0x0000028736a0e000, 0x0000028736a12800, 0x0000028736a10800,
0x0000028736a0f000, 0x0000028736a13000, 0x0000028736a14000, 0x0000028736a11800,
0x00000287365b4800, 0x00000287365b3800, 0x00000287365b8800, 0x00000287365b9000,
0x00000287365ba000, 0x00000287365b6000, 0x00000287365b6800, 0x00000287365b7800,
0x00000287365b5000, 0x00000287387a1000, 0x000002873879f800, 0x000002873879c000,
0x000002873879d000, 0x000002873879b800, 0x00000287387a2000, 0x00000287387a3800,
0x000002873879e800, 0x00000287387a3000, 0x00000287387a0800, 0x000002873879e000,
0x00000287387a5000, 0x00000287387a6000, 0x00000287387a7000, 0x00000287387a4800,
0x00000287387a7800, 0x00000287387a8800, 0x00000287387a9800, 0x00000287387aa000,
0x0000028736771800, 0x0000028736770800, 0x000002873676e000, 0x0000028736772000,
0x0000028736773000, 0x0000028736774000, 0x0000028736774800, 0x000002873676f000,
0x0000028736775800, 0x0000028736770000, 0x0000028736778800, 0x0000028736779800,
0x000002873677a800, 0x0000028736776800, 0x000002873677b000, 0x0000028736778000,
0x000002873677c000, 0x0000028736777000, 0x000002873677d000, 0x00000287399bb800,
0x00000287399b9800, 0x00000287399b8800, 0x00000287399bc800, 0x00000287399ba000,
0x00000287399b7000, 0x00000287399bb000, 0x00000287399bd800, 0x00000287399b7800,
0x00000287399c3000, 0x00000287399bf000, 0x00000287399c0000, 0x00000287399c0800,
0x00000287399c4000, 0x00000287399c2800, 0x00000287399c1800, 0x00000287399be000,
0x00000287399c4800, 0x00000287399c5800, 0x000002873af82800, 0x000002873af81000,
0x000002873af81800, 0x000002873af7e800, 0x0000028737fcd800
}

Java Threads: ( => current thread )
  0x00000287147b9800 JavaThread "main" [_thread_blocked, id=9956, stack(0x000000ceb7400000,0x000000ceb7500000)]
  0x00000287339a6000 JavaThread "Reference Handler" daemon [_thread_blocked, id=1084, stack(0x000000ceb7b00000,0x000000ceb7c00000)]
  0x0000028733993000 JavaThread "Finalizer" daemon [_thread_blocked, id=18328, stack(0x000000ceb7c00000,0x000000ceb7d00000)]
  0x00000287342a2800 JavaThread "Signal Dispatcher" daemon [_thread_blocked, id=17980, stack(0x000000ceb7d00000,0x000000ceb7e00000)]
  0x00000287342a3000 JavaThread "Attach Listener" daemon [_thread_blocked, id=1980, stack(0x000000ceb7e00000,0x000000ceb7f00000)]
  0x00000287342a5000 JavaThread "Service Thread" daemon [_thread_blocked, id=340, stack(0x000000ceb7f00000,0x000000ceb8000000)]
=>0x00000287342a9000 JavaThread "C2 CompilerThread0" daemon [_thread_in_native, id=14232, stack(0x000000ceb8000000,0x000000ceb8100000)]
  0x00000287342ad800 JavaThread "C1 CompilerThread0" daemon [_thread_blocked, id=21004, stack(0x000000ceb8100000,0x000000ceb8200000)]
  0x00000287342af800 JavaThread "Sweeper thread" daemon [_thread_blocked, id=20932, stack(0x000000ceb8200000,0x000000ceb8300000)]
  0x0000028734417000 JavaThread "Common-Cleaner" daemon [_thread_blocked, id=17288, stack(0x000000ceb8300000,0x000000ceb8400000)]
  0x0000028736bc6000 JavaThread "Daemon health stats" [_thread_blocked, id=12172, stack(0x000000ceb8b00000,0x000000ceb8c00000)]
  0x00000287378df000 JavaThread "Incoming local TCP Connector on port 56042" [_thread_in_native, id=2652, stack(0x000000ceb8500000,0x000000ceb8600000)]
  0x0000028736b07800 JavaThread "Daemon periodic checks" [_thread_blocked, id=21428, stack(0x000000ceb8c00000,0x000000ceb8d00000)]
  0x00000287366da800 JavaThread "Daemon" [_thread_blocked, id=20064, stack(0x000000ceb8d00000,0x000000ceb8e00000)]
  0x0000028736a39000 JavaThread "Handler for socket connection from /127.0.0.1:56042 to /127.0.0.1:56043" [_thread_in_native, id=19764, stack(0x000000ceb8e00000,0x000000ceb8f00000)]
  0x00000287354e6800 JavaThread "Cancel handler" [_thread_blocked, id=17948, stack(0x000000ceb8f00000,0x000000ceb9000000)]
  0x00000287354e7000 JavaThread "Daemon worker" [_thread_blocked, id=19900, stack(0x000000ceb9000000,0x000000ceb9100000)]
  0x0000028736308000 JavaThread "Asynchronous log dispatcher for DefaultDaemonConnection: socket connection from /127.0.0.1:56042 to /127.0.0.1:56043" [_thread_blocked, id=7716, stack(0x000000ceb9100000,0x000000ceb9200000)]
  0x0000028736309000 JavaThread "Stdin handler" [_thread_blocked, id=15576, stack(0x000000ceb9200000,0x000000ceb9300000)]
  0x0000028736689000 JavaThread "Daemon client event forwarder" [_thread_blocked, id=19428, stack(0x000000ceb9300000,0x000000ceb9400000)]
  0x000002873668b800 JavaThread "Cache worker for journal cache (C:\Users\jorge\.gradle\caches\journal-1)" [_thread_blocked, id=21248, stack(0x000000ceb9500000,0x000000ceb9600000)]
  0x0000028736689800 JavaThread "File lock request listener" [_thread_in_native, id=19932, stack(0x000000ceb9600000,0x000000ceb9700000)]
  0x000002873668a800 JavaThread "Cache worker for file hash cache (C:\Users\jorge\.gradle\caches\7.5\fileHashes)" [_thread_blocked, id=20824, stack(0x000000ceb9900000,0x000000ceb9a00000)]
  0x000002873668d800 JavaThread "File watcher server" daemon [_thread_in_native, id=21484, stack(0x000000ceb9c00000,0x000000ceb9d00000)]
  0x0000028736688000 JavaThread "File watcher consumer" daemon [_thread_blocked, id=20496, stack(0x000000ceb9d00000,0x000000ceb9e00000)]
  0x000002873668c000 JavaThread "Cache worker for checksums cache (D:\projetos\AndroidStudioProjects\Rotine\.gradle\7.5\checksums)" [_thread_blocked, id=21416, stack(0x000000ceb9e00000,0x000000ceb9f00000)]
  0x000002873668d000 JavaThread "Cache worker for cache directory md-rule (C:\Users\jorge\.gradle\caches\7.5\md-rule)" [_thread_blocked, id=17696, stack(0x000000ceb9f00000,0x000000ceba000000)]
  0x000002873668e800 JavaThread "Cache worker for file content cache (C:\Users\jorge\.gradle\caches\7.5\fileContent)" [_thread_blocked, id=18256, stack(0x000000ceba000000,0x000000ceba100000)]
  0x0000028735b98000 JavaThread "Cache worker for file hash cache (D:\projetos\AndroidStudioProjects\Rotine\.gradle\7.5\fileHashes)" [_thread_blocked, id=17204, stack(0x000000ceba100000,0x000000ceba200000)]
  0x0000028735b99000 JavaThread "Cache worker for cache directory md-supplier (C:\Users\jorge\.gradle\caches\7.5\md-supplier)" [_thread_blocked, id=11308, stack(0x000000ceba200000,0x000000ceba300000)]
  0x0000028735b9a800 JavaThread "Cache worker for execution history cache (C:\Users\jorge\.gradle\caches\7.5\executionHistory)" [_thread_in_native, id=592, stack(0x000000ceba300000,0x000000ceba400000)]
  0x0000028735b97800 JavaThread "jar transforms" [_thread_blocked, id=20792, stack(0x000000ceb9a00000,0x000000ceb9b00000)]
  0x0000028735b96800 JavaThread "jar transforms Thread 2" [_thread_blocked, id=19416, stack(0x000000ceba400000,0x000000ceba500000)]
  0x0000028735b9f800 JavaThread "jar transforms Thread 3" [_thread_blocked, id=17940, stack(0x000000ceba500000,0x000000ceba600000)]
  0x0000028735b9c800 JavaThread "jar transforms Thread 4" [_thread_blocked, id=20188, stack(0x000000ceba700000,0x000000ceba800000)]
  0x0000028735b9d000 JavaThread "Cache worker for dependencies-accessors (D:\projetos\AndroidStudioProjects\Rotine\.gradle\7.5\dependencies-accessors)" [_thread_blocked, id=20396, stack(0x000000ceba800000,0x000000ceba900000)]
  0x0000028735b9b800 JavaThread "jar transforms Thread 5" [_thread_blocked, id=5612, stack(0x000000ceba900000,0x000000cebaa00000)]
  0x0000028735b9e000 JavaThread "Cache worker for Build Output Cleanup Cache (D:\projetos\AndroidStudioProjects\Rotine\.gradle\buildOutputCleanup)" [_thread_blocked, id=14500, stack(0x000000ceb9b00000,0x000000ceb9c00000)]
  0x0000028735ba0800 JavaThread "Unconstrained build operations" [_thread_blocked, id=21272, stack(0x000000ceba600000,0x000000ceba700000)]
  0x0000028735ba5000 JavaThread "Unconstrained build operations Thread 2" [_thread_blocked, id=18296, stack(0x000000cebaa00000,0x000000cebab00000)]
  0x0000028735ba3000 JavaThread "Unconstrained build operations Thread 3" [_thread_blocked, id=17724, stack(0x000000cebab00000,0x000000cebac00000)]
  0x0000028735ba1000 JavaThread "Unconstrained build operations Thread 4" [_thread_blocked, id=21124, stack(0x000000cebac00000,0x000000cebad00000)]
  0x0000028735ba2000 JavaThread "Unconstrained build operations Thread 5" [_thread_blocked, id=18784, stack(0x000000cebad00000,0x000000cebae00000)]
  0x0000028735ba3800 JavaThread "Unconstrained build operations Thread 6" [_thread_blocked, id=16516, stack(0x000000cebae00000,0x000000cebaf00000)]
  0x0000028735ba4800 JavaThread "Unconstrained build operations Thread 7" [_thread_blocked, id=328, stack(0x000000cebaf00000,0x000000cebb000000)]
  0x0000028736a09800 JavaThread "Unconstrained build operations Thread 8" [_thread_blocked, id=12560, stack(0x000000cebb000000,0x000000cebb100000)]
  0x0000028736a08800 JavaThread "Unconstrained build operations Thread 9" [_thread_blocked, id=19756, stack(0x000000cebb100000,0x000000cebb200000)]
  0x0000028736a06000 JavaThread "Unconstrained build operations Thread 10" [_thread_in_Java, id=21044, stack(0x000000cebb200000,0x000000cebb300000)]
  0x0000028736a0b000 JavaThread "Unconstrained build operations Thread 11" [_thread_blocked, id=8076, stack(0x000000cebb300000,0x000000cebb400000)]
  0x0000028736a0a000 JavaThread "Unconstrained build operations Thread 12" [_thread_blocked, id=19356, stack(0x000000cebb400000,0x000000cebb500000)]
  0x0000028736a05000 JavaThread "Unconstrained build operations Thread 13" [_thread_blocked, id=16140, stack(0x000000cebb500000,0x000000cebb600000)]
  0x0000028736a0c000 JavaThread "Unconstrained build operations Thread 14" [_thread_in_native, id=19012, stack(0x000000cebb600000,0x000000cebb700000)]
  0x0000028736a0c800 JavaThread "Unconstrained build operations Thread 15" [_thread_blocked, id=18656, stack(0x000000cebb700000,0x000000cebb800000)]
  0x0000028736a07000 JavaThread "Unconstrained build operations Thread 16" [_thread_in_native, id=20548, stack(0x000000cebb800000,0x000000cebb900000)]
  0x0000028736a0d800 JavaThread "Unconstrained build operations Thread 17" [_thread_blocked, id=2284, stack(0x000000cebb900000,0x000000cebba00000)]
  0x0000028736a07800 JavaThread "Unconstrained build operations Thread 18" [_thread_blocked, id=19944, stack(0x000000cebba00000,0x000000cebbb00000)]
  0x0000028736a10000 JavaThread "Unconstrained build operations Thread 19" [_thread_blocked, id=7312, stack(0x000000cebbb00000,0x000000cebbc00000)]
  0x0000028736a0e000 JavaThread "Unconstrained build operations Thread 20" [_thread_blocked, id=19736, stack(0x000000cebbc00000,0x000000cebbd00000)]
  0x0000028736a12800 JavaThread "Unconstrained build operations Thread 21" [_thread_blocked, id=16380, stack(0x000000cebbd00000,0x000000cebbe00000)]
  0x0000028736a10800 JavaThread "Unconstrained build operations Thread 22" [_thread_blocked, id=10676, stack(0x000000cebbe00000,0x000000cebbf00000)]
  0x0000028736a0f000 JavaThread "Unconstrained build operations Thread 23" [_thread_blocked, id=1652, stack(0x000000cebbf00000,0x000000cebc000000)]
  0x0000028736a13000 JavaThread "Unconstrained build operations Thread 24" [_thread_blocked, id=2792, stack(0x000000cebc000000,0x000000cebc100000)]
  0x0000028736a14000 JavaThread "Unconstrained build operations Thread 25" [_thread_blocked, id=15088, stack(0x000000cebc100000,0x000000cebc200000)]
  0x0000028736a11800 JavaThread "Unconstrained build operations Thread 26" [_thread_blocked, id=21436, stack(0x000000cebc200000,0x000000cebc300000)]
  0x00000287365b4800 JavaThread "Unconstrained build operations Thread 27" [_thread_blocked, id=19876, stack(0x000000cebc300000,0x000000cebc400000)]
  0x00000287365b3800 JavaThread "Unconstrained build operations Thread 28" [_thread_blocked, id=17284, stack(0x000000cebc400000,0x000000cebc500000)]
  0x00000287365b8800 JavaThread "Unconstrained build operations Thread 29" [_thread_blocked, id=14300, stack(0x000000cebc500000,0x000000cebc600000)]
  0x00000287365b9000 JavaThread "Unconstrained build operations Thread 30" [_thread_blocked, id=12452, stack(0x000000cebc600000,0x000000cebc700000)]
  0x00000287365ba000 JavaThread "Unconstrained build operations Thread 31" [_thread_blocked, id=14152, stack(0x000000cebc700000,0x000000cebc800000)]
  0x00000287365b6000 JavaThread "Unconstrained build operations Thread 32" [_thread_blocked, id=19924, stack(0x000000cebc800000,0x000000cebc900000)]
  0x00000287365b6800 JavaThread "Unconstrained build operations Thread 33" [_thread_blocked, id=5324, stack(0x000000cebc900000,0x000000cebca00000)]
  0x00000287365b7800 JavaThread "Unconstrained build operations Thread 34" [_thread_blocked, id=19320, stack(0x000000cebca00000,0x000000cebcb00000)]
  0x00000287365b5000 JavaThread "Unconstrained build operations Thread 35" [_thread_blocked, id=16064, stack(0x000000cebcb00000,0x000000cebcc00000)]
  0x00000287387a1000 JavaThread "Unconstrained build operations Thread 36" [_thread_in_native, id=17436, stack(0x000000cebcc00000,0x000000cebcd00000)]
  0x000002873879f800 JavaThread "Unconstrained build operations Thread 37" [_thread_blocked, id=19996, stack(0x000000cebcd00000,0x000000cebce00000)]
  0x000002873879c000 JavaThread "Unconstrained build operations Thread 38" [_thread_blocked, id=3488, stack(0x000000cebce00000,0x000000cebcf00000)]
  0x000002873879d000 JavaThread "Unconstrained build operations Thread 39" [_thread_blocked, id=4700, stack(0x000000cebcf00000,0x000000cebd000000)]
  0x000002873879b800 JavaThread "Unconstrained build operations Thread 40" [_thread_blocked, id=19132, stack(0x000000cebd000000,0x000000cebd100000)]
  0x00000287387a2000 JavaThread "Unconstrained build operations Thread 41" [_thread_blocked, id=6316, stack(0x000000cebd100000,0x000000cebd200000)]
  0x00000287387a3800 JavaThread "Unconstrained build operations Thread 42" [_thread_blocked, id=21464, stack(0x000000cebd200000,0x000000cebd300000)]
  0x000002873879e800 JavaThread "Unconstrained build operations Thread 43" [_thread_blocked, id=13616, stack(0x000000cebd300000,0x000000cebd400000)]
  0x00000287387a3000 JavaThread "Unconstrained build operations Thread 44" [_thread_blocked, id=16756, stack(0x000000cebd400000,0x000000cebd500000)]
  0x00000287387a0800 JavaThread "Unconstrained build operations Thread 45" [_thread_blocked, id=2984, stack(0x000000cebd500000,0x000000cebd600000)]
  0x000002873879e000 JavaThread "Unconstrained build operations Thread 46" [_thread_blocked, id=11580, stack(0x000000cebd600000,0x000000cebd700000)]
  0x00000287387a5000 JavaThread "Unconstrained build operations Thread 47" [_thread_blocked, id=8500, stack(0x000000cebd700000,0x000000cebd800000)]
  0x00000287387a6000 JavaThread "Unconstrained build operations Thread 48" [_thread_blocked, id=19804, stack(0x000000cebd800000,0x000000cebd900000)]
  0x00000287387a7000 JavaThread "Unconstrained build operations Thread 49" [_thread_blocked, id=12552, stack(0x000000cebd900000,0x000000cebda00000)]
  0x00000287387a4800 JavaThread "Unconstrained build operations Thread 50" [_thread_blocked, id=20456, stack(0x000000cebda00000,0x000000cebdb00000)]
  0x00000287387a7800 JavaThread "Unconstrained build operations Thread 51" [_thread_blocked, id=4880, stack(0x000000cebdb00000,0x000000cebdc00000)]
  0x00000287387a8800 JavaThread "Unconstrained build operations Thread 52" [_thread_blocked, id=19988, stack(0x000000cebdc00000,0x000000cebdd00000)]
  0x00000287387a9800 JavaThread "Unconstrained build operations Thread 53" [_thread_in_native, id=21284, stack(0x000000cebdd00000,0x000000cebde00000)]
  0x00000287387aa000 JavaThread "Unconstrained build operations Thread 54" [_thread_blocked, id=5524, stack(0x000000cebde00000,0x000000cebdf00000)]
  0x0000028736771800 JavaThread "Unconstrained build operations Thread 55" [_thread_blocked, id=21220, stack(0x000000cebdf00000,0x000000cebe000000)]
  0x0000028736770800 JavaThread "Unconstrained build operations Thread 56" [_thread_blocked, id=17824, stack(0x000000cebe000000,0x000000cebe100000)]
  0x000002873676e000 JavaThread "Unconstrained build operations Thread 57" [_thread_blocked, id=8104, stack(0x000000cebe100000,0x000000cebe200000)]
  0x0000028736772000 JavaThread "Unconstrained build operations Thread 58" [_thread_blocked, id=180, stack(0x000000cebe200000,0x000000cebe300000)]
  0x0000028736773000 JavaThread "Unconstrained build operations Thread 59" [_thread_blocked, id=18820, stack(0x000000cebe300000,0x000000cebe400000)]
  0x0000028736774000 JavaThread "Unconstrained build operations Thread 60" [_thread_blocked, id=19888, stack(0x000000cebe400000,0x000000cebe500000)]
  0x0000028736774800 JavaThread "Unconstrained build operations Thread 61" [_thread_blocked, id=13000, stack(0x000000cebe500000,0x000000cebe600000)]
  0x000002873676f000 JavaThread "Unconstrained build operations Thread 62" [_thread_blocked, id=14368, stack(0x000000cebe600000,0x000000cebe700000)]
  0x0000028736775800 JavaThread "Unconstrained build operations Thread 63" [_thread_blocked, id=16812, stack(0x000000cebe700000,0x000000cebe800000)]
  0x0000028736770000 JavaThread "Unconstrained build operations Thread 64" [_thread_blocked, id=13168, stack(0x000000cebe800000,0x000000cebe900000)]
  0x0000028736778800 JavaThread "Unconstrained build operations Thread 65" [_thread_blocked, id=18628, stack(0x000000cebe900000,0x000000cebea00000)]
  0x0000028736779800 JavaThread "Unconstrained build operations Thread 66" [_thread_blocked, id=19560, stack(0x000000cebea00000,0x000000cebeb00000)]
  0x000002873677a800 JavaThread "Unconstrained build operations Thread 67" [_thread_blocked, id=5868, stack(0x000000cebeb00000,0x000000cebec00000)]
  0x0000028736776800 JavaThread "Unconstrained build operations Thread 68" [_thread_blocked, id=20908, stack(0x000000cebec00000,0x000000cebed00000)]
  0x000002873677b000 JavaThread "Unconstrained build operations Thread 69" [_thread_blocked, id=19532, stack(0x000000cebed00000,0x000000cebee00000)]
  0x0000028736778000 JavaThread "Unconstrained build operations Thread 70" [_thread_blocked, id=21164, stack(0x000000cebee00000,0x000000cebef00000)]
  0x000002873677c000 JavaThread "Unconstrained build operations Thread 71" [_thread_blocked, id=8612, stack(0x000000cebef00000,0x000000cebf000000)]
  0x0000028736777000 JavaThread "Unconstrained build operations Thread 72" [_thread_blocked, id=12076, stack(0x000000cebf100000,0x000000cebf200000)]
  0x000002873677d000 JavaThread "Unconstrained build operations Thread 73" [_thread_blocked, id=576, stack(0x000000cebf200000,0x000000cebf300000)]
  0x00000287399bb800 JavaThread "Unconstrained build operations Thread 74" [_thread_blocked, id=19664, stack(0x000000cebf300000,0x000000cebf400000)]
  0x00000287399b9800 JavaThread "Unconstrained build operations Thread 75" [_thread_in_Java, id=856, stack(0x000000cebf400000,0x000000cebf500000)]
  0x00000287399b8800 JavaThread "Unconstrained build operations Thread 76" [_thread_in_native, id=19520, stack(0x000000cebf500000,0x000000cebf600000)]
  0x00000287399bc800 JavaThread "Unconstrained build operations Thread 77" [_thread_blocked, id=2940, stack(0x000000cebf600000,0x000000cebf700000)]
  0x00000287399ba000 JavaThread "Unconstrained build operations Thread 78" [_thread_blocked, id=20596, stack(0x000000cebf700000,0x000000cebf800000)]
  0x00000287399b7000 JavaThread "Unconstrained build operations Thread 79" [_thread_blocked, id=3976, stack(0x000000cebf800000,0x000000cebf900000)]
  0x00000287399bb000 JavaThread "Unconstrained build operations Thread 80" [_thread_blocked, id=20248, stack(0x000000cebf900000,0x000000cebfa00000)]
  0x00000287399bd800 JavaThread "jar transforms Thread 6" [_thread_blocked, id=17808, stack(0x000000cebfa00000,0x000000cebfb00000)]
  0x00000287399b7800 JavaThread "jar transforms Thread 7" [_thread_blocked, id=20212, stack(0x000000cebfb00000,0x000000cebfc00000)]
  0x00000287399c3000 JavaThread "jar transforms Thread 8" [_thread_blocked, id=16464, stack(0x000000cebfc00000,0x000000cebfd00000)]
  0x00000287399bf000 JavaThread "build event listener" [_thread_blocked, id=9388, stack(0x000000cebfd00000,0x000000cebfe00000)]
  0x00000287399c0000 JavaThread "Memory manager" [_thread_blocked, id=15468, stack(0x000000cebff00000,0x000000cec0000000)]
  0x00000287399c0800 JavaThread "pool-3-thread-1" [_thread_blocked, id=9152, stack(0x000000cec0000000,0x000000cec0100000)]
  0x00000287399c4000 JavaThread "build event listener" [_thread_blocked, id=17856, stack(0x000000cec0100000,0x000000cec0200000)]
  0x00000287399c2800 JavaThread "included builds" [_thread_blocked, id=11176, stack(0x000000cec0200000,0x000000cec0300000)]
  0x00000287399c1800 JavaThread "Execution worker" [_thread_blocked, id=16836, stack(0x000000cec0300000,0x000000cec0400000)]
  0x00000287399be000 JavaThread "Execution worker Thread 2" [_thread_blocked, id=18108, stack(0x000000cec0400000,0x000000cec0500000)]
  0x00000287399c4800 JavaThread "Execution worker Thread 3" [_thread_blocked, id=20452, stack(0x000000cec0500000,0x000000cec0600000)]
  0x00000287399c5800 JavaThread "Execution worker Thread 4" [_thread_blocked, id=8768, stack(0x000000cec0600000,0x000000cec0700000)]
  0x000002873af82800 JavaThread "Execution worker Thread 5" [_thread_blocked, id=5464, stack(0x000000cec0700000,0x000000cec0800000)]
  0x000002873af81000 JavaThread "Execution worker Thread 6" [_thread_blocked, id=6448, stack(0x000000cec0800000,0x000000cec0900000)]
  0x000002873af81800 JavaThread "Execution worker Thread 7" [_thread_blocked, id=12088, stack(0x000000cec0900000,0x000000cec0a00000)]
  0x000002873af7e800 JavaThread "Cache worker for execution history cache (D:\projetos\AndroidStudioProjects\Rotine\.gradle\7.5\executionHistory)" [_thread_blocked, id=11108, stack(0x000000cec0a00000,0x000000cec0b00000)]
  0x0000028737fcd800 JavaThread "C2 CompilerThread1" daemon [_thread_in_native, id=14600, stack(0x000000cec1000000,0x000000cec1100000)]

Other Threads:
  0x0000028733990000 VMThread "VM Thread" [stack: 0x000000ceb7a00000,0x000000ceb7b00000] [id=16004]
  0x000002873442c000 WatcherThread [stack: 0x000000ceb8400000,0x000000ceb8500000] [id=4532]
  0x00000287147ce000 GCTaskThread "GC Thread#0" [stack: 0x000000ceb7500000,0x000000ceb7600000] [id=17820]
  0x0000028734fa2000 GCTaskThread "GC Thread#1" [stack: 0x000000ceb8600000,0x000000ceb8700000] [id=17108]
  0x00000287354fc800 GCTaskThread "GC Thread#2" [stack: 0x000000ceb8700000,0x000000ceb8800000] [id=8168]
  0x0000028735271800 GCTaskThread "GC Thread#3" [stack: 0x000000ceb8800000,0x000000ceb8900000] [id=4528]
  0x0000028735618000 GCTaskThread "GC Thread#4" [stack: 0x000000ceb8900000,0x000000ceb8a00000] [id=18840]
  0x000002873513c000 GCTaskThread "GC Thread#5" [stack: 0x000000ceb8a00000,0x000000ceb8b00000] [id=864]
  0x0000028736a7b000 GCTaskThread "GC Thread#6" [stack: 0x000000ceb9400000,0x000000ceb9500000] [id=18196]
  0x00000287366f8000 GCTaskThread "GC Thread#7" [stack: 0x000000ceb9700000,0x000000ceb9800000] [id=18400]
  0x000002871482a000 ConcurrentGCThread "G1 Main Marker" [stack: 0x000000ceb7600000,0x000000ceb7700000] [id=19680]
  0x000002871482b800 ConcurrentGCThread "G1 Conc#0" [stack: 0x000000ceb7700000,0x000000ceb7800000] [id=6396]
  0x00000287351c4800 ConcurrentGCThread "G1 Conc#1" [stack: 0x000000ceb9800000,0x000000ceb9900000] [id=11076]
  0x0000028733871800 ConcurrentGCThread "G1 Refine#0" [stack: 0x000000ceb7800000,0x000000ceb7900000] [id=14088]
  0x0000028737ee6000 ConcurrentGCThread "G1 Refine#1" [stack: 0x000000cec0b00000,0x000000cec0c00000] [id=20564]
  0x0000028737ee6800 ConcurrentGCThread "G1 Refine#2" [stack: 0x000000cec0c00000,0x000000cec0d00000] [id=16972]
  0x0000028737ee0800 ConcurrentGCThread "G1 Refine#3" [stack: 0x000000cec0d00000,0x000000cec0e00000] [id=7816]
  0x00000287380d9000 ConcurrentGCThread "G1 Refine#4" [stack: 0x000000cec0e00000,0x000000cec0f00000] [id=19720]
  0x00000287380d9800 ConcurrentGCThread "G1 Refine#5" [stack: 0x000000cec0f00000,0x000000cec1000000] [id=19972]
  0x0000028733873800 ConcurrentGCThread "G1 Young RemSet Sampling" [stack: 0x000000ceb7900000,0x000000ceb7a00000] [id=20416]

Threads with active compile tasks:
C2 CompilerThread0    56132 12241   !   4       com.google.common.cache.LocalCache$Segment::lockedGetOrLoad (447 bytes)
C2 CompilerThread1    56133 12289   !   4       com.google.common.cache.LocalCache$Segment::storeLoadedValue (371 bytes)

VM state:not at safepoint (normal execution)

VM Mutex/Monitor currently owned by a thread: None

Heap address: 0x0000000700000000, size: 4096 MB, Compressed Oops mode: Zero based, Oop shift amount: 3
Narrow klass base: 0x0000000800000000, Narrow klass shift: 0
Compressed class space size: 1073741824 Address: 0x0000000800000000

Heap:
 garbage-first heap   total 260096K, used 164851K [0x0000000700000000, 0x0000000800000000)
  region size 1024K, 87 young (89088K), 14 survivors (14336K)
 Metaspace       used 89565K, capacity 92363K, committed 92464K, reserved 1128448K
  class space    used 11534K, capacity 12623K, committed 12672K, reserved 1048576K
Heap Regions: E=young(eden), S=young(survivor), O=old, HS=humongous(starts), HC=humongous(continues), CS=collection set, F=free, A=archive, TAMS=top-at-mark-start (previous, next)
|   0|0x0000000700000000, 0x0000000700100000, 0x0000000700100000|100%| O|  |TAMS 0x0000000700100000, 0x0000000700000000| Untracked 
|   1|0x0000000700100000, 0x0000000700200000, 0x0000000700200000|100%| O|  |TAMS 0x0000000700200000, 0x0000000700100000| Untracked 
|   2|0x0000000700200000, 0x0000000700300000, 0x0000000700300000|100%| O|  |TAMS 0x0000000700300000, 0x0000000700200000| Untracked 
|   3|0x0000000700300000, 0x0000000700400000, 0x0000000700400000|100%|HS|  |TAMS 0x0000000700400000, 0x0000000700300000| Complete 
|   4|0x0000000700400000, 0x0000000700500000, 0x0000000700500000|100%|HC|  |TAMS 0x0000000700500000, 0x0000000700400000| Complete 
|   5|0x0000000700500000, 0x0000000700600000, 0x0000000700600000|100%|HC|  |TAMS 0x0000000700600000, 0x0000000700500000| Complete 
|   6|0x0000000700600000, 0x0000000700700000, 0x0000000700700000|100%| O|  |TAMS 0x0000000700700000, 0x0000000700600000| Untracked 
|   7|0x0000000700700000, 0x0000000700800000, 0x0000000700800000|100%| O|  |TAMS 0x0000000700800000, 0x0000000700700000| Untracked 
|   8|0x0000000700800000, 0x0000000700900000, 0x0000000700900000|100%| O|  |TAMS 0x0000000700900000, 0x0000000700800000| Untracked 
|   9|0x0000000700900000, 0x0000000700a00000, 0x0000000700a00000|100%| O|  |TAMS 0x0000000700a00000, 0x0000000700900000| Untracked 
|  10|0x0000000700a00000, 0x0000000700b00000, 0x0000000700b00000|100%| O|  |TAMS 0x0000000700b00000, 0x0000000700a00000| Untracked 
|  11|0x0000000700b00000, 0x0000000700c00000, 0x0000000700c00000|100%| O|  |TAMS 0x0000000700c00000, 0x0000000700b00000| Untracked 
|  12|0x0000000700c00000, 0x0000000700d00000, 0x0000000700d00000|100%| O|  |TAMS 0x0000000700d00000, 0x0000000700c00000| Untracked 
|  13|0x0000000700d00000, 0x0000000700e00000, 0x0000000700e00000|100%| O|  |TAMS 0x0000000700e00000, 0x0000000700d00000| Untracked 
|  14|0x0000000700e00000, 0x0000000700f00000, 0x0000000700f00000|100%| O|  |TAMS 0x0000000700f00000, 0x0000000700e00000| Untracked 
|  15|0x0000000700f00000, 0x0000000701000000, 0x0000000701000000|100%| O|  |TAMS 0x0000000701000000, 0x0000000700f00000| Untracked 
|  16|0x0000000701000000, 0x0000000701100000, 0x0000000701100000|100%| O|  |TAMS 0x0000000701100000, 0x0000000701000000| Untracked 
|  17|0x0000000701100000, 0x0000000701200000, 0x0000000701200000|100%|HS|  |TAMS 0x0000000701200000, 0x0000000701100000| Complete 
|  18|0x0000000701200000, 0x0000000701300000, 0x0000000701300000|100%|HS|  |TAMS 0x0000000701300000, 0x0000000701200000| Complete 
|  19|0x0000000701300000, 0x0000000701400000, 0x0000000701400000|100%| O|  |TAMS 0x0000000701400000, 0x0000000701300000| Untracked 
|  20|0x0000000701400000, 0x0000000701500000, 0x0000000701500000|100%| O|  |TAMS 0x0000000701500000, 0x0000000701400000| Untracked 
|  21|0x0000000701500000, 0x0000000701600000, 0x0000000701600000|100%| O|  |TAMS 0x0000000701600000, 0x0000000701500000| Untracked 
|  22|0x0000000701600000, 0x0000000701700000, 0x0000000701700000|100%| O|  |TAMS 0x0000000701700000, 0x0000000701600000| Untracked 
|  23|0x0000000701700000, 0x0000000701800000, 0x0000000701800000|100%| O|  |TAMS 0x0000000701800000, 0x0000000701700000| Untracked 
|  24|0x0000000701800000, 0x0000000701900000, 0x0000000701900000|100%| O|  |TAMS 0x0000000701900000, 0x0000000701800000| Untracked 
|  25|0x0000000701900000, 0x0000000701a00000, 0x0000000701a00000|100%| O|  |TAMS 0x0000000701a00000, 0x0000000701900000| Untracked 
|  26|0x0000000701a00000, 0x0000000701b00000, 0x0000000701b00000|100%| O|  |TAMS 0x0000000701b00000, 0x0000000701a00000| Untracked 
|  27|0x0000000701b00000, 0x0000000701c00000, 0x0000000701c00000|100%| O|  |TAMS 0x0000000701c00000, 0x0000000701b00000| Untracked 
|  28|0x0000000701c00000, 0x0000000701d00000, 0x0000000701d00000|100%| O|  |TAMS 0x0000000701d00000, 0x0000000701c00000| Untracked 
|  29|0x0000000701d00000, 0x0000000701e00000, 0x0000000701e00000|100%| O|  |TAMS 0x0000000701e00000, 0x0000000701d00000| Untracked 
|  30|0x0000000701e00000, 0x0000000701f00000, 0x0000000701f00000|100%| O|  |TAMS 0x0000000701f00000, 0x0000000701e00000| Untracked 
|  31|0x0000000701f00000, 0x0000000702000000, 0x0000000702000000|100%| O|  |TAMS 0x0000000701f00000, 0x0000000701f00000| Untracked 
|  32|0x0000000702000000, 0x0000000702100000, 0x0000000702100000|100%| O|  |TAMS 0x0000000702000000, 0x0000000702000000| Untracked 
|  33|0x0000000702100000, 0x0000000702200000, 0x0000000702200000|100%| O|  |TAMS 0x0000000702100000, 0x0000000702100000| Untracked 
|  34|0x0000000702200000, 0x0000000702300000, 0x0000000702300000|100%| O|  |TAMS 0x0000000702200000, 0x0000000702200000| Untracked 
|  35|0x0000000702300000, 0x0000000702400000, 0x0000000702400000|100%| O|  |TAMS 0x0000000702300000, 0x0000000702300000| Untracked 
|  36|0x0000000702400000, 0x0000000702500000, 0x0000000702500000|100%| O|  |TAMS 0x0000000702400000, 0x0000000702400000| Untracked 
|  37|0x0000000702500000, 0x0000000702600000, 0x0000000702600000|100%| O|  |TAMS 0x0000000702500000, 0x0000000702500000| Untracked 
|  38|0x0000000702600000, 0x0000000702700000, 0x0000000702700000|100%| O|  |TAMS 0x0000000702600000, 0x0000000702600000| Untracked 
|  39|0x0000000702700000, 0x0000000702800000, 0x0000000702800000|100%| O|  |TAMS 0x0000000702800000, 0x0000000702700000| Untracked 
|  40|0x0000000702800000, 0x0000000702900000, 0x0000000702900000|100%| O|  |TAMS 0x0000000702900000, 0x0000000702800000| Untracked 
|  41|0x0000000702900000, 0x0000000702a00000, 0x0000000702a00000|100%| O|  |TAMS 0x0000000702a00000, 0x0000000702900000| Untracked 
|  42|0x0000000702a00000, 0x0000000702b00000, 0x0000000702b00000|100%| O|  |TAMS 0x0000000702b00000, 0x0000000702a00000| Untracked 
|  43|0x0000000702b00000, 0x0000000702c00000, 0x0000000702c00000|100%| O|  |TAMS 0x0000000702c00000, 0x0000000702b00000| Untracked 
|  44|0x0000000702c00000, 0x0000000702d00000, 0x0000000702d00000|100%| O|  |TAMS 0x0000000702d00000, 0x0000000702c00000| Untracked 
|  45|0x0000000702d00000, 0x0000000702e00000, 0x0000000702e00000|100%| O|  |TAMS 0x0000000702e00000, 0x0000000702d00000| Untracked 
|  46|0x0000000702e00000, 0x0000000702f00000, 0x0000000702f00000|100%| O|  |TAMS 0x0000000702f00000, 0x0000000702e00000| Untracked 
|  47|0x0000000702f00000, 0x0000000703000000, 0x0000000703000000|100%| O|  |TAMS 0x0000000703000000, 0x0000000702f00000| Untracked 
|  48|0x0000000703000000, 0x0000000703100000, 0x0000000703100000|100%| O|  |TAMS 0x0000000703079200, 0x0000000703000000| Untracked 
|  49|0x0000000703100000, 0x0000000703200000, 0x0000000703200000|100%| O|  |TAMS 0x0000000703100000, 0x0000000703100000| Untracked 
|  50|0x0000000703200000, 0x0000000703300000, 0x0000000703300000|100%| O|  |TAMS 0x0000000703200000, 0x0000000703200000| Untracked 
|  51|0x0000000703300000, 0x0000000703400000, 0x0000000703400000|100%| O|  |TAMS 0x0000000703300000, 0x0000000703300000| Untracked 
|  52|0x0000000703400000, 0x0000000703500000, 0x0000000703500000|100%| O|  |TAMS 0x0000000703400000, 0x0000000703400000| Untracked 
|  53|0x0000000703500000, 0x0000000703600000, 0x0000000703600000|100%| O|  |TAMS 0x0000000703500000, 0x0000000703500000| Untracked 
|  54|0x0000000703600000, 0x0000000703700000, 0x0000000703700000|100%| O|  |TAMS 0x0000000703600000, 0x0000000703600000| Untracked 
|  55|0x0000000703700000, 0x0000000703800000, 0x0000000703800000|100%| O|  |TAMS 0x0000000703700000, 0x0000000703700000| Untracked 
|  56|0x0000000703800000, 0x0000000703900000, 0x0000000703900000|100%| O|  |TAMS 0x0000000703800000, 0x0000000703800000| Untracked 
|  57|0x0000000703900000, 0x0000000703a00000, 0x0000000703a00000|100%| O|  |TAMS 0x0000000703900000, 0x0000000703900000| Untracked 
|  58|0x0000000703a00000, 0x0000000703b00000, 0x0000000703b00000|100%| O|  |TAMS 0x0000000703a00000, 0x0000000703a00000| Untracked 
|  59|0x0000000703b00000, 0x0000000703c00000, 0x0000000703c00000|100%| O|  |TAMS 0x0000000703b00000, 0x0000000703b00000| Untracked 
|  60|0x0000000703c00000, 0x0000000703d00000, 0x0000000703d00000|100%| O|  |TAMS 0x0000000703c00000, 0x0000000703c00000| Untracked 
|  61|0x0000000703d00000, 0x0000000703e00000, 0x0000000703e00000|100%| O|  |TAMS 0x0000000703d00000, 0x0000000703d00000| Untracked 
|  62|0x0000000703e00000, 0x0000000703f00000, 0x0000000703f00000|100%| O|  |TAMS 0x0000000703e00000, 0x0000000703e00000| Untracked 
|  63|0x0000000703f00000, 0x0000000704000000, 0x0000000704000000|100%| O|  |TAMS 0x0000000703f00000, 0x0000000703f00000| Untracked 
|  64|0x0000000704000000, 0x0000000704100000, 0x0000000704100000|100%| O|  |TAMS 0x0000000704000000, 0x0000000704000000| Untracked 
|  65|0x0000000704100000, 0x0000000704200000, 0x0000000704200000|100%| O|  |TAMS 0x0000000704100000, 0x0000000704100000| Untracked 
|  66|0x0000000704200000, 0x0000000704300000, 0x0000000704300000|100%| O|  |TAMS 0x0000000704200000, 0x0000000704200000| Untracked 
|  67|0x0000000704300000, 0x0000000704400000, 0x0000000704400000|100%| O|  |TAMS 0x0000000704300000, 0x0000000704300000| Untracked 
|  68|0x0000000704400000, 0x0000000704500000, 0x0000000704500000|100%| O|  |TAMS 0x0000000704400000, 0x0000000704400000| Untracked 
|  69|0x0000000704500000, 0x0000000704600000, 0x0000000704600000|100%| O|  |TAMS 0x0000000704500000, 0x0000000704500000| Untracked 
|  70|0x0000000704600000, 0x0000000704700000, 0x0000000704700000|100%| O|  |TAMS 0x0000000704600000, 0x0000000704600000| Untracked 
|  71|0x0000000704700000, 0x0000000704800000, 0x0000000704800000|100%| O|  |TAMS 0x0000000704700000, 0x0000000704700000| Untracked 
|  72|0x0000000704800000, 0x0000000704900000, 0x0000000704900000|100%| O|  |TAMS 0x0000000704800000, 0x0000000704800000| Untracked 
|  73|0x0000000704900000, 0x0000000704a00000, 0x0000000704a00000|100%| O|  |TAMS 0x0000000704900000, 0x0000000704900000| Untracked 
|  74|0x0000000704a00000, 0x0000000704b00000, 0x0000000704b00000|100%| O|  |TAMS 0x0000000704a00000, 0x0000000704a00000| Untracked 
|  75|0x0000000704b00000, 0x0000000704c00000, 0x0000000704c00000|100%| O|  |TAMS 0x0000000704b00000, 0x0000000704b00000| Untracked 
|  76|0x0000000704c00000, 0x0000000704cc0400, 0x0000000704d00000| 75%| O|  |TAMS 0x0000000704c00000, 0x0000000704c00000| Untracked 
|  77|0x0000000704d00000, 0x0000000704d00000, 0x0000000704e00000|  0%| F|  |TAMS 0x0000000704d00000, 0x0000000704d00000| Untracked 
|  78|0x0000000704e00000, 0x0000000704e00000, 0x0000000704f00000|  0%| F|  |TAMS 0x0000000704e00000, 0x0000000704e00000| Untracked 
|  79|0x0000000704f00000, 0x0000000704f00000, 0x0000000705000000|  0%| F|  |TAMS 0x0000000704f00000, 0x0000000704f00000| Untracked 
|  80|0x0000000705000000, 0x0000000705000000, 0x0000000705100000|  0%| F|  |TAMS 0x0000000705000000, 0x0000000705000000| Untracked 
|  81|0x0000000705100000, 0x0000000705100000, 0x0000000705200000|  0%| F|  |TAMS 0x0000000705100000, 0x0000000705100000| Untracked 
|  82|0x0000000705200000, 0x0000000705200000, 0x0000000705300000|  0%| F|  |TAMS 0x0000000705200000, 0x0000000705200000| Untracked 
|  83|0x0000000705300000, 0x0000000705300000, 0x0000000705400000|  0%| F|  |TAMS 0x0000000705300000, 0x0000000705300000| Untracked 
|  84|0x0000000705400000, 0x0000000705400000, 0x0000000705500000|  0%| F|  |TAMS 0x0000000705400000, 0x0000000705400000| Untracked 
|  85|0x0000000705500000, 0x0000000705500000, 0x0000000705600000|  0%| F|  |TAMS 0x0000000705500000, 0x0000000705500000| Untracked 
|  86|0x0000000705600000, 0x0000000705600000, 0x0000000705700000|  0%| F|  |TAMS 0x0000000705600000, 0x0000000705600000| Untracked 
|  87|0x0000000705700000, 0x0000000705700000, 0x0000000705800000|  0%| F|  |TAMS 0x0000000705700000, 0x0000000705700000| Untracked 
|  88|0x0000000705800000, 0x0000000705800000, 0x0000000705900000|  0%| F|  |TAMS 0x0000000705800000, 0x0000000705800000| Untracked 
|  89|0x0000000705900000, 0x0000000705900000, 0x0000000705a00000|  0%| F|  |TAMS 0x0000000705900000, 0x0000000705900000| Untracked 
|  90|0x0000000705a00000, 0x0000000705a00000, 0x0000000705b00000|  0%| F|  |TAMS 0x0000000705a00000, 0x0000000705a00000| Untracked 
|  91|0x0000000705b00000, 0x0000000705b00000, 0x0000000705c00000|  0%| F|  |TAMS 0x0000000705b00000, 0x0000000705b00000| Untracked 
|  92|0x0000000705c00000, 0x0000000705c00000, 0x0000000705d00000|  0%| F|  |TAMS 0x0000000705c00000, 0x0000000705c00000| Untracked 
|  93|0x0000000705d00000, 0x0000000705d00000, 0x0000000705e00000|  0%| F|  |TAMS 0x0000000705d00000, 0x0000000705d00000| Untracked 
|  94|0x0000000705e00000, 0x0000000705e00000, 0x0000000705f00000|  0%| F|  |TAMS 0x0000000705e00000, 0x0000000705e00000| Untracked 
|  95|0x0000000705f00000, 0x0000000705f00000, 0x0000000706000000|  0%| F|  |TAMS 0x0000000705f00000, 0x0000000705f00000| Untracked 
|  96|0x0000000706000000, 0x0000000706000000, 0x0000000706100000|  0%| F|  |TAMS 0x0000000706000000, 0x0000000706000000| Untracked 
|  97|0x0000000706100000, 0x0000000706100000, 0x0000000706200000|  0%| F|  |TAMS 0x0000000706100000, 0x0000000706100000| Untracked 
|  98|0x0000000706200000, 0x0000000706200000, 0x0000000706300000|  0%| F|  |TAMS 0x0000000706200000, 0x0000000706200000| Untracked 
|  99|0x0000000706300000, 0x0000000706300000, 0x0000000706400000|  0%| F|  |TAMS 0x0000000706300000, 0x0000000706300000| Untracked 
| 100|0x0000000706400000, 0x0000000706400000, 0x0000000706500000|  0%| F|  |TAMS 0x0000000706400000, 0x0000000706400000| Untracked 
| 101|0x0000000706500000, 0x0000000706500000, 0x0000000706600000|  0%| F|  |TAMS 0x0000000706500000, 0x0000000706500000| Untracked 
| 102|0x0000000706600000, 0x0000000706600000, 0x0000000706700000|  0%| F|  |TAMS 0x0000000706600000, 0x0000000706600000| Untracked 
| 103|0x0000000706700000, 0x0000000706700000, 0x0000000706800000|  0%| F|  |TAMS 0x0000000706700000, 0x0000000706700000| Untracked 
| 104|0x0000000706800000, 0x0000000706800000, 0x0000000706900000|  0%| F|  |TAMS 0x0000000706800000, 0x0000000706800000| Untracked 
| 105|0x0000000706900000, 0x0000000706900000, 0x0000000706a00000|  0%| F|  |TAMS 0x0000000706900000, 0x0000000706900000| Untracked 
| 106|0x0000000706a00000, 0x0000000706a00000, 0x0000000706b00000|  0%| F|  |TAMS 0x0000000706a00000, 0x0000000706a00000| Untracked 
| 107|0x0000000706b00000, 0x0000000706b00000, 0x0000000706c00000|  0%| F|  |TAMS 0x0000000706b00000, 0x0000000706b00000| Untracked 
| 108|0x0000000706c00000, 0x0000000706c00000, 0x0000000706d00000|  0%| F|  |TAMS 0x0000000706c00000, 0x0000000706c00000| Untracked 
| 109|0x0000000706d00000, 0x0000000706d00000, 0x0000000706e00000|  0%| F|  |TAMS 0x0000000706d00000, 0x0000000706d00000| Untracked 
| 110|0x0000000706e00000, 0x0000000706e00000, 0x0000000706f00000|  0%| F|  |TAMS 0x0000000706e00000, 0x0000000706e00000| Untracked 
| 111|0x0000000706f00000, 0x0000000706f00000, 0x0000000707000000|  0%| F|  |TAMS 0x0000000706f00000, 0x0000000706f00000| Untracked 
| 112|0x0000000707000000, 0x0000000707000000, 0x0000000707100000|  0%| F|  |TAMS 0x0000000707000000, 0x0000000707000000| Untracked 
| 113|0x0000000707100000, 0x0000000707100000, 0x0000000707200000|  0%| F|  |TAMS 0x0000000707100000, 0x0000000707100000| Untracked 
| 114|0x0000000707200000, 0x0000000707200000, 0x0000000707300000|  0%| F|  |TAMS 0x0000000707200000, 0x0000000707200000| Untracked 
| 115|0x0000000707300000, 0x0000000707300000, 0x0000000707400000|  0%| F|  |TAMS 0x0000000707300000, 0x0000000707300000| Untracked 
| 116|0x0000000707400000, 0x0000000707400000, 0x0000000707500000|  0%| F|  |TAMS 0x0000000707400000, 0x0000000707400000| Untracked 
| 117|0x0000000707500000, 0x0000000707500000, 0x0000000707600000|  0%| F|  |TAMS 0x0000000707500000, 0x0000000707500000| Untracked 
| 118|0x0000000707600000, 0x0000000707600000, 0x0000000707700000|  0%| F|  |TAMS 0x0000000707600000, 0x0000000707600000| Untracked 
| 119|0x0000000707700000, 0x000000070773cb88, 0x0000000707800000| 23%| S|CS|TAMS 0x0000000707700000, 0x0000000707700000| Complete 
| 120|0x0000000707800000, 0x0000000707900000, 0x0000000707900000|100%| S|CS|TAMS 0x0000000707800000, 0x0000000707800000| Complete 
| 121|0x0000000707900000, 0x0000000707a00000, 0x0000000707a00000|100%| S|CS|TAMS 0x0000000707900000, 0x0000000707900000| Complete 
| 122|0x0000000707a00000, 0x0000000707b00000, 0x0000000707b00000|100%| S|CS|TAMS 0x0000000707a00000, 0x0000000707a00000| Complete 
| 123|0x0000000707b00000, 0x0000000707c00000, 0x0000000707c00000|100%| S|CS|TAMS 0x0000000707b00000, 0x0000000707b00000| Complete 
| 124|0x0000000707c00000, 0x0000000707d00000, 0x0000000707d00000|100%| S|CS|TAMS 0x0000000707c00000, 0x0000000707c00000| Complete 
| 125|0x0000000707d00000, 0x0000000707e00000, 0x0000000707e00000|100%| S|CS|TAMS 0x0000000707d00000, 0x0000000707d00000| Complete 
| 126|0x0000000707e00000, 0x0000000707f00000, 0x0000000707f00000|100%| S|CS|TAMS 0x0000000707e00000, 0x0000000707e00000| Complete 
| 127|0x0000000707f00000, 0x0000000708000000, 0x0000000708000000|100%| S|CS|TAMS 0x0000000707f00000, 0x0000000707f00000| Complete 
| 128|0x0000000708000000, 0x0000000708000000, 0x0000000708100000|  0%| F|  |TAMS 0x0000000708000000, 0x0000000708000000| Untracked 
| 129|0x0000000708100000, 0x0000000708100000, 0x0000000708200000|  0%| F|  |TAMS 0x0000000708100000, 0x0000000708100000| Untracked 
| 130|0x0000000708200000, 0x0000000708200000, 0x0000000708300000|  0%| F|  |TAMS 0x0000000708200000, 0x0000000708200000| Untracked 
| 131|0x0000000708300000, 0x0000000708300000, 0x0000000708400000|  0%| F|  |TAMS 0x0000000708300000, 0x0000000708300000| Untracked 
| 132|0x0000000708400000, 0x0000000708400000, 0x0000000708500000|  0%| F|  |TAMS 0x0000000708400000, 0x0000000708400000| Untracked 
| 133|0x0000000708500000, 0x0000000708500000, 0x0000000708600000|  0%| F|  |TAMS 0x0000000708500000, 0x0000000708500000| Untracked 
| 134|0x0000000708600000, 0x0000000708600000, 0x0000000708700000|  0%| F|  |TAMS 0x0000000708600000, 0x0000000708600000| Untracked 
| 135|0x0000000708700000, 0x0000000708700000, 0x0000000708800000|  0%| F|  |TAMS 0x0000000708700000, 0x0000000708700000| Untracked 
| 136|0x0000000708800000, 0x0000000708800000, 0x0000000708900000|  0%| F|  |TAMS 0x0000000708800000, 0x0000000708800000| Untracked 
| 137|0x0000000708900000, 0x0000000708a00000, 0x0000000708a00000|100%| S|CS|TAMS 0x0000000708900000, 0x0000000708900000| Complete 
| 138|0x0000000708a00000, 0x0000000708b00000, 0x0000000708b00000|100%| S|CS|TAMS 0x0000000708a00000, 0x0000000708a00000| Complete 
| 139|0x0000000708b00000, 0x0000000708c00000, 0x0000000708c00000|100%| S|CS|TAMS 0x0000000708b00000, 0x0000000708b00000| Complete 
| 140|0x0000000708c00000, 0x0000000708d00000, 0x0000000708d00000|100%| S|CS|TAMS 0x0000000708c00000, 0x0000000708c00000| Complete 
| 141|0x0000000708d00000, 0x0000000708e00000, 0x0000000708e00000|100%| S|CS|TAMS 0x0000000708d00000, 0x0000000708d00000| Complete 
| 142|0x0000000708e00000, 0x0000000708e00000, 0x0000000708f00000|  0%| F|  |TAMS 0x0000000708e00000, 0x0000000708e00000| Untracked 
| 143|0x0000000708f00000, 0x0000000708f00000, 0x0000000709000000|  0%| F|  |TAMS 0x0000000708f00000, 0x0000000708f00000| Untracked 
| 144|0x0000000709000000, 0x0000000709000000, 0x0000000709100000|  0%| F|  |TAMS 0x0000000709000000, 0x0000000709000000| Untracked 
| 145|0x0000000709100000, 0x0000000709100000, 0x0000000709200000|  0%| F|  |TAMS 0x0000000709100000, 0x0000000709100000| Untracked 
| 146|0x0000000709200000, 0x0000000709200000, 0x0000000709300000|  0%| F|  |TAMS 0x0000000709200000, 0x0000000709200000| Untracked 
| 147|0x0000000709300000, 0x0000000709300000, 0x0000000709400000|  0%| F|  |TAMS 0x0000000709300000, 0x0000000709300000| Untracked 
| 148|0x0000000709400000, 0x0000000709400000, 0x0000000709500000|  0%| F|  |TAMS 0x0000000709400000, 0x0000000709400000| Untracked 
| 149|0x0000000709500000, 0x0000000709500000, 0x0000000709600000|  0%| F|  |TAMS 0x0000000709500000, 0x0000000709500000| Untracked 
| 150|0x0000000709600000, 0x0000000709600000, 0x0000000709700000|  0%| F|  |TAMS 0x0000000709600000, 0x0000000709600000| Untracked 
| 151|0x0000000709700000, 0x0000000709700000, 0x0000000709800000|  0%| F|  |TAMS 0x0000000709700000, 0x0000000709700000| Untracked 
| 152|0x0000000709800000, 0x0000000709800000, 0x0000000709900000|  0%| F|  |TAMS 0x0000000709800000, 0x0000000709800000| Untracked 
| 153|0x0000000709900000, 0x0000000709900000, 0x0000000709a00000|  0%| F|  |TAMS 0x0000000709900000, 0x0000000709900000| Untracked 
| 154|0x0000000709a00000, 0x0000000709a00000, 0x0000000709b00000|  0%| F|  |TAMS 0x0000000709a00000, 0x0000000709a00000| Untracked 
| 155|0x0000000709b00000, 0x0000000709b00000, 0x0000000709c00000|  0%| F|  |TAMS 0x0000000709b00000, 0x0000000709b00000| Untracked 
| 156|0x0000000709c00000, 0x0000000709c00000, 0x0000000709d00000|  0%| F|  |TAMS 0x0000000709c00000, 0x0000000709c00000| Untracked 
| 157|0x0000000709d00000, 0x0000000709d00000, 0x0000000709e00000|  0%| F|  |TAMS 0x0000000709d00000, 0x0000000709d00000| Untracked 
| 158|0x0000000709e00000, 0x0000000709e00000, 0x0000000709f00000|  0%| F|  |TAMS 0x0000000709e00000, 0x0000000709e00000| Untracked 
| 159|0x0000000709f00000, 0x0000000709f00000, 0x000000070a000000|  0%| F|  |TAMS 0x0000000709f00000, 0x0000000709f00000| Untracked 
| 160|0x000000070a000000, 0x000000070a000000, 0x000000070a100000|  0%| F|  |TAMS 0x000000070a000000, 0x000000070a000000| Untracked 
| 161|0x000000070a100000, 0x000000070a100000, 0x000000070a200000|  0%| F|  |TAMS 0x000000070a100000, 0x000000070a100000| Untracked 
| 162|0x000000070a200000, 0x000000070a200000, 0x000000070a300000|  0%| F|  |TAMS 0x000000070a200000, 0x000000070a200000| Untracked 
| 163|0x000000070a300000, 0x000000070a300000, 0x000000070a400000|  0%| F|  |TAMS 0x000000070a300000, 0x000000070a300000| Untracked 
| 164|0x000000070a400000, 0x000000070a400000, 0x000000070a500000|  0%| F|  |TAMS 0x000000070a400000, 0x000000070a400000| Untracked 
| 165|0x000000070a500000, 0x000000070a500000, 0x000000070a600000|  0%| F|  |TAMS 0x000000070a500000, 0x000000070a500000| Untracked 
| 166|0x000000070a600000, 0x000000070a600000, 0x000000070a700000|  0%| F|  |TAMS 0x000000070a600000, 0x000000070a600000| Untracked 
| 167|0x000000070a700000, 0x000000070a700000, 0x000000070a800000|  0%| F|  |TAMS 0x000000070a700000, 0x000000070a700000| Untracked 
| 168|0x000000070a800000, 0x000000070a800000, 0x000000070a900000|  0%| F|  |TAMS 0x000000070a800000, 0x000000070a800000| Untracked 
| 169|0x000000070a900000, 0x000000070a900000, 0x000000070aa00000|  0%| F|  |TAMS 0x000000070a900000, 0x000000070a900000| Untracked 
| 170|0x000000070aa00000, 0x000000070aa00000, 0x000000070ab00000|  0%| F|  |TAMS 0x000000070aa00000, 0x000000070aa00000| Untracked 
| 171|0x000000070ab00000, 0x000000070ab00000, 0x000000070ac00000|  0%| F|  |TAMS 0x000000070ab00000, 0x000000070ab00000| Untracked 
| 172|0x000000070ac00000, 0x000000070ac00000, 0x000000070ad00000|  0%| F|  |TAMS 0x000000070ac00000, 0x000000070ac00000| Untracked 
| 173|0x000000070ad00000, 0x000000070ad00000, 0x000000070ae00000|  0%| F|  |TAMS 0x000000070ad00000, 0x000000070ad00000| Untracked 
| 174|0x000000070ae00000, 0x000000070ae00000, 0x000000070af00000|  0%| F|  |TAMS 0x000000070ae00000, 0x000000070ae00000| Untracked 
| 175|0x000000070af00000, 0x000000070af00000, 0x000000070b000000|  0%| F|  |TAMS 0x000000070af00000, 0x000000070af00000| Untracked 
| 176|0x000000070b000000, 0x000000070b000000, 0x000000070b100000|  0%| F|  |TAMS 0x000000070b000000, 0x000000070b000000| Untracked 
| 177|0x000000070b100000, 0x000000070b100000, 0x000000070b200000|  0%| F|  |TAMS 0x000000070b100000, 0x000000070b100000| Untracked 
| 178|0x000000070b200000, 0x000000070b200000, 0x000000070b300000|  0%| F|  |TAMS 0x000000070b200000, 0x000000070b200000| Untracked 
| 179|0x000000070b300000, 0x000000070b300000, 0x000000070b400000|  0%| F|  |TAMS 0x000000070b300000, 0x000000070b300000| Untracked 
| 180|0x000000070b400000, 0x000000070b400000, 0x000000070b500000|  0%| F|  |TAMS 0x000000070b400000, 0x000000070b400000| Untracked 
| 181|0x000000070b500000, 0x000000070b59fb98, 0x000000070b600000| 62%| E|  |TAMS 0x000000070b500000, 0x000000070b500000| Complete 
| 182|0x000000070b600000, 0x000000070b700000, 0x000000070b700000|100%| E|CS|TAMS 0x000000070b600000, 0x000000070b600000| Complete 
| 183|0x000000070b700000, 0x000000070b800000, 0x000000070b800000|100%| E|CS|TAMS 0x000000070b700000, 0x000000070b700000| Complete 
| 184|0x000000070b800000, 0x000000070b900000, 0x000000070b900000|100%| E|CS|TAMS 0x000000070b800000, 0x000000070b800000| Complete 
| 185|0x000000070b900000, 0x000000070ba00000, 0x000000070ba00000|100%| E|CS|TAMS 0x000000070b900000, 0x000000070b900000| Complete 
| 186|0x000000070ba00000, 0x000000070bb00000, 0x000000070bb00000|100%| E|CS|TAMS 0x000000070ba00000, 0x000000070ba00000| Complete 
| 187|0x000000070bb00000, 0x000000070bc00000, 0x000000070bc00000|100%| E|CS|TAMS 0x000000070bb00000, 0x000000070bb00000| Complete 
| 188|0x000000070bc00000, 0x000000070bd00000, 0x000000070bd00000|100%| E|CS|TAMS 0x000000070bc00000, 0x000000070bc00000| Complete 
| 189|0x000000070bd00000, 0x000000070be00000, 0x000000070be00000|100%| E|CS|TAMS 0x000000070bd00000, 0x000000070bd00000| Complete 
| 190|0x000000070be00000, 0x000000070bf00000, 0x000000070bf00000|100%| E|  |TAMS 0x000000070be00000, 0x000000070be00000| Complete 
| 191|0x000000070bf00000, 0x000000070c000000, 0x000000070c000000|100%| E|CS|TAMS 0x000000070bf00000, 0x000000070bf00000| Complete 
| 192|0x000000070c000000, 0x000000070c100000, 0x000000070c100000|100%| E|CS|TAMS 0x000000070c000000, 0x000000070c000000| Complete 
| 193|0x000000070c100000, 0x000000070c200000, 0x000000070c200000|100%| E|CS|TAMS 0x000000070c100000, 0x000000070c100000| Complete 
| 194|0x000000070c200000, 0x000000070c300000, 0x000000070c300000|100%| E|CS|TAMS 0x000000070c200000, 0x000000070c200000| Complete 
| 195|0x000000070c300000, 0x000000070c400000, 0x000000070c400000|100%| E|CS|TAMS 0x000000070c300000, 0x000000070c300000| Complete 
| 196|0x000000070c400000, 0x000000070c500000, 0x000000070c500000|100%| E|CS|TAMS 0x000000070c400000, 0x000000070c400000| Complete 
| 197|0x000000070c500000, 0x000000070c600000, 0x000000070c600000|100%| E|CS|TAMS 0x000000070c500000, 0x000000070c500000| Complete 
| 198|0x000000070c600000, 0x000000070c700000, 0x000000070c700000|100%| E|CS|TAMS 0x000000070c600000, 0x000000070c600000| Complete 
| 199|0x000000070c700000, 0x000000070c800000, 0x000000070c800000|100%| E|CS|TAMS 0x000000070c700000, 0x000000070c700000| Complete 
| 200|0x000000070c800000, 0x000000070c900000, 0x000000070c900000|100%| E|CS|TAMS 0x000000070c800000, 0x000000070c800000| Complete 
| 201|0x000000070c900000, 0x000000070ca00000, 0x000000070ca00000|100%| E|CS|TAMS 0x000000070c900000, 0x000000070c900000| Complete 
| 202|0x000000070ca00000, 0x000000070cb00000, 0x000000070cb00000|100%| E|CS|TAMS 0x000000070ca00000, 0x000000070ca00000| Complete 
| 203|0x000000070cb00000, 0x000000070cc00000, 0x000000070cc00000|100%| E|CS|TAMS 0x000000070cb00000, 0x000000070cb00000| Complete 
| 204|0x000000070cc00000, 0x000000070cd00000, 0x000000070cd00000|100%| E|CS|TAMS 0x000000070cc00000, 0x000000070cc00000| Complete 
| 205|0x000000070cd00000, 0x000000070ce00000, 0x000000070ce00000|100%| E|CS|TAMS 0x000000070cd00000, 0x000000070cd00000| Complete 
| 206|0x000000070ce00000, 0x000000070cf00000, 0x000000070cf00000|100%| E|CS|TAMS 0x000000070ce00000, 0x000000070ce00000| Complete 
| 207|0x000000070cf00000, 0x000000070d000000, 0x000000070d000000|100%| E|CS|TAMS 0x000000070cf00000, 0x000000070cf00000| Complete 
| 208|0x000000070d000000, 0x000000070d100000, 0x000000070d100000|100%| E|CS|TAMS 0x000000070d000000, 0x000000070d000000| Complete 
| 209|0x000000070d100000, 0x000000070d200000, 0x000000070d200000|100%| E|CS|TAMS 0x000000070d100000, 0x000000070d100000| Complete 
| 210|0x000000070d200000, 0x000000070d300000, 0x000000070d300000|100%| E|CS|TAMS 0x000000070d200000, 0x000000070d200000| Complete 
| 211|0x000000070d300000, 0x000000070d400000, 0x000000070d400000|100%| E|CS|TAMS 0x000000070d300000, 0x000000070d300000| Complete 
| 212|0x000000070d400000, 0x000000070d500000, 0x000000070d500000|100%| E|CS|TAMS 0x000000070d400000, 0x000000070d400000| Complete 
| 213|0x000000070d500000, 0x000000070d600000, 0x000000070d600000|100%| E|CS|TAMS 0x000000070d500000, 0x000000070d500000| Complete 
| 214|0x000000070d600000, 0x000000070d700000, 0x000000070d700000|100%| E|CS|TAMS 0x000000070d600000, 0x000000070d600000| Complete 
| 215|0x000000070d700000, 0x000000070d800000, 0x000000070d800000|100%| E|CS|TAMS 0x000000070d700000, 0x000000070d700000| Complete 
| 216|0x000000070d800000, 0x000000070d900000, 0x000000070d900000|100%| E|CS|TAMS 0x000000070d800000, 0x000000070d800000| Complete 
| 217|0x000000070d900000, 0x000000070da00000, 0x000000070da00000|100%| E|CS|TAMS 0x000000070d900000, 0x000000070d900000| Complete 
| 218|0x000000070da00000, 0x000000070db00000, 0x000000070db00000|100%| E|CS|TAMS 0x000000070da00000, 0x000000070da00000| Complete 
| 219|0x000000070db00000, 0x000000070dc00000, 0x000000070dc00000|100%| E|CS|TAMS 0x000000070db00000, 0x000000070db00000| Complete 
| 220|0x000000070dc00000, 0x000000070dd00000, 0x000000070dd00000|100%| E|CS|TAMS 0x000000070dc00000, 0x000000070dc00000| Complete 
| 221|0x000000070dd00000, 0x000000070de00000, 0x000000070de00000|100%| E|CS|TAMS 0x000000070dd00000, 0x000000070dd00000| Complete 
| 222|0x000000070de00000, 0x000000070df00000, 0x000000070df00000|100%| E|CS|TAMS 0x000000070de00000, 0x000000070de00000| Complete 
| 223|0x000000070df00000, 0x000000070e000000, 0x000000070e000000|100%| E|CS|TAMS 0x000000070df00000, 0x000000070df00000| Complete 
| 224|0x000000070e000000, 0x000000070e100000, 0x000000070e100000|100%| E|CS|TAMS 0x000000070e000000, 0x000000070e000000| Complete 
| 225|0x000000070e100000, 0x000000070e200000, 0x000000070e200000|100%| E|CS|TAMS 0x000000070e100000, 0x000000070e100000| Complete 
| 226|0x000000070e200000, 0x000000070e300000, 0x000000070e300000|100%| E|CS|TAMS 0x000000070e200000, 0x000000070e200000| Complete 
| 227|0x000000070e300000, 0x000000070e400000, 0x000000070e400000|100%| E|CS|TAMS 0x000000070e300000, 0x000000070e300000| Complete 
| 228|0x000000070e400000, 0x000000070e500000, 0x000000070e500000|100%| E|CS|TAMS 0x000000070e400000, 0x000000070e400000| Complete 
| 229|0x000000070e500000, 0x000000070e600000, 0x000000070e600000|100%| E|CS|TAMS 0x000000070e500000, 0x000000070e500000| Complete 
| 230|0x000000070e600000, 0x000000070e700000, 0x000000070e700000|100%| E|CS|TAMS 0x000000070e600000, 0x000000070e600000| Complete 
| 231|0x000000070e700000, 0x000000070e800000, 0x000000070e800000|100%| E|CS|TAMS 0x000000070e700000, 0x000000070e700000| Complete 
| 232|0x000000070e800000, 0x000000070e900000, 0x000000070e900000|100%| E|CS|TAMS 0x000000070e800000, 0x000000070e800000| Complete 
| 233|0x000000070e900000, 0x000000070ea00000, 0x000000070ea00000|100%| E|CS|TAMS 0x000000070e900000, 0x000000070e900000| Complete 
| 234|0x000000070ea00000, 0x000000070eb00000, 0x000000070eb00000|100%| E|CS|TAMS 0x000000070ea00000, 0x000000070ea00000| Complete 
| 235|0x000000070eb00000, 0x000000070ec00000, 0x000000070ec00000|100%| E|CS|TAMS 0x000000070eb00000, 0x000000070eb00000| Complete 
| 236|0x000000070ec00000, 0x000000070ed00000, 0x000000070ed00000|100%| E|CS|TAMS 0x000000070ec00000, 0x000000070ec00000| Complete 
| 237|0x000000070ed00000, 0x000000070ee00000, 0x000000070ee00000|100%| E|CS|TAMS 0x000000070ed00000, 0x000000070ed00000| Complete 
| 238|0x000000070ee00000, 0x000000070ef00000, 0x000000070ef00000|100%| E|CS|TAMS 0x000000070ee00000, 0x000000070ee00000| Complete 
| 239|0x000000070ef00000, 0x000000070f000000, 0x000000070f000000|100%| E|CS|TAMS 0x000000070ef00000, 0x000000070ef00000| Complete 
| 240|0x000000070f000000, 0x000000070f100000, 0x000000070f100000|100%| E|CS|TAMS 0x000000070f000000, 0x000000070f000000| Complete 
| 241|0x000000070f100000, 0x000000070f200000, 0x000000070f200000|100%| E|CS|TAMS 0x000000070f100000, 0x000000070f100000| Complete 
| 242|0x000000070f200000, 0x000000070f300000, 0x000000070f300000|100%| E|CS|TAMS 0x000000070f200000, 0x000000070f200000| Complete 
| 243|0x000000070f300000, 0x000000070f400000, 0x000000070f400000|100%| E|CS|TAMS 0x000000070f300000, 0x000000070f300000| Complete 
| 244|0x000000070f400000, 0x000000070f500000, 0x000000070f500000|100%| E|CS|TAMS 0x000000070f400000, 0x000000070f400000| Complete 
| 245|0x000000070f500000, 0x000000070f600000, 0x000000070f600000|100%| E|CS|TAMS 0x000000070f500000, 0x000000070f500000| Complete 
| 246|0x000000070f600000, 0x000000070f700000, 0x000000070f700000|100%| E|CS|TAMS 0x000000070f600000, 0x000000070f600000| Complete 
| 247|0x000000070f700000, 0x000000070f800000, 0x000000070f800000|100%| E|CS|TAMS 0x000000070f700000, 0x000000070f700000| Complete 
| 248|0x000000070f800000, 0x000000070f900000, 0x000000070f900000|100%| E|CS|TAMS 0x000000070f800000, 0x000000070f800000| Complete 
| 249|0x000000070f900000, 0x000000070fa00000, 0x000000070fa00000|100%| E|CS|TAMS 0x000000070f900000, 0x000000070f900000| Complete 
| 250|0x000000070fa00000, 0x000000070fb00000, 0x000000070fb00000|100%| E|CS|TAMS 0x000000070fa00000, 0x000000070fa00000| Complete 
| 251|0x000000070fb00000, 0x000000070fc00000, 0x000000070fc00000|100%| E|CS|TAMS 0x000000070fb00000, 0x000000070fb00000| Complete 
| 252|0x000000070fc00000, 0x000000070fd00000, 0x000000070fd00000|100%| E|CS|TAMS 0x000000070fc00000, 0x000000070fc00000| Complete 
| 253|0x000000070fd00000, 0x000000070fe00000, 0x000000070fe00000|100%| E|CS|TAMS 0x000000070fd00000, 0x000000070fd00000| Complete 

Card table byte_map: [0x0000028727e10000,0x0000028728610000] _byte_map_base: 0x0000028724610000

Marking Bits (Prev, Next): (CMBitMap*) 0x0000028714819218, (CMBitMap*) 0x0000028714819250
 Prev Bits: [0x0000028728e10000, 0x000002872ce10000)
 Next Bits: [0x000002872ce10000, 0x0000028730e10000)

Polling page: 0x0000028712780000

Metaspace:

Usage:
  Non-class:     77.87 MB capacity,    76.20 MB ( 98%) used,     1.35 MB (  2%) free+waste,   321.75 KB ( <1%) overhead. 
      Class:     12.33 MB capacity,    11.26 MB ( 91%) used,   942.22 KB (  7%) free+waste,   146.75 KB (  1%) overhead. 
       Both:     90.20 MB capacity,    87.47 MB ( 97%) used,     2.27 MB (  3%) free+waste,   468.50 KB ( <1%) overhead. 

Virtual space:
  Non-class space:       78.00 MB reserved,      77.92 MB (>99%) committed 
      Class space:        1.00 GB reserved,      12.38 MB (  1%) committed 
             Both:        1.08 GB reserved,      90.30 MB (  8%) committed 

Chunk freelists:
   Non-Class:  52.00 KB
       Class:  0 bytes
        Both:  52.00 KB

MaxMetaspaceSize: 17179869184.00 GB
CompressedClassSpaceSize: 1.00 GB
Initial GC threshold: 20.80 MB
Current GC threshold: 111.95 MB
CDS: off

CodeHeap 'non-profiled nmethods': size=120000Kb used=7972Kb max_used=7972Kb free=112027Kb
 bounds [0x000002871fdb0000, 0x0000028720580000, 0x00000287272e0000]
CodeHeap 'profiled nmethods': size=120000Kb used=27455Kb max_used=27455Kb free=92545Kb
 bounds [0x0000028718880000, 0x000002871a350000, 0x000002871fdb0000]
CodeHeap 'non-nmethods': size=5760Kb used=2390Kb max_used=2448Kb free=3369Kb
 bounds [0x00000287182e0000, 0x0000028718560000, 0x0000028718880000]
 total_blobs=13102 nmethods=12192 adapters=822
 compilation: enabled
              stopped_count=0, restarted_count=0
 full_count=0

Compilation events (20 events):
Event: 55.846 Thread 0x00000287342ad800 12271       3       java.util.concurrent.ConcurrentHashMap::addCount (289 bytes)
Event: 55.848 Thread 0x00000287342ad800 nmethod 12271 0x000002871a335e10 code [0x000002871a336060, 0x000002871a336a18]
Event: 55.913 Thread 0x0000028737fcd800 nmethod 12248 0x000002872056d910 code [0x000002872056dc60, 0x00000287205706d8]
Event: 55.913 Thread 0x0000028737fcd800 12250       4       com.google.common.collect.ImmutableAsList::size (8 bytes)
Event: 55.915 Thread 0x0000028737fcd800 nmethod 12250 0x0000028720571b90 code [0x0000028720571d40, 0x0000028720571e38]
Event: 55.915 Thread 0x0000028737fcd800 12264   !   4       java.lang.StringCoding::encode (324 bytes)
Event: 55.916 Thread 0x00000287342ad800 12272       1       org.gradle.api.internal.tasks.properties.DefaultInputFilePropertySpec::isSkipWhenEmpty (5 bytes)
Event: 55.916 Thread 0x00000287342ad800 nmethod 12272 0x0000028720571f90 code [0x0000028720572140, 0x00000287205721f8]
Event: 55.916 Thread 0x00000287342ad800 12273       1       org.gradle.api.internal.tasks.properties.AbstractFilePropertySpec::getNormalizer (5 bytes)
Event: 55.916 Thread 0x00000287342ad800 nmethod 12273 0x0000028720572290 code [0x0000028720572440, 0x00000287205724f8]
Event: 55.916 Thread 0x00000287342ad800 12274       1       org.gradle.api.internal.tasks.properties.DefaultInputFilePropertySpec::getDirectorySensitivity (5 bytes)
Event: 55.916 Thread 0x00000287342ad800 nmethod 12274 0x0000028720572590 code [0x0000028720572740, 0x00000287205727f8]
Event: 55.916 Thread 0x00000287342ad800 12275       1       org.gradle.api.internal.tasks.properties.DefaultInputFilePropertySpec::getLineEndingNormalization (5 bytes)
Event: 55.916 Thread 0x00000287342ad800 nmethod 12275 0x0000028720572890 code [0x0000028720572a40, 0x0000028720572af8]
Event: 55.940 Thread 0x0000028737fcd800 nmethod 12264 0x0000028720572b90 code [0x0000028720572e80, 0x0000028720573ab8]
Event: 55.940 Thread 0x0000028737fcd800 12277       4       org.gradle.internal.operations.DefaultBuildOperationListenerManager$1::finished (48 bytes)
Event: 55.948 Thread 0x0000028737fcd800 nmethod 12277 0x0000028720574510 code [0x0000028720574700, 0x0000028720574aa8]
Event: 55.948 Thread 0x0000028737fcd800 12276       4       org.gradle.api.internal.artifacts.transform.ConsumerProvidedVariantFinder::matchAttributes (68 bytes)
Event: 55.980 Thread 0x0000028737fcd800 nmethod 12276 0x0000028720574f10 code [0x0000028720575160, 0x0000028720575c10]
Event: 55.981 Thread 0x0000028737fcd800 12254       4       java.util.concurrent.ThreadPoolExecutor::beforeExecute (1 bytes)

GC Heap History (20 events):
Event: 22.971 GC heap before
{Heap before GC invocations=4 (full 0):
 garbage-first heap   total 260096K, used 88525K [0x0000000700000000, 0x0000000800000000)
  region size 1024K, 71 young (72704K), 2 survivors (2048K)
 Metaspace       used 29766K, capacity 30531K, committed 30896K, reserved 1075200K
  class space    used 3951K, capacity 4242K, committed 4352K, reserved 1048576K
}
Event: 22.976 GC heap after
{Heap after GC invocations=5 (full 0):
 garbage-first heap   total 260096K, used 19938K [0x0000000700000000, 0x0000000800000000)
  region size 1024K, 4 young (4096K), 4 survivors (4096K)
 Metaspace       used 29766K, capacity 30531K, committed 30896K, reserved 1075200K
  class space    used 3951K, capacity 4242K, committed 4352K, reserved 1048576K
}
Event: 23.998 GC heap before
{Heap before GC invocations=5 (full 0):
 garbage-first heap   total 260096K, used 49634K [0x0000000700000000, 0x0000000800000000)
  region size 1024K, 34 young (34816K), 4 survivors (4096K)
 Metaspace       used 34844K, capacity 35724K, committed 35888K, reserved 1081344K
  class space    used 4552K, capacity 4887K, committed 4992K, reserved 1048576K
}
Event: 24.014 GC heap after
{Heap after GC invocations=6 (full 0):
 garbage-first heap   total 260096K, used 22342K [0x0000000700000000, 0x0000000800000000)
  region size 1024K, 6 young (6144K), 6 survivors (6144K)
 Metaspace       used 34844K, capacity 35724K, committed 35888K, reserved 1081344K
  class space    used 4552K, capacity 4887K, committed 4992K, reserved 1048576K
}
Event: 27.790 GC heap before
{Heap before GC invocations=7 (full 0):
 garbage-first heap   total 260096K, used 148294K [0x0000000700000000, 0x0000000800000000)
  region size 1024K, 126 young (129024K), 6 survivors (6144K)
 Metaspace       used 46012K, capacity 47078K, committed 47152K, reserved 1089536K
  class space    used 5858K, capacity 6267K, committed 6272K, reserved 1048576K
}
Event: 27.809 GC heap after
{Heap after GC invocations=8 (full 0):
 garbage-first heap   total 260096K, used 30408K [0x0000000700000000, 0x0000000800000000)
  region size 1024K, 14 young (14336K), 14 survivors (14336K)
 Metaspace       used 46012K, capacity 47078K, committed 47152K, reserved 1089536K
  class space    used 5858K, capacity 6267K, committed 6272K, reserved 1048576K
}
Event: 35.275 GC heap before
{Heap before GC invocations=8 (full 0):
 garbage-first heap   total 260096K, used 163528K [0x0000000700000000, 0x0000000800000000)
  region size 1024K, 142 young (145408K), 14 survivors (14336K)
 Metaspace       used 55541K, capacity 56949K, committed 57264K, reserved 1099776K
  class space    used 7009K, capacity 7556K, committed 7680K, reserved 1048576K
}
Event: 35.294 GC heap after
{Heap after GC invocations=9 (full 0):
 garbage-first heap   total 260096K, used 41725K [0x0000000700000000, 0x0000000800000000)
  region size 1024K, 18 young (18432K), 18 survivors (18432K)
 Metaspace       used 55541K, capacity 56949K, committed 57264K, reserved 1099776K
  class space    used 7009K, capacity 7556K, committed 7680K, reserved 1048576K
}
Event: 35.770 GC heap before
{Heap before GC invocations=9 (full 0):
 garbage-first heap   total 260096K, used 65277K [0x0000000700000000, 0x0000000800000000)
  region size 1024K, 42 young (43008K), 18 survivors (18432K)
 Metaspace       used 58637K, capacity 60156K, committed 60208K, reserved 1101824K
  class space    used 7411K, capacity 8034K, committed 8064K, reserved 1048576K
}
Event: 35.790 GC heap after
{Heap after GC invocations=10 (full 0):
 garbage-first heap   total 260096K, used 43661K [0x0000000700000000, 0x0000000800000000)
  region size 1024K, 12 young (12288K), 12 survivors (12288K)
 Metaspace       used 58637K, capacity 60156K, committed 60208K, reserved 1101824K
  class space    used 7411K, capacity 8034K, committed 8064K, reserved 1048576K
}
Event: 38.339 GC heap before
{Heap before GC invocations=11 (full 0):
 garbage-first heap   total 260096K, used 194189K [0x0000000700000000, 0x0000000800000000)
  region size 1024K, 152 young (155648K), 12 survivors (12288K)
 Metaspace       used 66577K, capacity 68314K, committed 68528K, reserved 1107968K
  class space    used 8426K, capacity 9126K, committed 9216K, reserved 1048576K
}
Event: 38.384 GC heap after
{Heap after GC invocations=12 (full 0):
 garbage-first heap   total 260096K, used 54181K [0x0000000700000000, 0x0000000800000000)
  region size 1024K, 13 young (13312K), 13 survivors (13312K)
 Metaspace       used 66577K, capacity 68314K, committed 68528K, reserved 1107968K
  class space    used 8426K, capacity 9126K, committed 9216K, reserved 1048576K
}
Event: 41.229 GC heap before
{Heap before GC invocations=13 (full 0):
 garbage-first heap   total 260096K, used 190373K [0x0000000700000000, 0x0000000800000000)
  region size 1024K, 146 young (149504K), 13 survivors (13312K)
 Metaspace       used 77095K, capacity 79008K, committed 79152K, reserved 1118208K
  class space    used 10060K, capacity 10807K, committed 10880K, reserved 1048576K
}
Event: 41.251 GC heap after
{Heap after GC invocations=14 (full 0):
 garbage-first heap   total 260096K, used 63205K [0x0000000700000000, 0x0000000800000000)
  region size 1024K, 9 young (9216K), 9 survivors (9216K)
 Metaspace       used 77095K, capacity 79008K, committed 79152K, reserved 1118208K
  class space    used 10060K, capacity 10807K, committed 10880K, reserved 1048576K
}
Event: 45.131 GC heap before
{Heap before GC invocations=14 (full 0):
 garbage-first heap   total 260096K, used 195301K [0x0000000700000000, 0x0000000800000000)
  region size 1024K, 139 young (142336K), 9 survivors (9216K)
 Metaspace       used 84484K, capacity 86733K, committed 87088K, reserved 1124352K
  class space    used 10954K, capacity 11797K, committed 11904K, reserved 1048576K
}
Event: 45.154 GC heap after
{Heap after GC invocations=15 (full 0):
 garbage-first heap   total 260096K, used 78086K [0x0000000700000000, 0x0000000800000000)
  region size 1024K, 18 young (18432K), 18 survivors (18432K)
 Metaspace       used 84484K, capacity 86733K, committed 87088K, reserved 1124352K
  class space    used 10954K, capacity 11797K, committed 11904K, reserved 1048576K
}
Event: 50.359 GC heap before
{Heap before GC invocations=15 (full 0):
 garbage-first heap   total 260096K, used 196870K [0x0000000700000000, 0x0000000800000000)
  region size 1024K, 135 young (138240K), 18 survivors (18432K)
 Metaspace       used 87961K, capacity 90640K, committed 90800K, reserved 1128448K
  class space    used 11451K, capacity 12498K, committed 12544K, reserved 1048576K
}
Event: 50.390 GC heap after
{Heap after GC invocations=16 (full 0):
 garbage-first heap   total 260096K, used 87809K [0x0000000700000000, 0x0000000800000000)
  region size 1024K, 9 young (9216K), 9 survivors (9216K)
 Metaspace       used 87961K, capacity 90640K, committed 90800K, reserved 1128448K
  class space    used 11451K, capacity 12498K, committed 12544K, reserved 1048576K
}
Event: 54.685 GC heap before
{Heap before GC invocations=16 (full 0):
 garbage-first heap   total 260096K, used 203521K [0x0000000700000000, 0x0000000800000000)
  region size 1024K, 121 young (123904K), 9 survivors (9216K)
 Metaspace       used 89349K, capacity 92037K, committed 92208K, reserved 1128448K
  class space    used 11521K, capacity 12606K, committed 12672K, reserved 1048576K
}
Event: 54.703 GC heap after
{Heap after GC invocations=17 (full 0):
 garbage-first heap   total 260096K, used 92147K [0x0000000700000000, 0x0000000800000000)
  region size 1024K, 14 young (14336K), 14 survivors (14336K)
 Metaspace       used 89349K, capacity 92037K, committed 92208K, reserved 1128448K
  class space    used 11521K, capacity 12606K, committed 12672K, reserved 1048576K
}

Deoptimization events (20 events):
Event: 54.665 Thread 0x0000028735ba0800 Uncommon trap: trap_request=0xffffff4d fr.pc=0x00000287204e5ce0 relative=0x0000000000000700
Event: 54.665 Thread 0x0000028735ba0800 Uncommon trap: reason=unstable_if action=reinterpret pc=0x00000287204e5ce0 method=java.util.concurrent.FutureTask.awaitDone(ZJ)I @ 23 c2
Event: 54.665 Thread 0x0000028735ba0800 DEOPT PACKING pc=0x00000287204e5ce0 sp=0x000000ceba6fc640
Event: 54.665 Thread 0x0000028735ba0800 DEOPT UNPACKING pc=0x000002871832a1af sp=0x000000ceba6fc5c8 mode 2
Event: 55.165 Thread 0x0000028735b9a800 DEOPT PACKING pc=0x0000028719edf525 sp=0x000000ceba3fde70
Event: 55.165 Thread 0x0000028735b9a800 DEOPT UNPACKING pc=0x000002871832a95e sp=0x000000ceba3fd338 mode 0
Event: 55.360 Thread 0x000002873668b800 DEOPT PACKING pc=0x000002871a009fe1 sp=0x000000ceb95fe7c0
Event: 55.360 Thread 0x000002873668b800 DEOPT UNPACKING pc=0x000002871832a95e sp=0x000000ceb95fdc78 mode 0
Event: 55.546 Thread 0x00000287399c5800 Uncommon trap: trap_request=0xffffffc6 fr.pc=0x00000287204cbd6c relative=0x00000000000038ac
Event: 55.546 Thread 0x00000287399c5800 Uncommon trap: reason=bimorphic_or_optimized_type_check action=maybe_recompile pc=0x00000287204cbd6c method=org.gradle.internal.snapshot.impl.AbstractValueProcessor.processValue(Ljava/lang/Object;Lorg/gradle/internal/snapshot/impl/AbstractValueProcessor$V
Event: 55.546 Thread 0x00000287399c5800 DEOPT PACKING pc=0x00000287204cbd6c sp=0x000000cec06fcd60
Event: 55.546 Thread 0x00000287399c5800 DEOPT UNPACKING pc=0x000002871832a1af sp=0x000000cec06fcd78 mode 2
Event: 55.607 Thread 0x00000287399c5800 Uncommon trap: trap_request=0xffffffbe fr.pc=0x00000287204cbbf8 relative=0x0000000000003738
Event: 55.607 Thread 0x00000287399c5800 Uncommon trap: reason=profile_predicate action=maybe_recompile pc=0x00000287204cbbf8 method=org.gradle.internal.snapshot.impl.AbstractValueProcessor.processValue(Ljava/lang/Object;Lorg/gradle/internal/snapshot/impl/AbstractValueProcessor$ValueVisitor;)Lja
Event: 55.607 Thread 0x00000287399c5800 DEOPT PACKING pc=0x00000287204cbbf8 sp=0x000000cec06fcd60
Event: 55.607 Thread 0x00000287399c5800 DEOPT UNPACKING pc=0x000002871832a1af sp=0x000000cec06fcd78 mode 2
Event: 55.765 Thread 0x0000028736777000 Uncommon trap: trap_request=0xffffff4d fr.pc=0x00000287200c476c relative=0x000000000000038c
Event: 55.765 Thread 0x0000028736777000 Uncommon trap: reason=unstable_if action=reinterpret pc=0x00000287200c476c method=java.util.concurrent.ConcurrentHashMap.addCount(JI)V @ 97 c2
Event: 55.765 Thread 0x0000028736777000 DEOPT PACKING pc=0x00000287200c476c sp=0x000000cebf1fe120
Event: 55.765 Thread 0x0000028736777000 DEOPT UNPACKING pc=0x000002871832a1af sp=0x000000cebf1fe060 mode 2

Classes redefined (0 events):
No events

Internal exceptions (20 events):
Event: 48.116 Thread 0x000002873677a800 Exception <a 'java/lang/NoSuchMethodError'{0x000000070d12f5a8}: 'java.lang.Object java.lang.invoke.DirectMethodHandle$Holder.invokeSpecialIFC(java.lang.Object, java.lang.Object, java.lang.Object)'> (0x000000070d12f5a8) thrown at [src/hotspot/share/interpreter/linkResolver.cpp, line 773]
Event: 48.116 Thread 0x0000028736775800 Exception <a 'java/lang/NoSuchMethodError'{0x000000070d19a2b0}: 'java.lang.Object java.lang.invoke.DirectMethodHandle$Holder.invokeSpecialIFC(java.lang.Object, java.lang.Object, java.lang.Object)'> (0x000000070d19a2b0) thrown at [src/hotspot/share/interpreter/linkResolver.cpp, line 773]
Event: 48.116 Thread 0x0000028735ba3000 Exception <a 'java/lang/NoSuchMethodError'{0x000000070d2d55a8}: 'java.lang.Object java.lang.invoke.DirectMethodHandle$Holder.invokeSpecialIFC(java.lang.Object, java.lang.Object, java.lang.Object)'> (0x000000070d2d55a8) thrown at [src/hotspot/share/interpreter/linkResolver.cpp, line 773]
Event: 48.116 Thread 0x0000028736778000 Exception <a 'java/lang/NoSuchMethodError'{0x000000070d1bc4d8}: 'java.lang.Object java.lang.invoke.DirectMethodHandle$Holder.invokeSpecialIFC(java.lang.Object, java.lang.Object, java.lang.Object)'> (0x000000070d1bc4d8) thrown at [src/hotspot/share/interpreter/linkResolver.cpp, line 773]
Event: 48.116 Thread 0x00000287387a5000 Exception <a 'java/lang/NoSuchMethodError'{0x000000070d10cca8}: 'java.lang.Object java.lang.invoke.DirectMethodHandle$Holder.invokeSpecialIFC(java.lang.Object, java.lang.Object, java.lang.Object)'> (0x000000070d10cca8) thrown at [src/hotspot/share/interpreter/linkResolver.cpp, line 773]
Event: 48.263 Thread 0x0000028736774800 Exception <a 'java/lang/NoSuchMethodError'{0x000000070cbe1878}: 'void java.lang.invoke.DirectMethodHandle$Holder.invokeVirtual(java.lang.Object, java.lang.Object)'> (0x000000070cbe1878) thrown at [src/hotspot/share/interpreter/linkResolver.cpp, line 773]
Event: 48.263 Thread 0x0000028735ba3000 Exception <a 'java/lang/NoSuchMethodError'{0x000000070ca0af98}: 'void java.lang.invoke.DirectMethodHandle$Holder.invokeVirtual(java.lang.Object, java.lang.Object)'> (0x000000070ca0af98) thrown at [src/hotspot/share/interpreter/linkResolver.cpp, line 773]
Event: 48.263 Thread 0x00000287387a5000 Exception <a 'java/lang/NoSuchMethodError'{0x000000070c9677e0}: 'void java.lang.invoke.DirectMethodHandle$Holder.invokeVirtual(java.lang.Object, java.lang.Object)'> (0x000000070c9677e0) thrown at [src/hotspot/share/interpreter/linkResolver.cpp, line 773]
Event: 48.276 Thread 0x0000028735ba3000 Implicit null exception at 0x00000287203ad4dc to 0x00000287203ad56c
Event: 48.276 Thread 0x0000028736774800 Implicit null exception at 0x00000287203ad4dc to 0x00000287203ad56c
Event: 48.276 Thread 0x0000028736a07000 Implicit null exception at 0x00000287203ad4dc to 0x00000287203ad56c
Event: 48.276 Thread 0x00000287387a5000 Implicit null exception at 0x00000287203ad4dc to 0x00000287203ad56c
Event: 48.333 Thread 0x0000028735ba3000 Exception <a 'java/lang/NoSuchMethodError'{0x000000070c478b78}: 'java.lang.Object java.lang.invoke.DirectMethodHandle$Holder.newInvokeSpecial(java.lang.Object, java.lang.Object, java.lang.Object, java.lang.Object)'> (0x000000070c478b78) thrown at [src/hotspot/share/interpreter/linkResolver.cpp, line 773]
Event: 48.333 Thread 0x0000028736774800 Exception <a 'java/lang/NoSuchMethodError'{0x000000070c562108}: 'java.lang.Object java.lang.invoke.DirectMethodHandle$Holder.newInvokeSpecial(java.lang.Object, java.lang.Object, java.lang.Object, java.lang.Object)'> (0x000000070c562108) thrown at [src/hotspot/share/interpreter/linkResolver.cpp, line 773]
Event: 48.333 Thread 0x0000028736a07000 Exception <a 'java/lang/NoSuchMethodError'{0x000000070c5cf158}: 'java.lang.Object java.lang.invoke.DirectMethodHandle$Holder.newInvokeSpecial(java.lang.Object, java.lang.Object, java.lang.Object, java.lang.Object)'> (0x000000070c5cf158) thrown at [src/hotspot/share/interpreter/linkResolver.cpp, line 773]
Event: 48.333 Thread 0x00000287387a5000 Exception <a 'java/lang/NoSuchMethodError'{0x000000070c412f38}: 'java.lang.Object java.lang.invoke.DirectMethodHandle$Holder.newInvokeSpecial(java.lang.Object, java.lang.Object, java.lang.Object, java.lang.Object)'> (0x000000070c412f38) thrown at [src/hotspot/share/interpreter/linkResolver.cpp, line 773]
Event: 48.366 Thread 0x0000028736774800 Implicit null exception at 0x00000287203bffa5 to 0x00000287203c0158
Event: 51.763 Thread 0x00000287399c5800 Exception <a 'java/lang/NoSuchMethodError'{0x000000070cd3bda0}: 'void java.lang.invoke.DirectMethodHandle$Holder.invokeInterface(java.lang.Object, java.lang.Object, java.lang.Object, java.lang.Object)'> (0x000000070cd3bda0) thrown at [src/hotspot/share/interpreter/linkResolver.cpp, line 773]
Event: 52.227 Thread 0x00000287399c5800 Implicit null exception at 0x000002871ff1c49c to 0x000002871ff1ccb0
Event: 55.551 Thread 0x00000287399c5800 Exception <a 'java/lang/NoSuchMethodError'{0x000000070d5be688}: 'java.lang.Object java.lang.invoke.DirectMethodHandle$Holder.invokeStatic(java.lang.Object, java.lang.Object, java.lang.Object, java.lang.Object, java.lang.Object, java.lang.Object, java.lang.Object, java.lang.Object, java.lang.Object, java.lang.Object, java.lang.Object, java.lang.Object, java.lang.Object, java.lang.Object, java.lang.Object, int)'> (0x000000070d5be688) thrown at [src/hotspot/share/interpreter/linkResolver.cpp, line 773]

Events (20 events):
Event: 55.546 Executing VM operation: RevokeBias
Event: 55.547 Executing VM operation: RevokeBias done
Event: 55.550 loading class java/lang/invoke/BoundMethodHandle$Species_LLLLLLLLLLLLI
Event: 55.550 loading class java/lang/invoke/BoundMethodHandle$Species_LLLLLLLLLLLLI done
Event: 55.554 loading class java/lang/invoke/BoundMethodHandle$Species_LLLLLLLLLLLLII
Event: 55.554 loading class java/lang/invoke/BoundMethodHandle$Species_LLLLLLLLLLLLII done
Event: 55.599 loading class com/android/build/api/component/impl/ComponentUtils
Event: 55.599 loading class com/android/build/api/component/impl/ComponentUtils done
Event: 55.601 Executing VM operation: RevokeBias
Event: 55.602 Executing VM operation: RevokeBias done
Event: 55.602 Executing VM operation: RevokeBias
Event: 55.602 Executing VM operation: RevokeBias done
Event: 55.603 Executing VM operation: RevokeBias
Event: 55.604 Executing VM operation: RevokeBias done
Event: 55.604 Executing VM operation: RevokeBias
Event: 55.605 Executing VM operation: RevokeBias done
Event: 55.605 Executing VM operation: RevokeBias
Event: 55.606 Executing VM operation: RevokeBias done
Event: 55.606 Executing VM operation: RevokeBias
Event: 55.606 Executing VM operation: RevokeBias done


Dynamic libraries:
0x00007ff679680000 - 0x00007ff67968a000 	D:\projetos\Android Studio\jbr\bin\java.exe
0x00007ffdb0000000 - 0x00007ffdb0209000 	C:\WINDOWS\SYSTEM32\ntdll.dll
0x00007ffdae670000 - 0x00007ffdae72d000 	C:\WINDOWS\System32\KERNEL32.DLL
0x00007ffdad930000 - 0x00007ffdadcb4000 	C:\WINDOWS\System32\KERNELBASE.dll
0x00007ffdad510000 - 0x00007ffdad621000 	C:\WINDOWS\System32\ucrtbase.dll
0x00007ffd8e960000 - 0x00007ffd8e977000 	D:\projetos\Android Studio\jbr\bin\jli.dll
0x00007ffdae2c0000 - 0x00007ffdae46d000 	C:\WINDOWS\System32\USER32.dll
0x00007ffdad6f0000 - 0x00007ffdad716000 	C:\WINDOWS\System32\win32u.dll
0x00007ffd8f480000 - 0x00007ffd8f725000 	C:\WINDOWS\WinSxS\amd64_microsoft.windows.common-controls_6595b64144ccf1df_6.0.22000.120_none_9d947278b86cc467\COMCTL32.dll
0x00007ffdae5c0000 - 0x00007ffdae663000 	C:\WINDOWS\System32\msvcrt.dll
0x00007ffdae040000 - 0x00007ffdae06a000 	C:\WINDOWS\System32\GDI32.dll
0x00007ffdadcc0000 - 0x00007ffdaddde000 	C:\WINDOWS\System32\gdi32full.dll
0x00007ffdad720000 - 0x00007ffdad7bd000 	C:\WINDOWS\System32\msvcp_win.dll
0x00007ffd8e940000 - 0x00007ffd8e95b000 	D:\projetos\Android Studio\jbr\bin\VCRUNTIME140.dll
0x00007ffdade50000 - 0x00007ffdade81000 	C:\WINDOWS\System32\IMM32.DLL
0x00007ffd95580000 - 0x00007ffd9558c000 	D:\projetos\Android Studio\jbr\bin\vcruntime140_1.dll
0x00007ffd7ed80000 - 0x00007ffd7ee0d000 	D:\projetos\Android Studio\jbr\bin\msvcp140.dll
0x00007ffd23430000 - 0x00007ffd23fec000 	D:\projetos\Android Studio\jbr\bin\server\jvm.dll
0x00007ffdade90000 - 0x00007ffdadf3e000 	C:\WINDOWS\System32\ADVAPI32.dll
0x00007ffdae0f0000 - 0x00007ffdae18e000 	C:\WINDOWS\System32\sechost.dll
0x00007ffdae190000 - 0x00007ffdae2b1000 	C:\WINDOWS\System32\RPCRT4.dll
0x00007ffdae0e0000 - 0x00007ffdae0e8000 	C:\WINDOWS\System32\PSAPI.DLL
0x00007ffd8e2a0000 - 0x00007ffd8e2a9000 	C:\WINDOWS\SYSTEM32\WSOCK32.dll
0x00007ffda3f70000 - 0x00007ffda3fa3000 	C:\WINDOWS\SYSTEM32\WINMM.dll
0x00007ffdadf40000 - 0x00007ffdadfaf000 	C:\WINDOWS\System32\WS2_32.dll
0x00007ffda2e90000 - 0x00007ffda2e9a000 	C:\WINDOWS\SYSTEM32\VERSION.dll
0x00007ffdac5f0000 - 0x00007ffdac608000 	C:\WINDOWS\SYSTEM32\kernel.appcore.dll
0x00007ffda2f30000 - 0x00007ffda2f40000 	D:\projetos\Android Studio\jbr\bin\verify.dll
0x00007ffda7ef0000 - 0x00007ffda8111000 	C:\WINDOWS\SYSTEM32\DBGHELP.DLL
0x00007ffd8e1c0000 - 0x00007ffd8e1f1000 	C:\WINDOWS\SYSTEM32\dbgcore.DLL
0x00007ffdad490000 - 0x00007ffdad50f000 	C:\WINDOWS\System32\bcryptPrimitives.dll
0x00007ffd96c00000 - 0x00007ffd96c28000 	D:\projetos\Android Studio\jbr\bin\java.dll
0x00007ffd96ba0000 - 0x00007ffd96baa000 	D:\projetos\Android Studio\jbr\bin\jimage.dll
0x00007ffd95350000 - 0x00007ffd95368000 	D:\projetos\Android Studio\jbr\bin\zip.dll
0x00007ffdae9c0000 - 0x00007ffdaf185000 	C:\WINDOWS\System32\SHELL32.dll
0x00007ffdab570000 - 0x00007ffdabdd2000 	C:\WINDOWS\SYSTEM32\windows.storage.dll
0x00007ffdafad0000 - 0x00007ffdafe46000 	C:\WINDOWS\System32\combase.dll
0x00007ffdab400000 - 0x00007ffdab567000 	C:\WINDOWS\SYSTEM32\wintypes.dll
0x00007ffdaf9e0000 - 0x00007ffdafaca000 	C:\WINDOWS\System32\SHCORE.dll
0x00007ffdae080000 - 0x00007ffdae0dd000 	C:\WINDOWS\System32\shlwapi.dll
0x00007ffdad3c0000 - 0x00007ffdad3e5000 	C:\WINDOWS\SYSTEM32\profapi.dll
0x00007ffd95330000 - 0x00007ffd95349000 	D:\projetos\Android Studio\jbr\bin\net.dll
0x00007ffda41a0000 - 0x00007ffda42b4000 	C:\WINDOWS\SYSTEM32\WINHTTP.dll
0x00007ffdacaa0000 - 0x00007ffdacb07000 	C:\WINDOWS\system32\mswsock.dll
0x00007ffd95310000 - 0x00007ffd95323000 	D:\projetos\Android Studio\jbr\bin\nio.dll
0x00007ffd941e0000 - 0x00007ffd94207000 	C:\Users\jorge\.gradle\native\e1d6ef7f7dcc3fd88c89a11ec53ec762bb8ba0a96d01ffa2cd45eb1d1d8dd5c5\windows-amd64\native-platform.dll
0x00007ffd8c180000 - 0x00007ffd8c2c4000 	C:\Users\jorge\.gradle\native\0d407fdbe67a94daf76414ababcb853783967236a71b16ec16e742cd7a986fd3\windows-amd64\native-platform-file-events.dll
0x00007ffd96b30000 - 0x00007ffd96b3a000 	D:\projetos\Android Studio\jbr\bin\management.dll
0x00007ffd95300000 - 0x00007ffd9530b000 	D:\projetos\Android Studio\jbr\bin\management_ext.dll
0x00007ffdacce0000 - 0x00007ffdaccf8000 	C:\WINDOWS\SYSTEM32\CRYPTSP.dll
0x00007ffdac550000 - 0x00007ffdac585000 	C:\WINDOWS\system32\rsaenh.dll
0x00007ffdacb90000 - 0x00007ffdacbbc000 	C:\WINDOWS\SYSTEM32\USERENV.dll
0x00007ffdace60000 - 0x00007ffdace87000 	C:\WINDOWS\SYSTEM32\bcrypt.dll
0x00007ffdacd00000 - 0x00007ffdacd0c000 	C:\WINDOWS\SYSTEM32\CRYPTBASE.dll
0x00007ffdac090000 - 0x00007ffdac0bd000 	C:\WINDOWS\SYSTEM32\IPHLPAPI.DLL
0x00007ffdae070000 - 0x00007ffdae079000 	C:\WINDOWS\System32\NSI.dll
0x00007ffda3ec0000 - 0x00007ffda3ed9000 	C:\WINDOWS\SYSTEM32\dhcpcsvc6.DLL
0x00007ffda4650000 - 0x00007ffda466e000 	C:\WINDOWS\SYSTEM32\dhcpcsvc.DLL
0x00007ffdac0c0000 - 0x00007ffdac1a7000 	C:\WINDOWS\SYSTEM32\DNSAPI.dll

dbghelp: loaded successfully - version: 4.0.5 - missing functions: none
symbol engine: initialized successfully - sym options: 0x614 - pdb path: .;D:\projetos\Android Studio\jbr\bin;C:\WINDOWS\SYSTEM32;C:\WINDOWS\WinSxS\amd64_microsoft.windows.common-controls_6595b64144ccf1df_6.0.22000.120_none_9d947278b86cc467;D:\projetos\Android Studio\jbr\bin\server;C:\Users\jorge\.gradle\native\e1d6ef7f7dcc3fd88c89a11ec53ec762bb8ba0a96d01ffa2cd45eb1d1d8dd5c5\windows-amd64;C:\Users\jorge\.gradle\native\0d407fdbe67a94daf76414ababcb853783967236a71b16ec16e742cd7a986fd3\windows-amd64

VM Arguments:
jvm_args: --add-opens=java.base/java.util=ALL-UNNAMED --add-opens=java.base/java.lang=ALL-UNNAMED --add-opens=java.base/java.lang.invoke=ALL-UNNAMED --add-opens=java.base/java.util=ALL-UNNAMED --add-opens=java.prefs/java.util.prefs=ALL-UNNAMED --add-opens=java.prefs/java.util.prefs=ALL-UNNAMED --add-opens=java.base/java.nio.charset=ALL-UNNAMED --add-opens=java.base/java.net=ALL-UNNAMED --add-opens=java.base/java.util.concurrent.atomic=ALL-UNNAMED -Xmx4096m -Dfile.encoding=windows-1252 -Duser.country=BR -Duser.language=pt -Duser.variant 
java_command: org.gradle.launcher.daemon.bootstrap.GradleDaemon 7.5
java_class_path (initial): C:\Users\jorge\.gradle\wrapper\dists\gradle-7.5-bin\f1w0cc9nuo0eivz97x2xlu9sv\gradle-7.5\lib\gradle-launcher-7.5.jar
Launcher Type: SUN_STANDARD

[Global flags]
     intx CICompilerCount                          = 4                                         {product} {ergonomic}
     uint ConcGCThreads                            = 2                                         {product} {ergonomic}
     uint G1ConcRefinementThreads                  = 8                                         {product} {ergonomic}
   size_t G1HeapRegionSize                         = 1048576                                   {product} {ergonomic}
    uintx GCDrainStackTargetSize                   = 64                                        {product} {ergonomic}
   size_t InitialHeapSize                          = 266338304                                 {product} {ergonomic}
   size_t MarkStackSize                            = 4194304                                   {product} {ergonomic}
   size_t MaxHeapSize                              = 4294967296                                {product} {command line}
   size_t MaxNewSize                               = 2576351232                                {product} {ergonomic}
   size_t MinHeapDeltaBytes                        = 1048576                                   {product} {ergonomic}
    uintx NonNMethodCodeHeapSize                   = 5836300                                {pd product} {ergonomic}
    uintx NonProfiledCodeHeapSize                  = 122910970                              {pd product} {ergonomic}
    uintx ProfiledCodeHeapSize                     = 122910970                              {pd product} {ergonomic}
    uintx ReservedCodeCacheSize                    = 251658240                              {pd product} {ergonomic}
     bool SegmentedCodeCache                       = true                                      {product} {ergonomic}
     bool UseCompressedClassPointers               = true                                 {lp64_product} {ergonomic}
     bool UseCompressedOops                        = true                                 {lp64_product} {ergonomic}
     bool UseG1GC                                  = true                                      {product} {ergonomic}
     bool UseLargePagesIndividualAllocation        = false                                  {pd product} {ergonomic}

Logging:
Log output configuration:
 #0: stdout all=warning uptime,level,tags
 #1: stderr all=off uptime,level,tags

Environment Variables:
PATH=C:\Program Files\Common Files\Oracle\Java\javapath;C:\Program Files (x86)\Common Files\Oracle\Java\javapath;C:\Program Files\Java\jdk-15.0.2\bin;C:\Program Files (x86)\Intel\Intel(R) Management Engine Components\iCLS\;C:\Program Files\Intel\Intel(R) Management Engine Components\iCLS\;C:\Windows\system32;C:\Windows;C:\Windows\System32\Wbem;C:\Windows\System32\WindowsPowerShell\v1.0\;C:\Windows\System32\OpenSSH\;C:\Program Files (x86)\Intel\Intel(R) Management Engine Components\DAL;C:\Program Files\Intel\Intel(R) Management Engine Components\DAL;C:\Program Files\Intel\WiFi\bin\;C:\Program Files\Common Files\Intel\WirelessCommon\;C:\Program Files (x86)\NVIDIA Corporation\PhysX\Common;C:\WINDOWS\system32;C:\WINDOWS;C:\WINDOWS\System32\Wbem;C:\WINDOWS\System32\WindowsPowerShell\v1.0\;C:\WINDOWS\System32\OpenSSH\;C:\Program Files\dotnet\;C:\Program Files\Microsoft SQL Server\130\Tools\Binn\;D:\projetos\Git\Git\cmd;D:\projetos\MongoDB\Server\4.4\bin;C:\Program Files (x86)\dotnet\;D:\projetos\MinGw\bin;C:\Program Files\MySQL\MySQL Server 8.0\bin;D:\projetos\Python\Python310;D:\projetos\Python\Python310\Scripts;D:\projetos\Python39;D:\projetos\Python39\Scripts;C:\Program Files\Java\jdk-15.0.2;D:\projetos\PuTTY\;D:\projetos\Python\Python310\Scripts\;D:\projetos\Python\Python310\;C:\Program Files\MySQL\MySQL Shell 8.0\bin\;C:\Users\jorge\AppData\Local\Microsoft\WindowsApps;C:\Users\jorge\.dotnet\tools;D:\projetos\Heroku\bin;C:\Users\jorge\AppData\Local\atom\bin;D:\projetos\Microsoft VS Code\bin;D:\projetos\PHP;;C:\Users\jorge\AppData\Local\Microsoft\WindowsApps;D:\projetos\JetBrains\IntelliJ IDEA 2023.2.2\bin;;D:\projetos\JetBrains\WebStorm 2023.2.2\bin;;D:\projetos\JetBrains\IntelliJ IDEA Community Edition 2023.2.2\bin;
USERNAME=jorge
OS=Windows_NT
PROCESSOR_IDENTIFIER=Intel64 Family 6 Model 142 Stepping 11, GenuineIntel



---------------  S Y S T E M  ---------------

OS: Windows 11 , 64 bit Build 22000 (10.0.22000.2538)
OS uptime: 0 days 6:24 hours

CPU:total 8 (initial active 8) (4 cores per cpu, 2 threads per core) family 6 model 142 stepping 11 microcode 0xde, cmov, cx8, fxsr, mmx, sse, sse2, sse3, ssse3, sse4.1, sse4.2, popcnt, avx, avx2, aes, clmul, erms, 3dnowpref, lzcnt, ht, tsc, tscinvbit, bmi1, bmi2, adx, fma

Memory: 4k page, system-wide physical 16192M (1908M free)
TotalPageFile size 19697M (AvailPageFile size 2M)
current process WorkingSet (physical memory assigned to process): 519M, peak: 521M
current process commit charge ("private bytes"): 574M, peak: 576M

vm_info: OpenJDK 64-Bit Server VM (11.0.15+0-b2043.56-9505619) for windows-amd64 JRE (11.0.15+0-b2043.56-9505619), built on Jan 19 2023 02:48:00 by "builduser" with unknown MS VC++:1929

END.
